
================================================================================
v80.9: MDD -8.51%
================================================================================
  Peak: 2026-03-02 cum=1.1338
  Trough: 2026-03-06 cum=1.0373
  기간: 4일

  Trough 시점 portfolio:
    SNDK: 진입 2026-02-17 @ 590.59
    OMC: 진입 2026-02-25 @ 82.71
    STX: 진입 2026-03-03 @ 357.62

  Peak(2026-03-02)~Trough(2026-03-06) 종목별 누적 기여:
    SNDK:  -5.02%p
    TSEM:  -3.14%p
    STX:  -0.38%p

  5/8 portfolio 미실현 손익:
    FIVE: 진입 2026-04-10 @ 217.37 → 5/8 @ 223.13 (+2.65%)
    SNDK: 진입 2026-05-01 @ 1187.00 → 5/8 @ 1562.34 (+31.62%)

================================================================================
v80.10: MDD -18.13%
================================================================================
  Peak: 2026-02-25 cum=1.0961
  Trough: 2026-03-06 cum=0.8973
  기간: 7일

  Trough 시점 portfolio:
    SNDK: 진입 2026-02-17 @ 590.59
    LITE: 진입 2026-02-17 @ 600.42
    STX: 진입 2026-02-17 @ 415.94

  Peak(2026-02-25)~Trough(2026-03-06) 종목별 누적 기여:
    LITE:  -7.68%p
    STX:  -5.73%p
    SNDK:  -5.69%p

  5/8 portfolio 미실현 손익:
    SNDK: 진입 2026-02-17 @ 590.59 → 5/8 @ 1562.34 (+164.54%)
    TER: 진입 2026-05-04 @ 337.44 → 5/8 @ 359.77 (+6.62%)
    BE: 진입 2026-05-07 @ 258.64 → 5/8 @ 261.03 (+0.92%)
