
мӢңмһ‘мқј н’Җ: 2026-02-17 ~ 2026-04-23
24 multistart кІ°кіј (base vs A vs B):
start_date     base ret      A ret      B ret     A lift     B lift
---------------------------------------------------------------------------
  2026-02-17    +146.71%  +189.85%  +240.39%   +43.13%p   +93.68%p
  2026-02-19    +139.08%  +175.01%  +223.20%   +35.93%p   +84.12%p
  2026-02-23    +129.11%  +157.11%  +201.83%   +28.00%p   +72.72%p
  2026-02-25    +115.86%  +164.39%  +212.80%   +48.53%p   +96.93%p
  2026-02-27    +116.93%  +131.24%  +158.02%   +14.31%p   +41.08%p
  2026-03-03    +146.42%  +200.24%  +253.39%   +53.82%p  +106.97%p
  2026-03-05    +151.96%  +197.73%  +251.37%   +45.77%p   +99.41%p
  2026-03-09    +147.93%  +187.75%  +238.90%   +39.82%p   +90.98%p
  2026-03-11    +137.76%  +164.39%  +209.04%   +26.63%p   +71.28%p
  2026-03-13    +138.60%  +163.05%  +207.03%   +24.46%p   +68.43%p
  2026-03-17    +105.02%  +127.52%  +149.74%   +22.50%p   +44.72%p
  2026-03-19    +114.72%  +136.89%  +143.77%   +22.17%p   +29.05%p
  2026-03-23    +105.00%  +105.00%  +116.11%    +0.01%p   +11.12%p
  2026-03-25     +99.26%  +106.42%  +116.59%    +7.16%p   +17.33%p
  2026-03-27    +109.54%  +122.85%  +110.44%   +13.31%p    +0.90%p
  2026-03-31    +112.63%  +132.36%  +146.34%   +19.73%p   +33.71%p
  2026-04-02    +102.56%  +115.51%   +65.06%   +12.94%p   -37.50%p вҳ… worst
  2026-04-07     +98.08%  +112.01%   +99.32%   +13.93%p    +1.25%p
  2026-04-09     +65.88%   +80.70%   +72.46%   +14.82%p    +6.58%p
  2026-04-13     +59.97%   +66.31%   +64.11%    +6.34%p    +4.14%p
  2026-04-15     +59.06%   +70.50%   +70.54%   +11.44%p   +11.48%p
  2026-04-17     +47.45%   +66.80%   +66.27%   +19.35%p   +18.82%p
  2026-04-21     +49.55%   +69.69%   +69.26%   +20.14%p   +19.71%p
  2026-04-23     +48.21%   +62.54%   +62.75%   +14.33%p   +14.54%p

вҳ… Worst мӢңмһ‘мқј: 2026-04-02, B lift -37.50%p

==============================================================================================================
Worst мӢңмһ‘мқј (2026-04-02) trade м¶”м Ғ
==============================================================================================================

[BASELINE (3,10,3) к· л“ұ] лҲ„м Ғ +102.56%, MDD -11.36%
tk      entry        exit                          ret  days  weight
  TTMI    2026-04-02   2026-04-10               +24.63%    5    33%
  FORM    2026-04-02   2026-04-14               +24.35%    7    34%
  FIVE    2026-04-14   2026-04-28                +5.77%   10    34%
  LITE    2026-04-28   2026-05-04               +23.35%    4    34%
  MU      2026-04-02   2026-05-08              +103.91%   25    33%
  BE      2026-05-08   2026-05-13               +11.01%    3    33%
  WWD     2026-05-13   2026-05-15                -5.56%    2    33%
  SNDK    2026-04-10   2026-05-22 (open)        +73.60%   30    33%
  TER     2026-05-04   2026-05-22 (open)         +6.22%   14    34%
  AEIS    2026-05-15   2026-05-22 (open)         +0.43%    5    33%

[A (70/30 b=0)] лҲ„м Ғ +115.51%, MDD -10.97%
  FORM    2026-04-02   2026-04-14               +24.35%    7    30%
  MU      2026-04-02   2026-05-08              +103.91%   25    70%
  BE      2026-05-08   2026-05-13               +11.01%    3    70%
  SNDK    2026-04-14   2026-05-22 (open)        +56.56%   28    30%
  TER     2026-05-13   2026-05-22 (open)         -1.36%    7    70%

[B (80/20 + C1 b=5)] лҲ„м Ғ +65.06%, MDD -8.68%
  LITE    2026-04-02   2026-04-08                +8.36%    3    20%
  FIVE    2026-04-02   2026-05-01                -2.07%   20    80%
  MU      2026-05-01   2026-05-11               +46.68%    6    80%
  BE      2026-05-11   2026-05-14                +6.86%    3    80%
  SNDK    2026-04-08   2026-05-22 (open)        +89.36%   32    20%
  TER     2026-05-14   2026-05-22 (open)         +0.53%    6    80%

==============================================================================================================
Bк°Җ baselineм—җ м§„ мқҙмң  л¶„м„қ
==============================================================================================================

baselineм—җл§Ң мһЎнһҢ trade (BлҠ” лҶ“м№Ё): {('SNDK', '2026-04-10'), ('BE', '2026-05-08'), ('LITE', '2026-04-28'), ('MU', '2026-04-02'), ('TTMI', '2026-04-02'), ('FIVE', '2026-04-14'), ('FORM', '2026-04-02'), ('TER', '2026-05-04'), ('AEIS', '2026-05-15'), ('WWD', '2026-05-13')}
Bм—җл§Ң мһЎнһҢ trade (baselineмқҖ лҶ“м№Ё): {('FIVE', '2026-04-02'), ('LITE', '2026-04-02'), ('TER', '2026-05-14'), ('MU', '2026-05-01'), ('BE', '2026-05-11'), ('SNDK', '2026-04-08')}
Aм—җл§Ң мһЎнһҢ trade: {('SNDK', '2026-04-14'), ('TER', '2026-05-13')}
