==============================================================================================================
SNDK 누적 기여도 분석 — 2026-02-12 ~ 2026-05-22
==============================================================================================================

각 시나리오의 SNDK 진입/이탈 history:

[baseline (3,10,3) 균등] — 누적 +147.17%
  2026-02-17 SNDK 진입 (rank 1, score 100.0) at $590.59, weight 34%
  2026-03-18 SNDK 매도 (rank_NULL) ret +27.62%, 보유 21일, weight 34%
  2026-04-10 SNDK 진입 (rank 1, score 100.0) at $851.77, weight 34%
  2026-05-22 SNDK 보유 중 (open) ret +73.60%, weight 34%

[A2 (3,10,3) 50/30/20] — 누적 +167.46%
  2026-02-17 SNDK 진입 (rank 1, score 100.0) at $590.59, weight 50%
  2026-03-18 SNDK 매도 (rank_NULL) ret +27.62%, 보유 21일, weight 50%
  2026-04-10 SNDK 진입 (rank 1, score 100.0) at $851.77, weight 50%
  2026-05-22 SNDK 보유 중 (open) ret +73.60%, weight 50%

[(2,10,2) 80/20 b=3] — 누적 +210.36%
  2026-02-17 SNDK 진입 (rank 1, score 100.0) at $590.59, weight 80%
  2026-03-18 SNDK 매도 (rank_NULL) ret +27.62%, 보유 21일, weight 80%
  2026-04-22 SNDK 진입 (rank 1, score 100.0) at $979.07, weight 80%
  2026-05-22 SNDK 보유 중 (open) ret +51.03%, weight 20%

[(2,10,2) dynamic_5 b=3] — 누적 +222.15%
  2026-02-17 SNDK 진입 (rank 1, score 100.0) at $590.59, weight 80%
  2026-03-18 SNDK 매도 (rank_NULL) ret +27.62%, 보유 21일, weight 80%
  2026-04-22 SNDK 진입 (rank 1, score 100.0) at $979.07, weight 80%
  2026-05-22 SNDK 보유 중 (open) ret +51.03%, weight 50%

==============================================================================================================
SNDK의 daily part2_rank + score_100 + case (전체 기간)
==============================================================================================================
date           p2    price   score   eps_w      p30d case 
2026-02-12      1  630.29   100.0  +163.0         ?      
2026-02-13      1  626.56   100.0  +170.8         ?      
2026-02-17      1  590.59   100.0  +171.1         ?      
2026-02-18      1  600.40   100.0  +162.9         ?      
2026-02-19      1  621.09   100.0  +163.0         ?      
2026-02-20      1  649.97   100.0  +163.2         ?      
2026-02-23      1  666.49   100.0  +163.3         ?      
2026-02-24      1  638.52   100.0  +156.0         ?      
2026-02-25      1  632.38   100.0  +156.1         ?      
2026-02-26      1  651.90   100.0  +156.1         ?      
2026-02-27      1  635.36   100.0  +156.5         ?      
2026-03-02      1  619.08   100.0  +156.6         ?      
2026-03-03      1  565.41   100.0  +156.6         ?      
2026-03-04      1  599.06   100.0   +94.7         ?      
2026-03-05      1  565.59   100.0   +93.9         ?      
2026-03-06      1  527.33   100.0   +94.0         ?      
2026-03-09      1  588.73   100.0  +101.3         ?      
2026-03-10      1  618.89   100.0  +101.4         ?      
2026-03-11      1  655.43   100.0  +101.5         ?      
2026-03-12      1  618.82   100.0  +101.6         ?      
2026-03-13      1  661.62   100.0  +101.7         ?      
2026-03-16      1  703.63   100.0  +101.8         ?      
2026-03-17      1  720.17   100.0  +101.8         ?      
2026-04-01      3  692.73    70.9   +93.5    +15.4% C1   
2026-04-02      1  701.59   100.0   +93.6    +13.0% C1   
2026-04-06      1  724.63   100.0   +93.6    +11.5% C1   
2026-04-07      1  710.80   100.0   +93.7     +6.6% C1   
2026-04-08      1  780.90   100.0   +93.7    +22.3% C1   
2026-04-09      1  851.57   100.0   +46.2    +34.7% C1   
2026-04-10      1  851.77   100.0   +54.7    +30.7% C1   
2026-04-13      1  952.50   100.0   +54.8    +49.9% C1   
2026-04-14      1  944.46   100.0   +54.8    +52.6% C1   
2026-04-15      1  891.72   100.0   +61.6    +57.7% C1   
2026-04-16      1  919.47   100.0   +61.8    +53.5% C1   
2026-04-17      1  920.99   100.0   +65.1    +62.8% C1   
2026-04-20      1  913.02   100.0   +65.1    +73.1% C1   
2026-04-21      1  903.49   100.0   +66.8    +53.5% C1   
2026-04-22      1  979.07   100.0   +66.8    +58.2% C1   
2026-04-23      1  932.43   100.0   +66.9    +42.3% C1   
2026-04-24      1  989.90   100.0   +66.9    +60.0% C1   
2026-04-27      1 1070.20   100.0   +66.5    +61.8% C1   
2026-04-28      1 1002.35   100.0   +66.6    +42.5% C1   
2026-04-29      1 1064.21   100.0   +44.2    +47.8% C1   
2026-04-30      1 1096.51   100.0   +44.2    +45.5% C1   
2026-05-01      2 1187.00    98.4   +70.3    +53.7% C1   
2026-05-04      1 1255.86   100.0   +88.4    +77.0% C1   
2026-05-05      1 1406.32   100.0   +86.3   +100.2% C1   
2026-05-06      2 1409.98    99.0   +86.3   +100.7% C1   
2026-05-07      3 1339.96    81.4   +87.8    +97.7% C1   
2026-05-08      2 1562.34    76.1   +87.9   +159.0% C1   
2026-05-11      2 1547.56    80.5   +87.9   +151.3% C1   
2026-05-12      2 1452.02    95.8   +87.9   +153.6% C1   
2026-05-13      1 1447.23   100.0   +88.0   +127.8% C1   
2026-05-14      1 1382.72   100.0   +88.0    +99.6% C1   
2026-05-15      1 1407.61   100.0   +61.4   +100.6% C1   
2026-05-18      1 1333.01   100.0   +61.5    +84.0% C1   
2026-05-19      2 1383.29    96.6   +59.3    +94.6% C1   
2026-05-20      2 1392.56    93.7   +59.3    +78.3% C1   
2026-05-21      4 1542.24    86.9   +60.8    +81.1% C1   
2026-05-22      3 1478.69    89.1   +60.9    +73.6% C1   
