==============================================================================================================
(3,10,2) 80/20 boost=3 — trade-by-trade + NAV 추적
기간: 2026-02-12 ~ 2026-05-21 (69 거래일)
==============================================================================================================

[baseline (3,10,3) 균등]
  총 수익: +147.79%, MDD: -18.11% (2026-03-06)
  Trades: 12건

[(3,10,2) 80/20 boost=3]
  총 수익: +241.34%, MDD: -19.82% (2026-03-06)
  Trades: 11건

==============================================================================================================
(3,10,2) 80/20 boost=3 trades 상세
==============================================================================================================
ticker   slot  weight  C2?   entry        exit                     entry_p    exit_p       ret  days       reason
--------------------------------------------------------------------------------------------------------------
LITE     2     20%           2026-02-17   2026-03-13               600.42   622.50    +3.68%   18      rank>10
SNDK     1     80%           2026-02-17   2026-03-18               590.59   753.69   +27.62%   21    rank_NULL
STX      2     20%           2026-03-13   2026-04-02               383.71   429.36   +11.90%   14      rank>10
MOD      1     80%           2026-03-18   2026-03-30               200.42   202.18    +0.88%    8      rank>10
MU       1     80%     ★     2026-03-30   2026-05-08               321.80   746.81  +132.07%   28      rank>10
TTMI     2     20%     ★     2026-04-02   2026-04-10                97.48   121.49   +24.63%    5      rank>10
FIVE     2     20%     ★     2026-04-10   2026-04-22               217.37   240.23   +10.52%    8      rank>10
SNDK     2     20%           2026-04-22   2026-05-21 (open)        979.07  1542.24   +57.52%   21         OPEN
BE       1     80%           2026-05-08   2026-05-13               261.03   289.76   +11.01%    3      rank>10
FIVE     1     80%     ★     2026-05-13   2026-05-19               209.99   214.39    +2.10%    4    rank_NULL
AEIS     1     80%     ★     2026-05-19   2026-05-21 (open)        302.84   323.79    +6.92%    2         OPEN

==============================================================================================================
slot/case별 통계 — (3,10,2) 80/20 boost=3
==============================================================================================================
  1위 슬롯 (80%): n=6, avg +30.10%, max +132.07%, min +0.88%
  2위 슬롯 (20%): n=5, avg +21.65%, max +57.52%, min +3.68%
  C2 (boost): n=5, avg +35.25%
  C1: n=6, avg +18.77%

==============================================================================================================
NAV 시계열 — MDD 진행 (drawdown -5%+ 구간만 표시)
==============================================================================================================
date              NAV       DD
2026-03-03    0.9977  -11.54%
2026-03-04    1.0412   -7.67%
2026-03-05    0.9855  -12.61%
2026-03-06    0.9042  -19.82%
2026-03-09    1.0151   -9.99%
2026-03-10    1.0666   -5.42%
2026-03-12    1.0485   -7.03%
2026-03-26    1.3047   -7.53%
2026-03-27    1.2966   -8.11%
2026-03-30    1.2274  -13.01%
2026-03-31    1.2963   -8.13%

==============================================================================================================
baseline (3,10,3) 균등 trades (비교용)
==============================================================================================================
ticker   slot  entry        exit                         ret  days       reason
LITE     2     2026-02-17   2026-03-13                +3.68%   18      rank>10
SNDK     1     2026-02-17   2026-03-18               +27.62%   21    rank_NULL
STX      3     2026-02-17   2026-04-02                +3.23%   32      rank>10
MOD      2     2026-03-13   2026-04-01               +18.26%   13      rank>10
FORM     1     2026-03-18   2026-04-14               +33.37%   18      rank>10
MU       2     2026-04-01   2026-05-08              +103.02%   26      rank>10
SNDK     3     2026-04-06   2026-05-21 (open)       +112.83%   33         OPEN
FIVE     1     2026-04-14   2026-04-28                +5.77%   10      rank>10
LITE     1     2026-04-28   2026-05-04               +23.35%    4      rank>10
TER      1     2026-05-04   2026-05-21 (open)         +4.74%   13         OPEN
BE       2     2026-05-08   2026-05-13               +11.01%    3      rank>10
AEIS     2     2026-05-15   2026-05-21 (open)         +0.10%    4         OPEN
