데이터: 2026-02-12 ~ 2026-05-21 (69 거래일)

==============================================================================================================
Step 1: 실제 진입 12건 — 3가지 정의로 4사분면 분류
==============================================================================================================
ticker  entry            ret    D1 (eps_w, p30d)      D2 (nc/n90, p30d)      D3 (n30/n60, p30d)  
--------------------------------------------------------------------------------------------------------------
SNDK    2026-02-17   +27.62%        no data                no data                no data        
LITE    2026-02-17    +3.68%        no data                no data                no data        
STX     2026-02-17    +3.23%        no data                no data                no data        
MOD     2026-03-13   +18.26%        no data                no data                no data        
FORM    2026-03-18   +33.37%        no data                no data                no data        
MU      2026-04-01   +103.02% C2 (eps +70.7, p -12.6) C2 (eps +138.1, p -12.6) C2 (eps  +5.9, p -12.6)
FIVE    2026-04-14    +5.77% C2 (eps +12.8, p  -1.6) C2 (eps +33.0, p  -1.6) C2 (eps  +1.6, p  -1.6)
LITE    2026-04-28   +23.35% C1 (eps +21.1, p +26.7) C1 (eps +99.5, p +26.7) C1 (eps  +8.8, p +26.7)
TER     2026-05-04    -4.72% C1 (eps +19.1, p +16.0) C1 (eps +46.3, p +16.0) C1 (eps  +3.5, p +16.0)
SNDK    2026-04-06   +90.90% C1 (eps +93.6, p +11.5) C1 (eps +340.5, p +11.5) C1 (eps +230.6, p +11.5)
BE      2026-05-08   +11.01% C1 (eps +60.2, p +95.5) C1 (eps +117.3, p +95.5) C1 (eps  +8.3, p +95.5)
AEIS    2026-05-15    -6.37% C2 (eps +12.1, p  -2.7) C2 (eps +28.1, p  -2.7) C2 (eps  +2.9, p  -2.7)

==============================================================================================================
Step 2: 정의별 case 평균 수익률 (실제 진입 12건)
==============================================================================================================

[D1]
  case  의미                                건수       평균 수익률       min       max
  --------------------------------------------------------------------------------
  C1    EPS↑ + 가격↑ (정상 추세)                4      +30.14%    -4.72%   +90.90%
  C2    EPS↑ + 가격↓ (buy-the-dip)          3      +34.14%    -6.37%  +103.02%
  C3    EPS↓ + 가격↑ (고평가)                  0         (없음)
  C4    EPS↓ + 가격↓ (정상 약세)                0         (없음)

[D2]
  case  의미                                건수       평균 수익률       min       max
  --------------------------------------------------------------------------------
  C1    EPS↑ + 가격↑ (정상 추세)                4      +30.14%    -4.72%   +90.90%
  C2    EPS↑ + 가격↓ (buy-the-dip)          3      +34.14%    -6.37%  +103.02%
  C3    EPS↓ + 가격↑ (고평가)                  0         (없음)
  C4    EPS↓ + 가격↓ (정상 약세)                0         (없음)

[D3]
  case  의미                                건수       평균 수익률       min       max
  --------------------------------------------------------------------------------
  C1    EPS↑ + 가격↑ (정상 추세)                4      +30.14%    -4.72%   +90.90%
  C2    EPS↑ + 가격↓ (buy-the-dip)          3      +34.14%    -6.37%  +103.02%
  C3    EPS↓ + 가격↑ (고평가)                  0         (없음)
  C4    EPS↓ + 가격↓ (정상 약세)                0         (없음)

==============================================================================================================
Step 3: Top 30 후보 (모든 일자) — 진입 후 5/10/20일 수익률
==============================================================================================================

[D1] case 분포 + 보유 기간별 평균 수익률
  case    count        +5일 평균       +10일 평균       +20일 평균 
  --------------------------------------------------------------------------------
  C1     363 (77.2%)       +5.19%      +10.13%      +18.99%  | EPS↑ 가격↑
  C2     107 (22.8%)       +7.71%      +12.84%      +18.98%  | EPS↑ 가격↓ (buy-dip)
  C3       0 ( 0.0%)             -             -             -  | EPS↓ 가격↑ (고평가)
  C4       0 ( 0.0%)             -             -             -  | EPS↓ 가격↓

[D2] case 분포 + 보유 기간별 평균 수익률
  case    count        +5일 평균       +10일 평균       +20일 평균 
  --------------------------------------------------------------------------------
  C1     363 (77.2%)       +5.19%      +10.13%      +18.99%  | EPS↑ 가격↑
  C2     107 (22.8%)       +7.71%      +12.84%      +18.98%  | EPS↑ 가격↓ (buy-dip)
  C3       0 ( 0.0%)             -             -             -  | EPS↓ 가격↑ (고평가)
  C4       0 ( 0.0%)             -             -             -  | EPS↓ 가격↓

[D3] case 분포 + 보유 기간별 평균 수익률
  case    count        +5일 평균       +10일 평균       +20일 평균 
  --------------------------------------------------------------------------------
  C1     359 (76.4%)       +5.02%       +9.85%      +18.62%  | EPS↑ 가격↑
  C2     107 (22.8%)       +7.71%      +12.84%      +18.98%  | EPS↑ 가격↓ (buy-dip)
  C3       4 ( 0.9%)      +19.95%      +35.30%      +52.04%  | EPS↓ 가격↑ (고평가)
  C4       0 ( 0.0%)             -             -             -  | EPS↓ 가격↓

==============================================================================================================
case 알파 순위 (10일 보유 기준)
==============================================================================================================

[D1] 알파 순위: C2 > C1 > C3 > C4
  C2: 평균 +12.84% (n=107)
  C1: 평균 +10.13% (n=361)

[D2] 알파 순위: C2 > C1 > C3 > C4
  C2: 평균 +12.84% (n=107)
  C1: 평균 +10.13% (n=361)

[D3] 알파 순위: C3 > C2 > C1 > C4
  C3: 평균 +35.30% (n=4)
  C2: 평균 +12.84% (n=107)
  C1: 평균 +9.85% (n=357)
