==============================================================================================================
진입일 기준 어닝 근접도 분석
==============================================================================================================
ticker  entry        가장가까운 어닝               진입 vs 어닝       ret 분류                       
--------------------------------------------------------------------------------------------------------------
SNDK    2026-02-17   2026-03-31 (+42일)                      safe   +27.62% rank_NULL      
LITE    2026-02-17   2026-03-31 (+42일)                      safe    +3.68% rank>10        
STX     2026-02-17   2026-03-31 (+42일)                      safe    +3.23% rank>10        
MOD     2026-03-13   2025-12-31                           safe   +18.26% rank>10        
FORM    2026-03-18   2026-03-31 (+13일)               ⚠️ 13일 후 어닝   +33.37% rank>10        
MU      2026-04-01   2026-02-28                           safe  +103.02% rank>10        
FIVE    2026-04-14   2026-01-31                           safe    +5.77% rank>10        
LITE    2026-04-28   2026-03-31                           safe   +23.35% rank>10        
TER     2026-05-04   2026-03-31                           safe    -4.72% OPEN           
SNDK    2026-04-06   2026-03-31 (-6일)                   어닝 후 6일   +90.90% OPEN           
BE      2026-05-08   2026-03-31                           safe   +11.01% rank>10        
AEIS    2026-05-15   2026-03-31                           safe    -6.37% OPEN           

==============================================================================================================
요약
==============================================================================================================
어닝 2주 이내 진입 (1건):
  FORM 2026-03-18 → 어닝 2026-03-31 (+13일) → 결과 +33.37%
  → 평균 +33.37%, win 1/1
