====================================================================================================
V90 자율주행: PEG × rev_growth cutoff 48 cells 정밀 grid (V86e 환경)
====================================================================================================

baseline avg: +127.6%

[Lift matrix vs baseline (paired, /100 wins)]
PEG\rev         0.00      0.10      0.15      0.20      0.25      0.30
----------------------------------------------------------------------
0.10          +39.0p    +39.0p    +43.6p    +47.0p    +42.6p    +42.6p
0.12          +39.0p    +39.0p    +43.6p    +47.0p    +42.6p    +42.6p
0.15          +39.0p    +39.0p    +43.6p    +47.0p    +42.6p    +42.6p
0.18          +81.5p    +81.5p    +82.5p    +86.0p    +92.5p    +92.5p
0.20          +81.5p    +81.5p    +82.5p    +86.0p    +92.5p    +92.5p
0.22          +81.5p    +81.5p    +82.5p    +86.0p    +92.5p    +92.5p
0.25          +81.5p    +81.5p    +82.5p    +86.0p    +92.5p    +92.5p
0.30          +81.4p    +81.4p    +82.4p    +85.9p    +92.4p    +92.4p

[Wins matrix]
PEG\rev         0.00      0.10      0.15      0.20      0.25      0.30
----------------------------------------------------------------------
0.10          100/100    100/100    100/100    100/100    100/100    100/100
0.12          100/100    100/100    100/100    100/100    100/100    100/100
0.15          100/100    100/100    100/100    100/100    100/100    100/100
0.18          100/100    100/100    100/100    100/100    100/100    100/100
0.20          100/100    100/100    100/100    100/100    100/100    100/100
0.22          100/100    100/100    100/100    100/100    100/100    100/100
0.25          100/100    100/100    100/100    100/100    100/100    100/100
0.30          100/100    100/100    100/100    100/100    100/100    100/100

[Top 10 cells (lift desc, wins>=95)]
rank       PEG     rev      lift      wins
1         0.18    0.25    +92.5p    100/100
2         0.18    0.30    +92.5p    100/100
3         0.20    0.25    +92.5p    100/100
4         0.20    0.30    +92.5p    100/100
5         0.22    0.25    +92.5p    100/100
6         0.22    0.30    +92.5p    100/100
7         0.25    0.25    +92.5p    100/100
8         0.25    0.30    +92.5p    100/100
9         0.30    0.25    +92.4p    100/100
10        0.30    0.30    +92.4p    100/100

[Top 10 cells LOWO -MU-SNDK]
rank       PEG     rev      lift       LOWO -MU-SNDK
1         0.18    0.25    +92.5p      +0.4p( 56)
2         0.18    0.30    +92.5p      +0.4p( 56)
3         0.20    0.25    +92.5p     +10.7p( 91)
4         0.20    0.30    +92.5p     +10.7p( 91)
5         0.22    0.25    +92.5p     +14.7p( 95)
6         0.22    0.30    +92.5p     +14.7p( 95)
7         0.25    0.25    +92.5p     +14.7p( 95)
8         0.25    0.30    +92.5p     +14.7p( 95)
9         0.30    0.25    +92.4p     +14.5p( 95)
10        0.30    0.30    +92.4p     +14.5p( 95)

[Robust plateau — lift ≥ 90% of max AND wins ≥ 95 AND LOWO -MU-SNDK ≥ 0]
max lift: +92.5p, 90% 기준: +83.3p

robust cells: 8
   PEG   rev      lift      wins      LOWO  LOWO wins
  0.20  0.25    +92.5p    100/100    +10.7p     91/100
  0.20  0.30    +92.5p    100/100    +10.7p     91/100
  0.22  0.25    +92.5p    100/100    +14.7p     95/100
  0.22  0.30    +92.5p    100/100    +14.7p     95/100
  0.25  0.25    +92.5p    100/100    +14.7p     95/100
  0.25  0.30    +92.5p    100/100    +14.7p     95/100
  0.30  0.25    +92.4p    100/100    +14.5p     95/100
  0.30  0.30    +92.4p    100/100    +14.5p     95/100

총 소요 24초
