====================================================================================================
Phase 1: 메가홀드 NTM × PEG 7×7 = 49 cells 정밀 그리드
====================================================================================================

baseline avg: +127.6%

NTM\PEG         0.10      0.15      0.20      0.25      0.30      0.40      0.50
--------------------------------------------------------------------------------
40            +39.0p    +39.0p    +81.5p    +81.5p    +81.4p    +81.4p    +81.4p
50            +39.0p    +39.0p    +81.5p    +81.5p    +81.4p    +81.4p    +81.4p
60            +39.0p    +39.0p    +81.5p    +81.5p    +81.4p    +81.4p    +81.4p
80            +39.0p    +39.0p    +81.5p    +81.5p    +81.3p    +81.3p    +81.3p
100           +39.0p    +39.0p    +81.5p    +81.5p    +81.5p    +81.5p    +81.5p
120           +39.0p    +39.0p    +81.5p    +81.5p    +81.5p    +81.5p    +81.5p
150            +0.0p     +0.0p    +30.9p    +30.9p    +30.9p    +30.9p    +30.9p

[Wins matrix (paired vs baseline, /100)]
NTM\PEG         0.10      0.15      0.20      0.25      0.30      0.40      0.50
--------------------------------------------------------------------------------
40              100/100      100/100      100/100      100/100      100/100      100/100      100/100
50              100/100      100/100      100/100      100/100      100/100      100/100      100/100
60              100/100      100/100      100/100      100/100      100/100      100/100      100/100
80              100/100      100/100      100/100      100/100      100/100      100/100      100/100
100             100/100      100/100      100/100      100/100      100/100      100/100      100/100
120             100/100      100/100      100/100      100/100      100/100      100/100      100/100
150               0/100        0/100       73/100       73/100       73/100       73/100       73/100

[Top 10 cells (lift desc)]
rank     NTM     PEG      lift      wins
1         40    0.20    +81.5p    100/100
2         40    0.25    +81.5p    100/100
3         50    0.20    +81.5p    100/100
4         50    0.25    +81.5p    100/100
5         60    0.20    +81.5p    100/100
6         60    0.25    +81.5p    100/100
7         80    0.20    +81.5p    100/100
8         80    0.25    +81.5p    100/100
9        100    0.20    +81.5p    100/100
10       100    0.25    +81.5p    100/100

[Plateau (lift ≥ 90% of max=81.5p AND wins ≥ 90): 30 cells]
  NTM= 40 PEG=0.20: +81.5p (100/100)
  NTM= 40 PEG=0.25: +81.5p (100/100)
  NTM= 40 PEG=0.30: +81.4p (100/100)
  NTM= 40 PEG=0.40: +81.4p (100/100)
  NTM= 40 PEG=0.50: +81.4p (100/100)
  NTM= 50 PEG=0.20: +81.5p (100/100)
  NTM= 50 PEG=0.25: +81.5p (100/100)
  NTM= 50 PEG=0.30: +81.4p (100/100)
  NTM= 50 PEG=0.40: +81.4p (100/100)
  NTM= 50 PEG=0.50: +81.4p (100/100)
  NTM= 60 PEG=0.20: +81.5p (100/100)
  NTM= 60 PEG=0.25: +81.5p (100/100)
  NTM= 60 PEG=0.30: +81.4p (100/100)
  NTM= 60 PEG=0.40: +81.4p (100/100)
  NTM= 60 PEG=0.50: +81.4p (100/100)
  NTM= 80 PEG=0.20: +81.5p (100/100)
  NTM= 80 PEG=0.25: +81.5p (100/100)
  NTM= 80 PEG=0.30: +81.3p (100/100)
  NTM= 80 PEG=0.40: +81.3p (100/100)
  NTM= 80 PEG=0.50: +81.3p (100/100)
  NTM=100 PEG=0.20: +81.5p (100/100)
  NTM=100 PEG=0.25: +81.5p (100/100)
  NTM=100 PEG=0.30: +81.5p (100/100)
  NTM=100 PEG=0.40: +81.5p (100/100)
  NTM=100 PEG=0.50: +81.5p (100/100)
  NTM=120 PEG=0.20: +81.5p (100/100)
  NTM=120 PEG=0.25: +81.5p (100/100)
  NTM=120 PEG=0.30: +81.5p (100/100)
  NTM=120 PEG=0.40: +81.5p (100/100)
  NTM=120 PEG=0.50: +81.5p (100/100)

[Plateau cells LOWO -MU-SNDK robustness check]
  ✓ NTM= 40 PEG=0.20: 전체+81.5p / -MU-SNDK +0.0p (0/100)
  ✓ NTM= 40 PEG=0.25: 전체+81.5p / -MU-SNDK +0.0p (0/100)
  ✓ NTM= 40 PEG=0.30: 전체+81.4p / -MU-SNDK -1.0p (0/100)
  ✓ NTM= 40 PEG=0.40: 전체+81.4p / -MU-SNDK -1.0p (0/100)
  ✓ NTM= 40 PEG=0.50: 전체+81.4p / -MU-SNDK -1.0p (0/100)
  ✓ NTM= 50 PEG=0.20: 전체+81.5p / -MU-SNDK +0.0p (0/100)
  ✓ NTM= 50 PEG=0.25: 전체+81.5p / -MU-SNDK +0.0p (0/100)
  ✓ NTM= 50 PEG=0.30: 전체+81.4p / -MU-SNDK -1.0p (0/100)
  ✓ NTM= 50 PEG=0.40: 전체+81.4p / -MU-SNDK -1.0p (0/100)
  ✓ NTM= 50 PEG=0.50: 전체+81.4p / -MU-SNDK -1.0p (0/100)
  ✓ NTM= 60 PEG=0.20: 전체+81.5p / -MU-SNDK +0.0p (0/100)
  ✓ NTM= 60 PEG=0.25: 전체+81.5p / -MU-SNDK +0.0p (0/100)
  ✓ NTM= 60 PEG=0.30: 전체+81.4p / -MU-SNDK -1.0p (0/100)
  ✓ NTM= 60 PEG=0.40: 전체+81.4p / -MU-SNDK -1.0p (0/100)
  ✓ NTM= 60 PEG=0.50: 전체+81.4p / -MU-SNDK -1.0p (0/100)
  ✓ NTM= 80 PEG=0.20: 전체+81.5p / -MU-SNDK +0.0p (0/100)
  ✓ NTM= 80 PEG=0.25: 전체+81.5p / -MU-SNDK +0.0p (0/100)
  ✗ NTM= 80 PEG=0.30: 전체+81.3p / -MU-SNDK -4.3p (0/100)
  ✗ NTM= 80 PEG=0.40: 전체+81.3p / -MU-SNDK -4.3p (0/100)
  ✗ NTM= 80 PEG=0.50: 전체+81.3p / -MU-SNDK -4.3p (0/100)
  ✓ NTM=100 PEG=0.20: 전체+81.5p / -MU-SNDK +0.0p (0/100)
  ✓ NTM=100 PEG=0.25: 전체+81.5p / -MU-SNDK +0.0p (0/100)
  ✓ NTM=100 PEG=0.30: 전체+81.5p / -MU-SNDK +0.0p (0/100)
  ✓ NTM=100 PEG=0.40: 전체+81.5p / -MU-SNDK +0.0p (0/100)
  ✓ NTM=100 PEG=0.50: 전체+81.5p / -MU-SNDK +0.0p (0/100)
  ✓ NTM=120 PEG=0.20: 전체+81.5p / -MU-SNDK +0.0p (0/100)
  ✓ NTM=120 PEG=0.25: 전체+81.5p / -MU-SNDK +0.0p (0/100)
  ✓ NTM=120 PEG=0.30: 전체+81.5p / -MU-SNDK +0.0p (0/100)
  ✓ NTM=120 PEG=0.40: 전체+81.5p / -MU-SNDK +0.0p (0/100)
  ✓ NTM=120 PEG=0.50: 전체+81.5p / -MU-SNDK +0.0p (0/100)

총 소요 23초
