====================================================================================================
Stage2: 밸류/성장/PEG 진입필터 paired BT (v84 sim, 100×3)
====================================================================================================
dates 75 (2026-02-12~2026-06-01)

filter                    avg      med      mdd  sharpe    cal     lift     wins
----------------------------------------------------------------------------------
 ★none                +253.3%  +253.5%   +40.8%    1.62   6.21
  pe<=30              +264.1%  +278.2%   +34.5%    1.47   7.66  +10.7p    61/100
  pe<=25              +259.8%  +312.1%   +40.5%    1.74   6.41   +6.5p    65/100
  pe<=20              +245.6%  +299.4%   +37.4%    1.73   6.57   -7.8p    37/100
  rg>=0.30            +288.6%  +355.2%   +40.8%    1.73   7.07  +35.2p    95/100
  rg>=0.40            +259.7%  +329.2%   +40.8%    1.84   6.36   +6.4p    60/100
  rg>=0.50            +251.5%  +311.6%   +40.8%    1.87   6.16   -1.8p    54/100
  peg<=1.0            +302.6%  +353.0%   +40.8%    1.58   7.41  +49.3p    99/100
  peg<=0.8            +277.4%  +336.0%   +33.4%    1.89   8.31  +24.1p    74/100
  pe<=30&rg>=0.30     +275.9%  +326.0%   +31.5%    1.70   8.75  +22.6p    82/100
  pe<=35&rg>=0.25     +222.3%  +265.0%   +31.5%    1.60   7.05  -31.0p    15/100
  peg<=1.0&rg>=0.30   +288.6%  +355.2%   +40.8%    1.73   7.07  +35.2p    95/100

--- leave-winner-out (MU/SNDK 제외 시 edge 유지?) ---
검증 대상: ['peg<=1.0', 'rg>=0.30', 'peg<=1.0&rg>=0.30', 'peg<=0.8']
  peg<=1.0           전체: +49.3p( 99)  -MU: -25.8p( 10)  -SNDK: -39.6p( 13)  -MU-SNDK: -34.3p(  7)  
  rg>=0.30           전체: +35.2p( 95)  -MU: -29.7p( 10)  -SNDK: -48.9p( 11)  -MU-SNDK: -40.2p(  7)  
  peg<=1.0&rg>=0.30  전체: +35.2p( 95)  -MU: -29.7p( 10)  -SNDK: -48.9p( 11)  -MU-SNDK: -40.2p(  7)  
  peg<=0.8           전체: +24.1p( 74)  -MU: -46.4p(  8)  -SNDK: -52.5p( 12)  -MU-SNDK: -67.5p(  4)  

--- Full BT(start=0) + KEYS/AEIS/WMG 매수차단 확인 ---
  [none              ] cum +302.9% MDD 33.4% 거래11 승9/11  MU=[77.4] SNDK=[27.6, 68.3] | KEYS=[] AEIS=[-13.2] WMG=[]
  [pe<=30            ] cum +384.1% MDD 34.5% 거래 6 승5/6  MU=[77.4] SNDK=[27.6, 119.4] | KEYS=[] AEIS=[-2.7] WMG=[]
  [peg<=1.0&rg>=0.30 ] cum +361.5% MDD 33.4% 거래 8 승7/8  MU=[77.4] SNDK=[27.6, 119.4] | KEYS=[] AEIS=[] WMG=[]
  [rg>=0.40          ] cum +331.3% MDD 33.4% 거래 8 승7/8  MU=[77.4] SNDK=[27.6, 119.4] | KEYS=[] AEIS=[] WMG=[]
  [pe<=30&rg>=0.30   ] cum +443.3% MDD 31.5% 거래 4 승4/4  MU=[77.4] SNDK=[27.6, 119.4] | KEYS=[] AEIS=[] WMG=[]
