====================================================================================================
Phase 6: V86d 최종 sweet spot 확정 BT
  V86d: PEG<0.20 메가홀드 + min_seg<-2 매도 + rev_growth<20% 매도
====================================================================================================

baseline avg: +127.6%

variantdesc                                                  avg      med      MDD     메가홀드     lift     wins
---------------------------------------------------------------------------------------------------------
  V86 회사PC (NTM≥60 AND PEG<0.20)                        +209.1%  +220.3%    20.4%    16.2  +81.5p   100/100
  V86bPEG<0.20 only                                     +209.1%  +220.3%    20.4%    16.2  +81.5p   100/100
  V86cPEG<0.20 + rev_growth<15% 매도                      +210.1%  +230.4%    20.4%    16.2  +82.5p   100/100
  V86dPEG<0.20 + rev_growth<20% 매도 ⭐                    +213.6%  +231.6%    20.6%    16.2  +86.0p   100/100

[Pairwise paired comparison]
  V86d - V86: avg lift +4.5p, wins 40/100
  V86d - V86c: avg lift +3.4p, wins 8/100
  V86d - V86b: avg lift +4.5p, wins 40/100

[LOWO 견고성 (전체/4 시나리오)]
variant         전체          -MU        -SNDK      -MU-SNDK   -MU-SNDK-MCHP
------------------------------------------------------------------------------
V86      +81.5p(100)    +58.8p(100)    +23.5p(100)     +0.0p( 0)     +0.0p( 0)
V86b     +81.5p(100)    +59.0p(100)    +23.7p(100)    +12.8p(97)    +12.8p(97)
V86c     +82.5p(100)    +80.9p(100)    +26.4p(99)    +11.8p(99)    +11.8p(99)
V86d     +86.0p(100)    +66.5p(100)    +16.5p(92)     -1.3p(32)     -1.3p(32)

[V86d 인접성 정밀]
   PEG  rev_exit      lift      wins
------------------------------------
  0.18      0.10    +81.5p    100/100
  0.18      0.15    +82.5p    100/100
  0.18      0.20    +86.0p    100/100
  0.18      0.25    +92.5p    100/100
  0.18      0.30    +92.5p    100/100
  0.20      0.10    +81.5p    100/100
  0.20      0.15    +82.5p    100/100
  0.20      0.20    +86.0p    100/100
  0.20      0.25    +92.5p    100/100
  0.20      0.30    +92.5p    100/100
  0.22      0.10    +81.5p    100/100
  0.22      0.15    +82.5p    100/100
  0.22      0.20    +86.0p    100/100
  0.22      0.25    +92.5p    100/100
  0.22      0.30    +92.5p    100/100
  0.25      0.10    +81.5p    100/100
  0.25      0.15    +82.5p    100/100
  0.25      0.20    +86.0p    100/100
  0.25      0.25    +92.5p    100/100
  0.25      0.30    +92.5p    100/100

인접성 best: PEG=0.18 rev_exit=0.25 lift=+92.5p

[부분기간 — 전반 20 / 후반 73]
variant    전반 lift    전반 wins    후반 lift    후반 wins
-------------------------------------------------------
V86     +124.2p      20/20   +73.5p      73/73
V86b    +124.2p      20/20   +73.5p      73/73
V86c    +125.8p      20/20   +74.5p      73/73
V86d    +132.3p      20/20   +77.4p      73/73

총 소요 13초
