====================================================================================================
V110 final grid — V107 best 정밀 + LOWO
====================================================================================================

[v86e+ baseline]
  전체: +202.2%
  -SNDK: +121.9%
  -MU: +154.6%
  -SNDK-MU: +67.8%
  -SNDK-MU-LITE: +58.1%
  -all5: +43.5%

[V110 PEG 정밀 그리드 (V107 best=PEG 0.25, rev 0.25)]
peg     rev             전체     -SNDK       -MU  -SNDK-MU-SNDK-MU-LITE     -all5
-----------------------------------------------------------------------------------------------
0.22    0.20       +186.3%   +110.5%   +155.1%    +72.3%    +61.4%    +45.8%
0.22    0.25       +186.3%   +110.5%   +155.1%    +72.3%    +61.4%    +45.8%
0.22    0.30       +186.3%   +110.5%   +155.1%    +72.3%    +61.4%    +45.8%
0.23    0.20       +186.3%   +110.5%   +155.1%    +72.3%    +61.4%    +45.8%
0.23    0.25       +186.3%   +110.5%   +155.1%    +72.3%    +61.4%    +45.8%
0.23    0.30       +186.3%   +110.5%   +155.1%    +72.3%    +61.4%    +45.8%
0.24    0.20       +186.3%   +110.5%   +155.1%    +72.3%    +61.4%    +45.8%
0.24    0.25       +186.3%   +110.5%   +155.1%    +72.3%    +61.4%    +45.8%
0.24    0.30       +186.3%   +110.5%   +155.1%    +72.3%    +61.4%    +45.8%
0.25    0.20       +186.3%   +125.9%   +155.1%    +72.5%    +61.6%    +46.0%
0.25    0.25       +186.3%   +125.9%   +155.1%    +72.5%    +61.6%    +46.0%
0.25    0.30       +186.3%   +125.9%   +155.1%    +72.5%    +61.6%    +46.0%
0.26    0.20       +186.3%   +125.9%   +155.1%    +72.8%    +61.9%    +46.2%
0.26    0.25       +186.3%   +125.9%   +155.1%    +72.8%    +61.9%    +46.2%
0.26    0.30       +186.3%   +125.9%   +155.1%    +72.8%    +61.9%    +46.2%
0.27    0.20       +186.3%   +125.9%   +155.1%    +72.8%    +61.9%    +46.2%
0.27    0.25       +186.3%   +125.9%   +155.1%    +72.8%    +61.9%    +46.2%
0.27    0.30       +186.3%   +125.9%   +155.1%    +72.8%    +61.9%    +46.2%
0.28    0.20       +186.3%   +125.9%   +155.2%    +73.0%    +62.1%    +47.1%
0.28    0.25       +186.3%   +125.9%   +155.2%    +73.0%    +62.1%    +47.1%
0.28    0.30       +186.3%   +125.9%   +155.2%    +73.0%    +62.1%    +47.1%
0.30    0.20       +186.2%   +125.0%   +154.9%    +71.4%    +60.5%    +45.4%
0.30    0.25       +186.2%   +125.0%   +154.9%    +71.4%    +60.5%    +45.4%
0.30    0.30       +186.2%   +125.0%   +154.9%    +71.4%    +60.5%    +45.4%

★ best config: PEG=0.28, rev=0.2, score=208.3

[best vs v86e+ paired diff]
  전체: best - v86e+ = -15.9p (18/300)
  -SNDK: best - v86e+ = +4.0p (221/300)
  -MU: best - v86e+ = +0.6p (55/300)
  -SNDK-MU: best - v86e+ = +5.2p (160/300)
  -SNDK-MU-LITE: best - v86e+ = +4.0p (136/300)
  -all5: best - v86e+ = +3.6p (148/300)

[부분기간 — 전반 (start<n/2) / 후반 (start>=n/2)]
전반: 20 chains / 후반: 13 chains
  전체 전반: best +274.9% / v86e+ +282.5% (diff -7.6p)
  전체 후반: best +73.9% / v86e+ +110.8% (diff -36.8p)
  -SNDK 전반: best +154.9% / v86e+ +155.1% (diff -0.3p)
  -SNDK 후반: best +93.8% / v86e+ +86.3% (diff +7.5p)

총 소요 140초
