====================================================================================================
Phase 7: rev_exit cutoff 정밀 + LOWO 종합
====================================================================================================

baseline avg: +127.6%

 rev_exit   avg lift      wins   LOWO -MU      -SNDK    -MU-SNDK  -MU-SNDK-MCHP
--------------------------------------------------------------------------------
     0.00     +81.5p    100/100    +59.0p(100)    +23.7p(100)    +12.8p(97)       +12.8p(97)
     0.10     +81.5p    100/100    +59.0p(100)    +23.7p(100)    +12.8p(97)       +12.8p(97)
     0.15     +82.5p    100/100    +80.9p(100)    +26.4p(99)    +11.8p(99)       +11.8p(99)
     0.20     +86.0p    100/100    +66.5p(100)    +16.5p(92)     -1.3p(32)        -1.3p(32)
     0.25     +92.5p    100/100    +72.5p(100)    +13.0p(84)    +10.7p(91)       +10.7p(91)
     0.30     +92.5p    100/100    +72.5p(100)    +13.0p(84)    +10.7p(91)       +10.7p(91)
     0.35     +80.9p    100/100    +71.4p(100)    +15.9p(90)    +10.4p(91)       +10.4p(91)

====================================================================================================
최종 결정
====================================================================================================
★ 견고성 통과 + 알파 최대: rev_exit = 0.25
  전체 lift: +92.5p (100/100)
  LOWO -MU-SNDK: +10.7p (91/100)

[정직한 trade-off 비교]
  안전(robust) 후보: rev_exit 0.15 — lift +82.5p, LOWO -MU-SNDK +11.8p
  공격(alpha) 후보 : rev_exit 0.25 — lift +92.5p, LOWO ?
  → LOWO 결과에 따라 결정

[참고: rev_exit=0 (V86b 등가, exit 없음)]
  lift +81.5p (100/100)

총 소요 16초
