paired N=100 x SAMP=3 = 300 runs/config | dates=79

==============================================================================================
Phase A: 이탈선 sweep (s2/5050/entry3) — 미탐색 exit 8,15
==============================================================================================
config                              avg      med    MDD중앙  Calmar  LOWO(-MU-SNDK-STX)
----------------------------------------------------------------------------------------------
s2/5050/exit8/entry3             +90.3%  +107.9%    17.4%    5.18             +43.3%
s2/5050/exit10/entry3            +89.7%  +107.9%    17.4%    5.14             +32.7% ★현운영
s2/5050/exit12/entry3            +87.0%   +99.5%    17.4%    4.99             +35.3%
s2/5050/exit15/entry3            +87.0%   +99.5%    17.4%    4.99             +34.9%

==============================================================================================
Phase B: 진입선 sweep (s2/5050/exit10) — 미탐색 entry 2,4
==============================================================================================
config                              avg      med    MDD중앙  Calmar  LOWO(-MU-SNDK-STX)
----------------------------------------------------------------------------------------------
s2/5050/exit10/entry2            +91.2%  +109.7%    17.4%    5.23             +15.1%
s2/5050/exit10/entry3            +89.7%  +107.9%    17.4%    5.14             +32.7% ★현운영
s2/5050/exit10/entry4            +89.7%  +107.9%    17.4%    5.14             +30.7%

==============================================================================================
Phase C: 슬롯 sweep (5050/exit10, entry=slots+1) — 미탐색 slot1
==============================================================================================
config                              avg      med    MDD중앙  Calmar  LOWO(-MU-SNDK-STX)
----------------------------------------------------------------------------------------------
s1/5050/exit10/entry2            +92.6%  +112.9%    14.9%    6.23             +13.8%
s2/5050/exit10/entry3            +89.7%  +107.9%    17.4%    5.14             +32.7% ★현운영
s3/5050/exit10/entry4            +69.4%   +92.6%    15.0%    4.63             +29.6%
