====================================================================================================
Stage1: 진입권(part2≤5) 종목 EDA  —  성장·밸류 vs 실현 20일 수익률
====================================================================================================
관측치: 375 (ticker-date)  기간 2026-02-12~2026-06-01

--- 종목별 (진입권 등장 ≥2회) : 성장/밸류/실현성과 ---
tk      n  rev_g  fwdPE   PEG ntm_rev% avg_fwd20%
SNDK   60   112%    9.3  0.12   +290.7      +38.5
TTMI   18    19%   27.8  1.46    +22.1      +37.6
FORM   29    14%   50.3  3.70    +24.2      +31.4
FIX     8    47%   36.9  0.79    +33.7      +29.4
MU     60   138%    7.4  0.09   +130.6      +28.1
LRCX    5    24%   34.0  1.43    +27.6      +24.9
VRT     2    23%   40.3  1.77    +24.3      +22.3
MOD    11    30%   27.6  0.91    +24.6      +22.1
STX    29    22%   22.7  1.05    +38.0      +15.7
FAF     4    18%    9.4  0.55    +14.2      +12.2
LITE   32    66%   56.3  0.86    +88.4      +11.5
ASML   11    13%   41.8  3.17    +21.8       +9.3
TSM     4    35%   23.0  0.65    +15.2       +5.6
ZTO     2    12%    1.8  0.15     +9.6       +0.4
TER    19    82%   44.5  0.57    +38.0       +0.2
FIVE   13    24%   26.9  1.11    +30.4       -2.1
WWD    14    25%   37.3  1.50    +14.0       -3.9
TPR     6    15%   21.0  1.42    +17.3       -9.6
BE      6   130%   95.5  0.73   +112.5          -
SIMO    3   106%   27.3  0.26    +80.6          -
HGV     3    12%    7.9  0.67    +28.0          -
MKSI    4    15%   23.6  1.55    +37.6          -
AEIS   10    26%   31.0  1.18    +28.3          -
CGNX    2    24%   40.5  1.67    +28.6          -
AMAT    2    11%   29.8  2.61    +21.3          -
NVDA    2    85%   21.1  0.25    +26.5          -
KEYS    4    32%   30.4  0.96    +31.2          -
VIRT    4    30%    8.1  0.27    +26.5          -
WMG     2    17%   16.3  0.98    +21.0          -

--- 지표 vs 실현 20일수익률 상관 (관측치 레벨) ---
  rg         corr=+0.408  (n=268)
  fwd_pe     corr=-0.247  (n=268)
  peg        corr=-0.079  (n=268)
  ntm_rev    corr=+0.332  (n=268)
  evebitda   corr=-0.061  (n=243)
  roe        corr=-0.181  (n=218)
  om         corr=+0.257  (n=250)

--- rev_growth 분위별 실현 20일수익률 ---
  하위25%(저성장)     n= 67  rev_g평균    15%  fwd20평균  +24.3%  승률 82%
  중위50%          n=134  rev_g평균    42%  fwd20평균  +17.4%  승률 73%
  상위25%(고성장)     n= 67  rev_g평균   125%  fwd20평균  +33.3%  승률 96%

--- forward PE 분위별 실현 20일수익률 ---
  저PE25%(저평가)    n= 67  fwdPE평균   7.2  fwd20평균  +39.8%  승률 91%
  중위50%          n=134  fwdPE평균  23.5  fwd20평균  +16.8%  승률 72%
  고PE25%(고평가)    n= 67  fwdPE평균  52.3  fwd20평균  +19.0%  승률 88%
