====================================================================================================
V105 하이브리드 — SNDK 없이 robust + SNDK 있을 때 잡음
====================================================================================================
\nexclude                     v84    v86e+    v105a    v105c    v105d    v105e
--------------------------------------------------------------------------------
전체                     +127.9% +202.2% +183.6% +130.4% +183.6% +163.7%
-SNDK                   +97.6% +121.9% +129.4%  +99.1% +129.4% +141.7%
-MU                    +101.6% +154.6% +153.7% +125.3% +153.7% +153.6%
-SNDK-MU                +50.7%  +67.8%  +66.4%  +65.9%  +66.4%  +52.1%
-SNDK-MU-LITE           +42.0%  +58.1%  +56.5%  +56.2%  +56.5%  +39.7%
\n[두 조건 동시 만족 평가]
variant           전체     -SNDK    -SNDK-MU     종합 (3합)
------------------------------------------------------------
v84_pure     +127.9%    +97.6%      +50.7%     +276.2%
v86e+        +202.2%   +121.9%      +67.8%     +392.0%
v105a        +183.6%   +129.4%      +66.4%     +379.5%
v105c        +130.4%    +99.1%      +65.9%     +295.4%
v105d        +183.6%   +129.4%      +66.4%     +379.5%
v105e        +163.7%   +141.7%      +52.1%     +357.6%
\n총 소요 32초
