====================================================================================================
Phase 4: 메가홀드 보호 강도 (rank cutoff)
  기준 시그니처: PEG<0.20
  공통 exit: min_seg<-2 OR rev_growth<0.15 (Phase 3 best)
====================================================================================================

baseline avg: +131.5%

variantdesc                                  avg      med      MDD     lift     wins
--------------------------------------------------------------------------------
 ★F0  baseline (메가 없음)                  +131.5%  +142.0%    14.8%
  F1  메가 무한 보호 (현재)                     +210.1%  +230.4%    20.4%  +78.6p   100/100
  F2  메가 rank≤15 보호                     +130.4%  +139.3%    14.8%   -1.1p    30/100
  F3  메가 rank≤20 보호                     +139.4%  +148.4%    14.8%   +7.9p   100/100
  F4  메가 rank≤30 보호                     +166.9%  +171.2%    20.4%  +35.4p   100/100
  F5  메가 rank≤50 보호                     +166.9%  +171.2%    20.4%  +35.4p   100/100

[LOWO 견고성 (viable: 4)]
variant         전체          -MU        -SNDK     -MU-SNDK
------------------------------------------------------------
F1       +78.6p(100)    +25.8p(100)    +24.2p(100)     +7.5p(97)
F3        +7.9p(100)    +17.2p(100)     -2.6p(10)     +0.0p( 0)
F4       +35.4p(100)    +41.0p(100)    +20.6p(100)     +0.0p( 0)
F5       +35.4p(100)    +41.0p(100)    +20.6p(100)     +0.0p( 0)

총 소요 9초
