====================================================================================================
V98: PEG conviction 통합 (매출성장률·커버리지 방식)
====================================================================================================

baseline avg: +127.6%
V86e+ lift: +92.5p

v   desc                                                         lift    vs V86e+     wins      LOWO -MS
--------------------------------------------------------------------------------------------------------------
  A symmetric: ag × (1+peg_bonus), cap=0.3                    +65.3p     -27.2p    93/100     -48.3p( 0)
  A symmetric: ag × (1+peg_bonus), cap=0.5                    +66.0p     -26.5p    94/100     -48.5p( 0)
  A symmetric: ag × (1+peg_bonus), cap=1.0                    +67.7p     -24.8p    95/100     -48.5p( 0)
  B asymmetric: ag<0면만 ag × (1+bonus), cap=0.3                +65.3p     -27.2p    93/100     -48.3p( 0)
  B asymmetric: cap=0.5                                       +66.0p     -26.5p    94/100     -48.5p( 0)
  B asymmetric: cap=1.0                                       +67.7p     -24.8p    95/100     -48.5p( 0)
  B asymmetric: cap=2.0                                       +71.7p     -20.8p    99/100     -49.3p( 0)
  C 가산: ag - peg_bonus×scale, scale=1                         +53.9p     -38.6p    88/100     -48.3p( 0)
  C 가산: scale=5                                               +64.0p     -28.5p    92/100     -48.3p( 0)
  C 가산: scale=10                                              +64.9p     -27.6p    92/100     -48.3p( 0)
  C 가산: scale=20                                              +65.3p     -27.2p    93/100     -48.3p( 0)
  D asymmetric+가산: 음수면 증폭/양수면 가산, scale=5                     +65.3p     -27.2p    93/100     -48.3p( 0)
  D asymmetric+가산: scale=10                                   +65.3p     -27.2p    93/100     -48.3p( 0)
  D asymmetric+가산: scale=20                                   +65.3p     -27.2p    93/100     -48.3p( 0)

best: V86e+ 우월 변형 없음 (모두 음수)

총 소요 36초
