====================================================================================================
V111 동적 시스템 — 메가 활성 시 v86e+, 부재 시 V110
====================================================================================================
variant                전체      -SNDK        -MU   -SNDK-MU-SNDK-MU-LITE      -all5
------------------------------------------------------------------------------------------
v86e+             +202.2%    +121.9%    +154.6%     +67.8%     +58.1%     +43.5%
v110              +186.3%    +125.9%    +155.1%     +72.5%     +61.6%     +46.0%
v111_dynamic      +186.3%    +125.9%    +155.1%     +72.5%     +61.6%     +46.0%

[paired diff vs v86e+]

  v110 vs v86e+:
    전체: -16.0p (11/300)
    -SNDK: +3.9p (221/300)
    -MU: +0.5p (44/300)
    -SNDK-MU: +4.7p (144/300)
    -SNDK-MU-LITE: +3.5p (122/300)
    -all5: +2.5p (118/300)

  v111_dynamic vs v86e+:
    전체: -16.0p (11/300)
    -SNDK: +3.9p (221/300)
    -MU: +0.5p (44/300)
    -SNDK-MU: +4.7p (144/300)
    -SNDK-MU-LITE: +3.5p (122/300)
    -all5: +2.5p (118/300)

총 소요 38초
