====================================================================================================
V91 자율주행: 후보 C — adj_gap에 NTM_rev 차감
====================================================================================================

baseline avg: +127.6%
V86e+ (current) avg: +220.1%

[grid: α × carryover]
     α   carry   avg lift      wins       LOWO -MU-SNDK
-------------------------------------------------------
   0.5    V86e     +53.7p     86/100     -49.2p(  0/100)
   0.5     OFF     -78.9p      0/100     -43.6p(  0/100)
   1.0    V86e     +50.3p     83/100     -49.2p(  0/100)
   1.0     OFF     -84.6p      0/100     -46.7p(  0/100)
   2.0    V86e     +48.3p     83/100     -49.2p(  0/100)
   2.0     OFF     -85.5p      0/100     -46.7p(  0/100)
   5.0    V86e     +60.2p     86/100     -49.3p(  0/100)
   5.0     OFF     -77.0p      0/100     -49.3p(  0/100)
  10.0    V86e     +46.4p     77/100     -49.3p(  0/100)
  10.0     OFF     -79.6p      0/100     -49.3p(  0/100)

[V86e+ (alpha=0) vs V91 (alpha 다양) direct paired]
  V91(α=0.5, V86e ON) - V86e+: -38.8p (10/100)
  V91(α=1.0, V86e ON) - V86e+: -42.2p (10/100)
  V91(α=2.0, V86e ON) - V86e+: -44.2p (9/100)
  V91(α=5.0, V86e ON) - V86e+: -32.3p (14/100)
  V91(α=10.0, V86e ON) - V86e+: -46.1p (7/100)

총 소요 42초
