====================================================================================================
V97: PEG 조건 시스템 계산식 통합 (사용자 직접 요청)
====================================================================================================

baseline avg: +127.6%
V86e+ lift: +92.5p

v   desc                                                  lift    vs V86e+     wins      LOWO -MS
----------------------------------------------------------------------------------------------------
  A 메가 adj_gap × 0.3 (신호 약화)                          -116.9p    -209.4p     0/100     -39.4p( 0)
  A 메가 adj_gap × 0.5                                   -38.9p    -131.4p     1/100     -42.0p( 0)
  A 메가 adj_gap × 0.0 (무효화)                            -116.9p    -209.4p     0/100     -39.4p( 0)
  A 메가 adj_gap × -0.5 (반대 부호)                         -116.9p    -209.4p     0/100     -39.4p( 0)
  A 메가 adj_gap × -1.0 (완전 반대)                         -116.9p    -209.4p     0/100     -39.4p( 0)
  B adj_gap + 1.0 × (PEG-0.5)                          +66.1p     -26.4p    92/100     -47.2p( 0)
  B adj_gap + 5.0 × (PEG-0.5)                          +62.4p     -30.1p    90/100     -49.3p( 0)
  B adj_gap + 10.0 × (PEG-0.5)                         +62.1p     -30.4p    92/100     -49.3p( 0)
  B adj_gap + 20.0 × (PEG-0.5)                         +60.7p     -31.8p    92/100     -49.4p( 0)
  C 메가 adj_gap × 1.5 (boost)                           +64.2p     -28.3p    95/100     -49.4p( 0)
  C 메가 adj_gap × 2.0 (강 boost)                         +58.9p     -33.6p    91/100     -50.1p( 0)
  D adj_gap + 1.0 × log(PEG)                           +66.3p     -26.2p    91/100     -47.2p( 0)
  D adj_gap + 3.0 × log(PEG)                           +64.7p     -27.8p    93/100     -48.5p( 0)
  D adj_gap + 5.0 × log(PEG)                           +67.7p     -24.8p    95/100     -48.5p( 0)
  E adj_gap × (PEG/0.5) — universal                   -127.6p    -220.1p     0/100     -50.1p( 0)
  F 메가 adj_gap > 0 → cap 0 (over-penalty 제거)           +53.9p     -38.6p    88/100     -48.3p( 0)

총 소요 60초
