====================================================================================================
Phase 3: 메가홀드 해제 조건 sweet spot (기준: PEG<0.20 only)
====================================================================================================

baseline avg: +127.6%

variantdesc                                        avg      med      MDD      평균보유     lift     wins
----------------------------------------------------------------------------------------------------
 ★E0  baseline (메가홀드 없음)                      +127.6%  +141.0%    14.3%     11.8d
  E1  PEG<0.20 + min_seg<-2 (현재)              +209.1%  +220.3%    20.4%     15.5d  +81.5p   100/100
  E2  PEG<0.20 + min_seg<-1 (민감)              +209.1%  +220.3%    20.4%     15.5d  +81.5p   100/100
  E3  PEG<0.20 + min_seg<-3 (둔감)              +209.1%  +220.3%    20.4%     15.5d  +81.5p   100/100
  E4  PEG<0.20 + min_seg<-5 (매우둔감)            +209.1%  +220.3%    20.4%     15.5d  +81.5p   100/100
  E5  E1 + rev_growth<15% 매도                  +210.1%  +230.4%    20.4%     14.3d  +82.5p   100/100
  E6  E1 + PEG≥0.30 매도 (식어짐)                  +207.2%  +231.6%    20.6%      7.2d  +79.6p   100/100
  E7  E1 + 60거래일 cap                          +198.6%  +214.6%    20.4%     17.5d  +71.0p   100/100

[LOWO -MU-SNDK 견고성 (viable: 7)]
variant         전체          -MU        -SNDK     -MU-SNDK
------------------------------------------------------------
E1       +81.5p(100)    +59.0p(100)    +23.7p(100)    +12.8p(97)
E2       +81.5p(100)    +59.0p(100)    +23.7p(100)    +12.8p(97)
E3       +81.5p(100)    +59.0p(100)    +23.7p(100)    +12.8p(97)
E4       +81.5p(100)    +59.0p(100)    +23.7p(100)    +12.8p(97)
E5       +82.5p(100)    +80.9p(100)    +26.4p(99)    +11.8p(99)
E6       +79.6p(100)    +75.8p(100)    +18.2p(93)     +8.3p(72)
E7       +71.0p(100)    +49.9p(100)    +21.3p(100)    +12.8p(97)

총 소요 13초
