====================================================================================================
V96: Broad 메가 시그니처 — SNDK/MU/BE/LITE/TTMI 모두 포함 시도
====================================================================================================

baseline avg: +127.6%

v      desc                                                  lift      wins    buys      LOWO -MS    LOWO -all5
--------------------------------------------------------------------------------------------------------------
 ★V86e+PEG<0.22 (현재)                                      +92.5p    100/100    6.8   +14.7p(95)   +25.5p(97)
  B1   PEG<0.22 OR (NTM≥50 AND rev_g≥40)                  +80.1p    100/100    6.1    +7.2p(79)   +22.7p(99)
  B2   PEG<0.50 (broad PEG)                               +92.4p    100/100    6.8   +14.5p(95)   +22.7p(99)
  B3   PEG<1.0 (very broad)                               +75.6p    100/100    6.1    +1.1p(53)   +25.0p(98)
  B4   NTM≥50 only                                        +80.1p    100/100    6.1   -12.7p( 5)    -0.6p(47)
  B5   NTM≥30 only                                        +78.7p    100/100    6.2    +4.2p(64)   +22.7p(99)
  B6   PEG<0.22 OR (NTM≥80 AND PEG<1.0)                   +80.0p    100/100    6.1    +6.9p(76)   +19.5p(96)
  B7   PEG<0.22 OR (NTM≥50 AND rev_g≥30 AND PEG<1.5)      +80.1p    100/100    6.1    +7.2p(79)   +22.7p(99)

[V86e+ vs broad variants direct paired]
  B1 - V86e+: -12.4p (0/100)
  B2 - V86e+: -0.1p (0/100)
  B3 - V86e+: -16.9p (2/100)
  B4 - V86e+: -12.4p (0/100)
  B5 - V86e+: -13.8p (0/100)
  B6 - V86e+: -12.5p (0/100)
  B7 - V86e+: -12.4p (0/100)

총 소요 11초
