====================================================================================================
V92 자율주행: 4 후보 검증 + "v84 이후 흔들림" 진단
====================================================================================================

baseline (v84) avg: +127.6%
V86e+ (current) avg: +220.1%

================================================================================
Phase A: eps_quality 재설계 (seg_metric)
================================================================================
variant                      avg lift vs base      wins       LOWO -MU-SNDK
---------------------------------------------------------------------------
seg_metric=min                        +92.5p    100/100     +14.7p( 95/100)
seg_metric=mean                       +92.9p    100/100     +18.9p( 95/100)
seg_metric=weighted                   +92.9p    100/100     +18.9p( 95/100)

================================================================================
Phase B: rev_growth cutoff stress (V86e+ 환경)
================================================================================
rev_exit              avg lift      wins       LOWO -MU-SNDK
-----------------------------------------------------------------
  0.10                 +81.5p    100/100     +15.8p( 97/100)
  0.15                 +82.5p    100/100     +14.8p( 99/100)
  0.20                 +86.0p    100/100      +1.3p( 57/100)
 ★0.25                 +92.5p    100/100     +14.7p( 95/100)
  0.30                 +92.5p    100/100     +14.7p( 95/100)

================================================================================
Phase C: dd_30 메가 면제 (메가는 -25% drawdown 진입필터 무시)
================================================================================
variant                              avg lift      wins       LOWO -MU-SNDK
--------------------------------------------------------------------------------
dd=0.2 mega_exempt=NONE               +77.3p     97/100     +18.3p( 95/100)
dd=0.25 mega_exempt=NONE              +92.5p    100/100     +14.7p( 95/100)
dd=0.3 mega_exempt=NONE               +93.8p    100/100     +15.0p( 95/100)
dd=0.2 mega_exempt=EXEMPT             +92.0p    100/100     +18.3p( 95/100)
dd=0.25 mega_exempt=EXEMPT            +93.3p    100/100     +14.7p( 95/100)
dd=0.3 mega_exempt=EXEMPT             +93.7p    100/100     +15.0p( 95/100)

================================================================================
Phase D: "v84 이후 흔들림" 진단 — 각 patch 단독 효과
================================================================================
phase                                               avg     vs base      wins        LOWO
------------------------------------------------------------------------------------------
v84 (baseline)                                  +127.6%      +0.0p      0/100      +0.0p
v86 (NTM≥60 AND PEG<0.20, rev_exit X)           +209.1%     +81.5p    100/100     +12.8p
V86e (PEG<0.20, rev_exit X)                     +209.1%     +81.5p    100/100     +12.8p
V86e (PEG<0.20, rev_exit 0.25)                  +220.1%     +92.5p    100/100     +10.7p
V86e+ (PEG<0.22, rev_exit 0.25)                 +220.1%     +92.5p    100/100     +14.7p

================================================================================
종합 — 가장 robust한 conf 탐색
================================================================================
seg       rev     dd_exempt         lift      wins      LOWO   LOWO wins
---------------------------------------------------------------------------
 ★mean    0.25    YES             +93.7p    100/100    +18.9p       95/100
 ★weighted0.25    YES             +93.7p    100/100    +18.9p       95/100
  min     0.25    YES             +93.3p    100/100    +14.7p       95/100
  mean    0.25    NO              +92.9p    100/100    +18.9p       95/100
  weighted0.25    NO              +92.9p    100/100    +18.9p       95/100
  min     0.25    NO              +92.5p    100/100    +14.7p       95/100
  mean    0.15    YES             +87.1p    100/100    +14.5p       98/100
  weighted0.15    YES             +87.1p    100/100    +14.5p       98/100
  min     0.15    YES             +86.8p    100/100    +14.8p       99/100
  mean    0.15    NO              +82.9p    100/100    +14.5p       98/100
  weighted0.15    NO              +82.9p    100/100    +14.5p       98/100
  min     0.15    NO              +82.5p    100/100    +14.8p       99/100

총 소요 21초
