====================================================================================================
V103 — 새 mega_score 산식 BT (매출/EPS/PEG 기반)
====================================================================================================

baseline (part2_rank only) avg: +127.9%

[blend × mega_score 가중치 그리드]
blend   α (NTM)   β (매출)    γ (PEG_inv)   avg lift      wins
---------------------------------------------------------------------------
0.90    1.0       1.0       50.0             -9.1p     10/100
0.70    1.0       1.0       50.0             +7.5p     66/100
0.50    1.0       1.0       50.0            -13.2p     20/100
0.30    1.0       1.0       50.0             -6.1p     33/100
0.00    1.0       1.0       50.0             -2.4p     44/100
0.50    0.5       1.0       30.0            -10.9p     25/100
0.50    1.0       0.5       20.0             -3.7p     36/100
0.50    0.5       1.5       30.0            -19.5p     14/100
0.50    1.5       0.5       30.0             -3.6p     37/100
0.50    1.0       1.0       100.0           -19.3p     15/100

총 소요 5초

best config: ((0.7, 1.0, 1.0, 50.0), 7.467700016343591)

[LOWO -MU-SNDK robustness check (best config)]
  best config LOWO -MU-SNDK: +7.7p (86/100)
