====================================================================================================
V87 자율주행: 메가홀드 score/rank 보너스 BT
====================================================================================================

baseline avg: +127.6%

variant   desc                                        avg      med      MDD      매수회수     lift     wins
---------------------------------------------------------------------------------------------------------
 ★baseline메가홀드 없음                                 +127.6%  +141.0%    14.3%      8.6
  V86e    현재 — 보유 결정 layer (carryover)            +220.1%  +231.6%    20.6%      6.8  +92.5p   100/100
  V87a    rank 강제 1                               +116.3%  +117.8%    20.6%      5.9  -11.3p    30/100
  V87b    rank 강제 2                               +108.2%  +117.8%    14.0%      5.9  -19.4p    17/100
  V87f    rank min(orig, 2)                       +137.4%  +143.1%    20.4%      5.6   +9.8p    64/100
  V87c    rank min(orig, 3)                       +159.2%  +170.1%    20.4%      5.8  +31.6p    96/100
  V87d    rank min(orig, 5)                       +162.4%  +170.1%    20.4%      5.8  +34.8p   100/100
  V87e    rank min(orig, 10)                      +162.4%  +170.1%    20.4%      5.8  +34.8p   100/100

[LOWO 견고성 -MU-SNDK]
variant            전체          -MU        -SNDK      -MU-SNDK
-----------------------------------------------------------------
V86e         +92.5p(100)    +72.5p(100)    +13.0p(84)    +10.7p(91)
V87a         -11.3p(30)     -7.5p(30)    +16.7p(85)     -9.9p( 6)
V87b         -19.4p(17)     -8.5p(28)     +3.6p(59)     -9.4p( 6)
V87f          +9.8p(64)     -2.8p(43)    +10.5p(72)     -9.4p( 6)
V87c         +31.6p(96)     +1.1p(54)    +21.4p(100)     -8.6p( 9)
V87d         +34.8p(100)    +24.9p(100)    +20.0p(100)     +0.0p( 0)
V87e         +34.8p(100)    +24.9p(100)    +20.0p(100)     +0.0p( 0)

[부분기간 — 전반 20 / 후반 73]
variant       전반 lift    전반 wins    후반 lift    후반 wins
------------------------------------------------------------
V86e        +144.8p      20/20   +82.2p      73/73
V87a         -25.9p       3/20    -6.7p      26/73
V87b         -35.9p       0/20   -15.0p      16/73
V87f          -6.9p       4/20   +13.8p      53/73
V87c         +34.1p      20/20   +30.9p      69/73
V87d         +38.5p      20/20   +34.6p      73/73
V87e         +38.5p      20/20   +34.6p      73/73

[V86e vs V87 variants 직접 paired]
  V87a - V86e: -103.8p (5/100)
  V87b - V86e: -111.9p (3/100)
  V87c - V86e: -60.9p (3/100)
  V87d - V86e: -57.7p (3/100)
  V87e - V86e: -57.7p (3/100)
  V87f - V86e: -82.7p (6/100)

총 소요 46초
