====================================================================================================
V100 — 종합 검증 (정확한 production sim + dynamic weight)
====================================================================================================

[1] V86e+ baseline (정확한 sim)
  baseline (no mega 비교용은 별도): savg avg lift +220.1% (=실제 누적)
  매수 회수 평균: 6.8
  MU 보유일 평균: 31.4
  SNDK 보유일 평균: 40.6

[2] α grid sweep (PEG=0.22, rev_exit=0.25, dynamic weight)
α              avg    vs V86e+    wins    buys    MU일   SNDK일
-----------------------------------------------------------------
  V86e+     +220.1p      +0.0p    0/100    6.8    31     41
  0.99      +194.3p     -25.8p   13/100    5.2    36     41
  0.95      +194.3p     -25.8p   26/100    3.2    38     40
  0.90      +188.2p     -31.9p   17/100    3.1    38     40
  0.80      +194.5p     -25.5p   24/100    3.8    39     41
  0.70      +197.1p     -23.0p   28/100    3.8    39     40
  0.50      +203.4p     -16.7p   35/100    4.0    39     40

[3] 인접안정성: PEG cutoff + α + rev_exit grid
PEG   α       rev_exit         avg    vs V86e+    wins
------------------------------------------------------------
  0.20  V86e+   0.15        +210.1p     -10.0p   11/100
  0.20  V86e+   0.25        +220.1p      +0.0p    0/100
  0.20  0.70    0.15        +192.0p     -28.0p   28/100
  0.20  0.70    0.25        +197.1p     -23.0p   28/100
  0.20  0.90    0.15        +188.3p     -31.8p   17/100
  0.20  0.90    0.25        +188.3p     -31.8p   17/100
  0.22  V86e+   0.15        +210.1p     -10.0p   11/100
  0.22  V86e+   0.25        +220.1p      +0.0p    0/100
  0.22  0.70    0.15        +192.0p     -28.0p   28/100
  0.22  0.70    0.25        +197.1p     -23.0p   28/100
  0.22  0.90    0.15        +188.2p     -31.9p   17/100
  0.22  0.90    0.25        +188.2p     -31.9p   17/100
  0.25  V86e+   0.15        +210.1p     -10.0p   11/100
  0.25  V86e+   0.25        +220.1p      +0.0p    0/100
  0.25  0.70    0.15        +192.0p     -28.0p   28/100
  0.25  0.70    0.25        +197.1p     -23.0p   28/100
  0.25  0.90    0.15        +188.2p     -31.9p   17/100
  0.25  0.90    0.25        +188.2p     -31.9p   17/100

[4] Multistart — 전반/후반/중간 시작
variant   phase                      avg    vs V86e+
-------------------------------------------------------
  V86e+     전반 (0~25일)            +336.8p         -
  V99(0.7)  전반 (0~25일)            +284.8p     -52.0p
  V86e+     중간 (25~50일)           +202.8p         -
  V99(0.7)  중간 (25~50일)           +195.3p      -7.5p
  V86e+     후반 (50~)               +47.5p         -
  V99(0.7)  후반 (50~)               +53.0p      +5.5p

[5] LOWO 정확한 검증 (각 variant)
variant        전체 lift         -MU       -SNDK      -MU-SNDK
-----------------------------------------------------------------
  V86e+         +220.1p     +184.1p     +112.1p      +64.7p 
  α=0.7         +197.1p     +161.5p     +147.5p      +43.6p 
  α=0.9         +188.2p     +169.6p     +162.3p      +71.2p 

총 소요 33초
