=== 시작점별 V110 vs v86e+ 비교 ===
 start  days     v86e+      V110      diff   -SNDK v86e+    -SNDK V110   -SNDK diff
------------------------------------------------------------------------------------------
     2    74   +369.3%   +369.3%     +0.0p       +113.8%       +129.1%       +15.3p
     5    71   +300.7%   +300.7%     +0.0p       +118.6%       +109.7%        -8.9p
     8    68   +314.2%   +314.2%     +0.0p        +98.0%       +106.0%        +7.9p
    11    65   +354.1%   +354.1%     +0.0p       +112.7%       +121.3%        +8.5p
    14    62   +401.8%   +401.8%     +0.0p       +144.3%       +129.3%       -15.0p
    17    59   +339.9%   +339.9%     +0.0p       +113.8%       +122.4%        +8.6p
    20    56   +305.9%   +305.9%     +0.0p       +143.7%       +116.5%       -27.2p
    23    53   +158.6%   +118.9%    -39.7p       +129.4%       +101.9%       -27.4p
    26    50   +225.4%   +225.4%     +0.0p       +191.1%       +202.8%       +11.7p
    29    47   +284.8%   +284.8%     +0.0p       +244.3%       +258.1%       +13.8p
    32    44   +157.0%   +181.2%    +24.2p       +127.8%       +159.4%       +31.6p
    35    41   +140.9%   +140.9%     +0.0p       +217.6%       +230.4%       +12.7p
    38    38   +110.3%   +110.3%     +0.0p       +157.3%       +167.7%       +10.3p
    41    35   +149.9%    +89.5%    -60.4p       +129.7%       +139.0%        +9.2p
    44    32   +158.5%    +94.1%    -64.4p       +113.6%       +122.2%        +8.6p
    47    29   +135.2%    +81.9%    -53.3p       +107.6%       +115.9%        +8.3p
    50    26   +111.1%    +67.6%    -43.4p        +99.7%       +107.7%        +8.0p
    53    23    +66.7%    +66.7%     +0.0p        +80.6%        +87.9%        +7.2p
    56    20    +28.7%    +28.7%     +0.0p        +21.5%        +26.4%        +4.9p
    59    17    +12.7%    +12.7%     +0.0p         +9.0%        +21.9%       +12.9p
    62    14    +21.3%    +21.3%     +0.0p         +0.8%         +2.7%        +1.9p
    65    11    +30.2%    +30.2%     +0.0p         +7.3%        +15.0%        +7.7p

총 22 시작점
전체: V110 우월 1 / v86e+ 우월 5
SNDK 제외 시: V110 우월 18/22
