===============================================================================================
B트랙: 메가종목 시그니처 — 진입권 도달 종목 전수 (최대상승 내림차순)
===============================================================================================
tk        최대상승    NTM상향배율  rev_g fwd_PE   PEG   분석가↑   등장
SNDK     +195%      +317%    61%   10.1  0.16      8   60
MU       +162%      +123%    57%   10.9  0.19      9   60
STX      +115%       +37%    22%   25.0  1.16     19   29
TTMI     +100%       +18%    19%   27.3  1.44      4   18
LITE      +91%       +79%    66%   50.2  0.77     20   32
SIMO      +89%       +81%   106%   27.1  0.26      5    3
COHR      +78%       +18%    18%   33.0  1.88     16    1
BE        +76%      +119%   130%  101.4  0.78     19    6
FIX       +66%       +25%    42%   35.3  0.85      7    8
CGNX      +61%       +34%    24%   40.9  1.68     12    2
KEYS      +59%       +31%    32%   31.2  0.99     13    4
CRDO      +48%       +42%   202%   32.2  0.16     14    1
FORM      +47%       +23%    14%   51.6  3.80      7   29
VRT       +43%       +24%    23%   42.1  1.86     22    2
AEIS      +42%       +28%    26%   31.6  1.20     10   10
AMAT      +42%       +21%    11%   29.7  2.60     26    2
LRCX      +40%       +35%    24%   34.8  1.46     24    5
TER       +39%       +28%    44%   49.8  1.13     14   19
MKSI      +38%       +37%    15%   24.6  1.62     12    4
VIRT      +35%       +27%    30%    8.0  0.27      7    4
MOD       +29%       +24%    30%   27.8  0.91      7   11
NVDA      +27%       +27%    85%   21.3  0.25     40    2
HWM       +23%       +15%    19%   48.3  2.53      9    1
FIVE      +22%       +33%    24%   26.7  1.10     22   13
BWXT      +21%       +12%    26%   41.6  1.59      9    1
WMG       +20%       +21%    17%   16.4  0.98      6    2
ASML      +16%       +25%    13%   42.9  3.25     10   11
TSM       +12%       +15%    35%   22.1  0.63      4    4
HGV       +11%       +28%    12%    8.0  0.67      6    3
FAF        +6%       +12%    22%    9.5  0.44      5    4
TPR        +6%       +19%    14%   22.2  1.59     18    6
ZTO        +5%       +10%    12%    1.8  0.15     10    2
FSS        +4%       +10%    35%   22.1  0.63      7    1
WWD        +4%       +17%    29%   42.1  1.45      9   14
FUTU       +2%       +12%    53%    1.7  0.03      7    1

--- mega(최대상승>50%, n=11) vs 비mega(n=24) 첫진입 특징 평균 ---
  특징                    mega     비mega
  첫진입 NTM상향            80.11     22.69
  최대 NTM상향             94.65     23.88
  rev_growth            0.52      0.34
  fwd_PE               35.66     27.46
  PEG                   0.92      1.26
  분석가↑수                12.00     12.71

--- 조기탐지 룰 후보: 첫진입 NTM상향배율 ≥ 임계 → "메가후보" precision/recall ---
  임계      잡힌종목                          그중mega precision  recall
  ≥40    SNDK,MU,LITE,SIMO,BE,CRDO          5       83%     45%
  ≥60    SNDK,MU,LITE,SIMO,BE               5      100%     45%
  ≥80    SNDK,MU,SIMO,BE                    4      100%     36%
  ≥100   SNDK,MU,BE                         3      100%     27%
  ≥120   SNDK,MU                            2      100%     18%

--- NTM상향배율(최대) vs 실현 최대상승 상관 ---
  corr = +0.782 (n=35)
