==========================================================================================
라이브 진단 — 운 vs 실력 판별
==========================================================================================

[1] 전체 BT 거래 11건, cum +302.9%
  종목별 P&L 합 (거래수):
    SNDK     +95.9%p (2거래)
    MU       +77.4%p (1거래)
    FORM     +24.4%p (1거래)
    MOD      +11.3%p (1거래)
    BE       +11.0%p (1거래)
    STX       +5.6%p (1거래)
    TER       +5.3%p (1거래)
    LITE      +4.8%p (1거래)
    FIX       -1.5%p (1거래)
    AEIS     -13.2%p (1거래)
  → MU+SNDK P&L 기여: +173.3%p / 전체 +220.8%p = 79%

[2] MU/SNDK 제외 시 나머지 거래 (진짜 신호):
    거래 8건  승률 75%  평균 +5.9%  중앙값 +5.4%

[3] drift 곡선 — 진입권(part2≤2) 진입 후 평균 수익 (지속 vs 스파이크):
    horizon           전체     MU/SNDK제외
    +1             +1.3%         +1.0%
    +3             +4.4%         +3.0%
    +5             +7.9%         +5.4%
    +10           +15.9%        +10.7%
    +20           +37.6%        +24.7%

[4] IC — 일별 Spearman(신호순위 vs 실현20일), 양수=신호가 수익 예측:
    전체           평균IC +0.143  (양수일수 43/55)
    MU/SNDK제외    평균IC +0.056  (양수일수 31/55)

[5] 슬롯 2/3/4/5 재검증 — 전체 vs MU/SNDK 제외 (집중우위가 착시인가):
    슬롯          전체 cum    전체 MDD      MU/SNDK제외 cum    제외 MDD
    2          +302.9%     33.4%            +210.8%     36.0%
    3          +247.9%     18.1%            +210.2%     32.6%
    4          +243.5%     20.9%            +230.7%     38.9%
    5          +309.7%     27.1%            +302.4%     42.3%

[6] PIT/생존편향 점검 — 일자별 eligible 종목수 추이 (수축=생존편향 의심):
    eligible 종목수: 최소 19 / 최대 75 / 평균 40 / 표준편차 15
    첫 5일: [19, 19, 24, 27, 23]  /  마지막 5일: [71, 71, 47, 39, 70]
    전 기간 eligible 고유종목 126개, 그 중 진입권(part2≤3) 도달 22개
