====================================================================================================
V94 자율주행: BT 좋아지면서 메가 자연 1·2위 새 방법
====================================================================================================

baseline avg: +127.6%
V86e+ avg: +220.1%, 매수 6.8

variantdesc                                                  avg lift      wins        매수     LOWO -MU-SNDK
--------------------------------------------------------------------------------------------------------------
  N1  slot 3 + entry rank≤2 strict                           -23.8p      2/100     11.4     -12.3p( 9)
  N2  메가 strong (PEG<0.10) priority + 일반 carryover           +92.5p    100/100      6.8     +14.7p(95)
  N3  가속 강한 메가만 carryover (seg1>mean×1.5)                     +2.2p     39/100     11.3      -8.0p( 5)
  N5  slot 3 + 메가 20%/신규 40·40                               -59.7p      1/100     19.8      -5.0p(18)
  N6  슬롯 2, 메가 매수 우선 (메가 후보 먼저)                              +70.9p    100/100      5.5     +14.7p(95)
  N7  동적 slot — 메가 있을때만 + 매도 rank>5                          -53.9p      1/100     24.3      -8.5p( 9)

[V86e+ vs V94 variants direct paired]
  N1 - V86e+: -116.3p (0/100)
  N2 - V86e+: +0.0p (0/100)
  N3 - V86e+: -90.3p (0/100)
  N5 - V86e+: -152.2p (0/100)
  N6 - V86e+: -21.6p (11/100)
  N7 - V86e+: -146.4p (0/100)

총 소요 16초
