====================================================================================================
V89 자율주행: slot 3 메가 전용 확장 BT
====================================================================================================

baseline avg: +129.8%

variant   desc                                            avg      med      MDD      매수회수     lift     wins
--------------------------------------------------------------------------------------------------------------
 ★baseline메가홀드 없음, slot 2                             +129.8%  +153.9%    15.1%     11.3
  V86e    현재 — V86e carryover, slot 2                 +220.1%  +231.6%    20.6%      6.8  +90.3p   100/100
  V89a    slot 3 메가전용 (50/30/20)                       +70.7%   +84.1%    12.7%     19.8  -59.2p     2/100
  V89b    slot 3 메가전용 (50/25/25)                       +74.8%   +90.6%    12.9%     19.8  -55.0p     2/100
  V89c    slot 3 메가전용 (40/30/30)                       +75.7%   +89.6%    12.7%     19.8  -54.1p     2/100
  V89d    slot 3 메가전용 (60/30/10)                       +65.2%   +76.1%    12.6%     19.8  -64.6p     2/100
  V89e    slot 3 메가전용 (균등 34/33/33)                    +76.3%   +88.6%    12.7%     19.8  -53.5p     1/100
  V89f    slot 3 메가 있을때만 활성 (50/30/20)                 +70.7%   +84.1%    12.7%     19.8  -59.2p     2/100

[LOWO 견고성]
variant            전체          -MU        -SNDK      -MU-SNDK
-----------------------------------------------------------------
V86e         +90.3p(100)    +31.7p(100)    +33.5p(100)    +18.7p(97)
V89a         -59.2p( 2)    -73.1p( 1)    -16.2p(18)     -0.2p(38)
V89b         -55.0p( 2)    -71.0p( 1)    -15.9p(16)     -1.1p(25)
V89c         -54.1p( 2)    -65.6p( 1)    -11.3p(24)     -0.8p(30)
V89d         -64.6p( 2)    -81.5p( 1)    -21.2p(13)     +0.3p(47)
V89e         -53.5p( 1)    -62.5p( 1)     -8.6p(29)     -0.7p(34)
V89f         -59.2p( 2)    -73.1p( 1)    -16.2p(18)     -0.2p(38)

[부분기간 — 전반 20 / 후반 73]
variant       전반 lift    전반 wins    후반 lift    후반 wins
------------------------------------------------------------
V86e        +141.3p      20/20   +80.2p      73/73
V89a         -78.5p       0/20   -56.0p       2/73
V89b         -73.5p       0/20   -52.1p       2/73
V89c         -70.9p       0/20   -51.6p       2/73
V89d         -86.5p       0/20   -60.8p       2/73
V89e         -69.4p       0/20   -51.3p       1/73
V89f         -78.5p       0/20   -56.0p       2/73

[V86e vs V89 variants 직접 paired]
  V89a - V86e: -149.4p (0/100)
  V89b - V86e: -145.3p (0/100)
  V89c - V86e: -144.4p (0/100)
  V89d - V86e: -154.9p (0/100)
  V89e - V86e: -143.8p (0/100)
  V89f - V86e: -149.4p (0/100)

총 소요 47초
