전체 거래일: 76 (2026-02-12 ~ 2026-06-02)

[1] Full period BT (start=0, 76일 전체)
variant       cum       mdd       매수
--------------------------------------------------
v84_pure         +204.2%    28.6%     13
v86e+            +396.7%    28.6%      8
v104_mega        +145.8%    26.2%      5
v104_blend       +157.5%    28.6%      6

[2] Multistart (100 seeds × 3 samples = 300 시뮬)
시작점 풀: 64개

variant       평균       중앙       25%        75%        최소       최대
--------------------------------------------------------------------------------
v84_pure         +127.9%   +145.8%    +89.6%   +185.2%     -1.2%   +239.6%
v86e+            +211.8%   +229.5%   +122.4%   +324.1%     +8.4%   +454.5%
v104_mega        +125.4%   +124.7%    +90.0%   +153.9%    +20.2%   +288.1%
v104_blend       +114.7%   +120.2%    +81.6%   +148.4%    +20.9%   +252.3%

[3] Paired diff
비교 (paired)        avg lift   wins/300
--------------------------------------------------
v84_pure vs v86e+        -83.9p      0/300
v104_mega vs v86e+        -86.4p     96/300
v104_blend vs v86e+        -97.1p     52/300
v86e+ vs v84_pure     +83.9p    300/300
v104_mega vs v84_pure      -2.4p    134/300
v104_blend vs v84_pure     -13.2p    102/300

[4] 메가 carryover 진짜 효과 (v86e+ vs v84)
  v86e+ - v84: avg +83.9p, wins 300/300

총 소요 5초
