====================================================================================================
V99 — 시스템 산식 본질 분석 기반 PEG 통합 (추론 기반)
====================================================================================================

baseline avg: +127.6%
V86e+ lift: +92.5p

v      desc                                                  lift    vs V86e+     wins      LOWO -MS
---------------------------------------------------------------------------------------------------------
  V99a PEG percentile bottom 1% carryover                 +92.5p      +0.0p   100/100     +14.7p(95)
  V99a PEG percentile bottom 3% carryover                 +92.5p      +0.0p   100/100     +14.7p(95)
  V99a PEG percentile bottom 5% carryover                 +92.5p      +0.0p   100/100     +14.7p(95)
  V99a PEG percentile bottom 10% carryover                +92.4p      -0.1p   100/100     +14.5p(95)
  V99b direction PEG α=0.5 (asymmetric)                   +62.1p     -30.4p    92/100     -49.3p( 0)
  V99b direction PEG α=1.0                                +63.5p     -29.0p    94/100     -49.4p( 0)
  V99b direction PEG α=2.0                                +64.4p     -28.1p    94/100     -50.1p( 0)
  V99c min_seg + PEG modifier (entry 완화)                  +92.5p      +0.0p   100/100     +14.5p(94)
  V99d multi-rank α=0.9 (w_gap 90%, PEG 10%)              +60.6p     -31.9p    95/100     +21.2p(100)
  V99d multi-rank α=0.7 (70%/30%)                         +69.5p     -23.0p    97/100      -6.4p(29)
  V99d multi-rank α=0.5 (50%/50%)                         +75.8p     -16.7p    99/100     -41.4p( 0)
  V99d multi-rank α=0.3 (30%/70%)                         +74.4p     -18.1p    99/100     -42.9p( 0)

총 소요 22초
