====================================================================================================
Phase 5: 최종 비교 — V86 (회사PC) vs V86b (PEG only) vs V86c (PEG + rev_exit)
====================================================================================================

baseline avg: +127.6%

variantdesc                                            avg      med      MDD     lift     wins
-----------------------------------------------------------------------------------------------
  V86 회사PC 원안 (NTM≥60 AND PEG<0.20)               +209.1%  +220.3%    20.4%  +81.5p   100/100
  V86b신후보 — PEG<0.20 only                         +209.1%  +220.3%    20.4%  +81.5p   100/100
  V86c신후보 — PEG<0.20 + rev_growth<15% 매도 추가       +210.1%  +230.4%    20.4%  +82.5p   100/100

[V86c vs V86 직접 paired]
  V86c - V86: avg lift +1.0p, wins 40/100

[LOWO 견고성 종합]
variant         전체          -MU        -SNDK      -MU-SNDK
-----------------------------------------------------------------
V86      +81.5p(100)    +58.8p(100)    +23.5p(100)     +0.0p( 0)
V86b     +81.5p(100)    +59.0p(100)    +23.7p(100)    +12.8p(97)
V86c     +82.5p(100)    +80.9p(100)    +26.4p(99)    +11.8p(99)

[부분기간 stratification — 전반 20 chains / 후반 73 chains]
variant    전반 lift    전반 wins    후반 lift    후반 wins
-------------------------------------------------------
V86     +124.2p      20/20   +73.5p      73/73
V86b    +124.2p      20/20   +73.5p      73/73
V86c    +125.8p      20/20   +74.5p      73/73

[V86c 인접성 — PEG 0.15/0.20/0.25, rev_exit 0.10/0.15/0.20]
  PEG  rev_exit      lift      wins
-----------------------------------
 0.15      0.10    +39.0p    100/100
 0.15      0.15    +43.6p    100/100
 0.15      0.20    +47.0p    100/100
 0.20      0.10    +81.5p    100/100
 0.20      0.15    +82.5p    100/100
 0.20      0.20    +86.0p    100/100
 0.25      0.10    +81.5p    100/100
 0.25      0.15    +82.5p    100/100
 0.25      0.20    +86.0p    100/100

총 소요 8초

====================================================================================================
최종 결론
====================================================================================================
V86 (회사PC) lift   : +81.5p
V86b (PEG only) lift: +81.5p
V86c (PEG+revexit)  : +82.5p

V86c vs V86 lift 차: +1.0p
V86c LOWO -MU-SNDK 견고성이 V86보다 큼 (Phase 2 발견)
