====================================================================================================
B2+TS: 메가 홀드 + 트레일링 스탑 BT (100×3 paired)
====================================================================================================

variant                 avg      med    MDD중앙    MDD최대  Calmar     lift    wins
----------------------------------------------------------------------------------------
 ★baseline          +127.6%  +141.0%    14.3%    28.6%     8.9
  TS15만(홀드X)        +115.5%  +118.2%    14.3%    27.3%     8.1  -12.0p     0/100
  B2 홀드(TS X)       +209.1%  +220.3%    20.4%    37.4%    10.3  +81.5p   100/100
  B2+TS20           +136.9%  +138.7%    20.4%    39.4%     6.7   +9.3p    69/100
  B2+TS15            +99.5%  +104.8%    20.4%    32.5%     4.9  -28.1p    14/100
  B2+TS12           +126.4%  +132.3%    20.4%    28.3%     6.2   -1.2p    55/100
  B2+TS8            +109.9%  +115.7%    18.4%    28.6%     6.0  -17.7p    20/100

--- leave-winner-out: B2+TS15 vs baseline ---
  [전체       ] lift   -28.1p ( 14/100)
  [-MU      ] lift   -12.0p ( 27/100)
  [-SNDK    ] lift   -23.0p (  0/100)
  [-MU-SNDK ] lift    -4.0p (  0/100)

--- Full BT(start=0): MU/SNDK 거래 추적 ---
  [baseline  ] cum +198.3% MDD 28.6%  MU=+103%(rank)  SNDK=+28%(rank)
  [B2 홀드     ] cum +369.5% MDD 32.8%  MU=+0%(rank)  SNDK=홀드중
  [B2+TS15   ] cum +127.9% MDD 23.1%  MU=+92%(TS)  SNDK=-4%(TS)
  [B2+TS12   ] cum +173.7% MDD 23.3%  MU=-16%(TS)  SNDK=-4%(TS)
