====================================================================================================
V105 grid 정밀 — 두 조건 동시 만족 best
====================================================================================================
\nconfig                        전체     -SNDK       -MU   -SNDK-MU        종합
--------------------------------------------------------------------------------
v86e+ (baseline)         +202.2%   +121.9%   +154.6%    +67.8%   +546.6%
v105a (기본)               +202.2%   +121.9%   +154.6%    +67.8%   +546.6% ★
v105_p3m1                +202.2%   +121.9%   +154.6%    +67.8%   +546.6% ★
v105_p3m2                +202.2%   +121.9%   +154.6%    +67.8%   +546.6% ★
v105_p3m5                +202.2%   +121.9%   +154.6%    +67.8%   +546.6% ★
v105_p3m10               +202.2%   +121.9%   +154.6%    +67.6%   +546.4% ★
v105_p5m3                +202.2%   +121.0%   +154.8%    +37.7%   +515.7% ★
v105_p2m3                +203.4%    +91.2%   +116.3%    +26.3%   +437.2%
v105_w_ntm               +202.2%   +121.9%   +154.6%    +67.8%   +546.6% ★
v105_w_rev               +202.2%   +121.9%   +154.6%    +67.8%   +546.6% ★
v105_w_peg               +202.2%   +121.9%   +154.6%    +67.8%   +546.6% ★
v105_w_peg30             +202.2%   +121.9%   +154.6%    +67.8%   +546.6% ★
v105_w_rev_only          +202.2%   +121.9%   +154.6%    +67.8%   +546.6% ★
v105_p5m5                +202.2%   +121.0%   +154.8%    +37.7%   +515.7% ★
v105_p5m10               +202.2%   +121.0%   +154.8%    +37.7%   +515.7% ★
\n[두 조건 가중 점수 = 전체 + 2 × (-SNDK lift)]
  v105a (기본)             전체 +202.2% / -SNDK +121.9% (lift +0.0p) / score 202.2
  v105_p3m1              전체 +202.2% / -SNDK +121.9% (lift +0.0p) / score 202.2
  v105_p3m2              전체 +202.2% / -SNDK +121.9% (lift +0.0p) / score 202.2
  v105_p3m5              전체 +202.2% / -SNDK +121.9% (lift +0.0p) / score 202.2
  v105_p3m10             전체 +202.2% / -SNDK +121.9% (lift +0.0p) / score 202.2
\nbest config: v105a (기본)
총 소요 164초
