====================================================================================================
V103 — production _get_system_performance trace 정밀 진단
====================================================================================================

[1] v84 logic (use_mega=False) full trace
  cum: +212.95%
  매수: 12회 / 매도: 10회
  매수 종목 (10): ['AEIS', 'BE', 'KEYS', 'MOD', 'MU', 'SNDK', 'STX', 'TER', 'WMG', 'WWD']

[2] V86e+ logic (use_mega=True) full trace
  cum: +238.12%
  매수: 7회 / 매도: 5회 / 메가 carryover: 15회
  매수 종목 (6): ['AEIS', 'KEYS', 'MOD', 'MU', 'SNDK', 'STX']

  V86e+만 매수: []
  v84만 매수: ['BE', 'TER', 'WMG', 'WWD']

[3] 메가 carryover 분석 (V86e+)
  MU: 9회 carryover
  SNDK: 6회 carryover

[4] v84 매도 사유 분석
  rk>10: 10회

[5] V86e+ 매도 사유 분석
  rk>10: 5회

[6] 직접 비교: 핵심 winner (MU, SNDK, KEYS, FAF, AEIS, LITE, BE)
  MU: v84 매수 1회 매도 1회 / V86e+ 매수 1회 매도 1회
  SNDK: v84 매수 2회 매도 2회 / V86e+ 매수 2회 매도 1회
  KEYS: v84 매수 1회 매도 0회 / V86e+ 매수 1회 매도 0회
  FAF: v84 매수 0회 매도 0회 / V86e+ 매수 0회 매도 0회
  AEIS: v84 매수 2회 매도 1회 / V86e+ 매수 1회 매도 1회
  LITE: v84 매수 0회 매도 0회 / V86e+ 매수 0회 매도 0회
  BE: v84 매수 1회 매도 1회 / V86e+ 매수 0회 매도 0회
  TER: v84 매수 1회 매도 1회 / V86e+ 매수 0회 매도 0회
  TTMI: v84 매수 0회 매도 0회 / V86e+ 매수 0회 매도 0회

총 소요 0초
