전체 dates: 75 (2026-02-12 ~ 2026-06-01)

[1] Production sim 정확 재현 (start_idx=2, end=last)
  v84 baseline: +189.21%
  V86e+: +212.74%
  diff: +23.54p

[2] Random start (BT-style, 100×3 paired)
  v84 random start avg: +108.36%
  V86e+ random start avg: +125.66%
  paired diff avg: +17.31p
  V86e+ 우월: 300/300

[3] 다양한 start_idx 비교 (production-style full sim)
 start   end  days         v84       V86e+      diff
-----------------------------------------------------------------
     2    75    73    +189.2%    +212.7%    +23.5p
    10    75    65    +136.4%    +155.7%    +19.2p
    20    75    55    +166.2%    +187.9%    +21.7p
    30    75    45    +122.8%    +141.0%    +18.1p
    40    75    35     +77.3%     +91.7%    +14.4p
    50    75    25     +50.6%     +62.8%    +12.3p
    60    75    15      +0.4%     +11.0%    +10.6p

총 소요 1초
