====================================================================================================
V88 자율주행: adj_gap 보너스 (계산식 통합) + 매도 보호 cutoff
====================================================================================================

baseline avg: +127.6%

variant   desc                                                avg      med      MDD      매수회수     lift     wins
--------------------------------------------------------------------------------------------------------------
 ★baseline메가홀드 없음                                         +127.6%  +141.0%    14.3%      8.6
  V86e    현재 — 보유 결정 layer (carryover)                    +220.1%  +231.6%    20.6%      6.8  +92.5p   100/100
  V88a    adj_gap × 1.3 (메가)                               +48.2%   +45.8%     7.0%      2.2  -79.4p     0/100
  V88b    adj_gap × 1.5                                    +42.2%   +45.8%     7.0%      2.0  -85.4p     0/100
  V88c    adj_gap × 2.0                                    +41.3%   +45.8%     7.0%      1.9  -86.3p     0/100
  V88d    adj_gap - 0.05                                   +53.4%   +48.5%     3.6%      2.7  -74.2p     0/100
  V88e    adj_gap - 0.10                                   +53.4%   +48.5%     3.6%      2.7  -74.2p     0/100
  V88f    매도만: 메가 rank cutoff > 20                        +169.1%  +165.5%    19.4%      7.5  +41.5p   100/100
  V88g    매도만: 메가 rank cutoff > 30                        +209.1%  +220.3%    20.4%      4.8  +81.5p   100/100
  V88h    매도만: 메가 rank cutoff 무한 (V86e 매도부만 etc)          +209.1%  +220.3%    20.4%      4.8  +81.5p   100/100

[LOWO 견고성]
variant            전체          -MU        -SNDK      -MU-SNDK
-----------------------------------------------------------------
V86e         +92.5p(100)    +72.5p(100)    +13.0p(84)    +10.7p(91)
V88a         -79.4p( 0)    -51.7p( 0)    -73.6p( 0)    -45.3p( 0)
V88b         -85.4p( 0)    -54.7p( 0)    -76.8p( 0)    -49.4p( 0)
V88c         -86.3p( 0)    -55.3p( 0)    -76.6p( 0)    -50.1p( 0)
V88d         -74.2p( 0)    -47.4p( 0)    -69.3p( 0)    -40.8p( 0)
V88e         -74.2p( 0)    -47.4p( 0)    -69.3p( 0)    -40.8p( 0)
V88f         +41.5p(100)    +39.5p(100)     -2.6p( 9)    +12.8p(97)
V88g         +81.5p(100)    +59.0p(100)    +23.7p(100)    +12.8p(97)
V88h         +81.5p(100)    +59.0p(100)    +23.7p(100)    +12.8p(97)

[부분기간 — 전반 20 / 후반 73]
variant       전반 lift    전반 wins    후반 lift    후반 wins
------------------------------------------------------------
V86e        +144.8p      20/20   +82.2p      73/73
V88a         -93.7p       0/20   -78.1p       0/73
V88b        -103.5p       0/20   -82.5p       0/73
V88c        -104.5p       0/20   -82.6p       0/73
V88d         -84.5p       0/20   -73.9p       0/73
V88e         -84.5p       0/20   -73.9p       0/73
V88f         +71.8p      20/20   +35.4p      73/73
V88g        +124.2p      20/20   +73.5p      73/73
V88h        +124.2p      20/20   +73.5p      73/73

[V86e vs V88 variants 직접 paired]
  V88a - V86e: -171.9p (0/100)
  V88b - V86e: -177.9p (0/100)
  V88c - V86e: -178.8p (0/100)
  V88d - V86e: -166.7p (0/100)
  V88e - V86e: -166.7p (0/100)
  V88f - V86e: -51.0p (0/100)
  V88g - V86e: -11.0p (8/100)
  V88h - V86e: -11.0p (8/100)

총 소요 153초
