====================================================================================================
Phase 2: л©”к°ҖнҷҖл“ң лҢҖмІҙ мӢңк·ёлӢҲмІҳ л№„көҗ
====================================================================================================

baseline avg: +127.6%

variantdesc                                                avg      med    MDDмӨ‘м•ҷ     lift     wins
-----------------------------------------------------------------------------------------------
 вҳ…S0  baseline                                        +127.6%  +141.0%    14.3%
  S1  NTMвүҘ60 only                                     +199.1%  +214.6%    20.4%  +71.6p   100/100
  S2  PEG<0.20 only                                   +209.1%  +220.3%    20.4%  +81.5p   100/100
  S3  NTMвүҘ60 AND PEG<0.20 (v86)                       +209.1%  +220.3%    20.4%  +81.5p   100/100
  S4  NTMвүҘ100 AND PEG<0.20 (ліҙмҲҳ)                       +209.1%  +220.3%    20.4%  +81.5p   100/100
  S5  NTMвүҘ60 AND rev_gвүҘ30%                            +199.1%  +214.6%    20.4%  +71.6p   100/100
  S6  NTMвүҘ60 AND PEG<0.15 (м—„кІ© PEG)                    +166.6%  +174.8%    20.4%  +39.0p   100/100
  S7  NTMвүҘ60 AND rev_gвүҘ50%                            +199.1%  +214.6%    20.4%  +71.6p   100/100
  S8  ntm_rev Г— rev_g вүҘ 30                            +197.7%  +211.8%    20.4%  +70.1p   100/100
  S9  rev_gвүҘ50% only                                  +197.8%  +211.8%    20.4%  +70.2p   100/100
  S10 NTMвүҘ60 AND PEG<0.20 AND rev_gвүҘ20% (triple)      +209.1%  +220.3%    20.4%  +81.5p   100/100
  S11 NTMвүҘ100 AND PEG<0.25 AND rev_gвүҘ30% (most selective)  +209.1%  +220.3%    20.4%  +81.5p   100/100

[LOWO -MU-SNDK robustness (viable variants: 11)]
variant    м „мІҙ lift    -MU lift   -SNDK lift     -MU-SNDK
------------------------------------------------------------
S1         +71.6p    +47.0p (100)    +11.2p (87)     -9.6p ( 0)
S2         +81.5p    +59.0p (100)    +23.7p (100)    +12.8p (97)
S3         +81.5p    +58.8p (100)    +23.5p (100)     +0.0p ( 0)
S4         +81.5p    +58.8p (100)    +23.5p (100)     +0.0p ( 0)
S5         +71.6p    +47.0p (100)    +11.2p (87)     -9.6p ( 0)
S6         +39.0p    +24.9p (100)    +23.5p (100)     +0.0p ( 0)
S7         +71.6p    +47.0p (100)    +11.2p (87)     -9.6p ( 0)
S8         +70.1p    +38.5p (100)     +7.7p (78)     -3.5p (27)
S9         +70.2p    +38.7p (100)     +7.7p (76)     -3.8p (28)
S10        +81.5p    +58.8p (100)    +23.5p (100)     +0.0p ( 0)
S11        +81.5p    +58.8p (100)    +23.5p (100)     +0.0p ( 0)

[S3 (v86 мӣҗм•Ҳ) мқём ‘ к·ёлҰ¬л“ң м•Ҳм •м„ұ вҖ” NTM 50/60/70, PEG 0.15/0.20/0.25]
  NTM     PEG      lift      wins
-----------------------------------
   50    0.15    +39.0p    100/100
   50    0.20    +81.5p    100/100
   50    0.25    +81.5p    100/100
   60    0.15    +39.0p    100/100
   60    0.20    +81.5p    100/100
   60    0.25    +81.5p    100/100
   70    0.15    +39.0p    100/100
   70    0.20    +81.5p    100/100
   70    0.25    +81.5p    100/100

мҙқ мҶҢмҡ” 18мҙҲ
