====================================================================================================
V106/V107 — 메가 우선 entry + PEG threshold grid
====================================================================================================

[v86e+ baseline]
  전체: +202.2%
  -SNDK: +121.9%
  -MU: +154.6%
  -SNDK-MU: +67.8%

[V106 — entry priority]
variant           전체     -SNDK       -MU   -SNDK-MU        종합
----------------------------------------------------------------------
V106a        +105.3%    +76.2%    +89.4%    +67.6%   +338.6%
V106b        +186.3%   +110.5%   +155.1%    +72.3%   +524.3%
V106c        +186.3%   +110.5%   +155.1%    +72.3%   +524.3%

[V107 — PEG threshold + V106c (mega+part2 둘 다 entry)]
peg_thr           전체     -SNDK       -MU   -SNDK-MU        종합
----------------------------------------------------------------------
0.10         +149.2%   +118.8%   +124.8%    +53.9%   +446.6%
0.15         +149.2%   +118.8%   +124.8%    +53.9%   +446.6%
0.20         +186.3%   +110.3%   +155.1%    +63.2%   +514.9%
0.22         +186.3%   +110.5%   +155.1%    +72.3%   +524.3%
0.25         +186.3%   +125.9%   +155.1%    +72.5%   +539.8%
0.30         +186.2%   +125.0%   +154.9%    +71.4%   +537.5%
0.50         +186.2%   +125.0%   +154.2%    +53.1%   +518.5%

[V108 — rev_thr grid + V106c]
rev_thr           전체     -SNDK       -MU   -SNDK-MU        종합
----------------------------------------------------------------------
0.10         +185.2%   +109.6%   +152.9%    +70.1%   +517.8%
0.15         +186.3%   +110.5%   +155.1%    +72.3%   +524.3%
0.20         +186.3%   +110.5%   +155.1%    +72.3%   +524.3%
0.25         +186.3%   +110.5%   +155.1%    +72.3%   +524.3%
0.30         +186.3%   +110.5%   +155.1%    +72.3%   +524.3%
0.50         +186.3%   +110.6%   +155.1%    +71.6%   +523.6%
1.00         +149.2%   +119.3%   +127.2%    +71.9%   +467.5%

[V109 — NTM threshold + V106c]
ntm_thr           전체     -SNDK       -MU   -SNDK-MU        종합
----------------------------------------------------------------------
0            +186.3%   +110.5%   +155.1%    +72.3%   +524.3%
30           +186.3%   +110.6%   +157.8%    +74.3%   +529.0%
60           +186.3%   +110.1%   +157.5%    +54.2%   +508.1%
100          +187.0%   +110.7%   +157.5%    +54.2%   +509.3%

총 소요 63초
