====================================================================================================
(2,10,2) vs (3,10,2) 80/20 boost=3 — production v80.2 일치 (entry=30)
====================================================================================================

config                                            R avg     M avg       MDD
--------------------------------------------------------------------------------
baseline (3,10,3) 균등 entry=30                  +93.71% +105.54%  -18.29%
(2,10,2) 80/20 b=3 entry=2 (BT cap)           +121.78% +138.76%  -19.82%
(2,10,2) 80/20 b=3 entry=30 (production)      +142.07% +162.66%  -19.82%
(3,10,2) 80/20 b=3 entry=3 (BT cap)           +142.07% +162.66%  -19.82%
(3,10,2) 80/20 b=3 entry=30 (production)      +142.07% +162.66%  -19.82%

====================================================================================================
★ Production-aligned 비교 (entry=30, cap 없음)
====================================================================================================
(2,10,2) vs (3,10,2) production-aligned 차이:
  (3,10,2) - (2,10,2) = +0.0000%p, wins 0, losses 0, equal 500
  → 사용자 가설: (2,10,2)와 (3,10,2) production에서 동일하다
  → 검증: 차이 거의 0이면 가설 맞음

각각 vs baseline (production-aligned):
  (2,10,2) 80/20 b=3: lift +48.36%p, wins 500/500
  (3,10,2) 80/20 b=3: lift +48.36%p, wins 500/500
