==============================================================================================================
(3,10,2) + C2 boost / weights grid
==============================================================================================================
[Load] 0.1s

config                                    R avg     R wins     M avg   M wins  worst MDD
----------------------------------------------------------------------------------------------------
baseline (3,10,3) 균등                   +97.84%          ★ +108.29%        ★    -18.29% [1s]
(3,10,2) 50/50 boost=0                +114.51%    500/500 +126.55%    12/12    -22.19% [1s]
(3,10,2) 50/50 boost=1                +114.13%    500/500 +125.74%    12/12    -22.19% [5s]
(3,10,2) 50/50 boost=2                +115.20%    500/500 +126.78%    12/12    -22.19% [5s]
(3,10,2) 50/50 boost=3                +134.95%    500/500 +148.16%    12/12    -22.19% [5s]
(3,10,2) 50/50 boost=4                +133.98%    500/500 +147.10%    12/12    -22.19% [5s]
(3,10,2) 50/50 boost=5                +133.42%    500/500 +147.10%    12/12    -22.19% [5s]
(3,10,2) 50/50 boost=7                 +98.39%    279/500 +107.58%     7/12    -22.19% [5s]
(3,10,2) 60/40 boost=0                +116.93%    500/500 +129.84%    12/12    -21.09% [1s]
(3,10,2) 60/40 boost=1                +116.65%    500/500 +129.15%    12/12    -21.09% [5s]
(3,10,2) 60/40 boost=2                +117.63%    500/500 +130.20%    12/12    -21.09% [5s]
(3,10,2) 60/40 boost=3                +138.86%    500/500 +153.80%    12/12    -21.09% [5s]
(3,10,2) 60/40 boost=4                +137.85%    500/500 +152.46%    12/12    -21.09% [5s]
(3,10,2) 60/40 boost=5                +137.23%    500/500 +152.46%    12/12    -21.09% [6s]
(3,10,2) 60/40 boost=7                +100.90%    312/500 +111.27%     7/12    -21.09% [7s]
(3,10,2) 70/30 boost=0                +119.26%    499/500 +133.06%    12/12    -19.98% [1s]
(3,10,2) 70/30 boost=1                +119.09%    498/500 +132.48%    12/12    -19.98% [6s]
(3,10,2) 70/30 boost=2                +119.92%    499/500 +133.48%    12/12    -19.98% [10s]
(3,10,2) 70/30 boost=3                +142.70%    500/500 +159.39%    12/12    -19.98% [15s]
(3,10,2) 70/30 boost=4                +141.66%    500/500 +157.75%    12/12    -19.98% [15s]
(3,10,2) 70/30 boost=5                +140.95%    499/500 +157.75%    12/12    -19.98% [15s]
(3,10,2) 70/30 boost=7                +103.33%    350/500 +114.92%     7/12    -19.98% [15s]
(3,10,2) 80/20 boost=0                +121.50%    497/500 +136.20%    12/12    -19.82% [3s]
(3,10,2) 80/20 boost=1                +121.43%    497/500 +135.72%    12/12    -19.82% [15s]
(3,10,2) 80/20 boost=2                +122.07%    496/500 +136.62%    12/12    -19.82% [15s]
(3,10,2) 80/20 boost=3                +146.46%    500/500 +164.91%    12/12    -19.82% [15s]
(3,10,2) 80/20 boost=4                +145.37%    500/500 +162.98%    12/12    -19.82% [15s]
(3,10,2) 80/20 boost=5                +144.58%    499/500 +162.98%    12/12    -19.82% [15s]
(3,10,2) 80/20 boost=7                +105.68%    370/500 +118.50%     7/12    -19.82% [16s]

==============================================================================================================
TOP 5 by random avg lift
==============================================================================================================
rank  config                                    R lift     R wins     M lift   M wins      M min
----------------------------------------------------------------------------------------------------
   1 (3,10,2) 80/20 boost=3                  +48.62%p   500/500   +56.63%p    12/12   +18.43%p
   2 (3,10,2) 80/20 boost=4                  +47.53%p   500/500   +54.69%p    12/12    +6.84%p
   3 (3,10,2) 80/20 boost=5                  +46.74%p   499/500   +54.69%p    12/12    +6.84%p
   4 (3,10,2) 70/30 boost=3                  +44.86%p   500/500   +51.10%p    12/12   +20.78%p
   5 (3,10,2) 70/30 boost=4                  +43.82%p   500/500   +49.47%p    12/12    +6.48%p
   6 (3,10,2) 70/30 boost=5                  +43.11%p   499/500   +49.47%p    12/12    +6.48%p
   7 (3,10,2) 60/40 boost=3                  +41.02%p   500/500   +45.51%p    12/12   +22.14%p
   8 (3,10,2) 60/40 boost=4                  +40.02%p   500/500   +44.17%p    12/12    +6.00%p
   9 (3,10,2) 60/40 boost=5                  +39.39%p   500/500   +44.17%p    12/12    +6.00%p
  10 (3,10,2) 50/50 boost=3                  +37.11%p   500/500   +39.88%p    12/12   +18.16%p

총 소요: 238.5s
