
config                           R avg     R lift     R wins     M avg     M lift   M wins      M min       MDD
--------------------------------------------------------------------------------------------------------------
  70/30 + C1 b=5             +132.45%   +39.01%p   500/500 +148.15%   +42.97%p   12/12   +15.26%p   -19.98%
  70/30 + C1 b=8             +134.07%   +40.63%p   491/500 +151.74%   +46.55%p   12/12   +20.55%p   -19.98%
  70/30 + C1 b=10            +134.31%   +40.87%p   497/500 +151.37%   +46.19%p   12/12   +16.31%p   -19.98%
  80/20 + C1 b=8             +139.10%   +45.65%p   495/500 +156.99%   +51.80%p   12/12   +22.67%p   -19.82%

==============================================================================================================
1위 슬롯 진입 후 1, 2, 3일 순위 변동 분석 — (2,10,2) 80/20 + C1 boost=8
==============================================================================================================

1위 슬롯 진입 종목 추적 (Day 1, 2, 3 순위 기록):
ticker   entry_date    days  new_rank

  Day 1 후 순위:
    SNDK     2026-02-17       1         1
    TTMI     2026-04-01       1         8
    SNDK     2026-04-07       1         1
    BE       2026-05-11       1         1

  Day 2 후 순위:
    SNDK     2026-02-17       2         1
    TTMI     2026-04-01       2         5
    SNDK     2026-04-07       2         1
    BE       2026-05-11       2         9

  Day 3 후 순위:
    SNDK     2026-02-17       3         1
    TTMI     2026-04-01       3         5
    SNDK     2026-04-07       3         1
    BE       2026-05-11       3        26

  순위 변동 통계:
    Day 1: 1위 유지 3/4, 2위 0, 3-5위 0, 6-10위 1, 10위밖 0
    Day 2: 1위 유지 2/4, 2위 0, 3-5위 1, 6-10위 1, 10위밖 0
    Day 3: 1위 유지 2/4, 2위 0, 3-5위 1, 6-10위 0, 10위밖 1
