====================================================================================================
매도 유예 N일 룰 BT — Random 100 seed × 3 starts paired
====================================================================================================

총 거래일: 60, 종목 데이터 로드 완료

[표본] N=0 1회 시뮬: 0.00s, ret=+139.22%
예상 총 소요: ~1s
시작일 풀: 50개

  [  0.2s] N=0일     avg=+104.47% min=+40.12% max=+166.59% MDD=-18.18% hold_exit=829 rank_exit=682
  [  0.2s] N=1일     avg=+101.42% min=+39.92% max=+162.92% MDD=-18.18% hold_exit=254 rank_exit=957
  [  0.2s] N=2일     avg=+99.11% min=+39.92% max=+159.23% MDD=-18.18% hold_exit=38 rank_exit=741
  [  0.2s] N=3일     avg=+99.01% min=+39.92% max=+159.23% MDD=-18.18% hold_exit=0 rank_exit=779
  [  0.2s] N=5일     avg=+99.01% min=+39.92% max=+159.23% MDD=-18.18% hold_exit=0 rank_exit=779
  [  0.2s] N=무제한    avg=+99.01% min=+39.92% max=+159.23% MDD=-18.18% hold_exit=0 rank_exit=779

====================================================================================================
결과 분포 (300개 시뮬 전체)
====================================================================================================
N              avg    median    std       p25       p75       min       max      MDD
------------------------------------------------------------------------------------------
  N=0일      +104.47%  +111.45% 30.94   +96.74%  +127.94%   +40.12%  +166.59%  -18.18% ★ current
  N=1일      +101.42%  +106.49% 30.00   +94.03%  +122.79%   +39.92%  +162.92%  -18.18%
  N=2일       +99.11%  +103.60% 28.79   +91.31%  +119.66%   +39.92%  +159.23%  -18.18% ← message
  N=3일       +99.01%  +103.60% 28.85   +91.02%  +119.66%   +39.92%  +159.23%  -18.18%
  N=5일       +99.01%  +103.60% 28.85   +91.02%  +119.66%   +39.92%  +159.23%  -18.18%
  N=무제한      +99.01%  +103.60% 28.85   +91.02%  +119.66%   +39.92%  +159.23%  -18.18%

====================================================================================================
N=0 (현재 baseline) 대비 paired 비교 (seed별 동일 시작일)
====================================================================================================
vs         avg lift   min lift   max lift   #wins  #losses  #ties
----------------------------------------------------------------------
  N=1일        -3.05%p     -5.47%p     -0.57%p      0     100     0
  N=2일        -5.37%p     -8.82%p     -0.57%p      0     100     0
  N=3일        -5.47%p     -8.71%p     -0.57%p      0     100     0
  N=5일        -5.47%p     -8.71%p     -0.57%p      0     100     0
  N=무제한       -5.47%p     -8.71%p     -0.57%p      0     100     0
