====================================================================================================
매수 관대 + 매도 엄격 (buy wide, sell tight) BT
500 seed × 5 = 2500 sim/조합
====================================================================================================

params                             avg      mdd      ra  sharpe    std
--------------------------------------------------------------------------------
  ▲ (3,1,3)    매수3+매도1 (가장 엄격)          +99.88%   -5.92% +16.87  +3.02  33.1 [8.5s]
  ▲ (3,2,3)    매수3+매도2                  +99.88%   -5.92% +16.87  +3.02  33.1 [10.9s]
     (3,3,3)    매수3+매도3 (대칭)             +99.88%   -5.92% +16.87  +3.02  33.1 [9.2s]
     (3,5,3)    매수3+매도5                  +95.19%   -5.92% +16.08  +3.33  28.6 [7.7s]
  ★ (3,10,3)   production (baseline)    +93.67%   -8.06% +11.62  +3.24  28.9 [7.7s]
  ▲ (5,3,3)    매수5+매도3 (사용자 직관)         +98.27%   -5.75% +17.09  +3.09  31.8 [8.4s]
     (5,5,3)    매수5+매도5 (대칭)             +98.04%   -5.75% +17.05  +3.23  30.4 [5.3s]
     (5,8,3)    매수5+매도8                 +105.48%   -8.06% +13.09  +3.28  32.2 [4.5s]
     (5,10,3)   매수5+매도10 (관대)            +96.51%   -8.06% +11.97  +3.16  30.6 [5.0s]
  ▲ (10,5,3)   매수10+매도5                +102.17%   -5.75% +17.77  +3.07  33.3 [4.1s]
  ▲ (10,3,3)   매수10+매도3 (극단)           +102.41%   -5.75% +17.81  +2.95  34.7 [4.2s]

====================================================================================================
paired vs (3,10,3) production baseline
====================================================================================================
params                             lift   min lift   max lift       wins
--------------------------------------------------------------------------------
  (3,1,3)      매수3+매도1 (가장 엄격)              +6.22%p     -4.15%p    +16.07%p 487/500 [✓]
  (3,2,3)      매수3+매도2                      +6.22%p     -4.15%p    +16.07%p 487/500 [✓]
  (3,3,3)      매수3+매도3 (대칭)                 +6.22%p     -4.15%p    +16.07%p 487/500 [✓]
  (3,5,3)      매수3+매도5                      +1.52%p     -2.40%p    +11.95%p 354/500 [◐]
  (5,3,3)      매수5+매도3 (사용자 직관)             +4.60%p     -4.55%p    +15.38%p 482/500 [✓]
  (5,5,3)      매수5+매도5 (대칭)                 +4.37%p     -2.40%p    +13.74%p 488/500 [✓]
  (5,8,3)      매수5+매도8                     +11.81%p     +6.69%p    +15.69%p 500/500 [✓]
  (5,10,3)     매수5+매도10 (관대)                +2.84%p     +0.00%p     +6.66%p 496/500 [✓]
  (10,5,3)     매수10+매도5                     +8.50%p     -2.40%p    +18.01%p 498/500 [✓]
  (10,3,3)     매수10+매도3 (극단)                +8.75%p     -4.55%p    +19.69%p 493/500 [✓]
