====================================================================================================
매수 MA120 + 매도 MA20 BT (사용자 직관)
500 seed × 5 = 2500 sim/조합
====================================================================================================

variant                                        avg      mdd      ra  sharpe
--------------------------------------------------------------------------------
  ★ v80.10c production                       +79.97%  -18.18%  +4.40  +2.68 [3.2s]
  ▲ v81 current (MA20 매수)                    +72.38%  -19.80%  +3.66  +3.88 [2.9s]
     v82a: MA120 매수+MA20 매도                   +82.71%  -17.85%  +4.63  +2.99 [3.5s]
     v82b: MA120 매수+MA20 매도 + entry 5         +80.98%  -17.85%  +4.54  +2.95 [3.6s]
     v82c: MA20 매수+MA20 매도 (이중)               +72.38%  -19.80%  +3.66  +3.88 [2.9s]
     v82d: MA120 매수+MA20 매도 (slots 5)         +62.39%  -16.22%  +3.85  +2.46 [4.5s]

====================================================================================================
paired vs v80.10c production
====================================================================================================
  v81 current (MA20 매수)                    lift   -7.59%p wins 116/500 [✗]
  v82a: MA120 매수+MA20 매도                   lift   +2.74%p wins 383/500 [◐]
  v82b: MA120 매수+MA20 매도 + entry 5         lift   +1.02%p wins 320/500 [◐]
  v82c: MA20 매수+MA20 매도 (이중)               lift   -7.59%p wins 116/500 [✗]
  v82d: MA120 매수+MA20 매도 (slots 5)         lift  -17.58%p wins 0/500 [✗]

====================================================================================================
paired vs v81 (현재 적용된 MA20 매수)
====================================================================================================
  v82a: MA120 매수+MA20 매도                   lift  +10.33%p wins 452/500 [✓]
  v82b: MA120 매수+MA20 매도 + entry 5         lift   +8.61%p wins 432/500 [◐]
  v82c: MA20 매수+MA20 매도 (이중)               lift   +0.00%p wins 0/500 [✗]
  v82d: MA120 매수+MA20 매도 (slots 5)         lift   -9.99%p wins 63/500 [✗]
