==============================================================================================================
Cycle overlay v3 — H5(HighConv), H6(revup), H7(cash)
==============================================================================================================

variant                      avg       med     std       mdd    sharpe
 ★baseline_v84         +108.36% +110.26%    65.2  -23.90%   +1.66
  H5_HighConvOnly       +97.28% +107.38%    46.1  -23.90%   +2.11
  H6_revup>=5          +107.89% +104.84%    65.1  -23.90%   +1.66
  H6_revup>=8          +105.08% +104.84%    61.1  -23.90%   +1.72
  H6_revup>=10          +86.52%  +90.16%    44.7  -30.31%   +1.93
  H7_cash20             +86.69%  +88.21%    52.1  -19.12%   +1.66
  H7_cash30             +75.85%  +77.18%    45.6  -16.73%   +1.66
  H7_cash10             +97.53%  +99.24%    58.6  -21.51%   +1.66
  H5+H6_revup>=5        +97.21% +107.38%    45.9  -23.90%   +2.12

==============================================================================================================
paired vs baseline_v84
==============================================================================================================
  variant                 avg_lift  med_lift      wins  verdict
  ---------------------------------------------------------------------------
  H5_HighConvOnly         -11.09%p   -8.69%p    21/100  ✗ 열세
  H6_revup>=5              -0.47%p   +0.00%p     2/100  ✗ 열세
  H6_revup>=8              -3.29%p   -3.00%p    20/100  ✗ 열세
  H6_revup>=10            -21.84%p  -15.86%p    12/100  ✗ 열세
  H7_cash20               -21.67%p  -22.17%p     0/100  ✗ 열세
  H7_cash30               -32.51%p  -33.26%p     0/100  ✗ 열세
  H7_cash10               -10.84%p  -11.09%p     0/100  ✗ 열세
  H5+H6_revup>=5          -11.16%p   -8.94%p    21/100  ✗ 열세
