days=71 eligible=61 2026-02-12~2026-05-26

config                        R lift   R wins  M12 lift   M12 min  M24 lift  M24 wins   M24 min      MDD   4/2 ret
--------------------------------------------------------------------------------------------------------------------------------------------
80/20 no_boost (v82형)       +32.53%p   499/500  +39.05%p   +3.63%p  +35.44%p     24/24   +3.63%p  -19.82%  +25.70%p
80/20 binary b=3 [v83]      +23.89%p   495/500  +28.81%p   +6.25%p  +26.86%p     23/24   -4.16%p  -19.82%  +13.35%p
80/20 gate T=8 b=3          +34.67%p   499/500  +41.57%p  +14.89%p  +38.11%p     24/24   +8.48%p  -19.82%  +26.86%p
80/20 gate T=10 b=3         +34.67%p   499/500  +41.57%p  +14.89%p  +38.11%p     24/24   +8.48%p  -19.82%  +26.86%p
80/20 gate T=12 b=3         +34.67%p   499/500  +41.57%p  +14.89%p  +38.11%p     24/24   +8.48%p  -19.82%  +26.86%p
80/20 prop SCALE=10         +21.13%p   489/500  +25.76%p   +3.45%p  +23.53%p     23/24   -6.54%p  -19.82%  +10.81%p
80/20 prop SCALE=15         +21.13%p   489/500  +25.76%p   +3.45%p  +23.53%p     23/24   -6.54%p  -19.82%  +10.81%p
80/20 prop SCALE=20         +24.36%p   491/500  +27.91%p   -3.15%p  +27.52%p     22/24   -3.15%p  -19.82%  +15.14%p

=== 진단: C2 boost로 Top2 진입 케이스 (binary 기준) → 각 변형서 유지/억제 ===
date        tk      eps_w     dip  |  binary   gate8  gate10  gate12  prop10  prop15  prop20
2026-03-30  TTMI     15.7    -3.8  |       2       2       2       2       2       2       2
2026-04-02  MU       69.6   -12.2  |       1       1       1       1       1       1       1
2026-04-06  MU       69.7   -11.8  |       1       1       1       1       1       1       1
2026-04-06  TTMI     16.1   -11.3  |       2       2       2       2       2       2       2
2026-04-07  MU       67.3   -10.3  |       1       1       1       1       1       1       1
2026-04-07  TTMI     16.1    -7.1  |       2       2       2       2       2       2       2
2026-04-08  MU       67.4    -2.7  |       1       1       1       1       1       1       1
2026-04-09  MU       65.7    -1.7  |       1       1       1       1       1       1       1
2026-04-10  FIVE     12.8    -3.4  |       1       1       1       1       1       1       2
2026-04-13  FIVE     12.8    -1.0  |       1       1       1       1       1       1       2
2026-04-14  FIVE     12.8    -1.6  |       1       1       1       1       1       1       2
2026-05-14  WWD       7.3    -2.8  |       2       4       4       4       2       3       3
2026-05-15  AEIS     12.1    -2.7  |       1       1       1       1       1       1       2
2026-05-18  AEIS     12.1    -6.9  |       1       1       1       1       1       1       1
2026-05-20  TER      11.8    -3.9  |       2       2       2       3       2       2       2
2026-05-21  TER      11.8    -3.0  |       2       2       2       3       2       2       2
2026-05-22  TER      11.8    -2.6  |       2       2       2       3       2       2       2
2026-05-26  BWXT      2.8   -12.2  |       2       4       4       4       4       4       4
============================================================================================================================================
C2 boost EPS-aware 그리드 — binary 부당성 fix (raw w_gap 베이스라인, 이중 boost 차단)
============================================================================================================================================
