==================================================================================================================================
C2 boost dense grid — 70/30 + 80/20
==================================================================================================================================
config                               R lift     R wins   M24 lift    M24 wins     M24 min     M24 max      MDD
----------------------------------------------------------------------------------------------------------------------------------
70/30 + C2 b=0                     +21.66%p   500/500   +23.27%p    24/24     +0.01%p    +53.82%p  -19.98%
70/30 + C2 b=1                     +21.80%p   499/500   +23.53%p    24/24     +0.01%p    +53.82%p  -19.98%
70/30 + C2 b=2                     +22.81%p   500/500   +24.81%p    24/24     +1.35%p    +55.80%p  -19.98%
70/30 + C2 b=3                     +43.72%p   500/500   +47.57%p    24/24    +16.91%p    +92.59%p  -19.98%
70/30 + C2 b=4                     +42.55%p   500/500   +46.47%p    24/24     +5.58%p    +92.59%p  -19.98%
70/30 + C2 b=5                     +41.88%p   500/500   +46.44%p    24/24     +5.58%p    +92.59%p  -19.98%
70/30 + C2 b=6                     +30.61%p   499/500   +32.66%p    23/24    -10.85%p    +70.46%p  -19.98%
70/30 + C2 b=7                      +5.29%p   344/500    +6.20%p    18/24    -49.04%p    +35.74%p  -19.98%
70/30 + C2 b=8                     -14.16%p    38/500   -15.77%p     4/24    -49.04%p    +17.04%p  -19.98%
70/30 + C2 b=10                    -14.57%p    32/500   -16.12%p     4/24    -49.04%p    +16.29%p  -19.98%
70/30 + C2 b=15                     +2.72%p   300/500    +4.51%p    18/24    -49.04%p    +35.03%p  -19.98%
80/20 + C2 b=0                     +24.37%p   498/500   +26.51%p    23/24     -0.79%p    +63.61%p  -19.82%
80/20 + C2 b=1                     +24.76%p   498/500   +27.08%p    22/24     -0.89%p    +63.61%p  -19.82%
80/20 + C2 b=2                     +25.66%p   499/500   +28.29%p    24/24     +0.17%p    +65.07%p  -19.82%
80/20 + C2 b=3                     +48.14%p   500/500   +52.76%p    24/24    +13.54%p   +105.97%p  -19.82%
80/20 + C2 b=4                     +46.85%p   500/500   +51.51%p    24/24     +5.18%p   +105.97%p  -19.82%
80/20 + C2 b=5                     +46.08%p   499/500   +51.46%p    24/24     +5.18%p   +105.97%p  -19.82%
80/20 + C2 b=6                     +36.13%p   498/500   +39.21%p    23/24     -3.99%p    +85.16%p  -19.82%
80/20 + C2 b=7                      +8.10%p   373/500    +9.32%p    19/24    -55.72%p    +44.03%p  -19.82%
80/20 + C2 b=8                      -7.77%p   160/500    -8.57%p    10/24    -55.72%p    +23.68%p  -19.82%
80/20 + C2 b=10                     -8.24%p   151/500    -8.80%p    10/24    -55.72%p    +23.68%p  -19.82%
80/20 + C2 b=15                     +5.39%p   333/500    +7.60%p    18/24    -55.72%p    +43.57%p  -19.82%

==================================================================================================================================
★ 4/2 worst 시작일 재분석 — C2 boost 적용 시 어떻게 달라지나
==================================================================================================================================

시작일: 2026-04-02


[baseline 균등] 누적 +102.56%, MDD -11.36%
  TTMI    2026-04-02   2026-04-10               +24.63%    5일    33%
  FORM    2026-04-02   2026-04-14               +24.35%    7일    34%
  FIVE    2026-04-14   2026-04-28                +5.77%   10일    34%
  LITE    2026-04-28   2026-05-04               +23.35%    4일    34%
  MU      2026-04-02   2026-05-08              +103.91%   25일    33%
  BE      2026-05-08   2026-05-13               +11.01%    3일    33%
  WWD     2026-05-13   2026-05-15                -5.56%    2일    33%
  SNDK    2026-04-10   2026-05-22 (open)        +73.60%   30일    33%
  TER     2026-05-04   2026-05-22 (open)         +6.22%   14일    34%
  AEIS    2026-05-15   2026-05-22 (open)         +0.43%    5일    33%

[A: 70/30 b=0] 누적 +115.51%, MDD -10.97%
  FORM    2026-04-02   2026-04-14               +24.35%    7일    30%
  MU      2026-04-02   2026-05-08              +103.91%   25일    70%
  BE      2026-05-08   2026-05-13               +11.01%    3일    70%
  SNDK    2026-04-14   2026-05-22 (open)        +56.56%   28일    30%
  TER     2026-05-13   2026-05-22 (open)         -1.36%    7일    70%

[B: 80/20 + C1 b=5 (worst)] 보유 시뮬레이션 (C1 boost — 이전 결과 참고)
  → MU 못 잡고 FIVE 80% 진입 → -2.07% loss
  결과: +65.06% (baseline 대비 -37%p)

[NEW: 70/30 + C2 b=3] 누적 +137.34%, MDD -4.61%
  TTMI    2026-04-02   2026-04-10               +24.63%    5일    30%
  FIVE    2026-04-10   2026-04-22               +10.52%    8일    30%
  MU      2026-04-02   2026-05-08              +103.91%   25일    70%
  BE      2026-05-08   2026-05-13               +11.01%    3일    70%
  FIVE    2026-05-13   2026-05-19                +2.10%    4일    70%
  SNDK    2026-04-22   2026-05-22 (open)        +51.03%   22일    30%
  AEIS    2026-05-19   2026-05-22 (open)         +7.27%    3일    70%

[NEW: 80/20 + C2 b=3] 누적 +141.02%, MDD -4.36%
  TTMI    2026-04-02   2026-04-10               +24.63%    5일    20%
  FIVE    2026-04-10   2026-04-22               +10.52%    8일    20%
  MU      2026-04-02   2026-05-08              +103.91%   25일    80%
  BE      2026-05-08   2026-05-13               +11.01%    3일    80%
  FIVE    2026-05-13   2026-05-19                +2.10%    4일    80%
  SNDK    2026-04-22   2026-05-22 (open)        +51.03%   22일    20%
  AEIS    2026-05-19   2026-05-22 (open)         +7.27%    3일    80%

[NEW: 80/20 + C2 b=5] 누적 +141.02%, MDD -4.36%
  TTMI    2026-04-02   2026-04-10               +24.63%    5일    20%
  FIVE    2026-04-10   2026-04-22               +10.52%    8일    20%
  MU      2026-04-02   2026-05-08              +103.91%   25일    80%
  BE      2026-05-08   2026-05-13               +11.01%    3일    80%
  FIVE    2026-05-13   2026-05-19                +2.10%    4일    80%
  SNDK    2026-04-22   2026-05-22 (open)        +51.03%   22일    20%
  AEIS    2026-05-19   2026-05-22 (open)         +7.27%    3일    80%
