====================================================================================================
C2 boost=3 vs baseline 12 multistart 검증
====================================================================================================
12 시작일: 2026-02-19 ~ 2026-04-23

start_date     boost=0   boost=3     lift    mdd 0    mdd 3
----------------------------------------------------------------------
2026-02-19    +138.15%  +145.03% +  +6.88%p  -18.13%  -18.13%
2026-02-25    +115.06%  +125.26% + +10.20%p  -15.45%  -15.45%
2026-03-03    +145.43%  +157.07% + +11.64%p  -15.04%  -15.04%
2026-03-09    +147.05%  +158.77% + +11.72%p  -13.63%  -13.63%
2026-03-13    +137.72%  +149.00% + +11.27%p  -13.63%  -13.63%
2026-03-19    +114.28%  +124.45% + +10.16%p  -13.63%  -13.63%
2026-03-25     +98.96%  +108.40% +  +9.44%p  -14.48%  -14.48%
2026-03-31    +115.14%  +125.35% + +10.20%p  -11.14%   -6.98%
2026-04-07    +100.03%  +100.03% =  +0.00%p  -11.14%  -11.14%
2026-04-13     +61.40%   +61.40% =  +0.00%p  -11.14%  -11.14%
2026-04-17     +48.78%   +48.78% =  +0.00%p  -10.82%  -10.82%
2026-04-23     +49.60%   +49.60% =  +0.00%p  -11.14%  -11.14%

baseline 평균: +105.97%
boost=3 평균:  +112.76%
평균 lift:     +6.79%p
boost=3 wins:  8/12
