
[80/20]
boost      R avg     R lift     R wins     M avg     M lift   M wins      M min       MDD
----------------------------------------------------------------------------------------------------
  b=0   +127.58%   +34.14%p   500/500 +143.84%   +38.66%p   12/12   +18.07%p   -19.82%
  b=1   +127.36%   +33.91%p   500/500 +143.84%   +38.66%p   12/12   +18.07%p   -19.82%
  b=2   +122.24%   +28.80%p   500/500 +138.97%   +33.78%p   12/12   +18.07%p   -19.82%
  b=3   +133.70%   +40.26%p   500/500 +149.10%   +43.91%p   12/12   +18.07%p   -19.82%
  b=4   +133.80%   +40.35%p   500/500 +149.88%   +44.69%p   12/12   +18.07%p   -19.82%
  b=5   +137.15%   +43.70%p   500/500 +152.72%   +47.53%p   12/12   +19.81%p   -19.82%
  b=6   +135.07%   +41.62%p   496/500 +153.53%   +48.34%p   12/12   +23.26%p   -19.82%
  b=7   +134.91%   +41.46%p   495/500 +153.52%   +48.33%p   12/12   +23.26%p   -19.82%
  b=8   +139.10%   +45.65%p   495/500 +156.99%   +51.80%p   12/12   +22.67%p   -19.82%
  b=10  +138.75%   +45.31%p   500/500 +155.97%   +50.78%p   12/12   +22.67%p   -19.82%
  b=12  +121.47%   +28.03%p   497/500 +138.60%   +33.41%p   12/12   +17.58%p   -19.82%
  b=15  +115.23%   +21.79%p   499/500 +131.86%   +26.67%p   12/12    +2.12%p   -19.82%
  b=20   +98.57%    +5.13%p   308/500 +113.99%    +8.80%p    7/12   -35.14%p   -22.08%

[90/10]
boost      R avg     R lift     R wins     M avg     M lift   M wins      M min       MDD
----------------------------------------------------------------------------------------------------
  b=0   +133.43%   +39.98%p   500/500 +150.67%   +45.48%p   12/12   +23.64%p   -21.77%
  b=1   +133.31%   +39.87%p   500/500 +150.67%   +45.48%p   12/12   +23.64%p   -21.77%
  b=2   +131.93%   +38.48%p   500/500 +149.38%   +44.20%p   12/12   +23.64%p   -21.77%
  b=3   +140.68%   +47.24%p   500/500 +156.63%   +51.44%p   12/12   +23.64%p   -21.77%
  b=4   +138.56%   +45.12%p   500/500 +155.21%   +50.03%p   12/12   +23.64%p   -21.77%
  b=5   +141.82%   +48.38%p   500/500 +157.20%   +52.01%p   12/12   +24.32%p   -21.77%
  b=6   +139.16%   +45.72%p   497/500 +157.97%   +52.78%p   12/12   +24.79%p   -21.77%
  b=7   +138.84%   +45.40%p   497/500 +157.63%   +52.44%p   12/12   +24.79%p   -21.77%
  b=8   +144.07%   +50.63%p   498/500 +162.18%   +57.00%p   12/12   +24.49%p   -21.77%
  b=10  +143.07%   +49.62%p   500/500 +160.42%   +55.23%p   12/12   +24.49%p   -21.77%
  b=12  +125.94%   +32.50%p   499/500 +143.77%   +38.59%p   12/12   +22.28%p   -21.77%
  b=15  +120.96%   +27.52%p   499/500 +138.47%   +33.28%p   12/12    +6.98%p   -21.77%
  b=20  +103.67%   +10.23%p   364/500 +120.15%   +14.96%p    7/12   -32.30%p   -21.77%
