====================================================================================================
3일 검증 K=1/2/3/4/5 비교 — NEW simulator (production DB)
N_SEEDS=500 × 3 = 1500 sim/K
====================================================================================================
[Load] 0.4s, 67 거래일

K         avg       med        mdd  sharpe [ time]
------------------------------------------------------------
  K=1   +81.59%   +92.66%    -18.18%  +2.17 [  2.4s]
  K=2   +81.64%   +92.42%    -18.18%  +2.17 [  3.5s]
★ K=3   +81.28%   +91.74%    -18.18%  +2.18 [  3.3s]
  K=4   +83.24%   +93.09%    -18.18%  +2.13 [  3.3s]
  K=5   +81.58%   +90.39%    -18.18%  +2.13 [  3.5s]

====================================================================================================
paired vs K=3 (current production)
====================================================================================================
K     avg lift      worst       best       wins         verdict
----------------------------------------------------------------------
K=1    +0.32%p    -1.42%p    +0.82%p   423/500  ✓ 우월
K=2    +0.36%p    -0.09%p    +0.82%p   442/500  ✓ 우월
K=4    +1.96%p    -4.89%p    +5.83%p   404/500  ✓ 우월
K=5    +0.30%p    -4.08%p    +4.21%p   292/500  ~ 동등

총 소요: 16.3s
