==============================================================================================================
Cycle overlay 가설 BT v2 — entry_fixed (total_cash pool)
seeds: 100 × 3 paired
==============================================================================================================
dates: 74 (2026-02-12 ~ 2026-05-29)

variant                      avg       med     std       mdd    maxday    sharpe
 ★baseline_v84         +108.36% +110.26%    65.2  -23.90%   -9.92%   +1.66 [2.5s]
  SL_-10                +98.95% +102.56%    59.1  -23.90%   -9.92%   +1.68 [3.0s]
  SL_-15               +108.36% +110.26%    65.2  -23.90%   -9.92%   +1.66 [3.1s]
  SL_-20               +108.36% +110.26%    65.2  -23.90%   -9.92%   +1.66 [3.0s]
  TechCap_50           +103.42% +105.35%    63.6  -23.90%   -9.92%   +1.63 [3.1s]
  TechCap_50+SL-15     +103.42% +105.35%    63.6  -23.90%   -9.92%   +1.63 [3.1s]
  static_90_10         +117.28% +106.18%    77.8  -21.60%   -9.60%   +1.51 [3.1s]
  SL_-15+90_10         +117.29% +106.18%    77.8  -21.60%   -9.60%   +1.51 [3.0s]

==============================================================================================================
paired vs baseline_v84
==============================================================================================================
  variant                 avg_lift  med_lift       min       max      wins  verdict
  -----------------------------------------------------------------------------------------------
  SL_-10                   -9.42%p   -9.38%p  -16.94%p   +0.00%p     0/100  ✗ 열세
  SL_-15                   +0.00%p   +0.00%p   +0.00%p   +0.00%p     5/100  ✗ 열세
  SL_-20                   +0.00%p   +0.00%p   +0.00%p   +0.00%p     5/100  ✗ 열세
  TechCap_50               -4.94%p   -3.98%p  -26.58%p   +0.00%p     0/100  ✗ 열세
  TechCap_50+SL-15         -4.94%p   -3.98%p  -26.58%p   +0.00%p     0/100  ✗ 열세
  static_90_10             +8.92%p   +7.43%p  -13.86%p  +29.48%p    79/100  ✓✓ 우월
  SL_-15+90_10             +8.92%p   +7.43%p  -13.86%p  +29.48%p    79/100  ✓✓ 우월
