총 33 변형
==============================================================================================================
두 발견 정합성 검증 — 4조합 × 2환경 = 8 BT (동일 dynamic simulator)
  필터:   current vs ma120_and_60
  weight: fixed_90_10 (v83.3) vs linear_20
  환경:   MU+SNDK 포함 vs 제외
==============================================================================================================

[incl | current] DB 생성...
  regen 3.1s
  fixed_90_10  avg=+121.96% med=+125.16% std=61.6 mdd=-21.60% sharpe=+1.98 [2.3s]
  linear_20    avg=+124.24% med=+124.97% std=62.3 mdd=-23.90% sharpe=+1.99 [2.4s]

[incl | ma120_and_60] DB 생성...
  regen 2.4s
  fixed_90_10  avg=+124.43% med=+129.50% std=61.4 mdd=-20.52% sharpe=+2.03 [2.4s]
  linear_20    avg=+127.25% med=+141.28% std=63.6 mdd=-22.37% sharpe=+2.00 [2.4s]

[excl | current] DB 생성...
  regen 2.6s
  fixed_90_10  avg=+52.44% med=+50.14% std=34.4 mdd=-27.18% sharpe=+1.53 [2.3s]
  linear_20    avg=+55.33% med=+58.08% std=31.9 mdd=-28.70% sharpe=+1.74 [2.5s]

[excl | ma120_and_60] DB 생성...
  regen 2.4s
  fixed_90_10  avg=+42.23% med=+41.45% std=30.4 mdd=-27.18% sharpe=+1.39 [2.4s]
  linear_20    avg=+43.05% med=+43.94% std=26.1 mdd=-28.70% sharpe=+1.65 [2.4s]

==============================================================================================================
★ paired vs production baseline (incl + current + fixed_90_10)
==============================================================================================================
  조합                                            avg    std     MDD  sharpe |      lift       wins
  ----------------------------------------------------------------------------------------------------
 ★A. baseline (incl+current+90_10)       +121.96%  61.6 -21.60%  +1.98 |   +0.00%p     0/100
  B. incl+ma120_and_60+90_10             +124.43%  61.4 -20.52%  +2.03 |   +2.47%p    61/100
  C. incl+current+linear_20              +124.24%  62.3 -23.90%  +1.99 |   +2.28%p    93/100
  D. incl+ma120_and_60+linear_20         +127.25%  63.6 -22.37%  +2.00 |   +5.29%p    88/100
  E. excl+current+90_10                   +52.44%  34.4 -27.18%  +1.53 |  -69.52%p     0/100
  F. excl+ma120_and_60+90_10              +42.23%  30.4 -27.18%  +1.39 |  -79.73%p     0/100
  G. excl+current+linear_20               +55.33%  31.9 -28.70%  +1.74 |  -66.63%p     0/100
  H. excl+ma120_and_60+linear_20          +43.05%  26.1 -28.70%  +1.65 |  -78.91%p     0/100

==============================================================================================================
효과 분해 (incl 환경)
==============================================================================================================
  진입 필터 단독 (current→ma120_and_60, 90/10 고정)               lift   +2.47%p (med +3.22%p) wins 61/100
  dynamic weight 단독 (current 고정, 90/10→linear_20)         lift   +2.28%p (med +2.39%p) wins 93/100
  둘 다 결합                                                  lift   +5.29%p (med +3.66%p) wins 88/100

==============================================================================================================
효과 분해 (excl 환경, outlier 의존성 검증)
==============================================================================================================
  진입 필터 단독                                                lift  -10.21%p (med -10.13%p) wins 24/100
  dynamic weight 단독                                       lift   +2.90%p (med +2.74%p) wins 66/100
  둘 다 결합                                                  lift   -9.38%p (med -8.20%p) wins 18/100
