==============================================================================================================
채택 후보 + C2 boost 조합 grid
N_SEEDS=500 × 3 = 1500 sim + 12 multistart per config
==============================================================================================================
[Load] 0.1s, 69 거래일

config                                    R avg    R wins     M avg    M wins   avg MDD  worst MDD
---------------------------------------------------------------------------------------------------------
baseline (3,10,3) 균등                   +97.84%         ★ +108.29%         ★   -12.58%    -18.29% [1s]
baseline + C2 boost=3                  +97.35%   228/500 +106.18%      2/12   -10.98%    -18.29% [5s]
A2 (3,10,3) 50/30/20                  +101.46%   455/500 +111.02%      9/12   -12.65%    -18.27% [1s]
A2 + C2 boost=3                       +103.34%   469/500 +113.09%      8/12   -11.17%    -18.27% [5s]
E (2,10,2) 균등 50/50                   +125.34%   500/500 +137.73%     12/12   -12.47%    -22.19% [1s]
E + C2 boost=3                        +120.99%   499/500 +133.23%     12/12   -13.33%    -22.19% [5s]
(3,10,2) 균등 50/50                     +114.51%   500/500 +126.55%     12/12   -14.04%    -22.19% [1s]
(3,10,2) + C2 boost=3                 +134.95%   500/500 +148.16%     12/12   -10.81%    -22.19% [5s]
A8 (2,10,2) 70/30                     +130.67%   500/500 +145.22%     12/12   -12.72%    -19.98% [1s]
A8 + C2 boost=3                       +124.48%   499/500 +138.47%     12/12   -13.10%    -19.98% [5s]

==============================================================================================================
paired lift detail vs baseline (3,10,3) 균등
==============================================================================================================
config                                    R lift     R wins     M lift     M wins      M min      M max
--------------------------------------------------------------------------------------------------------------
baseline + C2 boost=3                    -0.49%p   228/500    -2.10%p     2/12   -12.53%p    +5.59%p ✗ 열세
A2 (3,10,3) 50/30/20                     +3.62%p   455/500    +2.74%p     9/12    -9.27%p    +8.29%p ★ 우월
A2 + C2 boost=3                          +5.50%p   469/500    +4.80%p     8/12    -1.92%p   +11.47%p ★ 우월
E (2,10,2) 균등 50/50                     +27.50%p   500/500   +29.45%p    12/12   +10.06%p   +55.09%p ★★ 강력
E + C2 boost=3                          +23.15%p   499/500   +24.94%p    12/12    +6.44%p   +53.33%p ★★ 강력
(3,10,2) 균등 50/50                       +16.67%p   500/500   +18.26%p    12/12    +2.60%p   +37.19%p ★★ 강력
(3,10,2) + C2 boost=3                   +37.11%p   500/500   +39.88%p    12/12   +18.16%p   +71.14%p ★★ 강력
A8 (2,10,2) 70/30                       +32.83%p   500/500   +36.93%p    12/12   +10.38%p   +74.03%p ★★ 강력
A8 + C2 boost=3                         +26.64%p   499/500   +30.19%p    12/12    +6.96%p   +66.28%p ★★ 강력

총 소요: 29.6s
