  70일 캐시 완료

config                                    R avg     R wins     M avg   M wins     M min       MDD
----------------------------------------------------------------------------------------------------
   baseline (3,10,3) 균등                 +94.30%          ★ +106.14%        ★  +47.52%   -18.14% [5s]
   A2 (3,10,3) 50/30/20                +106.94%    500/500 +120.33%    12/12  +56.95%   -18.27% [5s]
   A2 + C2 boost=3                     +100.61%    482/500 +112.18%    10/12  +58.45%   -18.27% [6s]
★ (2,10,2) 80/20 b=3 [기존 champ]       +135.46%    500/500 +152.28%    12/12  +83.71%   -19.82% [5s]
   (2,10,2) 70/30 b=3                  +133.41%    500/500 +149.54%    12/12  +80.59%   -19.98% [5s]
   (2,10,2) 60/40 b=3                  +131.16%    500/500 +146.60%    12/12  +77.19%   -21.09% [6s]
   (2,10,2) 50/50 b=3                  +128.72%    500/500 +143.46%    12/12  +73.79%   -22.19% [6s]
   (2,10,2) score_ratio b=3            +131.65%    500/500 +147.23%    12/12  +75.84%   -22.02% [6s]
   (2,10,2) power_1.5 b=3              +133.01%    500/500 +148.98%    12/12  +76.84%   -21.93% [6s]
   (2,10,2) power_2 b=3                +134.28%    500/500 +150.60%    12/12  +77.82%   -21.84% [6s]
   (2,10,2) dynamic_5 b=3              +139.67%    500/500 +156.60%    12/12  +83.58%   -19.82% [6s]
   (2,10,2) dynamic_10 b=3             +139.35%    500/500 +156.60%    12/12  +83.58%   -22.19% [6s]
   (2,10,2) score_ratio b=0            +114.65%    500/500 +129.07%    12/12  +67.67%   -22.02% [6s]
   (2,10,2) power_2 b=0                +119.01%    500/500 +134.31%    12/12  +70.40%   -21.84% [6s]

==============================================================================================================
paired vs baseline (3,10,3) 균등 — 정확 알파
==============================================================================================================
rank  config                                    R lift    R wins     M lift   M wins      M min       MDD
--------------------------------------------------------------------------------------------------------------
   1 (2,10,2) dynamic_5 b=3                  +45.38%p  500/500   +50.46%p   12/12   +23.59%p   -19.82%
   2 (2,10,2) dynamic_10 b=3                 +45.06%p  500/500   +50.46%p   12/12   +23.59%p   -22.19%
   3 (2,10,2) 80/20 b=3 [기존 champ]           +41.17%p  500/500   +46.14%p   12/12   +23.72%p   -19.82%
   4 (2,10,2) power_2 b=3                    +39.98%p  500/500   +44.46%p   12/12   +20.02%p   -21.84%
   5 (2,10,2) 70/30 b=3                      +39.12%p  500/500   +43.40%p   12/12   +22.09%p   -19.98%
   6 (2,10,2) power_1.5 b=3                  +38.72%p  500/500   +42.84%p   12/12   +19.66%p   -21.93%
   7 (2,10,2) score_ratio b=3                +37.35%p  500/500   +41.09%p   12/12   +19.29%p   -22.02%
   8 (2,10,2) 60/40 b=3                      +36.87%p  500/500   +40.46%p   12/12   +20.36%p   -21.09%
   9 (2,10,2) 50/50 b=3                      +34.43%p  500/500   +37.32%p   12/12   +17.82%p   -22.19%
  10 (2,10,2) power_2 b=0                    +24.71%p  500/500   +28.17%p   12/12    +8.04%p   -21.84%
  11 (2,10,2) score_ratio b=0                +20.35%p  500/500   +22.93%p   12/12    +4.63%p   -22.02%
  12 A2 (3,10,3) 50/30/20                    +12.64%p  500/500   +14.19%p   12/12    +7.55%p   -18.27%
  13 A2 + C2 boost=3                          +6.32%p  482/500    +6.04%p   10/12    -2.18%p   -18.27%

총 소요: 79.1s
