====================================================================================================
옵션 B (점수 재계산) boost=3 12 multistart
====================================================================================================
12 시작일: 2026-02-19 ~ 2026-04-23

start_date     boost=0   boost=3     lift    mdd 0    mdd 3
----------------------------------------------------------------------
2026-02-19    +138.15%  +138.21% +  +0.06%p  -18.13%  -18.13%
2026-02-25    +115.06%  +115.38% +  +0.32%p  -15.45%  -15.45%
2026-03-03    +145.43%  +145.79% +  +0.36%p  -15.04%  -15.04%
2026-03-09    +147.05%  +147.12% +  +0.06%p  -13.63%  -13.63%
2026-03-13    +137.72%  +137.78% +  +0.06%p  -13.63%  -13.63%
2026-03-19    +114.28%  +114.34% +  +0.05%p  -13.63%  -13.63%
2026-03-25     +98.96%   +96.64% -  -2.32%p  -14.48%  -14.48%
2026-03-31    +115.14%  +109.75% -  -5.39%p  -11.14%   -6.21%
2026-04-07    +100.03%  +101.25% +  +1.23%p  -11.14%   -6.21%
2026-04-13     +61.40%   +51.85% -  -9.55%p  -11.14%   -6.98%
2026-04-17     +48.78%   +55.48% +  +6.70%p  -10.82%   -6.21%
2026-04-23     +49.60%   +56.70% +  +7.10%p  -11.14%   -6.98%

baseline 평균: +105.97%
boost=3 평균:  +105.86%
평균 lift:     -0.11%p
boost=3 wins:  9/12, losses 3/12
