====================================================================================================
C2 (buy-the-dip) boost BT — case-based rank 우대
N_SEEDS=500 × 3 = 1500 sim/boost
====================================================================================================
[Load] 69 거래일

C2 boost         avg       med  worst MDD  sharpe
------------------------------------------------------------
★ boost=0     +95.68%  +108.47%    -18.18%  +2.21
   boost=1     +94.74%  +106.55%    -18.18%  +2.22
   boost=2     +94.74%  +106.55%    -18.18%  +2.22
   boost=3    +101.38%  +118.36%    -18.18%  +2.13
   boost=5     +98.93%  +117.02%    -18.18%  +2.16
   boost=10    +85.83%  +100.03%    -18.18%  +2.43

====================================================================================================
paired vs boost=0 (baseline)
====================================================================================================
boost      avg lift      worst       best       wins         verdict
----------------------------------------------------------------------
  boost=1      -0.94%p    -2.30%p    +0.73%p    33/500  ✗ 열세
  boost=2      -0.94%p    -2.30%p    +0.73%p    33/500  ✗ 열세
  boost=3      +5.70%p    -0.63%p   +11.84%p   466/500  ✓✓ 우월
  boost=5      +3.26%p   -10.60%p   +11.84%p   354/500  ◐ 약함
  boost=10     -9.85%p   -36.42%p    +6.40%p    34/500  ✗ 열세
