====================================================================================================
C2 boost — 옵션 B: 점수 자체 보너스 → 순위 재계산 BT
N_SEEDS=500 × 3 = 1500 sim/boost
====================================================================================================
[Load] 69 거래일

C2 boost         avg       med  worst MDD  sharpe
------------------------------------------------------------
★ boost=0     +95.68%  +108.47%    -18.18%  +2.21
   boost=1     +95.68%  +108.47%    -18.18%  +2.21
   boost=2     +91.83%  +103.53%    -18.18%  +2.24
   boost=3     +97.08%  +106.68%    -18.18%  +2.36
   boost=4     +94.99%  +101.92%    -18.18%  +2.37
   boost=5     +92.34%   +99.84%    -18.18%  +2.36
   boost=7     +72.04%   +80.66%    -18.18%  +2.21
   boost=10    +67.62%   +73.37%    -18.18%  +2.27

====================================================================================================
paired vs boost=0 (baseline)
====================================================================================================
boost      avg lift      worst       best       wins         verdict
----------------------------------------------------------------------
  boost=1      +0.00%p    +0.00%p    +0.00%p     0/500  ✗ 열세
  boost=2      -3.85%p    -7.49%p    +2.42%p    28/500  ✗ 열세
  boost=3      +1.40%p    -6.25%p   +11.89%p   355/500  ◐ 약함
  boost=4      -0.69%p    -9.26%p   +11.10%p   201/500  ~ 동등
  boost=5      -3.34%p   -12.38%p   +11.10%p   102/500  ✗ 열세
  boost=7     -23.63%p   -37.50%p    -1.62%p     0/500  ✗ 열세
  boost=10    -28.06%p   -44.07%p    +0.03%p     1/500  ✗ 열세
