====================================================================================================
C2 정의 sensitivity — eps_def × price_period grid
(3,10,2) 80/20 boost=3 고정, eps/price 정의만 변경
====================================================================================================

(3,10,2) 80/20 boost=0 (no C2 boost): +121.50%

definition                                avg    vs b=0       wins
----------------------------------------------------------------------
eps_chg_weighted + p7d               +92.11%  -29.39%p     0/500
eps_chg_weighted + p30d             +146.46%  +24.96%p   500/500
eps_chg_weighted + p60d             +123.59%   +2.09%p   500/500
(nc - n90) / n90 + p7d               +92.11%  -29.39%p     0/500
(nc - n90) / n90 + p30d             +146.46%  +24.96%p   500/500
(nc - n90) / n90 + p60d             +123.59%   +2.09%p   500/500
(n30 - n60) / n60 + p7d              +92.11%  -29.39%p     0/500
(n30 - n60) / n60 + p30d            +146.46%  +24.96%p   500/500
(n30 - n60) / n60 + p60d            +123.59%   +2.09%p   500/500
(n7 - n30) / n30 + p7d               +92.11%  -29.39%p     0/500
(n7 - n30) / n30 + p30d             +146.46%  +24.96%p   500/500
(n7 - n30) / n30 + p60d             +123.59%   +2.09%p   500/500

총 소요: 208.0s
