====================================================================================================
DCA 전략 grid search BT — NEW simulator + production DB
N_SEEDS=500 × 3 = 1500 sim/strategy
====================================================================================================
[Load] 69 거래일 (2026-02-12 ~ 2026-05-21)

strategy                                  avg       med  worst MDD  sharpe
--------------------------------------------------------------------------------
★ 100_0 (baseline)                    +98.00%  +111.38%    -18.18%  +2.26
  80_20 at -5%                        +79.20%   +89.89%    -16.15%  +2.31
  70_30 at -5%                        +70.45%   +82.61%    -15.15%  +2.30
  60_40 at -5%                        +62.12%   +71.95%    -15.09%  +2.26
  50_50 at -3%                        +58.16%   +65.59%    -15.32%  +2.19
  50_50 at -5%                        +54.17%   +59.18%    -15.11%  +2.18
  50_50 at -8%                        +50.57%   +56.57%    -15.11%  +2.12
  50_25_25 at -5/-10%                 +52.00%   +56.67%    -15.11%  +2.17
  60_20_20 at -5/-10%                 +60.31%   +69.79%    -15.09%  +2.25
  40_30_30 at -5/-10%                 +44.10%   +44.43%    -15.13%  +2.04
  50_15_15_15_5 -3/-6/-10/-15         +53.19%   +58.12%    -14.79%  +2.18
  33_33_34 at -5/-10%                 +38.76%   +36.63%    -15.15%  +1.91

====================================================================================================
paired vs 100_0 baseline
====================================================================================================
strategy                              avg lift      worst       best       wins         verdict
-----------------------------------------------------------------------------------------------
  80_20 at -5%                        -18.80%p   -38.14%p    -1.44%p     0/500  ✗ 열세
  70_30 at -5%                        -27.55%p   -55.22%p    -2.18%p     0/500  ✗ 열세
  60_40 at -5%                        -35.89%p   -71.08%p    -2.93%p     0/500  ✗ 열세
  50_50 at -3%                        -39.85%p   -77.33%p    -0.41%p     0/500  ✗ 열세
  50_50 at -5%                        -43.83%p   -85.79%p    -3.70%p     0/500  ✗ 열세
  50_50 at -8%                        -47.44%p   -87.54%p    -9.75%p     0/500  ✗ 열세
  50_25_25 at -5/-10%                 -46.00%p   -85.90%p    -6.78%p     0/500  ✗ 열세
  60_20_20 at -5/-10%                 -37.69%p   -71.18%p    -5.42%p     0/500  ✗ 열세
  40_30_30 at -5/-10%                 -53.90%p   -99.54%p    -8.14%p     0/500  ✗ 열세
  50_15_15_15_5 -3/-6/-10/-15         -44.81%p   -83.47%p    -5.53%p     0/500  ✗ 열세
  33_33_34 at -5/-10%                 -59.24%p  -108.48%p    -9.16%p     0/500  ✗ 열세
