==============================================================================================================
Dynamic weight BT — 1-2위 score 격차 기반
simulator: 진입 시점 score 격차로 weights 결정, portfolio 비면 재결정
seeds: 100×3
==============================================================================================================

### 환경 1: MU+SNDK 포함 (현행 환경) ###
==============================================================================================================
환경: incl (EXCLUDE=none)
==============================================================================================================
 ★fixed_90_10          avg=+121.96% med=+125.16% std= 61.6 mdd=-21.60% maxday=-9.60% sharpe=+1.98 [2.6s]
  fixed_80_20          avg=+120.79% med=+126.34% std= 59.7 mdd=-20.16% maxday=-9.32% sharpe=+2.02 [2.6s]
  step_3               avg=+122.26% med=+124.49% std= 61.0 mdd=-20.52% maxday=-9.60% sharpe=+2.00 [2.5s]
  step_2               avg=+122.41% med=+123.45% std= 60.8 mdd=-20.52% maxday=-9.60% sharpe=+2.01 [2.5s]
  proportional         avg=+118.96% med=+123.54% std= 56.3 mdd=-20.99% maxday=-9.89% sharpe=+2.11 [2.6s]
  ratio_half           avg=+119.92% med=+123.64% std= 57.6 mdd=-19.93% maxday=-9.65% sharpe=+2.08 [2.5s]

  paired vs fixed_90_10 (v83.3):
  rule                   avg lift   med lift        min        max     wins    verdict
  ------------------------------------------------------------------------------------------
  fixed_80_20             -1.17%p    -1.42%p    -4.54%p    +2.68%p    25/100  ✗✗ 열세
  step_3                  +0.30%p    +0.06%p    -2.29%p    +4.45%p    57/100  ~ 동등
  step_2                  +0.45%p    +0.10%p    -2.57%p    +5.93%p    59/100  ~ 동등
  proportional            -3.00%p    -3.77%p   -12.39%p    +8.01%p    25/100  ✗✗ 열세
  ratio_half              -2.04%p    -2.53%p    -8.98%p    +6.37%p    25/100  ✗✗ 열세

### 환경 2: MU+SNDK 제외 (outlier 의존 검증) ###
==============================================================================================================
환경: excl (EXCLUDE={'SNDK', 'MU'})
==============================================================================================================
 ★fixed_90_10          avg=+52.44% med=+50.14% std= 34.4 mdd=-27.18% maxday=-13.37% sharpe=+1.53 [2.5s]
  fixed_80_20          avg=+52.95% med=+52.84% std= 32.5 mdd=-25.56% maxday=-12.50% sharpe=+1.63 [2.5s]
  step_3               avg=+54.09% med=+58.25% std= 29.7 mdd=-24.70% maxday=-12.06% sharpe=+1.82 [2.5s]
  step_2               avg=+54.89% med=+60.95% std= 29.1 mdd=-23.82% maxday=-11.60% sharpe=+1.89 [2.6s]
  proportional         avg=+54.53% med=+60.71% std= 28.5 mdd=-21.36% maxday=-10.37% sharpe=+1.91 [2.6s]
  ratio_half           avg=+54.55% med=+60.48% std= 28.7 mdd=-22.38% maxday=-10.87% sharpe=+1.90 [2.5s]

  paired vs fixed_90_10 (v83.3):
  rule                   avg lift   med lift        min        max     wins    verdict
  ------------------------------------------------------------------------------------------
  fixed_80_20             +0.51%p    +0.43%p    -3.14%p    +4.48%p    58/100  ~ 동등
  step_3                  +1.65%p    +1.10%p    -9.06%p   +13.43%p    57/100  ~ 동등
  step_2                  +2.45%p    +1.82%p   -12.08%p   +17.90%p    61/100  ✓ 우월
  proportional            +2.09%p    +1.89%p   -12.32%p   +17.68%p    59/100  ~ 동등
  ratio_half              +2.11%p    +1.92%p   -12.10%p   +17.46%p    59/100  ~ 동등

==============================================================================================================
종합 — 두 환경에서 fixed_90_10 대비 dynamic 룰의 paired lift
==============================================================================================================
  rule                  incl lift  excl lift        평균
  ------------------------------------------------------------
  fixed_80_20             -1.17%p    +0.51%p   -0.33%p
  step_3                  +0.30%p    +1.65%p   +0.97%p
  step_2                  +0.45%p    +2.45%p   +1.45%p
  proportional            -3.00%p    +2.09%p   -0.45%p
  ratio_half              -2.04%p    +2.11%p   +0.04%p
