총 33 변형
==============================================================================================================
Dynamic Weight Sweet Spot Grid Search (33 변형 × 2환경)
==============================================================================================================

[환경 1: incl] regenerate + BT...
  done 82.5s

[환경 2: excl] regenerate + BT...
  done 81.9s

==============================================================================================================
종합 결과 — 두 환경 paired lift vs fixed_90_10
==============================================================================================================
variant                  i_avg   i_mdd   i_lift  i_win |   e_avg   e_mdd   e_lift  e_win |    평균lift
--------------------------------------------------------------------------------------------------------------
  linear_20            +124.2%  -23.9%   +2.28%p   93/100 |  +55.3%  -28.7%   +2.90%p   67/100 |   +2.59%p
  step_w100_70_50      +123.7%  -20.9%   +1.76%p   84/100 |  +54.9%  -23.8%   +2.45%p   61/100 |   +2.11%p
  linear_30            +123.7%  -21.8%   +1.71%p   84/100 |  +54.7%  -27.3%   +2.25%p   60/100 |   +1.98%p
  sigmoid_15_5         +123.5%  -22.4%   +1.50%p   81/100 |  +54.7%  -27.7%   +2.29%p   58/100 |   +1.89%p
  power_30_2.0         +123.4%  -20.9%   +1.41%p   80/100 |  +54.8%  -26.1%   +2.37%p   59/100 |   +1.89%p
  sigmoid_20_5         +123.4%  -20.9%   +1.42%p   76/100 |  +54.7%  -26.5%   +2.31%p   59/100 |   +1.86%p
  step_w95_70_50       +123.1%  -20.7%   +1.09%p   75/100 |  +54.9%  -23.8%   +2.45%p   61/100 |   +1.77%p
  linear_40            +123.2%  -20.9%   +1.26%p   77/100 |  +54.6%  -25.7%   +2.20%p   59/100 |   +1.73%p
  power_30_0.5         +123.6%  -22.8%   +1.69%p   88/100 |  +54.1%  -28.0%   +1.69%p   65/100 |   +1.69%p
  step_t5_30           +122.4%  -20.5%   +0.40%p   62/100 |  +55.0%  -23.8%   +2.55%p   63/100 |   +1.48%p
  step_t5_35           +122.4%  -20.5%   +0.40%p   62/100 |  +55.0%  -23.8%   +2.55%p   63/100 |   +1.48%p
  step_t5_25           +122.3%  -20.5%   +0.37%p   59/100 |  +55.0%  -23.8%   +2.58%p   63/100 |   +1.47%p
  step_t5_20           +122.2%  -21.6%   +0.23%p   58/100 |  +55.2%  -27.2%   +2.71%p   64/100 |   +1.47%p
  step_t10_30          +122.4%  -20.5%   +0.45%p   62/100 |  +54.9%  -23.8%   +2.45%p   61/100 |   +1.45%p
  step_t10_35          +122.4%  -20.5%   +0.45%p   62/100 |  +54.9%  -23.8%   +2.45%p   61/100 |   +1.45%p
  step_t10_25          +122.4%  -20.5%   +0.41%p   59/100 |  +54.9%  -23.8%   +2.48%p   61/100 |   +1.45%p
  step_t10_20          +122.2%  -21.6%   +0.27%p   58/100 |  +55.1%  -27.2%   +2.62%p   61/100 |   +1.45%p
  step_w90_65_50       +122.4%  -20.5%   +0.45%p   61/100 |  +54.8%  -22.9%   +2.35%p   60/100 |   +1.40%p
  step_t15_30          +122.4%  -20.5%   +0.39%p   60/100 |  +54.6%  -23.8%   +2.21%p   57/100 |   +1.30%p
  step_t15_35          +122.4%  -20.5%   +0.39%p   60/100 |  +54.6%  -23.8%   +2.21%p   57/100 |   +1.30%p
  step_w90_75_55       +122.4%  -20.5%   +0.40%p   63/100 |  +54.6%  -24.7%   +2.19%p   60/100 |   +1.30%p
  step_t15_25          +122.3%  -20.5%   +0.36%p   59/100 |  +54.7%  -23.8%   +2.23%p   57/100 |   +1.30%p
  step_t15_20          +122.2%  -21.6%   +0.22%p   59/100 |  +54.8%  -27.2%   +2.37%p   57/100 |   +1.29%p
  step_w90_70_55       +122.4%  -20.5%   +0.39%p   62/100 |  +54.5%  -23.8%   +2.09%p   60/100 |   +1.24%p
  step_t20_30          +122.2%  -20.5%   +0.25%p   57/100 |  +54.7%  -23.8%   +2.22%p   60/100 |   +1.24%p
  step_t20_35          +122.2%  -20.5%   +0.25%p   57/100 |  +54.7%  -23.8%   +2.22%p   60/100 |   +1.24%p
  step_t20_25          +122.2%  -20.5%   +0.21%p   57/100 |  +54.7%  -23.8%   +2.25%p   60/100 |   +1.23%p
  step_w85_65_50       +121.8%  -20.3%   -0.19%p   36/100 |  +54.8%  -22.9%   +2.35%p   60/100 |   +1.08%p
 ★fixed_90_10          +122.0%  -21.6%   +0.00%p    0/100 |  +52.4%  -27.2%   +0.00%p    0/100 |   +0.00%p
  fixed_80_20          +120.8%  -20.2%   -1.17%p   25/100 |  +52.9%  -25.6%   +0.51%p   58/100 |   -0.33%p
  proportional         +119.0%  -21.0%   -3.00%p   25/100 |  +54.5%  -21.4%   +2.09%p   59/100 |   -0.45%p
  fixed_70_30          +119.6%  -19.8%   -2.34%p   25/100 |  +53.5%  -23.8%   +1.02%p   58/100 |   -0.66%p
  fixed_50_50          +117.3%  -22.6%   -4.68%p   25/100 |  +54.5%  -19.9%   +2.06%p   59/100 |   -1.31%p

==============================================================================================================
★ Sweet Spot Top 5 (평균 lift 기준)
==============================================================================================================
1. linear_20              평균 lift +2.59%p (incl +2.28%p 93/100, excl +2.90%p 67/100)
   spec: {'type': 'linear', 'anchor': 20}
   incl: avg=+124.2% mdd=-23.9%, excl: avg=+55.3% mdd=-28.7%
2. step_w100_70_50        평균 lift +2.11%p (incl +1.76%p 84/100, excl +2.45%p 61/100)
   spec: {'type': 'step_2', 'lo': 10, 'hi': 30, 'wH': 1.0, 'wM': 0.7, 'wL': 0.5}
   incl: avg=+123.7% mdd=-20.9%, excl: avg=+54.9% mdd=-23.8%
3. linear_30              평균 lift +1.98%p (incl +1.71%p 84/100, excl +2.25%p 60/100)
   spec: {'type': 'linear', 'anchor': 30}
   incl: avg=+123.7% mdd=-21.8%, excl: avg=+54.7% mdd=-27.3%
4. sigmoid_15_5           평균 lift +1.89%p (incl +1.50%p 81/100, excl +2.29%p 58/100)
   spec: {'type': 'sigmoid', 'center': 15, 'width': 5}
   incl: avg=+123.5% mdd=-22.4%, excl: avg=+54.7% mdd=-27.7%
5. power_30_2.0           평균 lift +1.89%p (incl +1.41%p 80/100, excl +2.37%p 59/100)
   spec: {'type': 'power', 'anchor': 30, 'p': 2.0}
   incl: avg=+123.4% mdd=-20.9%, excl: avg=+54.8% mdd=-26.1%
