==============================================================================================================
데드크로스 필터 BT — current + MA cross 조건
params: entry=3, exit=10, slots=2 (v83.3)
seeds: 100 × 3
==============================================================================================================

[step 0] MA20 precompute
  MA20 precompute... 0.2s (63043 entries)

[step 1] current DB 생성

[current] regenerate + BT...
  regenerate: 0.0s
  BT: 0.3s | avg=+117.29% med=+126.69% mdd=-21.93% std=53.5

[golden_short] regenerate + BT...
  regenerate: 1.5s
  BT: 0.4s | avg=+84.66% med=+89.76% mdd=-21.93% std=39.0

[golden_mid] regenerate + BT...
  regenerate: 1.6s
  BT: 0.4s | avg=+117.29% med=+126.69% mdd=-21.93% std=53.5

[golden_both] regenerate + BT...
  regenerate: 1.6s
  BT: 0.4s | avg=+86.28% med=+89.76% mdd=-21.93% std=38.1

[golden_long] regenerate + BT...
  regenerate: 1.7s
  BT: 0.4s | avg=+111.73% med=+124.31% mdd=-21.93% std=49.2

==============================================================================================================
결과 분포 (300개 시뮬/변형)
==============================================================================================================
variant                  avg    median    std       p25       p75       min       max      MDD
----------------------------------------------------------------------------------------------------
 ★current           +117.29%  +126.69% 53.48   +75.94%  +162.37%    +9.15%  +209.09%  -21.93%
  golden_short       +84.66%   +89.76% 38.99   +52.05%  +119.89%   +11.06%  +159.04%  -21.93%
  golden_mid        +117.29%  +126.69% 53.48   +75.94%  +162.37%    +9.15%  +209.09%  -21.93%
  golden_both        +86.28%   +89.76% 38.14   +56.90%  +119.89%   +11.06%  +159.04%  -21.93%
  golden_long       +111.73%  +124.31% 49.23   +75.94%  +152.22%    +9.15%  +197.13%  -21.93%

==============================================================================================================
paired vs current
==============================================================================================================
  variant              avg lift   med lift        min        max     wins         verdict
  ----------------------------------------------------------------------------------------------------
  golden_short         -32.64%p   -34.36%p   -54.57%p    +2.14%p     2/100  ✗✗ 명확 열세
  golden_mid            +0.00%p    +0.00%p    +0.00%p    +0.00%p     0/100  ✗✗ 명확 열세
  golden_both          -31.01%p   -29.00%p   -54.57%p    +2.14%p     2/100  ✗✗ 명확 열세
  golden_long           -5.57%p    -6.41%p   -10.76%p    +0.00%p     0/100  ✗✗ 명확 열세

==============================================================================================================
Top 3 entry zone 차이 (current 대비 누적 종목 세트 diff)
==============================================================================================================
  golden_short        Top3: same 206 cur-only  13 golden_short-only  13 | Top30: same 1929 cur-only 222 golden_short-only 176
  golden_mid          Top3: same 219 cur-only   0 golden_mid-only   0 | Top30: same 2011 cur-only 140 golden_mid-only 136
  golden_both         Top3: same 206 cur-only  13 golden_both-only  13 | Top30: same 1862 cur-only 289 golden_both-only 213
  golden_long         Top3: same 219 cur-only   0 golden_long-only   0 | Top30: same 2070 cur-only  81 golden_long-only  81
