총 33 변형
==============================================================================================================
★ dd_30_20 최종 검증 — anchor sensitivity + 2step_t15 결합 시너지
==============================================================================================================

[step 0] highs precompute (windows: [20, 30, 45, 60])...
  done 0.4s

==============================================================================================================
★ 검증 1: dd anchor + window sensitivity
==============================================================================================================

[incl]
  current        avg=+121.67% mdd=-21.60% [5.0s]
  dd_20_15       avg=+95.27% mdd=-28.17% [10.1s]
  dd_20_20       avg=+109.86% mdd=-28.33% [10.9s]
  dd_30_15       avg=+95.28% mdd=-28.17% [10.0s]
  dd_30_18       avg=+101.29% mdd=-27.11% [10.5s]
 ★dd_30_20       avg=+106.01% mdd=-28.33% [10.3s]
  dd_30_22       avg=+136.68% mdd=-20.52% [11.0s]
  dd_30_25       avg=+130.40% mdd=-21.60% [11.1s]
  dd_30_30       avg=+129.76% mdd=-21.60% [10.2s]
  dd_45_20       avg=+106.01% mdd=-28.33% [10.3s]
  dd_45_25       avg=+130.40% mdd=-21.60% [10.0s]
  dd_60_25       avg=+130.40% mdd=-21.60% [7.1s]
  dd_60_30       avg=+129.76% mdd=-21.60% [10.5s]

[excl]
  current        avg=+50.48% mdd=-27.18% [10.2s]
  dd_20_15       avg=+10.90% mdd=-25.32% [10.8s]
  dd_20_20       avg=+60.80% mdd=-27.18% [11.0s]
  dd_30_15       avg=+15.91% mdd=-25.10% [9.8s]
  dd_30_18       avg=+47.77% mdd=-27.18% [8.7s]
 ★dd_30_20       avg=+64.25% mdd=-27.18% [6.1s]
  dd_30_22       avg=+62.18% mdd=-27.18% [4.6s]
  dd_30_25       avg=+57.63% mdd=-27.18% [4.4s]
  dd_30_30       avg=+50.48% mdd=-27.18% [4.5s]
  dd_45_20       avg=+64.25% mdd=-27.18% [5.6s]
  dd_45_25       avg=+57.63% mdd=-27.18% [4.8s]
  dd_60_25       avg=+57.63% mdd=-27.18% [8.3s]
  dd_60_30       avg=+50.48% mdd=-27.18% [5.4s]

==============================================================================================================
★ anchor grid 종합
==============================================================================================================
  variant           i_avg   i_lift   i_win |    e_avg   e_lift   e_win |  avg_lift
  ------------------------------------------------------------------------------------------
  dd_30_22     +136.68%  +15.02%p   98/100 |  +62.18%  +11.70%p   91/100 |  +13.36%p
  dd_30_25     +130.40%   +8.73%p   94/100 |  +57.63%   +7.16%p   77/100 |   +7.94%p
  dd_45_25     +130.40%   +8.73%p   94/100 |  +57.63%   +7.16%p   77/100 |   +7.94%p
  dd_60_25     +130.40%   +8.73%p   94/100 |  +57.63%   +7.16%p   77/100 |   +7.94%p
  dd_30_30     +129.76%   +8.09%p   87/100 |  +50.48%   +0.00%p    0/100 |   +4.05%p
  dd_60_30     +129.76%   +8.09%p   87/100 |  +50.48%   +0.00%p    0/100 |   +4.05%p
 ☆current      +121.67%   +0.00%p    0/100 |  +50.48%   +0.00%p    0/100 |   +0.00%p
  dd_20_20     +109.86%  -11.81%p   40/100 |  +60.80%  +10.32%p   85/100 |   -0.75%p
 ★dd_30_20     +106.01%  -15.66%p   38/100 |  +64.25%  +13.77%p   85/100 |   -0.94%p
  dd_45_20     +106.01%  -15.66%p   38/100 |  +64.25%  +13.77%p   85/100 |   -0.94%p
  dd_30_18     +101.29%  -20.38%p   37/100 |  +47.77%   -2.71%p   40/100 |  -11.54%p
  dd_30_15      +95.28%  -26.39%p    9/100 |  +15.91%  -34.56%p    4/100 |  -30.48%p
  dd_20_15      +95.27%  -26.40%p    9/100 |  +10.90%  -39.57%p    2/100 |  -32.99%p

==============================================================================================================
★ 검증 2: 결합 시너지 — 4조합
==============================================================================================================

[incl]
  current      + fixed_90_10    avg=+121.67% mdd=-21.60% sharpe=+1.98 [3.2s]
  current      + 2step_t15      avg=+123.47% mdd=-23.90% sharpe=+2.03 [3.5s]
  dd_30_20     + fixed_90_10    avg=+106.01% mdd=-28.33% sharpe=+2.14 [3.0s]
  dd_30_20     + 2step_t15      avg=+104.31% mdd=-24.77% sharpe=+2.18 [2.9s]

[excl]
  current      + fixed_90_10    avg=+50.48% mdd=-27.18% sharpe=+1.51 [3.4s]
  current      + 2step_t15      avg=+53.97% mdd=-28.70% sharpe=+1.79 [3.3s]
  dd_30_20     + fixed_90_10    avg=+64.25% mdd=-27.18% sharpe=+1.54 [2.6s]
  dd_30_20     + 2step_t15      avg=+57.71% mdd=-28.70% sharpe=+2.01 [2.5s]

==============================================================================================================
★ 결합 매트릭스 — paired lift vs baseline (current + 90/10 = v83.3 현행)
==============================================================================================================

[incl]
  조합                                            avg      mdd  sharpe |      lift     wins
  ------------------------------------------------------------------------------------------
 ★A. baseline (현행 v83.3: current + 90/10)  +121.67%  -21.60%  +1.98 |   +0.00%p    0/100
  B. + dd_30_20 단독                         +106.01%  -28.33%  +2.14 |  -15.66%p   38/100
  C. + 2step_t15 단독                        +123.47%  -23.90%  +2.03 |   +1.80%p   79/100
  D. + 둘 다 결합                              +104.31%  -24.77%  +2.18 |  -17.36%p   35/100

[excl]
  조합                                            avg      mdd  sharpe |      lift     wins
  ------------------------------------------------------------------------------------------
 ★A. baseline (현행 v83.3: current + 90/10)   +50.48%  -27.18%  +1.51 |   +0.00%p    0/100
  B. + dd_30_20 단독                          +64.25%  -27.18%  +1.54 |  +13.77%p   85/100
  C. + 2step_t15 단독                         +53.97%  -28.70%  +1.79 |   +3.49%p   63/100
  D. + 둘 다 결합                               +57.71%  -28.70%  +2.01 |   +7.24%p   75/100

==============================================================================================================
★ 두 환경 평균 — 어느 조합이 진짜 최강?
==============================================================================================================
  조합                                         i_lift   i_win   e_lift   e_win       avg
  ------------------------------------------------------------------------------------------
  A. 현행 (90/10 + current)                    +0.00%p    0/100   +0.00%p    0/100   +0.00%p
  B. dd_30_20 단독                            -15.66%p   38/100  +13.77%p   85/100   -0.94%p
  C. 2step_t15 단독                            +1.80%p   79/100   +3.49%p   63/100   +2.65%p
  D. dd_30_20 + 2step_t15 (둘 다)             -17.36%p   35/100   +7.24%p   75/100   -5.06%p
