==============================================================================================================
Phase 4 — 극단 변형 + 새 아이디어
==============================================================================================================

config                                         R avg    R wins     M avg   M wins  worst MDD
--------------------------------------------------------------------------------------------------------------
baseline (3,10,3) 균등                        +97.84%         ★ +108.29%        ★    -18.29% [13s]
★ Phase 3 winner (3,10,2) 80/20 b=3        +146.46%   500/500 +164.91%    12/12    -19.82% [18s]
(4,10,2) 80/20 b=3                         +146.46%   500/500 +164.91%    12/12    -19.82% [18s]
(5,10,2) 80/20 b=3                         +146.46%   500/500 +164.91%    12/12    -19.82% [17s]
(10,10,2) 80/20 b=3                        +146.46%   500/500 +164.91%    12/12    -19.82% [17s]
(1,10,1) 100% b=0                          +121.93%   499/500 +137.86%    11/12    -23.90% [17s]
(3,10,1) 100% b=3                          +138.95%   500/500 +156.23%    12/12    -23.90% [17s]
(5,10,1) 100% b=3                          +138.95%   500/500 +156.23%    12/12    -23.90% [17s]
(3,10,2) 80/20 b=3 strict (-5%)            +146.46%   500/500 +164.91%    12/12    -19.82% [17s]
(3,10,2) 80/20 b=3 strict (-10%)           +146.46%   500/500 +164.91%    12/12    -19.82% [17s]
(3,10,2) 80/20 b=3 + C1 penalty=1          +145.46%   500/500 +162.98%    12/12    -19.82% [17s]
(3,10,2) 80/20 b=3 + C1 penalty=2          +145.33%   500/500 +162.98%    12/12    -19.82% [17s]
(3,10,2) 80/20 b=3 + C3 penalty=5          +146.46%   500/500 +164.91%    12/12    -19.82% [17s]
(4,10,2) 80/20 b=3 strict (-5%)            +146.46%   500/500 +164.91%    12/12    -19.82% [17s]
(5,10,2) 70/30 b=3                         +142.70%   500/500 +159.39%    12/12    -19.98% [18s]
(5,10,2) 90/10 b=3                         +150.12%   500/500 +170.36%    12/12    -21.77% [18s]

==============================================================================================================
TOP 10 by random avg lift
==============================================================================================================
rank  config                                         R lift    R wins     M lift   M wins      M min      M max      MDD
------------------------------------------------------------------------------------------------------------------------
   1 (5,10,2) 90/10 b=3                           +52.28%p  500/500   +62.08%p   12/12   +16.04%p  +118.80%p  -21.77%
   2 ★ Phase 3 winner (3,10,2) 80/20 b=3          +48.62%p  500/500   +56.63%p   12/12   +18.43%p  +106.90%p  -19.82%
   3 (5,10,2) 80/20 b=3                           +48.62%p  500/500   +56.63%p   12/12   +18.43%p  +106.90%p  -19.82%
   4 (4,10,2) 80/20 b=3 strict (-5%)              +48.62%p  500/500   +56.63%p   12/12   +18.43%p  +106.90%p  -19.82%
   5 (4,10,2) 80/20 b=3                           +48.62%p  500/500   +56.63%p   12/12   +18.43%p  +106.90%p  -19.82%
   6 (3,10,2) 80/20 b=3 strict (-5%)              +48.62%p  500/500   +56.63%p   12/12   +18.43%p  +106.90%p  -19.82%
   7 (3,10,2) 80/20 b=3 strict (-10%)             +48.62%p  500/500   +56.63%p   12/12   +18.43%p  +106.90%p  -19.82%
   8 (3,10,2) 80/20 b=3 + C3 penalty=5            +48.62%p  500/500   +56.63%p   12/12   +18.43%p  +106.90%p  -19.82%
   9 (10,10,2) 80/20 b=3                          +48.62%p  500/500   +56.63%p   12/12   +18.43%p  +106.90%p  -19.82%
  10 (3,10,2) 80/20 b=3 + C1 penalty=1            +47.62%p  500/500   +54.69%p   12/12    +6.84%p  +106.90%p  -19.82%
  11 (3,10,2) 80/20 b=3 + C1 penalty=2            +47.49%p  500/500   +54.69%p   12/12    +6.84%p  +106.90%p  -19.82%
  12 (5,10,2) 70/30 b=3                           +44.86%p  500/500   +51.10%p   12/12   +20.78%p   +94.97%p  -19.98%
  13 (5,10,1) 100% b=3                            +41.12%p  500/500   +47.94%p   12/12    +7.26%p   +91.91%p  -23.90%
  14 (3,10,1) 100% b=3                            +41.12%p  500/500   +47.94%p   12/12    +7.26%p   +91.91%p  -23.90%
  15 (1,10,1) 100% b=0                            +24.09%p  499/500   +29.58%p   11/12    -1.91%p   +51.98%p  -23.90%

총 소요: 272.6s
