====================================================================================================
B: Exit threshold extension BT — rank > X 비교
N_SEEDS=500 × 3 = 1500 sim/X
====================================================================================================
[Load] 69 거래일

X           avg       med  worst MDD  sharpe
------------------------------------------------------------
   X=8     +88.33%  +101.55%    -18.18%  +2.13
★ X=10    +95.68%  +108.47%    -18.18%  +2.21
   X=12    +92.31%   +98.20%    -18.18%  +2.15
   X=15    +83.89%   +96.68%    -18.18%  +2.53
   X=20    +85.73%   +96.04%    -19.80%  +2.37
   X=25    +85.55%   +93.82%    -19.80%  +2.26
   X=30    +83.94%   +94.84%    -19.80%  +2.27

====================================================================================================
paired vs X=10 (current baseline)
====================================================================================================
X       avg lift      worst       best       wins         verdict
----------------------------------------------------------------------
  X=8      -7.35%p   -10.40%p    -1.56%p     0/500  ✗ 열세
  X=12     -3.37%p   -18.04%p    +8.69%p   136/500  ✗ 열세
  X=15    -11.79%p   -34.02%p    +6.32%p    31/500  ✗ 열세
  X=20     -9.95%p   -21.80%p    +6.07%p    14/500  ✗ 열세
  X=25    -10.13%p   -25.60%p    +3.80%p    23/500  ✗ 열세
  X=30    -11.74%p   -26.38%p    +2.23%p    10/500  ✗ 열세
