====================================================================================================
v80.10 진입/이탈/슬롯 grid 재최적화 (12시작일)
====================================================================================================
Grid: entry ∈ [1, 2, 3, 5, 8] × exit ∈ [5, 8, 10, 15, 20] × slots ∈ [1, 2, 3, 5]
총 조합: 100개
데이터: 2026-02-12 ~ 2026-05-08 (60일)

entry  exit slots       avg      MDD   risk  
------------------------------------------------------------
=== Top 10 by avg return ===
    1     5     1  +160.75%  -20.88%  7.70
    1     8     1  +160.75%  -20.88%  7.70
    1    10     1  +160.75%  -20.88%  7.70
    1    15     1  +160.75%  -20.88%  7.70
    1    20     1  +160.75%  -20.88%  7.70
    2     5     1  +160.75%  -20.88%  7.70
    2     8     1  +160.75%  -20.88%  7.70
    2    10     1  +160.75%  -20.88%  7.70
    2    15     1  +160.75%  -20.88%  7.70
    2    20     1  +160.75%  -20.88%  7.70

=== Top 10 by risk_adj ===
    1     5     1  +160.75%  -20.88%  7.70
    1     8     1  +160.75%  -20.88%  7.70
    1    10     1  +160.75%  -20.88%  7.70
    1    15     1  +160.75%  -20.88%  7.70
    1    20     1  +160.75%  -20.88%  7.70
    2     5     1  +160.75%  -20.88%  7.70
    2     8     1  +160.75%  -20.88%  7.70
    2    10     1  +160.75%  -20.88%  7.70
    2    15     1  +160.75%  -20.88%  7.70
    2    20     1  +160.75%  -20.88%  7.70

=== 현재 production (entry=3, exit=8, slots=3) ===
  avg=+111.77% MDD=-18.18% risk=6.15
  avg 순위: 43/66
  risk 순위: 36/66

=== 차원별 평균 ===

entry:
    1: n= 5, avg_ret=+160.75%, avg_risk=7.70
    2: n=10, avg_ret=+144.82%, avg_risk=6.79
    3: n=15, avg_ret=+130.55%, avg_risk=6.40
    5: n=20, avg_ret=+115.78%, avg_risk=5.86
    8: n=16, avg_ret=+117.28%, avg_risk=5.91

exit:
    5: n=10, avg_ret=+127.10%, avg_risk=6.21
    8: n=14, avg_ret=+127.47%, avg_risk=6.33
   10: n=14, avg_ret=+134.65%, avg_risk=6.67
   15: n=14, avg_ret=+128.84%, avg_risk=6.33
   20: n=14, avg_ret=+118.42%, avg_risk=5.82

slots:
    1: n=24, avg_ret=+160.75%, avg_risk=7.70
    2: n=19, avg_ret=+128.86%, avg_risk=5.88
    3: n=14, avg_ret=+102.99%, avg_risk=5.66
    5: n= 9, avg_ret=+72.67%, avg_risk=4.28
