총 33 변형
entry_top 2로 재BT (production v83.3 슬롯 (2,10,2))
==============================================================================================================
★ 최종 결합 BT — 4조합 × 2환경
  필터:   current vs dd60_30 (60일 -30% drawdown 제외)
  weight: fixed_90_10 (v83.3) vs 2step_t15_100_50 (gap≥15 100/0, else 50/50)
  환경:   MU+SNDK 포함 (incl) / 제외 (excl)
  seeds:  100 × 3 paired
==============================================================================================================

[step 0] 60일 high precompute...
  done (63043 entries)

[incl_MU+SNDK포함 | current] DB 생성...
  regen 2.9s
  fixed_90_10  avg=+121.67% med=+125.16% std= 61.3 mdd=-21.60% maxday=-9.60% sharpe=+1.98 [3.8s]
  2step_t15    avg=+123.47% med=+128.96% std= 60.8 mdd=-23.90% maxday=-9.92% sharpe=+2.03 [3.8s]

[incl_MU+SNDK포함 | dd60_30] DB 생성...
  regen 3.0s
  fixed_90_10  avg=+129.76% med=+127.63% std= 69.1 mdd=-21.60% maxday=-9.60% sharpe=+1.88 [4.4s]
  2step_t15    avg=+126.15% med=+124.67% std= 64.3 mdd=-23.90% maxday=-9.92% sharpe=+1.96 [4.4s]

[excl_MU+SNDK제외 | current] DB 생성...
  regen 3.0s
  fixed_90_10  avg=+50.48% med=+45.17% std= 33.5 mdd=-27.18% maxday=-13.37% sharpe=+1.51 [4.6s]
  2step_t15    avg=+53.97% med=+58.19% std= 30.2 mdd=-28.70% maxday=-14.19% sharpe=+1.79 [4.6s]

[excl_MU+SNDK제외 | dd60_30] DB 생성...
  regen 3.2s
  fixed_90_10  avg=+50.48% med=+45.17% std= 33.5 mdd=-27.18% maxday=-13.37% sharpe=+1.51 [4.1s]
  2step_t15    avg=+53.97% med=+58.19% std= 30.2 mdd=-28.70% maxday=-14.19% sharpe=+1.79 [3.8s]

==============================================================================================================
★ 최종 매트릭스 — paired lift vs production baseline (incl + current + fixed_90_10)
==============================================================================================================
  조합                                              avg    std     MDD  maxday |       lift       wins
  ----------------------------------------------------------------------------------------------------
 ★A. baseline (현행 v83.3)                   +121.67%  61.3 -21.60%  -9.60% |    +0.00%p     0/100
  B. + 진입필터 dd60_30 만                      +129.76%  69.1 -21.60%  -9.60% |    +8.09%p    87/100
  C. + dynamic weight 2step_t15 만          +123.47%  60.8 -23.90%  -9.92% |    +1.80%p    79/100
  D. + 둘 다 (dd60_30 + 2step_t15)           +126.15%  64.3 -23.90%  -9.92% |    +4.48%p    94/100
  ----------------------------------------------------------------------------------------------------
  E. excl: baseline (current + 90_10)       +50.48%  33.5 -27.18% -13.37% |   -71.19%p     0/100
  F. excl: + dd60_30 만                      +50.48%  33.5 -27.18% -13.37% |   -71.19%p     0/100
  G. excl: + 2step_t15 만                    +53.97%  30.2 -28.70% -14.19% |   -67.70%p     0/100
  H. excl: + 둘 다                            +53.97%  30.2 -28.70% -14.19% |   -67.70%p     0/100

==============================================================================================================
★ 효과 분해 (MU+SNDK 포함 환경)
==============================================================================================================
  dd60_30 진입필터 단독                          lift   +8.09%p (median +8.50%p) wins 87/100
  2step_t15 dynamic weight 단독              lift   +1.80%p (median +1.17%p) wins 79/100
  둘 다 결합                                   lift   +4.48%p (median +4.63%p) wins 94/100

==============================================================================================================
★ 효과 분해 (MU+SNDK 제외 환경, robust 검증)
==============================================================================================================
  dd60_30 진입필터 단독                          lift   +0.00%p (median +0.00%p) wins 0/100
  2step_t15 dynamic weight 단독              lift   +3.49%p (median +3.43%p) wins 63/100
  둘 다 결합                                   lift   +3.49%p (median +3.43%p) wins 63/100
