총 33 변형
==============================================================================================================
★ 최종 결합 BT — 4조합 × 2환경
  필터:   current vs dd60_30 (60일 -30% drawdown 제외)
  weight: fixed_90_10 (v83.3) vs 2step_t15_100_50 (gap≥15 100/0, else 50/50)
  환경:   MU+SNDK 포함 (incl) / 제외 (excl)
  seeds:  100 × 3 paired
==============================================================================================================

[step 0] 60일 high precompute...
  done (63043 entries)

[incl_MU+SNDK포함 | current] DB 생성...
  regen 2.9s
  fixed_90_10  avg=+121.96% med=+125.16% std= 61.6 mdd=-21.60% maxday=-9.60% sharpe=+1.98 [3.7s]
  2step_t15    avg=+124.68% med=+128.96% std= 61.9 mdd=-23.90% maxday=-9.92% sharpe=+2.02 [3.7s]

[incl_MU+SNDK포함 | dd60_30] DB 생성...
  regen 2.7s
  fixed_90_10  avg=+130.15% med=+127.63% std= 69.2 mdd=-21.60% maxday=-9.60% sharpe=+1.88 [4.1s]
  2step_t15    avg=+126.43% med=+124.67% std= 64.3 mdd=-23.90% maxday=-9.92% sharpe=+1.97 [4.0s]

[excl_MU+SNDK제외 | current] DB 생성...
  regen 3.3s
  fixed_90_10  avg=+52.44% med=+50.14% std= 34.4 mdd=-27.18% maxday=-13.37% sharpe=+1.53 [4.4s]
  2step_t15    avg=+55.99% med=+60.95% std= 31.4 mdd=-28.70% maxday=-14.19% sharpe=+1.78 [5.0s]

[excl_MU+SNDK제외 | dd60_30] DB 생성...
  regen 3.2s
  fixed_90_10  avg=+52.44% med=+50.14% std= 34.4 mdd=-27.18% maxday=-13.37% sharpe=+1.53 [3.9s]
  2step_t15    avg=+55.99% med=+60.95% std= 31.4 mdd=-28.70% maxday=-14.19% sharpe=+1.78 [4.0s]

==============================================================================================================
★ 최종 매트릭스 — paired lift vs production baseline (incl + current + fixed_90_10)
==============================================================================================================
  조합                                              avg    std     MDD  maxday |       lift       wins
  ----------------------------------------------------------------------------------------------------
 ★A. baseline (현행 v83.3)                   +121.96%  61.6 -21.60%  -9.60% |    +0.00%p     0/100
  B. + 진입필터 dd60_30 만                      +130.15%  69.2 -21.60%  -9.60% |    +8.19%p    92/100
  C. + dynamic weight 2step_t15 만          +124.68%  61.9 -23.90%  -9.92% |    +2.72%p    86/100
  D. + 둘 다 (dd60_30 + 2step_t15)           +126.43%  64.3 -23.90%  -9.92% |    +4.47%p    95/100
  ----------------------------------------------------------------------------------------------------
  E. excl: baseline (current + 90_10)       +52.44%  34.4 -27.18% -13.37% |   -69.52%p     0/100
  F. excl: + dd60_30 만                      +52.44%  34.4 -27.18% -13.37% |   -69.52%p     0/100
  G. excl: + 2step_t15 만                    +55.99%  31.4 -28.70% -14.19% |   -65.97%p     0/100
  H. excl: + 둘 다                            +55.99%  31.4 -28.70% -14.19% |   -65.97%p     0/100

==============================================================================================================
★ 효과 분해 (MU+SNDK 포함 환경)
==============================================================================================================
  dd60_30 진입필터 단독                          lift   +8.19%p (median +8.55%p) wins 92/100
  2step_t15 dynamic weight 단독              lift   +2.72%p (median +2.59%p) wins 86/100
  둘 다 결합                                   lift   +4.47%p (median +4.43%p) wins 95/100

==============================================================================================================
★ 효과 분해 (MU+SNDK 제외 환경, robust 검증)
==============================================================================================================
  dd60_30 진입필터 단독                          lift   +0.00%p (median +0.00%p) wins 0/100
  2step_t15 dynamic weight 단독              lift   +3.55%p (median +4.11%p) wins 63/100
  둘 다 결합                                   lift   +3.55%p (median +4.11%p) wins 63/100
