====================================================================================================
Investment Clock 7년 BT (2019-01-01 ~ 2026-05-29)
====================================================================================================
data: (4024, 15), range 2018-05-29 ~ 2026-05-29

--- 1. Baseline (SPY buy-hold) ---
  SPY: total +202.4%, CAGR +16.15%, MDD -34.10%, Sharpe 0.86, Calmar 0.47
  XLK: total +516.0%, CAGR +27.90%, MDD -34.02%, Sharpe 1.06, Calmar 0.82

--- 2. Investment Clock (4-state classifier) ---
  Clock 4-state: total +123.0%, CAGR +5.58%, MDD -31.47%, Sharpe 0.51, Calmar 0.18

  State 분포 (월별 86개):
    summer          48회 (53.9%)
    autumn          26회 (29.2%)
    winter          10회 (11.2%)
    spring          5회 (5.6%)

--- 3. Investment Clock (12-state classifier, Buffett 선행 매수 포함) ---
  Clock 12-state: total +170.9%, CAGR +6.97%, MDD -29.91%, Sharpe 0.60, Calmar 0.23
  State 분포:
    summer          28회 (31.5%)
    spring          24회 (27.0%)
    autumn          16회 (18.0%)
    late_summer     9회 (10.1%)
    late_autumn     6회 (6.7%)
    late_winter     4회 (4.5%)
    winter          2회 (2.2%)

--- 4. 약세장 분리 분석 ---
  기간             SPY                      Clock 12-state                     Alpha
  2020 COVID       -17.5% MDD -34.1%    -25.7% MDD -42.0%    -8.1%p
  2022 인플레         -19.9% MDD -25.4%     +1.1% MDD -19.7%   +21.0%p

--- 5. 강세장 분리 분석 (Clock vs SPY) ---
  기간                       SPY                      Clock 12                           Alpha
  2019 강세                    +28.7% MDD  -6.6%    +22.5% MDD -10.0%    -6.1%p
  2020-21 복구                 +71.0% MDD  -9.8%    +77.7% MDD -11.6%    +6.7%p
  2023-24 AI                 +53.9% MDD -10.3%    +35.6% MDD  -9.6%   -18.3%p
  2025-26 AI continuation    +29.4% MDD -19.0%    +29.9% MDD -19.3%    +0.5%p

====================================================================================================
★ 종합 평가 — 7년 누적
====================================================================================================
Strategy                     Return     CAGR      MDD   Sharpe   Calmar
---------------------------------------------------------------------------
  SPY buy-hold              +202.4%  +16.15%  -34.10%    0.86    0.47
  XLK buy-hold (tech)       +516.0%  +27.90%  -34.02%    1.06    0.82
  Clock 4-state             +123.0%   +5.58%  -31.47%    0.51    0.18
  Clock 12-state            +170.9%   +6.97%  -29.91%    0.60    0.23
