====================================================================================================
KR Leave-one-winner-out — 대박 종목 빼면 alpha 유지되는가?
====================================================================================================
8년 BT, 95 rebal

2026년 ranking 자주 등장 top 10:
  000660: 14회
  267260: 14회
  033100: 11회
  119850: 10회
  089970: 9회
  042700: 8회
  067160: 7회
  000990: 7회
  007340: 7회
  003230: 7회

각 picks의 8년 buy-hold (대박 확인):
  000660: +1629% (등장 14회)
  267260: +4502% (등장 14회)
  033100: +1002% (등장 11회)
  119850: +641% (등장 10회)
  042700: +4270% (등장 8회)
  067160: +21% (등장 7회)
  000990: +756% (등장 7회)
  007340: +680% (등장 7회)
  003230: +1102% (등장 7회)

--- Leave-out BT ---
  baseline (전체 picks): 누적 +1844.9%, CAGR +46.03%

  Top 5 picks 제외 (000660, 267260, 033100, 119850, 089970):
    누적 +419.8%, CAGR +23.40%
    baseline 대비 alpha 변화: -22.62%p

  Top 10 picks 제외:
    누적 +139.0%, CAGR +11.76%
    baseline 대비 alpha 변화: -34.27%p

  각 winner 단독 제외 시 alpha 영향:
    종목               누적%     CAGR%    vs baseline
    000660      +1310.0%   +40.16%        -5.87%p
    267260      +1227.1%   +39.08%        -6.95%p
    033100      +1982.5%   +47.31%        +1.28%p
    119850      +1026.6%   +36.20%        -9.83%p
    089970      +1729.4%   +44.89%        -1.14%p
    042700      +1657.8%   +44.15%        -1.87%p
    067160      +1484.8%   +42.26%        -3.76%p

  TIGER 200 buy-hold: 누적 +257.9%, CAGR +17.67%

  ★ Top 5 제외 시스템 vs TIGER 200 alpha: +5.74%p
  ★ Top 10 제외 시스템 vs TIGER 200 alpha: -5.91%p
