====================================================================================================
KR Production 룰 — 연도별 + Slot 변형 BT
====================================================================================================

--- 1. Slot 변형 비교 (전체 8년, entry=3, exit=4, SL-10%) ---
Slot           거래        승률      평균%        누적(만)    SL%     종목수
-----------------------------------------------------------------
  slot 1        128    53/128    +4.8%        +618    22%      64
  slot 2        256   110/256    +6.2%      +1,592    20%     102
  slot 3        383   165/383    +5.2%      +2,000    19%     138
  slot 4        404   175/404    +4.9%      +1,988    19%     141
  slot 5        404   175/404    +4.9%      +1,988    19%     141

--- 2. Entry rank 변형 (slot 3, exit=4) ---
Entry          거래        승률      평균%        누적(만)
--------------------------------------------------
  entry≤2       244   100/244    +6.2%      +1,507
  entry≤3       383   165/383    +5.2%      +2,000
  entry≤4       500   208/500    +3.8%      +1,924
  entry≤5       605   266/605    +3.6%      +2,165

--- 3. Exit rank 변형 (entry=3, slot 3) ---
Exit           거래        승률      평균%        누적(만)
--------------------------------------------------
  exit>3        501   222/501    +3.6%      +1,786
  exit>4        383   165/383    +5.2%      +2,000
  exit>5        333   137/333    +4.0%      +1,341
  exit>7        287   118/287    +5.5%      +1,569
  exit>10        259   100/259    +4.3%      +1,113

--- 4. SL 변형 (entry=3, exit=4, slot 3) ---
SL             거래        승률      평균%        누적(만)    SL%
------------------------------------------------------------
  -5%           469   179/469    +4.5%      +2,118    40%
  -7%           423   170/423    +4.8%      +2,034    29%
  -10%          383   165/383    +5.2%      +2,000    19%
  -15%          363   161/363    +5.6%      +2,017     9%
  -20%          347   156/347    +5.6%      +1,945     4%
  No SL         336   155/336    +5.8%      +1,959     0%

--- 5. 연도별 Production BT (current 룰) ---
기간                     거래        승률      평균%        누적(만)    SL%
-----------------------------------------------------------------
  2019 강세                85     46/85    +2.6%        +220     4%
  2020 COVID             46     21/46    +3.4%        +155    30%
  2021 횡보                41     14/41    +3.1%        +128    29%
  2022 약세 ⭐              49     12/49    -3.1%        -150    31%
  2023 회복                47     24/47    +1.5%         +71    19%
  2024 AI                43     17/43    +4.9%        +211    30%
  2025-26 YTD            44     20/44   +28.3%      +1,244    11%

--- 6. 최적 (entry, exit, slot, SL) 탐색 (전체 8년 평균 거래수익률 기준) ---
  E  X  S        평균%        누적(만)      승률%     거래
  ---------------------------------------------
  3  4  3      +5.2%      +2,000   +43.1%    383 ⭐ current
  3  4  5      +4.9%      +1,988   +43.3%    404
  4  7  5      +3.7%      +1,725   +40.2%    460
  3  7  5      +4.7%      +1,601   +39.2%    339
  3  4  2      +6.2%      +1,592   +43.0%    256
  4  5  5      +3.0%      +1,579   +41.4%    522
  3  7  3      +5.5%      +1,569   +41.1%    287
  2  4  3      +6.2%      +1,507   +41.0%    244
  2  4  5      +5.9%      +1,461   +40.7%    246
  4  7  3      +4.5%      +1,424   +40.7%    317
  2  4  2      +6.7%      +1,397   +42.6%    209
  2  7  3      +6.3%      +1,378   +39.9%    218
  3  5  3      +4.0%      +1,341   +41.1%    333
  4  5  3      +3.5%      +1,329   +41.6%    385
  2  7  5      +5.7%      +1,312   +38.4%    229
