Loading market_cap files...
  loaded 2075 MC files
====================================================================================================
KR 시스템 8년 BT — 2018-2026, 시기별 분리
====================================================================================================
리밸런싱 95회 (2018-07-02 ~ 2026-05-04)

--- 1. 전체 기간 BT ---
  전략                                  최종       누적%     CAGR      MDD  Sharpe  Calmar
  ------------------------------------------------------------------------------
  기존 시스템 (top3)                   1944.9  +1844.9%  +46.03%  -54.74%    0.92    0.84
  시총 5천억+ filter                  1632.0  +1532.0%  +42.80%  -58.47%    0.87    0.73
  시총 1조+ filter                   1759.3  +1659.3%  +44.17%  -48.16%    0.78    0.92
  시총 1천억-5천억 (중형)                  122.5    +22.5%   +2.62%  -81.54%    0.26    0.03
  top5 균등 (시총 무관)                 1085.4   +985.4%  +35.55%  -34.95%    0.90    1.02

  --- ETF/지수 buy-hold ---
  TIGER 200                        357.9   +257.9%  +17.67%  -36.08%
  KODEX 코스닥150                     149.6    +49.6%   +5.27%  -49.76%
  KODEX 반도체                        554.4   +454.4%  +24.42%  -45.97%
  KOSPI                            305.4   +205.4%  +15.31%  -38.12%
  삼성전자                             510.4   +410.4%  +23.12%  -45.16%
  SK하이닉스                          1728.8  +1628.8%  +43.85%  -49.49%

--- 2. 연도별 분리 (기존 vs 신규 vs TIGER 200) ---
기간                            기존       신규(5천억+)   TIGER 200
  2019                   +22.3%        -10.3%      +13.5%
  2020 (COVID)           +23.6%        +34.7%      +34.1%
  2021                   -14.5%        +19.0%       -1.4%
  2022 (약세장)             -15.5%        -33.1%      -25.9%
  2023                   -26.3%         -1.3%      +23.3%
  2024                   +76.7%       +110.7%      -12.0%
  2025-26 YTD           +857.8%       +402.5%     +321.4%

====================================================================================================
★ 종합
====================================================================================================
주의: monthly rebalancing, slippage·세금 0 가정. 실제 라이브는 -15~30%p 차감 가능.
