====================================================================================================
PART 1 — KR 대형주 vs 소형주 ETF 8년 비교
====================================================================================================
data: (1959, 13), 2018-06-01~2026-06-01

종목                           누적    CAGR      MDD   Sharpe   Calmar
---------------------------------------------------------------------------
  KOSPI                   +262.4% +18.01%  -41.00%    0.86    0.44
  KOSDAQ                   +18.5%  +2.21%  -51.76%    0.22    0.04
  TIGER 200 (대형)          +353.0% +21.74%  -36.34%    0.95    0.60
  KODEX 코스닥150             +23.1%  +2.74%  -51.66%    0.24    0.05
  KODEX 200 IT            +436.5% +24.47%  -34.82%    1.05    0.70
  KODEX 반도체               +519.1% +26.80%  -45.97%    0.85    0.58
  삼성전자                    +578.8% +27.95%  -45.16%    0.94    0.62
  SK하이닉스                 +2486.4% +51.99%  -49.49%    1.16    1.05
  카카오                     +109.8% +10.01%  -80.65%    0.44    0.12
  NAVER                   +116.5% +10.46%  -65.86%    0.45    0.16
  KODEX 종합채권               +10.7%  +1.33%  -13.19%    0.41    0.10

--- 기간 분리 (대형 vs 소형) ---
기간                       KOSPI         KOSDAQ       TIGER200         코스닥150          삼전        하이닉스
  2019               +9.3%      +0.1%     +13.5%      -9.7%     +44.0%     +55.3%
  2020 COVID        +32.1%     +43.7%     +34.1%     +48.4%     +46.7%     +25.1%
  2021 강세            +1.1%      +5.8%      -1.4%      -2.1%      -5.7%      +4.0%
  2022 약세           -25.2%     -34.2%     -25.9%     -34.8%     -29.7%     -41.6%
  2023 회복           +19.3%     +29.0%     +23.3%     +45.7%     +41.4%     +86.9%
  2024 AI           -10.1%     -22.8%     -12.0%     -19.8%     -33.2%     +22.1%
  2025-26 (YTD)    +253.3%     +56.5%    +321.4%     +65.5%    +493.6%   +1262.7%

====================================================================================================
PART 2 — 코스피 vs 코스닥 사이클 (12개월 rolling 상대 성과)
====================================================================================================
  코스피 outperform 일수: 1040 (62%)
  코스닥 outperform 일수: 647 (38%)
  최근 1년 코스피 outperform: 252/252일 (100%)
  최근 1년 평균 spread: +40.35%p (양수 = 코스피 우위)

====================================================================================================
PART 3 — 본인 KR 시스템 picks의 대형/소형 비중 분석
====================================================================================================
2026년 ranking 파일 수: 99
  Top 30 가장 자주 등장한 picks (2026년):
    089970: 99회
    000660: 99회
    006910: 98회
    037460: 88회
    095610: 64회
    031330: 55회
    170920: 44회
    007810: 43회
    327260: 35회
    161390: 32회
    264660: 31회
    217820: 25회
    187870: 23회
    124500: 22회
    267250: 21회
    023590: 19회
    017960: 19회
    017510: 18회
    265740: 17회
    089890: 16회
    219130: 14회
    019180: 11회
    010820: 11회
    254490: 9회
    100840: 8회
    005960: 8회
    309960: 7회
    080220: 7회
    356860: 6회
    005930: 5회

====================================================================================================
PART 4 — 본인 OHLCV 데이터로 2024-26 대형/소형 비교
====================================================================================================
  기간: 2024-01-01 ~ 2026-05-29
  대형주 (sample 7):
    005930:  +298.2% MDD-100.0%
    000660: +1538.3% MDD-100.0%
    005380:  +260.6% MDD-100.0%
    068270:   -16.7% MDD-100.0%
    005490:   -13.2% MDD-100.0%
    035420:    +2.9% MDD-100.0%
    051910:   -25.6% MDD-100.0%
  소형주 (시스템 자주 등장 picks):
    089970:  +307.6% MDD-100.0%
    000660: +1538.3% MDD-100.0%
    006910:  +192.6% MDD-100.0%
    037460:  +434.2% MDD-100.0%
    095610:  +474.0% MDD-100.0%
    031330:  +447.2% MDD-100.0%
    170920:  +153.0% MDD-100.0%

====================================================================================================
★ 결론
====================================================================================================
