====================================================================================================
KR 시스템 picks 시총 분석 + 신규 universe BT
====================================================================================================
  ranking 파일 585개

--- 1. 시스템 picks 시총 분포 분석 ---
  20240102: top10 — 5천억+ 5, 1천억-5천억 5, <1천억 0  대형비율 50%
  20240401: top10 — 5천억+ 8, 1천억-5천억 2, <1천억 0  대형비율 80%
  20240701: top10 — 5천억+ 6, 1천억-5천억 4, <1천억 0  대형비율 60%
  20241002: top10 — 5천억+ 8, 1천억-5천억 2, <1천억 0  대형비율 80%
  20250102: top10 — 5천억+ 8, 1천억-5천억 2, <1천억 0  대형비율 80%
  20250401: top10 — 5천억+ 5, 1천억-5천억 5, <1천억 0  대형비율 50%
  20250702: top10 — 5천억+ 8, 1천억-5천억 2, <1천억 0  대형비율 80%
  20251002: top10 — 5천억+ 7, 1천억-5천억 3, <1천억 0  대형비율 70%
  20260102: top10 — 5천억+ 5, 1천억-5천억 5, <1천억 0  대형비율 50%
  20260401: top10 — 5천억+ 6, 1천억-5천억 4, <1천억 0  대형비율 60%

  평균 대형주(5천억+) 비율: 66%

--- 2. Filter 적용 시뮬: 매일 top 10 중 5천억+ 만 선별 → top 3 매수 ---
date      original                 filtered                 picks불충분? 
  20250901  095610(1), 000660(2), 1  095610(1), 000660(2), 0  
  20250929  095610(1), 000660(2), 0  095610(1), 000660(2), 2  
  20251103  095610(1), 000660(2), 0  095610(1), 000660(2), 0  
  20251201  089970(1), 000660(2), 0  089970(1), 000660(2), 0  
  20251230  089970(1), 000660(2), 0  089970(1), 000660(2), 0  
  20260129  089970(1), 000660(2), 0  089970(1), 000660(2), 0  
  20260304  089970(1), 187870(2), 0  089970(1), 000660(3), 1  
  20260401  000660(1), 006910(2), 0  000660(1), 089970(3), 3  
  20260429  006910(1), 000660(2), 0  006910(1), 000660(2), 0  

--- 3. 가상 BT: 시총 5천억+ 필터, 월 1회 리밸런싱, 3종목 균등 ---
  리밸런싱 횟수: 29회

  📊 BT 결과 (2024-01-02 ~ 2026-05-04)
  시스템                                 최종        누적
  기존 (top3 시총무관)                 1646.96   +1547.0%
  신규 (top3 시총5천억+)               1169.77   +1069.8%
  TIGER 200 (대형주 buy-hold)        288.72    +188.7%

  기간: 2.3년
  기존 CAGR: +231.88%
  신규 CAGR: +186.65%
