====================================================================================================
KR Production 룰 정확 BT — daily ranking (rank≤3 entry, rank>4 exit, SL -10%, slot 3)
====================================================================================================
ranking dates: 1941 (2018-07-02 ~ 2026-05-29)

총 매매 cycle: 383

📊 Production 룰 BT — 누적 수익 Top 20:
  순위   종목         거래       승률       평균%          누적(만)   SL  rank>4
  ------------------------------------------------------------------------
  1    000660      7      2/7    +94.2%         +659    1       6
  2    119850      2      1/2   +159.4%         +319    1       1
  3    267260      6      4/6    +34.2%         +205    1       5
  4    088800      8      6/8    +23.6%         +189    0       8
  5    033100      6      4/6    +15.0%          +90    0       6
  6    042700      3      2/3    +27.3%          +82    0       3
  7    124500      2      1/2    +39.2%          +78    0       2
  8    064290      2      2/2    +37.4%          +75    0       2
  9    187870      1      1/1    +70.2%          +70    0       1
  10   100090      2      1/2    +28.7%          +57    1       1
  11   089970      3      1/3    +18.9%          +57    0       3
  12   206640      1      1/1    +52.7%          +53    0       1
  13   095610      2      1/2    +25.5%          +51    0       2
  14   006910      4      2/4    +12.1%          +48    0       4
  15   322000      3      2/3    +14.7%          +44    1       2
  16   008260      1      1/1    +42.0%          +42    0       1
  17   064550      7      2/7     +5.7%          +40    4       3
  18   257720      7      2/7     +5.6%          +39    2       5
  19   084650      2      1/2    +16.1%          +32    1       1
  20   093520      1      1/1    +26.0%          +26    0       1

📊 누적 손실 Bottom 15:
  순위   종목         거래       승률       평균%          누적(만)   SL  rank>4
  ------------------------------------------------------------------------
  1    063170      2      0/2     -8.7%          -17    1       1
  2    003230     10     4/10     -1.9%          -19    2       8
  3    003350      3      1/3     -6.6%          -20    2       1
  4    010950      2      0/2    -13.4%          -27    2       0
  5    031330      3      0/3     -9.5%          -28    2       1
  6    124560      1      0/1    -29.1%          -29    1       0
  7    002310      6      1/6     -5.1%          -30    2       4
  8    086980      2      0/2    -15.5%          -31    2       0
  9    230240      5      0/5     -6.8%          -34    1       4
  10   036540      5      2/5     -6.8%          -34    3       2
  11   036930      5      0/5     -7.0%          -35    2       3
  12   204270      6      0/6     -7.3%          -44    2       4
  13   215200      7      1/7     -6.4%          -44    1       6
  14   007540      5      0/5     -9.7%          -48    2       3
  15   151860      8      1/8     -6.9%          -56    4       4

💰 종합 (production 룰 정확 적용):
  총 거래: 383건
  승률: 165/383 = 43.1%
  평균 거래 수익률: +5.25%
  종목 다양성: 138개
  매도 사유: SL 73건 (19%) / rank>4 310건 (81%)
  총 누적 손익 (cycle당 100만): +2,000만원

  Top 5 종목 누적 손익 비중: 73.1%
  Top 10 종목 누적 손익 비중: 91.2%
  Top 20 종목 누적 손익 비중: 112.8%

  평균 보유 기간: 19.2일 (median 8일)
  매우 짧음 (≤7일): 187건 (49%)
  보통 (7~30일): 128건
  김 (>30일): 68건

📊 Production daily 룰 vs 단순 monthly 비교:
  Production (daily, rank>4 또는 SL): 총 거래 383건
  Monthly rebal (앞서 BT): 282건
  → Production이 136% 더 많은 회전 = winner 일찍 청산 위험
