====================================================================================================
MA20 vs production churn 비교 (Top 30 일별 변동)
====================================================================================================

[current (MA120+fallback)]
  일수: 65일
  전일 Top 30 → 오늘 NULL: 110/1881 = 5.8%
  전일 Top 10 → 오늘 NULL: 23/640 = 3.6%
  전일 Top 3 → 오늘 NULL: 5/192 = 2.6%
  전일 Top 3 → 오늘 Top 20+ 또는 NULL: 5/192 = 2.6%

[v81 (MA20)]
  일수: 65일
  전일 Top 30 → 오늘 NULL: 236/1619 = 14.6%
  전일 Top 10 → 오늘 NULL: 83/636 = 13.1%
  전일 Top 3 → 오늘 NULL: 23/192 = 12.0%
  전일 Top 3 → 오늘 Top 20+ 또는 NULL: 24/192 = 12.5%

====================================================================================================
차이 — MA20 적용 시 churn 증가/감소?
====================================================================================================
  전일 Top 30 → NULL                                           5.8% →   14.6% (Δ +8.7%p)
  전일 Top 10 → NULL                                           3.6% →   13.1% (Δ +9.5%p)
  전일 Top 3 → NULL (매수 후보 갑자기 사라짐)                            2.6% →   12.0% (Δ +9.4%p)
  전일 Top 3 → 오늘 Top 20+ / NULL (큰 점프)                        2.6% →   12.5% (Δ +9.9%p)

====================================================================================================
v81 (MA20)에서 "어제 Top 3 → 오늘 사라짐/큰 점프" 사례
====================================================================================================
  2026-02-20: STX    전일 3위 → 오늘 NULL
  2026-03-02: SNDK   전일 1위 → 오늘 NULL
  2026-03-03: MU     전일 1위 → 오늘 NULL
  2026-03-03: FORM   전일 2위 → 오늘 NULL
  2026-03-06: LITE   전일 1위 → 오늘 NULL
  2026-03-13: AVGO   전일 2위 → 오늘 NULL
  2026-03-18: SNDK   전일 1위 → 오늘 NULL
  2026-03-20: FORM   전일 1위 → 오늘 NULL
  2026-03-23: MU     전일 1위 → 오늘 NULL
  2026-03-26: STX    전일 2위 → 오늘 NULL
  2026-03-30: LITE   전일 3위 → 오늘 NULL
  2026-03-30: FORM   전일 1위 → 오늘 NULL
  2026-03-30: FIVE   전일 2위 → 오늘 NULL
  2026-03-31: FRO    전일 2위 → 오늘 NULL
  2026-04-06: TTMI   전일 3위 → 오늘 NULL
  2026-04-08: CF     전일 2위 → 오늘 NULL
  2026-04-09: FIVE   전일 2위 → 오늘 NULL
  2026-04-15: FAF    전일 3위 → 오늘 NULL
  2026-04-17: CRDO   전일 3위 → 오늘 NULL
  2026-04-28: LITE   전일 3위 → 오늘 NULL
  ... 외 4건
