==============================================================================================================
MA20 진입만 vs 진입+매도 — Option A vs B 비교
params: entry=3, exit=10, slots=3
seeds: 100 × 3 = 300 시뮬/변형
==============================================================================================================

[baseline] production (MA120 + MA60 fallback)...
  0.5s | avg=+77.79% mdd=-18.18%

[Option A] MA20 entry + 즉시 매도 (rank=NULL → rank>10 트리거)...
  0.5s | avg=+105.36% mdd=-10.35%

[Option B] MA20 entry only, 보유는 rank>10만 (no_ma rank pool)...
  1.1s | avg=+77.50% mdd=-17.97%

==============================================================================================================
비교 (300 시뮬)
==============================================================================================================
variant                      avg    median    std       min       max      MDD      ra
----------------------------------------------------------------------------------------------------
 ★baseline (MA120+FB)    +77.79%   +86.08% 29.79   +20.06%  +137.97%  -18.18%  +4.28
  Option A (즉시 매도)      +105.36%  +117.95% 27.35   +31.01%  +144.09%  -10.35% +10.18
  Option B (보유 유지)       +77.50%   +82.67% 30.12   +19.50%  +131.57%  -17.97%  +4.31

==============================================================================================================
baseline 대비 paired lift
==============================================================================================================
  Option A (즉시 매도)          +27.57%p min=+5.32%p max=+49.74%p 100/0/0  ✓ 우월
  Option B (보유 유지)           -0.29%p min=-17.80%p max=+14.22%p 50/50/0  ~ 동등

==============================================================================================================
Option A vs Option B paired (어느 게 더 좋은가)
==============================================================================================================
  B vs A: avg_lift -27.86%p  min=-53.82%p max=-8.92%p
  paired: B 우월 0 / A 우월 100 / tie 0
