====================================================================================================
MA20 lift event-robustness — 3/30 이란 전쟁 충격 의존도 검증
====================================================================================================

Early (충격 포함): 21일 — 2026-02-12 ~ 2026-03-13
Mid (충격 전 진입): 10일 — 2026-03-16 ~ 2026-03-27
Late (충격 후): 22일 — 2026-04-06 ~ 2026-05-05

====================================================================================================
Early (2/12~3/13, 충격 포함): 21개 시작일
====================================================================================================
start_date        current       ma20       ma50   lift_ma20   lift_ma50
------------------------------------------------------------------------------------------
  2026-02-12     +113.54%   +135.89%   +154.51%     +22.35%p     +40.97%p
  2026-02-13     +113.54%   +135.89%   +154.51%     +22.35%p     +40.97%p
  2026-02-17     +113.54%   +135.89%   +154.51%     +22.35%p     +40.97%p
  2026-02-18     +100.76%   +133.86%   +152.18%     +33.10%p     +51.42%p
  2026-02-19     +106.99%   +128.65%   +146.70%     +21.66%p     +39.71%p
  2026-02-20     +100.16%   +121.49%   +138.57%     +21.33%p     +38.41%p
  2026-02-23      +98.39%   +120.09%   +136.45%     +21.70%p     +38.06%p
  2026-02-24      +91.16%   +122.23%   +131.29%     +31.07%p     +40.13%p
  2026-02-25      +86.08%   +117.33%   +125.15%     +31.25%p     +39.07%p
  2026-02-26      +87.92%   +122.11%   +127.37%     +34.19%p     +39.45%p
  2026-02-27      +87.29%   +121.94%   +135.25%     +34.65%p     +47.96%p
  2026-03-02      +96.47%   +113.53%   +137.73%     +17.06%p     +41.26%p
  2026-03-03     +112.35%   +126.36%   +151.71%     +14.01%p     +39.36%p
  2026-03-04     +109.45%   +122.73%   +143.95%     +13.28%p     +34.50%p
  2026-03-05     +118.21%   +126.78%   +153.16%      +8.57%p     +34.95%p
  2026-03-06     +137.97%   +126.97%   +172.18%     -11.00%p     +34.21%p
  2026-03-09     +114.73%   +121.94%   +148.89%      +7.21%p     +34.16%p
  2026-03-10     +111.04%   +118.38%   +131.53%      +7.34%p     +20.49%p
  2026-03-11     +107.65%   +113.38%   +127.97%      +5.73%p     +20.32%p
  2026-03-12     +113.84%   +119.09%   +134.77%      +5.25%p     +20.93%p
  2026-03-13     +106.62%   +112.71%   +125.84%      +6.09%p     +19.22%p
------------------------------------------------------------------------------------------
  avg lift: ma20 +17.60%p, ma50 +36.02%p
  wins: ma20 20/21, ma50 21/21
  min lift: ma20 -11.00%p, ma50 +19.22%p
  max lift: ma20 +34.65%p, ma50 +51.42%p

====================================================================================================
Mid (3/16~3/27, 충격 직전 진입): 10개 시작일
====================================================================================================
start_date        current       ma20       ma50   lift_ma20   lift_ma50
------------------------------------------------------------------------------------------
  2026-03-16      +98.99%   +112.44%   +118.46%     +13.45%p     +19.47%p
  2026-03-17      +77.73%   +108.96%    +97.28%     +31.23%p     +19.55%p
  2026-03-18      +92.89%   +107.98%   +110.84%     +15.09%p     +17.95%p
  2026-03-19      +88.45%   +106.65%   +106.74%     +18.20%p     +18.29%p
  2026-03-20      +84.70%   +113.91%   +109.05%     +29.21%p     +24.35%p
  2026-03-23      +79.45%   +118.16%   +107.67%     +38.71%p     +28.22%p
  2026-03-24      +72.79%   +111.15%    +98.57%     +38.36%p     +25.78%p
  2026-03-25      +74.98%   +110.62%    +84.68%     +35.64%p      +9.70%p
  2026-03-26      +83.34%   +117.95%    +91.10%     +34.61%p      +7.76%p
  2026-03-27      +86.44%   +119.87%    +93.71%     +33.43%p      +7.27%p
------------------------------------------------------------------------------------------
  avg lift: ma20 +28.79%p, ma50 +17.83%p
  wins: ma20 10/10, ma50 10/10
  min lift: ma20 +13.45%p, ma50 +7.27%p
  max lift: ma20 +38.71%p, ma50 +28.22%p

====================================================================================================
Late (4/06~5/05, 충격 후): 22개 시작일
====================================================================================================
start_date        current       ma20       ma50   lift_ma20   lift_ma50
------------------------------------------------------------------------------------------
  2026-04-06      +58.10%   +121.56%    +77.26%     +63.46%p     +19.16%p
  2026-04-07      +58.01%   +120.93%    +76.75%     +62.92%p     +18.74%p
  2026-04-08      +51.98%    +97.26%    +58.22%     +45.28%p      +6.24%p
  2026-04-09      +50.07%    +71.89%    +63.57%     +21.82%p     +13.50%p
  2026-04-10      +50.22%    +64.86%    +63.72%     +14.64%p     +13.50%p
  2026-04-13      +40.89%    +78.48%    +53.56%     +37.59%p     +12.67%p
  2026-04-14      +35.26%    +78.34%    +47.42%     +43.08%p     +12.16%p
  2026-04-15      +40.61%    +82.98%    +53.25%     +42.37%p     +12.64%p
  2026-04-16      +38.31%    +77.28%    +50.74%     +38.97%p     +12.43%p
  2026-04-17      +43.05%    +77.47%    +50.90%     +34.42%p      +7.85%p
  2026-04-20      +42.78%    +78.17%    +51.49%     +35.39%p      +8.71%p
  2026-04-21      +41.00%    +56.61%    +56.16%     +15.61%p     +15.16%p
  2026-04-22      +33.70%    +70.40%    +44.50%     +36.70%p     +10.80%p
  2026-04-23      +37.79%    +75.21%    +48.93%     +37.42%p     +11.14%p
  2026-04-24      +34.19%    +67.73%    +45.04%     +33.54%p     +10.85%p
  2026-04-27      +28.22%    +61.68%    +38.58%     +33.46%p     +10.36%p
  2026-04-28      +31.67%    +67.37%    +42.31%     +35.70%p     +10.64%p
  2026-04-29      +29.70%    +41.53%    +40.19%     +11.83%p     +10.49%p
  2026-04-30      +27.92%    +39.59%    +38.26%     +11.67%p     +10.34%p
  2026-05-01      +20.06%    +31.01%    +29.77%     +10.95%p      +9.71%p
  2026-05-04      +14.44%    +24.88%    +23.69%     +10.44%p      +9.25%p
  2026-05-05       -1.77%    +15.36%     +1.90%     +17.13%p      +3.67%p
------------------------------------------------------------------------------------------
  avg lift: ma20 +31.56%p, ma50 +11.36%p
  wins: ma20 22/22, ma50 22/22
  min lift: ma20 +10.44%p, ma50 +3.67%p
  max lift: ma20 +63.46%p, ma50 +19.16%p

====================================================================================================
종합 (구간별 avg lift)
====================================================================================================
구간                                    ma20 avg   ma20 wins   ma50 avg   ma50 wins
  Early (2/12~3/13, 충격 포함)             +17.60%p   20/21      +36.02%p   21/21  
  Mid (3/16~3/27, 충격 직전 진입)            +28.79%p   10/10      +17.83%p   10/10  
  Late (4/06~5/05, 충격 후)               +31.56%p   22/22      +11.36%p   22/22  

해석:
  Early/Mid >> Late → single-event alpha (3/30 충격 회피 의존)
  모든 구간 비슷 → 진짜 robust alpha
