총 33 변형
==============================================================================================================
MA 필터 창의적 변형 검증
simulator: dynamic + fixed_90_10 weight (v83.3 환경)
==============================================================================================================

[step 0] MA20 + 60일 high precompute...
  done 0.5s (ma20: 63043, high60: 63043)

==============================================================================================================
환경: incl (EXCLUDE=none)
==============================================================================================================
 ★current            avg=+121.96% med=+125.16% std= 61.6 mdd=-21.60% sharpe=+1.98 [6.7s]
  not_inverse        avg=+121.96% med=+125.16% std= 61.6 mdd=-21.60% sharpe=+1.98 [7.9s]
  ma_aligned         avg=+73.55% med=+70.88% std= 29.1 mdd=-20.52% sharpe=+2.53 [7.0s]
  price_above_3ma    avg=+100.80% med=+109.33% std= 41.1 mdd=-20.52% sharpe=+2.45 [6.5s]
  dd60_30            avg=+130.15% med=+127.63% std= 69.2 mdd=-21.60% sharpe=+1.88 [6.2s]
  dd60_20            avg=+107.14% med=+107.78% std= 49.8 mdd=-28.33% sharpe=+2.15 [6.0s]
  ma_converge        avg=+60.11% med=+69.08% std= 29.8 mdd=-20.52% sharpe=+2.02 [5.8s]
  ma20_above         avg=+102.84% med=+110.36% std= 39.2 mdd=-20.52% sharpe=+2.62 [6.1s]

  paired vs current:
  variant              avg lift   med lift        min        max       wins      verdict
  -----------------------------------------------------------------------------------------------
  not_inverse           +0.00%p    +0.00%p    +0.00%p    +0.00%p     0/100  ✗✗ 열세
  ma_aligned           -48.41%p   -45.85%p  -113.88%p    +9.44%p     7/100  ✗✗ 열세
  price_above_3ma      -21.16%p   -23.96%p   -55.96%p    +7.48%p    10/100  ✗✗ 열세
  dd60_30               +8.19%p    +8.55%p    +0.00%p   +19.76%p    92/100  ✓✓ 우월
  dd60_20              -14.82%p   -14.54%p   -66.80%p   +15.01%p    40/100  ~ 동등
  ma_converge          -61.85%p   -62.30%p  -110.68%p   -13.32%p     0/100  ✗✗ 열세
  ma20_above           -19.12%p   -20.67%p   -57.35%p   +12.80%p    22/100  ✗✗ 열세

==============================================================================================================
환경: excl (EXCLUDE={'MU', 'SNDK'})
==============================================================================================================
 ★current            avg=+52.44% med=+50.14% std= 34.4 mdd=-27.18% sharpe=+1.53 [7.2s]
  not_inverse        avg=+52.44% med=+50.14% std= 34.4 mdd=-27.18% sharpe=+1.53 [7.5s]
  ma_aligned         avg=+31.12% med=+26.07% std= 18.5 mdd=-27.18% sharpe=+1.68 [6.2s]
  price_above_3ma    avg=+62.28% med=+66.48% std= 22.7 mdd=-27.18% sharpe=+2.75 [6.4s]
  dd60_30            avg=+52.44% med=+50.14% std= 34.4 mdd=-27.18% sharpe=+1.53 [6.8s]
  dd60_20            avg=+63.87% med=+57.84% std= 41.7 mdd=-27.18% sharpe=+1.53 [6.5s]
  ma_converge        avg=+33.78% med=+35.40% std= 18.6 mdd=-27.18% sharpe=+1.81 [5.9s]
  ma20_above         avg=+84.98% med=+91.69% std= 30.5 mdd=-27.18% sharpe=+2.78 [6.8s]

  paired vs current:
  variant              avg lift   med lift        min        max       wins      verdict
  -----------------------------------------------------------------------------------------------
  not_inverse           +0.00%p    +0.00%p    +0.00%p    +0.00%p     0/100  ✗✗ 열세
  ma_aligned           -21.31%p   -21.13%p   -71.44%p   +32.35%p    15/100  ✗✗ 열세
  price_above_3ma       +9.84%p   +10.28%p   -21.06%p   +49.46%p    70/100  ✓✓ 우월
  dd60_30               +0.00%p    +0.00%p    +0.00%p    +0.00%p     0/100  ✗✗ 열세
  dd60_20              +11.43%p   +12.63%p   -28.16%p   +36.73%p    82/100  ✓✓ 우월
  ma_converge          -18.65%p   -19.64%p   -43.87%p   +10.24%p     4/100  ✗✗ 열세
  ma20_above           +32.55%p   +32.54%p    +7.66%p   +62.27%p   100/100  ✓✓ 우월

==============================================================================================================
★ 두 환경 평균 lift (robust 평가)
==============================================================================================================
  variant             incl lift  incl wins  excl lift  excl wins        평균
  --------------------------------------------------------------------------------
  ma20_above           -19.12%p   22/100   +32.55%p  100/100   +6.71%p
  dd60_30               +8.19%p   92/100    +0.00%p    0/100   +4.09%p
  not_inverse           +0.00%p    0/100    +0.00%p    0/100   +0.00%p
  dd60_20              -14.82%p   40/100   +11.43%p   82/100   -1.69%p
  price_above_3ma      -21.16%p   10/100    +9.84%p   70/100   -5.66%p
  ma_aligned           -48.41%p    7/100   -21.31%p   15/100  -34.86%p
  ma_converge          -61.85%p    0/100   -18.65%p    4/100  -40.25%p
