====================================================================================================
MA20 환경 entry=slots 대칭 비교 (500seed × 5 = 2500 sim)
====================================================================================================

====================================================================================================
시나리오: 전체
====================================================================================================
  [ 3.3s]  (1,10,1)   avg=+81.47% mdd=-14.34% ra=+5.68 sharpe=+3.43 std=23.7
  [ 4.0s]  (2,10,2)   avg=+115.78% mdd= -6.94% ra=+16.68 sharpe=+3.15 std=36.7
  [ 4.9s] ★(3,10,3)   avg=+103.99% mdd=-10.35% ra=+10.05 sharpe=+3.74 std=27.8
  [ 6.1s]  (4,10,4)   avg=+82.39% mdd= -9.97% ra=+8.26 sharpe=+4.35 std=18.9
  [ 6.6s]  (5,10,5)   avg=+62.67% mdd= -6.59% ra=+9.51 sharpe=+3.77 std=16.6
  vs (3,10,3) production paired:
    (1,10,1): lift -22.51%p, 1/500 wins
    (2,10,2): lift +11.79%p, 481/500 wins
    (4,10,4): lift -21.60%p, 0/500 wins
    (5,10,5): lift -41.32%p, 0/500 wins

====================================================================================================
시나리오: SNDK 제외
====================================================================================================
  [ 3.9s]  (1,10,1)   avg=+62.04% mdd=-10.14% ra=+6.12 sharpe=+6.91 std=9.0
  [ 5.4s]  (2,10,2)   avg=+110.11% mdd= -6.94% ra=+15.87 sharpe=+3.41 std=32.3
  [10.4s] ★(3,10,3)   avg=+91.25% mdd=-10.35% ra=+8.82 sharpe=+5.17 std=17.7
  [13.1s]  (4,10,4)   avg=+73.30% mdd=-10.28% ra=+7.13 sharpe=+4.93 std=14.9
  [ 6.2s]  (5,10,5)   avg=+56.80% mdd= -6.59% ra=+8.62 sharpe=+4.00 std=14.2
  vs (3,10,3) production paired:
    (1,10,1): lift -29.21%p, 0/500 wins
    (2,10,2): lift +18.86%p, 496/500 wins
    (4,10,4): lift -17.95%p, 0/500 wins
    (5,10,5): lift -34.45%p, 0/500 wins

====================================================================================================
시나리오: Top 10 super-winner 제외
====================================================================================================
  [ 3.3s]  (1,10,1)   avg=+56.96% mdd=-13.08% ra=+4.35 sharpe=+5.22 std=10.9
  [ 5.9s]  (2,10,2)   avg=+104.10% mdd=-13.55% ra=+7.68 sharpe=+3.60 std=28.9
  [ 2.7s] ★(3,10,3)   avg=+81.22% mdd=-13.33% ra=+6.09 sharpe=+5.81 std=14.0
  [ 3.3s]  (4,10,4)   avg=+67.50% mdd=-11.28% ra=+5.98 sharpe=+5.46 std=12.4
  [ 3.2s]  (5,10,5)   avg=+51.84% mdd= -8.52% ra=+6.08 sharpe=+4.45 std=11.6
  vs (3,10,3) production paired:
    (1,10,1): lift -24.26%p, 1/500 wins
    (2,10,2): lift +22.89%p, 498/500 wins
    (4,10,4): lift -13.72%p, 0/500 wins
    (5,10,5): lift -29.38%p, 0/500 wins
