====================================================================================================
MA filter diff: current (MA120+MA60 fallback) vs ma60_only
params: entry=3, exit=10, slots=2
====================================================================================================

거래일: 73 (2026-02-12 ~ 2026-05-28)

====================================================================================================
A. 날짜별 part2_rank 종목 수 (Top 30 진입 수)
====================================================================================================
  평균 Top 30 진입 수 — current: 29.5, ma60_only: 28.3
  current에만 있는 종목 발생 일자: 69/73
  ma60_only에만 있는 종목 발생 일자: 66/73

====================================================================================================
B. part2_rank Top 30 set diff — 누적 unique 종목
====================================================================================================
  current에만 (총 56 종목, 상위 15):
    GMED: 22일
    WWD: 22일
    WST: 19일
    LLY: 17일
    HWM: 15일
    GFI: 14일
    HAS: 14일
    ADI: 12일
    NVST: 12일
    LRCX: 11일
    PAAS: 11일
    TFPM: 10일
    FHN: 9일
    MU: 9일
    GOOG: 9일
  ma60_only에만 (총 64 종목, 상위 15):
    NUE: 20일
    APP: 17일
    JAZZ: 15일
    CIEN: 12일
    WDC: 12일
    STRL: 11일
    FAF: 11일
    GRMN: 10일
    MRVL: 9일
    TSEM: 9일
    FORM: 9일
    NVMI: 8일
    WMG: 8일
    ELF: 7일
    KGC: 7일

====================================================================================================
C. Multi-start (전체 dates 시작일 풀) trade-level diff
====================================================================================================
  start=2026-02-12: current +200.04% mdd -21.93% | ma60_only +201.29% mdd -21.93% | lift +1.26%p
  start=2026-03-11: current +178.41% mdd -13.12% | ma60_only +158.96% mdd -13.12% | lift -19.44%p
  start=2026-04-07: current +120.93% mdd -5.10% | ma60_only +58.10% mdd -5.95% | lift -62.83%p
  start=2026-05-01: current +42.12% mdd -4.26% | ma60_only +42.21% mdd -4.26% | lift +0.09%p

====================================================================================================
D. ma60_only가 가장 우월한 시작일 (2026-02-12) — trade diff
====================================================================================================
  current   total: +200.04% | mdd -21.93% @ 2026-03-06 | trades 11
  ma60_only total: +201.29% | mdd -21.93% @ 2026-03-06 | trades 11

  공통 trade: 6, current만: 5, ma60_only만: 5

  current에만 있는 trade (5, sorted by return):
  ticker   entry      exit        hold    return reason      
  ALB      2026-05-26 2026-05-28     2    +0.93%  open        
  AEIS     2026-05-19 2026-05-28     6    +4.70%  open        
  STX      2026-03-13 2026-04-02    14   +11.90%  rank_exit   
  FORM     2026-04-02 2026-04-10     5   +20.01%  rank_exit   
  MU       2026-04-01 2026-05-07    25   +75.79%  rank_exit   

  ma60_only에만 있는 trade (5, sorted by return):
  ticker   entry      exit        hold    return reason      
  STX      2026-03-18 2026-03-30     8   -10.90%  rank_exit   
  DINO     2026-05-28 2026-05-28     0    +0.00%  open        
  FAF      2026-05-28 2026-05-28     0    +0.00%  open        
  FORM     2026-03-30 2026-04-13     9   +40.27%  rank_exit   
  MU       2026-04-13 2026-05-07    18   +51.59%  rank_exit   

  current-only 평균 return: +22.67%
  ma60_only-only 평균 return: +16.19%

====================================================================================================
E. current가 가장 우월한 시작일 (2026-04-07) — trade diff
====================================================================================================
  current   total: +120.93% | mdd -5.10% @ 2026-04-28 | trades 6
  ma60_only total: +58.10% | mdd -5.95% @ 2026-05-07 | trades 6

  current에만 있는 trade (4):
  ticker   entry      exit        hold    return
  ALB      2026-05-26 2026-05-28     2    +0.93%
  AEIS     2026-05-19 2026-05-28     6    +4.70%
  BE       2026-05-07 2026-05-13     4   +12.03%
  MU       2026-04-07 2026-05-07    22   +71.26%

  ma60_only에만 있는 trade (4):
  ticker   entry      exit        hold    return
  CF       2026-04-07 2026-05-08    23   -14.02%
  DINO     2026-05-28 2026-05-28     0    +0.00%
  FAF      2026-05-28 2026-05-28     0    +0.00%
  BE       2026-05-08 2026-05-13     3   +11.01%

  current-only 평균 return: +22.23%
  ma60_only-only 평균 return: -0.75%

====================================================================================================
F. 전체 시작일 (5개 샘플) 종합 — 종목별 누적 평균 기여
====================================================================================================
  ma60_only 우월 종목 (top 10):
  ticker    cur sum  m60 sum     diff  #c  #m
  FORM      +10.00%  +20.13%  +10.13%p   2   2
  LITE       +0.92%   +7.15%   +6.23%p   1   1
  MOD        +5.50%  +10.17%   +4.67%p   2   2
  CHRD       +5.37%   +5.37%   +0.00%p   4   4
  FAF        +0.00%   +0.00%   +0.00%p   0   4
  DINO       +0.00%   +0.00%   +0.00%p   0   4
  WPM        -0.49%   -0.49%   +0.00%p   1   1
  SNDK      +93.35%  +93.35%   +0.00%p   6   6
  BE        +12.03%  +11.78%   -0.26%p   4   4
  ALB        +0.93%   +0.00%   -0.93%p   4   0

  current 우월 종목 (top 10):
  MU        +60.52%  +30.61%  -29.91%p   4   3
  STX        +6.68%   -3.50%  -10.17%p   2   2
  AEIS       +4.70%   +0.00%   -4.70%p   4   0
  CF         +0.00%   -3.51%   -3.51%p   0   1
  ALB        +0.93%   +0.00%   -0.93%p   4   0
  BE        +12.03%  +11.78%   -0.26%p   4   4
  CHRD       +5.37%   +5.37%   +0.00%p   4   4
  FAF        +0.00%   +0.00%   +0.00%p   0   4
  DINO       +0.00%   +0.00%   +0.00%p   0   4
  WPM        -0.49%   -0.49%   +0.00%p   1   1

====================================================================================================
G. Trade 통계 (5개 샘플 합산)
====================================================================================================
  metric                      current    ma60_only
  --------------------------------------------------
  n trades                         34           34
  avg return                  +23.47%      +20.12%
  median return               +11.96%      +11.52%
  win rate                      97.1%        64.7%
  avg hold (days)                10.4          9.5
  avg win                     +24.24%      +32.46%
  avg loss                     -1.98%       -2.50%
  max single win             +123.63%     +123.63%
  max single loss              -1.98%      -14.02%
