
[1] 다양한 multistart 개수별 비교 (lift = config - baseline)
----------------------------------------------------------------------------------------------------
N starts     A lift avg     A wins      A min   B lift avg     B wins      B min
  N=6       +25.15%p     6/6      +6.34%p     +44.89%p     6/6      +4.14%p
  N=12      +25.46%p    12/12     +6.34%p     +47.19%p    12/12     +1.25%p
  N=18      +23.36%p    18/18     +6.16%p     +43.50%p    18/18     +0.90%p
  N=24      +23.27%p    24/24     +0.01%p     +41.73%p    23/24    -37.50%p
  N=30      +29.57%p    28/30     -8.07%p     +65.54%p    29/30     -3.68%p
  N=36      +27.02%p    34/36     -8.07%p     +55.89%p    33/36    -37.50%p

[2] 다양한 random seed 수별 lift
----------------------------------------------------------------------------------------------------
N seeds        A R lift    A wins%     B R lift    B wins%
  N=50        +21.11%p     100.0%     +39.10%p     100.0%
  N=100       +21.89%p     100.0%     +40.53%p     100.0%
  N=500       +21.66%p     100.0%     +40.30%p      99.4%
  N=1000      +21.33%p     100.0%     +39.36%p      99.0%

[3] 시작일=처음 단일 시뮬 — 풍부한 metric
----------------------------------------------------------------------------------------------------
지표                               baseline      A (70/30 b=0)     B (80/20+C1=5)       A vs base       B vs base
  누적 수익률                          +146.7%            +189.8%            +240.4%          +43.1%          +93.7%
  연환산 수익률                        +2481.7%           +4511.1%           +8124.6%        +2029.4%        +5643.0%
  Worst MDD                        -18.2%             -19.4%             -19.8%           -1.2%           -1.6%
  Sharpe ratio                      +5.20              +5.48              +6.23           +0.28           +1.03
  Sortino ratio                     +9.54              +9.69             +11.40           +0.15           +1.86
  Calmar ratio                    +136.55            +233.10            +409.89          +96.54         +273.34
  Trade 수                              14                  9                  9              -5              -5
  Trade 승률                         +92.9%             +88.9%            +100.0%           -4.0%           +7.1%
  평균 승 수익                          +25.7%             +31.2%             +31.8%           +5.5%           +6.1%
  평균 패 손실                           -5.6%              -1.4%              +0.0%           +4.2%           +5.6%
  Profit factor                    +60.08            +183.44               +inf         +123.37            +inf
  평균 보유 일수                         +14.4d             +14.9d             +14.9d           +0.5d           +0.5d
  최대 연속 손실                              1                  1                  0               0              -1
  평균 DD 회복 (거래일)                    +3.1d              +4.4d              +4.2d           +1.3d           +1.1d
  최대 DD 회복 (거래일)                      13d                14d                14d              1d              1d

[4] Trade-by-trade 상세 — 시작일=처음
----------------------------------------------------------------------------------------------------

[OPT A] 70/30 b=0 trades:
tk            ret  days  weight
  LITE       +3.68%   18    30% 
  SNDK      +27.62%   21    70% 
  MOD       +11.25%   10    70% 
  STX       +11.90%   14    30% 
  FORM      +24.35%    7    30% 
  MU       +103.02%   26    70% 
  BE        +11.01%    3    70% 
  SNDK      +56.56%   28    30%  (open)
  TER        -1.36%    7    70%  (open)

[OPT B] 80/20 + C1 b=5 trades:
  LITE       +3.68%   18    20% 
  SNDK      +27.62%   21    80% 
  MOD       +11.25%   10    80% 
  STX       +18.14%   15    20% 
  TTMI      +25.14%    6    80% 
  MU        +89.10%   21    80% 
  BE         +6.86%    3    80% 
  SNDK     +104.06%   34    20%  (open)
  TER        +0.53%    6    80%  (open)

[5] Day return 분포 통계
----------------------------------------------------------------------------------------------------
                         baseline            A            B
  baseline           avg=+1.387% std=4.236% skew=-0.14 kurt=+0.02 max=+11.27% min=-8.62%
  A 70/30 b=0        avg=+1.643% std=4.765% skew=+0.14 kurt=+0.48 max=+15.82% min=-9.47%
  B 80/20+C1=5       avg=+1.877% std=4.781% skew=+0.10 kurt=+0.28 max=+15.71% min=-9.20%
