====================================================================================================
MA20 vs production churn 비교 (Top 30 일별 변동)
====================================================================================================

[current (MA120+fallback)]
  일수: 65일
  전일 Top 30 → 오늘 NULL: 91/1834 = 5.0%
  전일 Top 10 → 오늘 NULL: 18/640 = 2.8%
  전일 Top 3 → 오늘 NULL: 3/192 = 1.6%
  전일 Top 3 → 오늘 Top 20+ 또는 NULL: 3/192 = 1.6%

[v81 (MA20)]
  일수: 65일
  전일 Top 30 → 오늘 NULL: 211/1553 = 13.6%
  전일 Top 10 → 오늘 NULL: 79/634 = 12.5%
  전일 Top 3 → 오늘 NULL: 20/192 = 10.4%
  전일 Top 3 → 오늘 Top 20+ 또는 NULL: 21/192 = 10.9%

====================================================================================================
차이 — MA20 적용 시 churn 증가/감소?
====================================================================================================
  전일 Top 30 → NULL                                           5.0% →   13.6% (Δ +8.6%p)
  전일 Top 10 → NULL                                           2.8% →   12.5% (Δ +9.6%p)
  전일 Top 3 → NULL (매수 후보 갑자기 사라짐)                            1.6% →   10.4% (Δ +8.9%p)
  전일 Top 3 → 오늘 Top 20+ / NULL (큰 점프)                        1.6% →   10.9% (Δ +9.4%p)

====================================================================================================
v81 (MA20)에서 "어제 Top 3 → 오늘 사라짐/큰 점프" 사례
====================================================================================================
  2026-02-20: STX    전일 3위 → 오늘 NULL
  2026-03-02: SNDK   전일 1위 → 오늘 NULL
  2026-03-03: MU     전일 1위 → 오늘 NULL
  2026-03-03: FORM   전일 2위 → 오늘 NULL
  2026-03-06: LITE   전일 1위 → 오늘 NULL
  2026-03-13: AVGO   전일 2위 → 오늘 NULL
  2026-03-18: SNDK   전일 1위 → 오늘 NULL
  2026-03-20: FORM   전일 1위 → 오늘 NULL
  2026-03-23: MU     전일 1위 → 오늘 NULL
  2026-03-26: STX    전일 2위 → 오늘 NULL
  2026-03-30: FORM   전일 1위 → 오늘 NULL
  2026-03-30: LITE   전일 3위 → 오늘 NULL
  2026-03-30: FIVE   전일 2위 → 오늘 NULL
  2026-03-31: FRO    전일 2위 → 오늘 NULL
  2026-04-06: TTMI   전일 3위 → 오늘 NULL
  2026-04-09: FIVE   전일 2위 → 오늘 NULL
  2026-04-15: FAF    전일 3위 → 오늘 NULL
  2026-04-17: CRDO   전일 3위 → 오늘 NULL
  2026-04-28: LITE   전일 3위 → 오늘 NULL
  2026-04-29: SIMO   전일 3위 → 오늘 26위
  ... 외 1건
