==============================================================================================================
MA20 + smooth/today_only stacking BT — 알파 독립성 확인
params: entry=3, exit=10, slots=3, hold=0
seeds: 100 × 3 = 300 시뮬/변형
==============================================================================================================

[baseline] MA=current, weights=[0.2, 0.3, 0.5]
  regenerate: 1.2s
  BT: 0.4s | avg=+77.79% med=+86.08% mdd=-18.18% ra=+4.28

[ma20_only] MA=ma20, weights=[0.2, 0.3, 0.5]
  regenerate: 2.1s
  BT: 0.5s | avg=+105.36% med=+117.95% mdd=-10.35% ra=+10.18

[smooth_only] MA=current, weights=[0.25, 0.3, 0.45]
  regenerate: 1.6s
  BT: 0.4s | avg=+91.10% med=+97.97% mdd=-18.18% ra=+5.01

[today_only_only] MA=current, weights=[0.0, 0.0, 1.0]
  regenerate: 1.9s
  BT: 0.4s | avg=+91.22% med=+98.83% mdd=-18.18% ra=+5.02

[ma20+smooth] MA=ma20, weights=[0.25, 0.3, 0.45]
  regenerate: 2.1s
  BT: 0.4s | avg=+106.18% med=+117.95% mdd=-10.35% ra=+10.26

[ma20+today_only] MA=ma20, weights=[0.0, 0.0, 1.0]
  regenerate: 2.2s
  BT: 0.4s | avg=+78.26% med=+87.62% mdd= -9.39% ra=+8.33

==============================================================================================================
결과 분포 (300개 시뮬)
==============================================================================================================
variant                      avg    median    std       p25       p75       min       max      MDD      ra
--------------------------------------------------------------------------------------------------------------
 ★baseline               +77.79%   +86.08% 29.79   +50.22%  +102.73%   +20.06%  +137.97%  -18.18%  +4.28
  ma20_only             +105.36%  +117.95% 27.35   +82.98%  +122.23%   +31.01%  +144.09%  -10.35% +10.18
  smooth_only            +91.10%   +97.97% 34.31   +59.51%  +120.48%   +27.48%  +166.12%  -18.18%  +5.01
  today_only_only        +91.22%   +98.83% 33.78   +62.48%  +117.93%   +28.46%  +158.99%  -18.18%  +5.02
  ma20+smooth           +106.18%  +117.95% 26.65   +93.91%  +122.23%   +31.01%  +144.09%  -10.35% +10.26
  ma20+today_only        +78.26%   +87.62% 22.38   +66.32%   +93.42%   +24.70%  +104.06%   -9.39%  +8.33

==============================================================================================================
baseline (production) 대비 paired lift
==============================================================================================================
vs                       avg lift   min lift   max lift  #wins  #losses  #ties
------------------------------------------------------------------------------------------
  ma20_only               +27.57%p     +5.32%p    +49.74%p   100       0     0  ✓ 우월
  smooth_only             +13.31%p     +8.39%p    +21.87%p   100       0     0  ✓ 우월
  today_only_only         +13.43%p     +3.52%p    +22.38%p   100       0     0  ✓ 우월
  ma20+smooth             +28.38%p     +5.32%p    +50.22%p   100       0     0  ✓ 우월
  ma20+today_only          +0.47%p    -23.24%p    +17.62%p    51      49     0  ~ 동등

==============================================================================================================
Stacking 분석 — 두 알파가 독립인지 겹치는지
==============================================================================================================
  ma20 단독:        +27.57%p
  smooth 단독:      +13.31%p
  ma20+smooth 결합: +28.38%p
  독립 시 예상 (a+b): +40.88%p
  실제/예상 비율:    69.4%  → ◐ 부분 독립

  ma20 단독:           +27.57%p
  today_only 단독:     +13.43%p
  ma20+today_only 결합: +0.47%p
  독립 시 예상 (a+b):   +41.00%p
  실제/예상 비율:       1.1%  → ○ 거의 겹침
