==============================================================================================================
MA dense grid — NEW simulator (ma120 주변 sweet spot 탐색)
추가 periods: [40, 60, 80, 90, 110, 130]
==============================================================================================================

[Load price parquet]
  Shape: (283, 1451)
  ma40: regenerate 7.2s
  ma60: regenerate 6.2s
  ma80: regenerate 5.5s
  ma90: regenerate 4.6s
  ma110: regenerate 3.8s
  ma130: regenerate 4.0s

==============================================================================================================
NEW simulator BT
==============================================================================================================
  variant                         avg       med  worst MDD  sharpe
  ----------------------------------------------------------------------
  ★ current(ma120+ma60 fb)    +80.87%   +86.70%    -18.18%  +2.82
    ma40                      +64.07%   +68.34%    -21.95%  +3.42
    ma50                      +79.27%   +80.77%    -20.92%  +2.79
    ma60                      +80.31%   +84.02%    -18.18%  +2.78
    ma80                      +72.37%   +77.62%    -18.18%  +2.81
    ma90                      +75.45%   +80.58%    -18.18%  +2.91
    ma100                     +76.61%   +80.98%    -18.18%  +2.77
    ma110                     +76.88%   +81.37%    -18.18%  +2.76
    ma120                     +80.87%   +86.70%    -18.18%  +2.82
    ma130                     +68.80%   +74.28%    -18.18%  +2.57
    ma150                     +72.69%   +78.16%    -18.18%  +2.67

==============================================================================================================
paired vs current(ma120+ma60 fb)
==============================================================================================================
  variant                     avg lift      worst       best       wins         verdict
  ------------------------------------------------------------------------------------------
  ma40                        -16.81%p   -32.99%p    -3.27%p     0/100  ✗ 열세
  ma50                         -1.60%p    -8.90%p    +6.69%p    38/100  ✗ 열세
  ma60                         -0.56%p    -7.88%p    +5.68%p    42/100  ~ 동등
  ma80                         -8.50%p   -14.56%p    -2.92%p     0/100  ✗ 열세
  ma90                         -5.42%p    -9.66%p    -0.81%p     0/100  ✗ 열세
  ma100                        -4.26%p    -6.28%p    -1.32%p     0/100  ✗ 열세
  ma110                        -3.99%p    -5.88%p    -1.32%p     0/100  ✗ 열세
  ma120                        +0.00%p    +0.00%p    +0.00%p     0/100  ✗ 열세
  ma130                       -12.07%p   -14.64%p    -9.28%p     0/100  ✗ 열세
  ma150                        -8.18%p   -10.07%p    -5.65%p     0/100  ✗ 열세

총 소요: 38.5s
