==============================================================================================================
MA 필터 새 후보 BT — current 개선 탐색
params: entry=3, exit=10, slots=2 (v83.3)
seeds: 100 × 3 = 300 시뮬/변형
==============================================================================================================

[current] DB regenerate + BT...
  regenerate: 0.0s
  BT: 0.3s | avg=+117.29% med=+126.69% mdd=-21.93% sharpe=+2.19

[ma60_or_ma120] DB regenerate + BT...
  regenerate: 1.8s
  BT: 1.1s | avg=+117.29% med=+126.69% mdd=-21.93% sharpe=+2.19

[ma120_slope_up_10] DB regenerate + BT...
  regenerate: 40.7s
  BT: 1.2s | avg=+111.73% med=+124.31% mdd=-21.93% sharpe=+2.27

[ma120_slope_up_20] DB regenerate + BT...
  regenerate: 73.1s
  BT: 1.2s | avg=+111.73% med=+124.31% mdd=-21.93% sharpe=+2.27

[ma120_slope_up_10_relaxed] DB regenerate + BT...
  regenerate: 46.4s
  BT: 1.3s | avg=+117.29% med=+126.69% mdd=-21.93% sharpe=+2.19

[eps_escape] DB regenerate + BT...
  regenerate: 5.2s
  BT: 1.2s | avg=+117.29% med=+126.69% mdd=-21.93% sharpe=+2.19

==============================================================================================================
결과 분포 (300개 시뮬/변형)
==============================================================================================================
variant                              avg    median    std       p25       p75       min       max      MDD
--------------------------------------------------------------------------------------------------------------
 ★current                       +117.29%  +126.69% 53.48   +75.94%  +162.37%    +9.15%  +209.09%  -21.93%
  ma60_or_ma120                 +117.29%  +126.69% 53.48   +75.94%  +162.37%    +9.15%  +209.09%  -21.93%
  ma120_slope_up_10             +111.73%  +124.31% 49.23   +75.94%  +152.22%    +9.15%  +197.13%  -21.93%
  ma120_slope_up_20             +111.73%  +124.31% 49.23   +75.94%  +152.22%    +9.15%  +197.13%  -21.93%
  ma120_slope_up_10_relaxed     +117.29%  +126.69% 53.48   +75.94%  +162.37%    +9.15%  +209.09%  -21.93%
  eps_escape                    +117.29%  +126.69% 53.48   +75.94%  +162.37%    +9.15%  +209.09%  -21.93%

==============================================================================================================
paired vs current (production baseline) — seed별 같은 시작일
==============================================================================================================
  variant                          avg lift   med lift        min        max       wins         verdict
  ----------------------------------------------------------------------------------------------------
  ma60_or_ma120                     +0.00%p    +0.00%p    +0.00%p    +0.00%p     0/100  ✗✗ 명확 열세
  ma120_slope_up_10                 -5.57%p    -6.41%p   -10.76%p    +0.00%p     0/100  ✗✗ 명확 열세
  ma120_slope_up_20                 -5.57%p    -6.41%p   -10.76%p    +0.00%p     0/100  ✗✗ 명확 열세
  ma120_slope_up_10_relaxed         +0.00%p    +0.00%p    +0.00%p    +0.00%p     0/100  ✗✗ 명확 열세
  eps_escape                        +0.00%p    +0.00%p    +0.00%p    +0.00%p     0/100  ✗✗ 명확 열세
