총 33 변형
==============================================================================================================
★ 마스터 정리 BT — production 정확 환경
  entry=2, exit=10, slot=2 (v83.3)
  entry_fixed simulator (한 번 매수하면 비중 고정)
  100 seed × 3 starts paired
==============================================================================================================

[step 0] MA20 + 60일 high precompute...

==============================================================================================================
★ Part 1: 매수 비중 비교 (current 필터 고정, 비중만 변경)
==============================================================================================================

[incl] current 필터 DB 생성...
  slot1_100only          avg=+122.90% mdd=-23.90% sharpe=+1.94 [6.9s]
  ★90/10 (v83.3)         avg=+121.67% mdd=-21.60% sharpe=+1.98 [7.1s]
  80/20                  avg=+120.29% mdd=-20.16% sharpe=+2.03 [6.6s]
  70/30                  avg=+118.92% mdd=-19.80% sharpe=+2.08 [7.1s]
  60/40                  avg=+117.54% mdd=-21.21% sharpe=+2.13 [4.9s]
  50/50                  avg=+116.16% mdd=-22.61% sharpe=+2.18 [3.8s]
  2step_t15_100_50       avg=+123.47% mdd=-23.90% sharpe=+2.03 [3.6s]

[excl] current 필터 DB 생성...
  slot1_100only          avg=+45.52% mdd=-28.70% sharpe=+1.41 [3.7s]
  ★90/10 (v83.3)         avg=+50.48% mdd=-27.18% sharpe=+1.51 [3.7s]
  80/20                  avg=+50.85% mdd=-25.56% sharpe=+1.61 [3.6s]
  70/30                  avg=+51.22% mdd=-23.82% sharpe=+1.71 [3.5s]
  60/40                  avg=+51.59% mdd=-21.95% sharpe=+1.80 [3.7s]
  50/50                  avg=+51.96% mdd=-19.94% sharpe=+1.88 [3.7s]
  2step_t15_100_50       avg=+53.97% mdd=-28.70% sharpe=+1.79 [3.8s]

==============================================================================================================
비중 종합 (lift = baseline 90/10 대비, paired wins / 100)
==============================================================================================================
비중                         i_avg    i_mdd    i_lift   i_win |     e_avg    e_mdd    e_lift   e_win
--------------------------------------------------------------------------------------------------------------
slot1_100only           +122.90%  -23.90%   +1.23%p   72/100 |   +45.52%  -28.70%   -4.96%p   24/100
★90/10 (v83.3)          +121.67%  -21.60%   +0.00%p    0/100 |   +50.48%  -27.18%   +0.00%p    0/100
80/20                   +120.29%  -20.16%   -1.38%p   24/100 |   +50.85%  -25.56%   +0.37%p   55/100
70/30                   +118.92%  -19.80%   -2.75%p   24/100 |   +51.22%  -23.82%   +0.74%p   56/100
60/40                   +117.54%  -21.21%   -4.13%p   24/100 |   +51.59%  -21.95%   +1.11%p   56/100
50/50                   +116.16%  -22.61%   -5.51%p   24/100 |   +51.96%  -19.94%   +1.48%p   56/100
2step_t15_100_50        +123.47%  -23.90%   +1.80%p   79/100 |   +53.97%  -28.70%   +3.49%p   63/100

==============================================================================================================
★ Part 2: MA 필터 비교 (90/10 비중 고정, 필터만 변경)
==============================================================================================================

[incl]
  ★current               avg=+121.67% mdd=-21.60% sharpe=+1.98 [6.3s]
  ma60_only              avg=+114.29% mdd=-20.52% sharpe=+2.15 [6.2s]
  ma120_strict           avg=+116.38% mdd=-21.60% sharpe=+1.94 [9.9s]
  ma60_and_ma120         avg=+119.33% mdd=-20.52% sharpe=+2.08 [12.7s]
  ma120_and_60           avg=+125.13% mdd=-20.52% sharpe=+2.08 [11.8s]
  ma60_or_ma120          avg=+121.74% mdd=-21.60% sharpe=+1.99 [11.6s]
  no_ma                  avg=+101.89% mdd=-21.60% sharpe=+2.08 [11.7s]
  dd60_30                avg=+129.76% mdd=-21.60% sharpe=+1.88 [11.7s]
  dd60_20                avg=+106.91% mdd=-28.33% sharpe=+2.13 [11.2s]
  ma20_above             avg=+104.04% mdd=-20.52% sharpe=+2.51 [11.4s]

[excl]
  ★current               avg=+50.48% mdd=-27.18% sharpe=+1.51 [11.6s]
  ma60_only              avg=+53.78% mdd=-27.18% sharpe=+1.41 [11.7s]
  ma120_strict           avg=+48.71% mdd=-26.93% sharpe=+1.47 [12.1s]
  ma60_and_ma120         avg=+42.57% mdd=-26.93% sharpe=+1.36 [11.2s]
  ma120_and_60           avg=+47.16% mdd=-27.18% sharpe=+1.33 [12.1s]
  ma60_or_ma120          avg=+50.48% mdd=-27.18% sharpe=+1.51 [9.4s]
  no_ma                  avg=+46.80% mdd=-25.64% sharpe=+1.50 [8.3s]
  dd60_30                avg=+50.48% mdd=-27.18% sharpe=+1.51 [12.4s]
  dd60_20                avg=+62.79% mdd=-27.18% sharpe=+1.51 [12.7s]
  ma20_above             avg=+85.43% mdd=-27.18% sharpe=+2.78 [11.9s]

==============================================================================================================
MA 필터 종합 (lift = baseline current 대비)
==============================================================================================================
필터                         i_avg    i_mdd    i_lift   i_win |     e_avg    e_mdd    e_lift   e_win
--------------------------------------------------------------------------------------------------------------
★current                +121.67%  -21.60%   +0.00%p    0/100 |   +50.48%  -27.18%   +0.00%p    0/100
ma60_only               +114.29%  -20.52%   -7.38%p   10/100 |   +53.78%  -27.18%   +3.30%p   60/100
ma120_strict            +116.38%  -21.60%   -5.29%p   28/100 |   +48.71%  -26.93%   -1.77%p   42/100
ma60_and_ma120          +119.33%  -20.52%   -2.34%p   37/100 |   +42.57%  -26.93%   -7.91%p   28/100
ma120_and_60            +125.13%  -20.52%   +3.47%p   69/100 |   +47.16%  -27.18%   -3.32%p   38/100
ma60_or_ma120           +121.74%  -21.60%   +0.08%p    3/100 |   +50.48%  -27.18%   +0.00%p    0/100
no_ma                   +101.89%  -21.60%  -19.78%p    2/100 |   +46.80%  -25.64%   -3.67%p   43/100
dd60_30                 +129.76%  -21.60%   +8.09%p   87/100 |   +50.48%  -27.18%   +0.00%p    0/100
dd60_20                 +106.91%  -28.33%  -14.76%p   40/100 |   +62.79%  -27.18%  +12.31%p   84/100
ma20_above              +104.04%  -20.52%  -17.63%p   26/100 |   +85.43%  -27.18%  +34.95%p  100/100

==============================================================================================================
★ 최종 판정 — 두 환경 robust 우월 = 채택 권고
==============================================================================================================

[비중 후보]
  slot1_100only          incl  +1.23%p (72/100) excl  -4.96%p (24/100) → ~ 보류
  80/20                  incl  -1.38%p (24/100) excl  +0.37%p (55/100) → ~ 보류
  70/30                  incl  -2.75%p (24/100) excl  +0.74%p (56/100) → ~ 보류
  60/40                  incl  -4.13%p (24/100) excl  +1.11%p (56/100) → ~ 보류
  50/50                  incl  -5.51%p (24/100) excl  +1.48%p (56/100) → ~ 보류
  2step_t15_100_50       incl  +1.80%p (79/100) excl  +3.49%p (63/100) → ✓✓ 채택

[MA 필터 후보]
  ma60_only              incl  -7.38%p (10/100) excl  +3.30%p (60/100) → ~ 보류
  ma120_strict           incl  -5.29%p (28/100) excl  -1.77%p (42/100) → ~ 보류
  ma60_and_ma120         incl  -2.34%p (37/100) excl  -7.91%p (28/100) → ✗✗ 거부
  ma120_and_60           incl  +3.47%p (69/100) excl  -3.32%p (38/100) → ~ 보류
  ma60_or_ma120          incl  +0.08%p (3/100) excl  +0.00%p (0/100) → ✗✗ 거부
  no_ma                  incl -19.78%p (2/100) excl  -3.67%p (43/100) → ~ 보류
  dd60_30                incl  +8.09%p (87/100) excl  +0.00%p (0/100) → ~ 보류
  dd60_20                incl -14.76%p (40/100) excl +12.31%p (84/100) → ~ 보류
  ma20_above             incl -17.63%p (26/100) excl +34.95%p (100/100) → ~ 보류
