==============================================================================================================
MA filter BT — MU 제외 검증 (current vs ma60_only)
EXCLUDE: {'MU'}
params: entry=3, exit=10, slots=2, hold=0 (v83.3)
seeds: 100 × 3 = 300 시뮬/변형
==============================================================================================================

[current no_MU] DB 복제 + regenerate...
  regenerate: 1.5s
  BT: 0.3s | avg=+84.13% med=+91.90% mdd=-21.93% risk_adj=+3.84

[ma60_only no_MU] DB 복제 + regenerate...
  regenerate: 1.6s
  BT: 1.0s | avg=+85.05% med=+99.26% mdd=-21.93% risk_adj=+3.88

==============================================================================================================
MU 제외 결과 분포 (300개 시뮬/변형)
==============================================================================================================
variant                  avg    median    std       min       max      MDD  risk_adj
-----------------------------------------------------------------------------------------------
 ★current            +84.13%   +91.90% 45.54    +9.15%  +181.98%  -21.93%    +3.84
  ma60_only          +85.05%   +99.26% 42.21   +12.63%  +173.99%  -21.93%    +3.88

==============================================================================================================
paired current vs ma60_only (MU 제외 후)
==============================================================================================================

ma60_only - current:
  avg lift: +0.92%p
  median lift: +1.59%p
  min lift: -8.13%p
  max lift: +10.07%p
  wins (ma60_only 우월): 54/100
  losses (current 우월): 46/100
  판정: ~ 동등

==============================================================================================================
비교: MU 포함 vs MU 제외 paired lift
==============================================================================================================
  MU 포함 BT (직전 실행 결과): ma60_only - current = -1.81%p (52/48 wins)
  MU 제외 BT (이번 결과):       ma60_only - current = +0.92%p (54/100 wins)
  swing: +2.73%p (MU가 current에게 준 알파의 크기)
