==============================================================================================================
MA20 robustness BT — 파라미터 grid + 표본 확장
seeds: 500 × 5 = 2500 시뮬/조합
조합: 6개
==============================================================================================================

시작일 풀: 55일

params                        base avg  ma20 avg      lift  base MDD  ma20 MDD      wins    losses
--------------------------------------------------------------------------------------------------------------
  (3,10,3) v80.10c production   +76.91%  +103.99%   +27.08%p   -18.18%   -10.35%   500/500     0/500 [✓] (14.7s)
  (3,8,3) tight exit           +75.35%   +82.03%    +6.67%p   -18.18%   -10.35%   405/500    95/500 [✗] (11.7s)
  (3,12,3) loose exit          +86.32%  +102.47%   +16.15%p   -18.18%   -10.35%   483/500    17/500 [✓] (9.6s)
  (5,10,3) loose entry         +84.08%  +102.53%   +18.45%p   -18.18%    -8.11%   499/500     1/500 [✓] (8.6s)
  (5,15,3) loose both          +80.38%   +97.94%   +17.55%p   -18.18%    -8.06%   493/500     7/500 [✓] (8.8s)
  (3,10,5) more slots          +60.43%   +84.08%   +23.65%p   -17.03%    -9.97%   500/500     0/500 [✓] (11.2s)

==============================================================================================================
종합 (500 seed paired comparison)
==============================================================================================================
  파라미터 조합 수: 6
  모든 조합에서 lift > 0: True
  모든 조합에서 wins 압도 (5x+): False
  평균 lift: +18.26%p
  lift 범위: [+6.67%p ~ +27.08%p]
  평균 MDD 개선: +8.46%p (음수면 ma20이 더 안전)

  ✓ 모든 조합에서 lift 양수지만 일부 조합에서 wins 약함 — 부분 robust
