  [  8.0s] (3,10,2)   slots2_only    avg=+106.36% mdd= -8.63% ra=+12.32
  [  8.8s] (2,10,3)   entry2_only    avg=+97.50% mdd= -6.94% ra=+14.05
    (2,10,2) vs (3,10,3): lift +14.64%p, 500/500 wins
    (3,10,2) vs (3,10,3): lift +12.69%p, 500/500 wins
    (2,10,3) vs (3,10,3): lift +3.83%p, 459/500 wins

====================================================================================================
시나리오: SNDK 제외  (제외 종목: ['SNDK'])
====================================================================================================
  [  8.6s] (3,10,3)   production     avg=+82.42% mdd= -8.06% ra=+10.23
  [  8.2s] (2,10,2)   grid_best      avg=+108.92% mdd= -6.94% ra=+15.70
  [  7.4s] (3,10,2)   slots2_only    avg=+95.52% mdd= -8.63% ra=+11.07
  [  7.3s] (2,10,3)   entry2_only    avg=+102.67% mdd= -6.94% ra=+14.79
    (2,10,2) vs (3,10,3): lift +26.51%p, 500/500 wins
    (3,10,2) vs (3,10,3): lift +13.10%p, 496/500 wins
    (2,10,3) vs (3,10,3): lift +20.26%p, 500/500 wins

====================================================================================================
시나리오: Top 3 super-winner 제외  (제외 종목: ['INTC', 'MRVL', 'SNDK'])
====================================================================================================
  [  6.2s] (3,10,3)   production     avg=+82.42% mdd= -8.06% ra=+10.23
  [  6.5s] (2,10,2)   grid_best      avg=+108.92% mdd= -6.94% ra=+15.70
  [  4.9s] (3,10,2)   slots2_only    avg=+95.52% mdd= -8.63% ra=+11.07
  [  4.4s] (2,10,3)   entry2_only    avg=+102.67% mdd= -6.94% ra=+14.79
    (2,10,2) vs (3,10,3): lift +26.51%p, 500/500 wins
    (3,10,2) vs (3,10,3): lift +13.10%p, 496/500 wins
    (2,10,3) vs (3,10,3): lift +20.26%p, 500/500 wins

====================================================================================================
시나리오: Top 5 super-winner 제외  (제외 종목: ['DELL', 'FLEX', 'INTC', 'MRVL', 'SNDK'])
====================================================================================================
  [  3.7s] (3,10,3)   production     avg=+82.42% mdd= -8.06% ra=+10.23
  [  3.5s] (2,10,2)   grid_best      avg=+108.92% mdd= -6.94% ra=+15.70
  [  3.4s] (3,10,2)   slots2_only    avg=+95.52% mdd= -8.63% ra=+11.07
  [  3.1s] (2,10,3)   entry2_only    avg=+102.67% mdd= -6.94% ra=+14.79
    (2,10,2) vs (3,10,3): lift +26.51%p, 500/500 wins
    (3,10,2) vs (3,10,3): lift +13.10%p, 496/500 wins
    (2,10,3) vs (3,10,3): lift +20.26%p, 500/500 wins

====================================================================================================
시나리오: Top 10 super-winner 제외  (제외 종목: ['AMD', 'CIEN', 'DELL', 'FLEX', 'INTC', 'MRVL', 'SNDK', 'STRL', 'STX', 'TTMI'])
====================================================================================================
  [  2.4s] (3,10,3)   production     avg=+72.77% mdd= -9.24% ra=+7.88
  [  2.2s] (2,10,2)   grid_best      avg=+102.92% mdd=-13.55% ra=+7.60
  [  1.9s] (3,10,2)   slots2_only    avg=+87.15% mdd= -9.75% ra=+8.94
  [  2.2s] (2,10,3)   entry2_only    avg=+97.49% mdd=-13.55% ra=+7.19
    (2,10,2) vs (3,10,3): lift +30.15%p, 500/500 wins
    (3,10,2) vs (3,10,3): lift +14.39%p, 497/500 wins
    (2,10,3) vs (3,10,3): lift +24.72%p, 500/500 wins

