==============================================================================================================
MA20 환경 (entry, exit, slots) grid 최적화
seeds: 100 × 3 = 300 시뮬/조합
grid: entry [2, 3, 4, 5] × exit [8, 10, 12, 15] × slots [2, 3, 4] = 48 조합
==============================================================================================================

params               avg    median    std       min       max      MDD  risk_adj  sharpe
----------------------------------------------------------------------------------------------------
  (2,8,2)       +112.90%  +126.62% 33.65   +37.94%  +168.02%   -6.94%   +16.27  +3.36
  (2,8,3)        +98.06%  +107.86% 26.89   +33.57%  +139.88%   -6.94%   +14.13  +3.65
  (2,8,4)        +92.41%  +102.64% 25.59   +30.21%  +131.18%   -6.94%   +13.32  +3.61
  (2,10,2)      +116.84%  +131.43% 35.05   +39.46%  +173.71%   -6.94%   +16.84  +3.33
  (2,10,3)      +101.40%  +110.80% 26.67   +36.76%  +143.27%   -6.94%   +14.61  +3.80
  (2,10,4)       +98.42%  +108.40% 25.73   +35.20%  +137.75%   -6.94%   +14.18  +3.83
  (2,12,2)      +115.90%  +129.98% 34.43   +39.46%  +171.99%   -6.94%   +16.70  +3.37
  (2,12,3)      +100.55%  +110.80% 26.14   +36.76%  +141.74%   -6.94%   +14.49  +3.85
  (2,12,4)       +97.58%  +108.40% 25.20   +35.20%  +136.26%   -6.94%   +14.06  +3.87
  (2,15,2)      +115.90%  +129.98% 34.43   +39.46%  +171.99%   -6.94%   +16.70  +3.37
  (2,15,3)      +102.44%  +112.78% 26.39   +38.04%  +144.01%   -6.94%   +14.76  +3.88
  (2,15,4)       +99.44%  +110.36% 25.44   +36.48%  +138.48%   -6.94%   +14.33  +3.91
  (3,8,2)       +102.23%  +108.07% 27.30   +37.94%  +150.36%  -10.90%    +9.38  +3.74
  (3,8,3)        +82.22%   +87.30% 16.37   +29.32%  +104.49%  -10.35%    +7.94  +5.02
  (3,8,4)        +83.62%   +90.81% 18.80   +26.07%  +108.72%   -9.97%    +8.39  +4.45
  (3,10,2)      +105.93%  +112.49% 28.45   +39.46%  +155.67%  -10.90%    +9.72  +3.72
 ★(3,10,3)      +105.36%  +117.95% 27.35   +31.01%  +144.09%  -10.35%   +10.18  +3.85
  (3,10,4)       +87.69%   +94.05% 18.71   +29.81%  +114.75%   -9.97%    +8.80  +4.69
  (3,12,2)      +105.82%  +112.31% 28.39   +39.46%  +155.46%  -10.90%    +9.71  +3.73
  (3,12,3)      +103.92%  +116.02% 26.91   +31.01%  +144.09%  -10.35%   +10.04  +3.86
  (3,12,4)       +83.07%   +88.80% 17.24   +29.81%  +109.03%   -9.97%    +8.33  +4.82
  (3,15,2)      +105.82%  +112.31% 28.39   +39.46%  +155.46%  -10.90%    +9.71  +3.73
  (3,15,3)      +105.51%  +118.05% 26.93   +32.24%  +135.01%  -10.35%   +10.19  +3.92
  (3,15,4)       +84.85%   +90.26% 17.90   +31.03%  +124.12%   -9.97%    +8.51  +4.74
  (4,8,2)       +102.23%  +108.07% 27.30   +37.94%  +150.36%  -10.90%    +9.38  +3.74
  (4,8,3)        +81.33%   +87.30% 17.26   +29.32%  +104.49%  -10.35%    +7.86  +4.71
  (4,8,4)        +77.51%   +82.88% 19.26   +22.32%  +107.41%   -9.97%    +7.77  +4.02
  (4,10,2)      +105.93%  +112.49% 28.45   +39.46%  +155.67%  -10.90%    +9.72  +3.72
  (4,10,3)      +100.64%  +112.64% 26.16   +31.01%  +138.15%  -10.35%    +9.72  +3.85
  (4,10,4)       +82.97%   +89.53% 18.83   +26.97%  +113.57%   -9.97%    +8.32  +4.41
  (4,12,2)      +105.82%  +112.31% 28.39   +39.46%  +155.46%  -10.90%    +9.71  +3.73
  (4,12,3)       +92.85%  +103.62% 24.15   +31.01%  +130.08%  -10.35%    +8.97  +3.84
  (4,12,4)       +78.36%   +84.92% 18.66   +23.29%  +107.38%   -9.97%    +7.86  +4.20
  (4,15,2)      +105.82%  +112.31% 28.39   +39.46%  +155.46%  -10.90%    +9.71  +3.73
  (4,15,3)       +92.64%  +103.62% 23.72   +31.93%  +119.46%  -10.35%    +8.95  +3.91
  (4,15,4)       +79.89%   +86.36% 18.99   +24.24%  +107.28%   -9.97%    +8.01  +4.21
  (5,8,2)       +102.23%  +108.07% 27.30   +37.94%  +150.36%  -10.90%    +9.38  +3.74
  (5,8,3)        +84.25%   +90.07% 18.80   +29.32%  +109.98%   -8.11%   +10.39  +4.48
  (5,8,4)        +73.43%   +80.32% 19.19   +22.32%  +103.16%   -7.88%    +9.32  +3.83
  (5,10,2)      +105.93%  +112.49% 28.45   +39.46%  +155.67%  -10.90%    +9.72  +3.72
  (5,10,3)      +103.93%  +115.55% 28.00   +31.01%  +138.15%   -8.11%   +12.82  +3.71
  (5,10,4)       +77.44%   +85.40% 18.86   +26.79%  +104.03%   -7.72%   +10.03  +4.11
  (5,12,2)      +105.82%  +112.31% 28.39   +39.46%  +155.46%  -10.90%    +9.71  +3.73
  (5,12,3)       +96.00%  +108.25% 25.85   +31.01%  +130.08%   -8.11%   +11.84  +3.71
  (5,12,4)       +73.30%   +82.02% 18.77   +23.29%   +98.12%   -7.72%    +9.49  +3.91
  (5,15,2)      +105.82%  +112.31% 28.39   +39.46%  +155.46%  -10.90%    +9.71  +3.73
  (5,15,3)       +99.40%  +112.01% 27.64   +31.93%  +130.49%   -8.06%   +12.33  +3.60
  (5,15,4)       +77.69%   +87.05% 20.95   +23.55%  +106.43%   -7.67%   +10.13  +3.71

총 소요: 24.1s

==============================================================================================================
Top 5 — avg 수익률 기준
==============================================================================================================
  (2,10,2)   avg=+116.84% mdd=  -6.94% ra=+16.84 sharpe=+3.33
  (2,12,2)   avg=+115.90% mdd=  -6.94% ra=+16.70 sharpe=+3.37
  (2,15,2)   avg=+115.90% mdd=  -6.94% ra=+16.70 sharpe=+3.37
  (2,8,2)    avg=+112.90% mdd=  -6.94% ra=+16.27 sharpe=+3.36
  (3,10,2)   avg=+105.93% mdd= -10.90% ra= +9.72 sharpe=+3.72

Top 5 — risk_adj 기준 (avg / |MDD|)
==============================================================================================================
  (2,10,2)   avg=+116.84% mdd=  -6.94% ra=+16.84 sharpe=+3.33
  (2,12,2)   avg=+115.90% mdd=  -6.94% ra=+16.70 sharpe=+3.37
  (2,15,2)   avg=+115.90% mdd=  -6.94% ra=+16.70 sharpe=+3.37
  (2,8,2)    avg=+112.90% mdd=  -6.94% ra=+16.27 sharpe=+3.36
  (2,15,3)   avg=+102.44% mdd=  -6.94% ra=+14.76 sharpe=+3.88

Top 5 — Sharpe 기준
==============================================================================================================
  (3,8,3)    avg= +82.22% mdd= -10.35% ra= +7.94 sharpe=+5.02
  (3,12,4)   avg= +83.07% mdd=  -9.97% ra= +8.33 sharpe=+4.82
  (3,15,4)   avg= +84.85% mdd=  -9.97% ra= +8.51 sharpe=+4.74
  (4,8,3)    avg= +81.33% mdd= -10.35% ra= +7.86 sharpe=+4.71
  (3,10,4)   avg= +87.69% mdd=  -9.97% ra= +8.80 sharpe=+4.69

==============================================================================================================
Production (3,10,3) — v81 채택 후보
==============================================================================================================
  (3,10,3): avg=+105.36% (순위 15/48) ra=+10.18 (순위 18) sharpe=+3.85 (순위 20)
