  (2,10,2)   avg=+109.61% mdd=  -6.94% ra=+15.79 sharpe=+3.29
  (4,8,2)    avg=+109.35% mdd=  -8.63% ra=+12.67 sharpe=+3.26
  (4,10,2)   avg=+109.35% mdd=  -8.63% ra=+12.67 sharpe=+3.26
  (5,8,2)    avg=+109.35% mdd=  -8.63% ra=+12.67 sharpe=+3.26

Top 5 — risk_adj 기준 (avg / |MDD|)
==============================================================================================================
  (2,8,2)    avg=+110.52% mdd=  -6.94% ra=+15.92 sharpe=+3.26
  (2,10,2)   avg=+109.61% mdd=  -6.94% ra=+15.79 sharpe=+3.29
  (2,12,2)   avg=+102.44% mdd=  -6.94% ra=+14.76 sharpe=+3.52
  (2,8,3)    avg= +99.37% mdd=  -6.94% ra=+14.32 sharpe=+3.53
  (2,10,3)   avg= +98.52% mdd=  -6.94% ra=+14.20 sharpe=+3.57

Top 5 — Sharpe 기준
==============================================================================================================
  (3,8,4)    avg= +90.55% mdd=  -7.68% ra=+11.79 sharpe=+3.98
  (3,15,4)   avg= +82.57% mdd=  -7.68% ra=+10.75 sharpe=+3.98
  (3,15,3)   avg= +77.55% mdd=  -8.06% ra= +9.62 sharpe=+3.93
  (3,10,4)   avg= +86.15% mdd=  -7.68% ra=+11.22 sharpe=+3.89
  (4,15,3)   avg= +85.81% mdd=  -8.06% ra=+10.65 sharpe=+3.85

==============================================================================================================
Production (3,10,3) — v81 채택 후보
==============================================================================================================
  (3,10,3): avg=+95.05% (순위 31/48) ra=+11.79 (순위 31) sharpe=+3.38 (순위 26)
