====================================================================================================
MA120 + MA60 (둘 다 통과 필수) vs current
params: slot 2, entry=3, exit=10 (v83.3)
====================================================================================================

[current] regenerate + BT...
  regen 2.9s
  BT 0.7s | avg=+117.29% med=+126.69% std=53.5 mdd=-21.93%

[ma120_and_60] regenerate + BT...
  regen 2.3s
  BT 0.7s | avg=+128.35% med=+155.20% std=63.9 mdd=-21.93%

  paired (ma120_and_60 - current):
    avg lift: +11.06%p
    med lift: +13.17%p
    min: -19.62%p, max: +29.90%p
    wins: 83/100

====================================================================================================
AEIS-style 종목 (Top 3 진입한 case 2: MA120 위 MA60 아래) 분석
====================================================================================================

  current Top 3에만 있는 종목 (= ma120_and_60에서 컷됨):
    MU: 10일
    AEIS: 7일
    ALB: 4일
    TTMI: 2일
    WPM: 1일
    CF: 1일
    TER: 1일
    CHRD: 1일
  ma120_and_60 Top 3에만 있는 종목 (= 새로 진입):
    FIX: 6일
    FORM: 3일
    TTMI: 2일
    FIVE: 2일
    LITE: 2일
    MU: 2일
    NVDA: 2일
    WWD: 1일
    SNDK: 1일
    TECK: 1일
