====================================================================================================
SNDK 제외 시 (2,10,2) vs (3,10,3) paired — 슈퍼위너 의존성 검증
500 seed × 5 samples = 2500 sim/조합
====================================================================================================

[참고] BT 기간 +50% 이상 폭주 종목 (potential super-winner):
  INTC    46.48 →  108.77   +134.0%
  MRVL    78.23 →  176.89   +126.1%
  SNDK   630.29 → 1407.61   +123.3%
  FLEX    62.60 →  137.86   +120.2%
  DELL   112.82 →  241.99   +114.5%
  AMD    205.94 →  424.10   +105.9%
  STRL   431.43 →  848.84    +96.8%
  CIEN   292.96 →  554.46    +89.3%
  STX    431.17 →  795.47    +84.5%
  TTMI    92.33 →  167.35    +81.3%
  TWLO   110.41 →  198.29    +79.6%
  COHR   216.10 →  382.45    +77.0%
  MU     413.97 →  724.66    +75.1%
  ARM    122.19 →  209.16    +71.2%
  HUM    178.83 →  305.12    +70.6%

====================================================================================================
시나리오: 전체  (제외 종목: 없음)
====================================================================================================
  [  4.1s] (3,10,3)   production     avg=+103.99% mdd=-10.35% ra=+10.05
  [  9.4s] (2,10,2)   grid_best      avg=+115.78% mdd= -6.94% ra=+16.68
  [  9.7s] (3,10,2)   slots2_only    avg=+105.02% mdd=-10.90% ra=+9.64
  [  9.2s] (2,10,3)   entry2_only    avg=+100.59% mdd= -6.94% ra=+14.49
    (2,10,2) vs (3,10,3): lift +11.79%p, 481/500 wins
    (3,10,2) vs (3,10,3): lift +1.03%p, 280/500 wins
    (2,10,3) vs (3,10,3): lift -3.40%p, 89/500 wins

====================================================================================================
시나리오: SNDK 제외  (제외 종목: ['SNDK'])
====================================================================================================
  [  8.6s] (3,10,3)   production     avg=+91.25% mdd=-10.35% ra=+8.82
  [  4.0s] (2,10,2)   grid_best      avg=+110.11% mdd= -6.94% ra=+15.87
  [  2.7s] (3,10,2)   slots2_only    avg=+115.64% mdd=-10.90% ra=+10.61
  [  3.5s] (2,10,3)   entry2_only    avg=+103.84% mdd= -6.94% ra=+14.96
    (2,10,2) vs (3,10,3): lift +18.86%p, 496/500 wins
    (3,10,2) vs (3,10,3): lift +24.39%p, 500/500 wins
    (2,10,3) vs (3,10,3): lift +12.59%p, 481/500 wins

====================================================================================================
시나리오: Top 3 super-winner 제외  (제외 종목: ['INTC', 'MRVL', 'SNDK'])
====================================================================================================
  [  2.5s] (3,10,3)   production     avg=+91.25% mdd=-10.35% ra=+8.82
  [  2.3s] (2,10,2)   grid_best      avg=+110.11% mdd= -6.94% ra=+15.87
  [  2.3s] (3,10,2)   slots2_only    avg=+115.64% mdd=-10.90% ra=+10.61
  [  2.2s] (2,10,3)   entry2_only    avg=+103.84% mdd= -6.94% ra=+14.96
    (2,10,2) vs (3,10,3): lift +18.86%p, 496/500 wins
    (3,10,2) vs (3,10,3): lift +24.39%p, 500/500 wins
    (2,10,3) vs (3,10,3): lift +12.59%p, 481/500 wins

====================================================================================================
시나리오: Top 5 super-winner 제외  (제외 종목: ['DELL', 'FLEX', 'INTC', 'MRVL', 'SNDK'])
====================================================================================================
  [  2.2s] (3,10,3)   production     avg=+91.25% mdd=-10.35% ra=+8.82
  [  2.3s] (2,10,2)   grid_best      avg=+110.11% mdd= -6.94% ra=+15.87
  [  2.0s] (3,10,2)   slots2_only    avg=+115.64% mdd=-10.90% ra=+10.61
  [  1.9s] (2,10,3)   entry2_only    avg=+103.84% mdd= -6.94% ra=+14.96
    (2,10,2) vs (3,10,3): lift +18.86%p, 496/500 wins
    (3,10,2) vs (3,10,3): lift +24.39%p, 500/500 wins
    (2,10,3) vs (3,10,3): lift +12.59%p, 481/500 wins

====================================================================================================
시나리오: Top 10 super-winner 제외  (제외 종목: ['AMD', 'CIEN', 'DELL', 'FLEX', 'INTC', 'MRVL', 'SNDK', 'STRL', 'STX', 'TTMI'])
====================================================================================================
  [  2.5s] (3,10,3)   production     avg=+81.22% mdd=-13.33% ra=+6.09
  [  4.7s] (2,10,2)   grid_best      avg=+104.10% mdd=-13.55% ra=+7.68
  [  2.3s] (3,10,2)   slots2_only    avg=+106.41% mdd=-11.99% ra=+8.87
  [  1.9s] (2,10,3)   entry2_only    avg=+98.65% mdd=-13.55% ra=+7.28
    (2,10,2) vs (3,10,3): lift +22.89%p, 498/500 wins
    (3,10,2) vs (3,10,3): lift +25.19%p, 500/500 wins
    (2,10,3) vs (3,10,3): lift +17.44%p, 493/500 wins

