====================================================================================================
MA filter diff: current (MA120+MA60 fallback) vs ma60_only
params: entry=3, exit=10, slots=2
====================================================================================================

거래일: 73 (2026-02-12 ~ 2026-05-28)

====================================================================================================
A. 날짜별 part2_rank 종목 수 (Top 30 진입 수)
====================================================================================================
  평균 Top 30 진입 수 — current: 29.3, ma60_only: 28.1
  current에만 있는 종목 발생 일자: 69/73
  ma60_only에만 있는 종목 발생 일자: 64/73

====================================================================================================
B. part2_rank Top 30 set diff — 누적 unique 종목
====================================================================================================
  current에만 (총 58 종목, 상위 15):
    GMED: 22일
    WWD: 22일
    LLY: 17일
    HWM: 15일
    GFI: 14일
    HAS: 14일
    BOKF: 12일
    ADI: 12일
    NVST: 12일
    LRCX: 11일
    PAAS: 11일
    TFPM: 10일
    FHN: 9일
    TER: 9일
    GOOG: 9일
  ma60_only에만 (총 61 종목, 상위 15):
    NUE: 20일
    CIEN: 19일
    APP: 17일
    WDC: 14일
    GRMN: 13일
    STRL: 11일
    FAF: 11일
    TSEM: 9일
    FORM: 9일
    NVMI: 8일
    VIRT: 8일
    MRVL: 8일
    WMG: 8일
    ELF: 7일
    KGC: 7일

====================================================================================================
C. Multi-start (전체 dates 시작일 풀) trade-level diff
====================================================================================================
  start=2026-02-12: current +180.22% mdd -21.93% | ma60_only +147.42% mdd -21.93% | lift -32.81%p
  start=2026-03-11: current +136.12% mdd -13.12% | ma60_only +112.65% mdd -13.12% | lift -23.46%p
  start=2026-04-07: current +54.12% mdd -6.72% | ma60_only +58.10% mdd -5.95% | lift +3.99%p
  start=2026-05-01: current +22.78% mdd -6.72% | ma60_only +25.95% mdd -5.95% | lift +3.18%p

====================================================================================================
D. ma60_only가 가장 우월한 시작일 (2026-04-07) — trade diff
====================================================================================================
  current   total: +54.12% | mdd -6.72% @ 2026-05-18 | trades 4
  ma60_only total: +58.10% | mdd -5.95% @ 2026-05-07 | trades 6

  공통 trade: 2, current만: 2, ma60_only만: 4

  current에만 있는 trade (2, sorted by return):
  ticker   entry      exit        hold    return reason      
  ALB      2026-05-26 2026-05-28     2    +0.93%  open        
  AEIS     2026-05-19 2026-05-28     6    +4.70%  open        

  ma60_only에만 있는 trade (4, sorted by return):
  ticker   entry      exit        hold    return reason      
  DINO     2026-05-28 2026-05-28     0    +0.00%  open        
  FAF      2026-05-28 2026-05-28     0    +0.00%  open        
  CHRD     2026-05-13 2026-05-19     4    +5.37%  min_seg     
  BE       2026-05-08 2026-05-13     3   +11.01%  rank_exit   

  current-only 평균 return: +2.82%
  ma60_only-only 평균 return: +4.09%

====================================================================================================
E. current가 가장 우월한 시작일 (2026-02-12) — trade diff
====================================================================================================
  current   total: +180.22% | mdd -21.93% @ 2026-03-06 | trades 10
  ma60_only total: +147.42% | mdd -21.93% @ 2026-03-06 | trades 12

  current에만 있는 trade (5):
  ticker   entry      exit        hold    return
  ALB      2026-05-26 2026-05-28     2    +0.93%
  AEIS     2026-05-19 2026-05-28     6    +4.70%
  FIVE     2026-04-10 2026-04-21     7    +9.08%
  TTMI     2026-04-01 2026-04-10     6   +25.14%
  FORM     2026-03-19 2026-04-10    15   +30.18%

  ma60_only에만 있는 trade (7):
  ticker   entry      exit        hold    return
  STX      2026-03-18 2026-03-30     8   -10.90%
  DINO     2026-05-28 2026-05-28     0    +0.00%
  FAF      2026-05-28 2026-05-28     0    +0.00%
  CHRD     2026-05-13 2026-05-19     4    +5.37%
  FIVE     2026-04-13 2026-04-21     6    +7.19%
  BE       2026-05-08 2026-05-13     3   +11.01%
  FORM     2026-03-30 2026-04-13     9   +40.27%

  current-only 평균 return: +14.01%
  ma60_only-only 평균 return: +7.56%

====================================================================================================
F. 전체 시작일 (5개 샘플) 종합 — 종목별 누적 평균 기여
====================================================================================================
  ma60_only 우월 종목 (top 10):
  ticker    cur sum  m60 sum     diff  #c  #m
  BE         +0.00%  +11.01%  +11.01%p   0   4
  FORM      +13.22%  +20.13%   +6.92%p   2   2
  CHRD       +0.00%   +5.37%   +5.37%p   0   4
  MOD        +5.50%  +10.17%   +4.67%p   2   2
  SNDK      +93.35%  +93.35%   +0.00%p   6   6
  WPM        -0.49%   -0.49%   +0.00%p   1   1
  DINO       +0.00%   +0.00%   +0.00%p   0   4
  LITE       +7.15%   +7.15%   +0.00%p   1   1
  FAF        +0.00%   +0.00%   +0.00%p   0   4
  ALB        +0.93%   +0.00%   -0.93%p   4   0

  current 우월 종목 (top 10):
  TTMI      +12.44%   +0.00%  -12.44%p   2   0
  CF         +2.65%   -7.66%  -10.31%p   4   4
  STX        +3.70%   -3.50%   -7.20%p   1   2
  AEIS       +4.70%   +0.00%   -4.70%p   4   0
  FIVE       +4.54%   +3.60%   -0.94%p   2   2
  ALB        +0.93%   +0.00%   -0.93%p   4   0
  SNDK      +93.35%  +93.35%   +0.00%p   6   6
  WPM        -0.49%   -0.49%   +0.00%p   1   1
  DINO       +0.00%   +0.00%   +0.00%p   0   4
  LITE       +7.15%   +7.15%   +0.00%p   1   1

====================================================================================================
G. Trade 통계 (5개 샘플 합산)
====================================================================================================
  metric                      current    ma60_only
  --------------------------------------------------
  n trades                         29           36
  avg return                  +20.37%      +15.46%
  median return                +9.08%       +5.37%
  win rate                      93.1%        58.3%
  avg hold (days)                12.2          9.0
  avg win                     +22.12%      +28.72%
  avg loss                     -3.20%       -3.11%
  max single win             +123.63%     +123.63%
  max single loss              -4.43%      -14.02%
