시나리오: 전체
====================================================================================================
  [ 5.3s]  (1,10,1)   avg=+80.89% mdd=-14.34% ra=+5.64 sharpe=+3.30 std=24.5
  [ 7.0s]  (2,10,2)   avg=+108.31% mdd= -6.94% ra=+15.61 sharpe=+3.10 std=34.9
  [ 8.6s] ★(3,10,3)   avg=+93.67% mdd= -8.06% ra=+11.62 sharpe=+3.24 std=28.9
  [ 9.2s]  (4,10,4)   avg=+72.89% mdd= -7.67% ra=+9.50 sharpe=+3.23 std=22.6
  [ 8.7s]  (5,10,5)   avg=+64.43% mdd= -6.59% ra=+9.78 sharpe=+3.00 std=21.5
  vs (3,10,3) production paired:
    (1,10,1): lift -12.78%p, 21/500 wins
    (2,10,2): lift +14.64%p, 500/500 wins
    (4,10,4): lift -20.78%p, 0/500 wins
    (5,10,5): lift -29.24%p, 0/500 wins

====================================================================================================
시나리오: SNDK 제외
====================================================================================================
  [ 7.6s]  (1,10,1)   avg=+55.65% mdd=-10.14% ra=+5.49 sharpe=+6.45 std=8.6
  [ 7.7s]  (2,10,2)   avg=+108.92% mdd= -6.94% ra=+15.70 sharpe=+3.13 std=34.8
  [ 6.4s] ★(3,10,3)   avg=+82.42% mdd= -8.06% ra=+10.23 sharpe=+4.00 std=20.6
  [ 7.4s]  (4,10,4)   avg=+55.49% mdd= -7.99% ra=+6.95 sharpe=+3.31 std=16.8
  [ 6.8s]  (5,10,5)   avg=+55.05% mdd= -6.59% ra=+8.35 sharpe=+2.97 std=18.5
  vs (3,10,3) production paired:
    (1,10,1): lift -26.77%p, 1/500 wins
    (2,10,2): lift +26.51%p, 500/500 wins
    (4,10,4): lift -26.92%p, 0/500 wins
    (5,10,5): lift -27.36%p, 0/500 wins

====================================================================================================
시나리오: Top 10 super-winner 제외
====================================================================================================
  [ 4.1s]  (1,10,1)   avg=+50.77% mdd=-13.08% ra=+3.88 sharpe=+4.84 std=10.5
  [ 3.6s]  (2,10,2)   avg=+102.92% mdd=-13.55% ra=+7.60 sharpe=+3.28 std=31.4
  [ 3.4s] ★(3,10,3)   avg=+72.77% mdd= -9.24% ra=+7.88 sharpe=+4.58 std=15.9
  [ 3.8s]  (4,10,4)   avg=+50.06% mdd= -9.02% ra=+5.55 sharpe=+3.58 std=14.0
  [ 3.7s]  (5,10,5)   avg=+52.30% mdd= -6.38% ra=+8.20 sharpe=+3.07 std=17.0
  vs (3,10,3) production paired:
    (1,10,1): lift -22.00%p, 3/500 wins
    (2,10,2): lift +30.15%p, 500/500 wins
    (4,10,4): lift -22.71%p, 0/500 wins
    (5,10,5): lift -20.47%p, 0/500 wins
