====================================================================================================
MA20 vs current — 12시작일 multistart 재검증
params: entry=3, exit=10, slots=3, hold=0
====================================================================================================

[current] 12시작일...
  0.4s
[ma20] 12시작일...
  0.4s
[ma50] 12시작일...
  0.4s

====================================================================================================
start_date        current       ma20       ma50   lift_ma20   lift_ma50
------------------------------------------------------------------------------------------
  2026-02-12     +113.54%   +135.89%   +154.51%     +22.35%p     +40.97%p
  2026-02-13     +113.54%   +135.89%   +154.51%     +22.35%p     +40.97%p
  2026-02-17     +113.54%   +135.89%   +154.51%     +22.35%p     +40.97%p
  2026-02-18     +100.76%   +133.86%   +152.18%     +33.10%p     +51.42%p
  2026-02-19     +106.99%   +128.65%   +146.70%     +21.66%p     +39.71%p
  2026-02-20     +100.16%   +121.49%   +138.57%     +21.33%p     +38.41%p
  2026-02-23      +98.39%   +120.09%   +136.45%     +21.70%p     +38.06%p
  2026-02-24      +91.16%   +122.23%   +131.29%     +31.07%p     +40.13%p
  2026-02-25      +86.08%   +117.33%   +125.15%     +31.25%p     +39.07%p
  2026-02-26      +87.92%   +122.11%   +127.37%     +34.19%p     +39.45%p
  2026-02-27      +87.29%   +121.94%   +135.25%     +34.65%p     +47.96%p
  2026-03-02      +96.47%   +113.53%   +137.73%     +17.06%p     +41.26%p
------------------------------------------------------------------------------------------
avg               +99.65%   +125.74%   +141.19%     +26.09%p     +41.53%p
min               +86.08%   +113.53%   +125.15%     +17.06%p     +38.06%p
max              +113.54%   +135.89%   +154.51%     +34.65%p     +51.42%p
worst MDD         -18.18%     -9.41%    -17.28%

paired wins/losses/ties:
  ma20 vs current: 12/0/0
  ma50 vs current: 12/0/0
