==============================================================================================================
bt_ma_filter_extended 8변형 — NEW simulator 재검증
100 seed × 3 = 300 sim/변형
==============================================================================================================

[Load + seed_starts] 0.2s

variant          avg    median  worst MDD  sharpe [ time]
----------------------------------------------------------------------
★ current    +80.87%   +86.70%    -18.18%  +2.82 [  0.4s]
  no_ma      +82.00%   +90.42%    -15.69%  +2.63 [  0.5s]
  ma20       +73.33%   +75.53%    -19.80%  +3.82 [  0.7s]
  ma50       +79.27%   +80.77%    -20.92%  +2.79 [  1.5s]
  ma100      +76.61%   +80.98%    -18.18%  +2.77 [  1.6s]
  ma120      +80.87%   +86.70%    -18.18%  +2.82 [  1.6s]
  ma150      +72.69%   +78.16%    -18.18%  +2.67 [  1.2s]
  ma200      +74.77%   +81.28%    -18.18%  +2.57 [  1.4s]

==============================================================================================================
paired vs current (production) — NEW simulator 기준
==============================================================================================================
  variant      avg lift      worst       best       wins         verdict
  --------------------------------------------------------------------------------
  no_ma         +1.13%p   -12.20%p   +21.59%p    50/100  ~ 동등
  ma20          -7.54%p   -41.10%p   +21.29%p    27/100  ✗ 열세
  ma50          -1.60%p    -8.90%p    +6.69%p    38/100  ✗ 열세
  ma100         -4.26%p    -6.28%p    -1.32%p     0/100  ✗ 열세
  ma120         +0.00%p    +0.00%p    +0.00%p     0/100  ✗ 열세
  ma150         -8.18%p   -10.07%p    -5.65%p     0/100  ✗ 열세
  ma200         -6.10%p    -8.22%p    -4.70%p     0/100  ✗ 열세

==============================================================================================================
OLD vs NEW 결과 비교 (bt_ma_filter_extended.log의 OLD vs 이번 NEW)
==============================================================================================================
  variant      OLD lift   NEW lift      swing
  ------------------------------------------------------------
  no_ma         +3.07%p    +1.13%p    -1.94%p
  ma20         +27.57%p    -7.54%p   -35.11%p
  ma50         +21.46%p    -1.60%p   -23.06%p
  ma100         +3.18%p    -4.26%p    -7.44%p
  ma120         +0.00%p    +0.00%p    +0.00%p
  ma150         +0.00%p    -8.18%p    -8.18%p
  ma200         +0.00%p    -6.10%p    -6.10%p

총 소요: 9.0s
