====================================================================================================
표준 지표 계산 — v81 vs v80.10c (commodity 필터 fix 후)
====================================================================================================

[1] 전체 기간 단일 BT (시작 2026-02-12, 약 65거래일)
====================================================================================================
  v80.10c (MA120+fb)
    Total Return: +112.63%  (65일)
    CAGR:         +1762.87%  (연환산)
    MDD:           -18.13%
    Sharpe:         +4.87
    Sortino:        +8.50
    Calmar:        +97.21

  v81 (MA20)
    Total Return: +125.18%  (65일)
    CAGR:         +2226.84%  (연환산)
    MDD:           -11.61%
    Sharpe:         +5.02
    Sortino:       +10.23
    Calmar:       +191.76

[2] 12시작일 multistart 평균 (각 시작일에서 끝까지)
====================================================================================================
  v80.10c (MA120+fb)
    Avg Total Return:  +98.87%
    Avg CAGR:         +1738.25%
    Avg MDD:           -17.28%  (worst -18.18%)
    Avg Sharpe:         +4.73
    Avg Sortino:        +8.26
    Avg Calmar:       +100.95

  v81 (MA20)
    Avg Total Return: +113.30%
    Avg CAGR:         +2374.71%
    Avg MDD:           -11.61%  (worst -11.61%)
    Avg Sharpe:         +4.94
    Avg Sortino:       +10.02
    Avg Calmar:       +204.49

[3] random 100 seed × 3 samples (300 sim) 평균
====================================================================================================
  v80.10c (MA120+fb)
    Avg Total Return:  +79.26%
    Avg CAGR:         +8033.88%
    Avg MDD:           -10.70%  (worst -18.18%)
    Avg Sharpe:         +6.77
    Avg Sortino:       +15.11  (finite only)
    Avg Calmar:       +1363.06

  v81 (MA20)
    Avg Total Return:  +95.27%
    Avg CAGR:         +22217.77%
    Avg MDD:            -7.66%  (worst -11.61%)
    Avg Sharpe:         +6.87
    Avg Sortino:       +19.30  (finite only)
    Avg Calmar:       +4665.85

