
====================================================================================================
start_date        current       ma20       ma50   lift_ma20   lift_ma50
------------------------------------------------------------------------------------------
  2026-02-12     +113.06%   +129.45%   +141.23%     +16.39%p     +28.17%p
  2026-02-13     +113.06%   +129.45%   +141.23%     +16.39%p     +28.17%p
  2026-02-17     +113.06%   +129.45%   +141.23%     +16.39%p     +28.17%p
  2026-02-18     +101.19%   +127.47%   +139.01%     +26.28%p     +37.82%p
  2026-02-19     +106.52%   +122.41%   +133.82%     +15.89%p     +27.30%p
  2026-02-20      +99.71%   +115.44%   +126.11%     +15.73%p     +26.40%p
  2026-02-23      +97.94%   +114.08%   +124.11%     +16.14%p     +26.17%p
  2026-02-24      +91.57%   +116.17%   +119.22%     +24.60%p     +27.65%p
  2026-02-25      +86.48%   +111.39%   +113.39%     +24.91%p     +26.91%p
  2026-02-26      +88.32%   +116.05%   +115.50%     +27.73%p     +27.18%p
  2026-02-27      +87.69%   +115.88%   +122.97%     +28.19%p     +35.28%p
  2026-03-02      +96.89%   +107.70%   +125.31%     +10.81%p     +28.42%p
------------------------------------------------------------------------------------------
avg               +99.62%   +119.58%   +128.59%     +19.95%p     +28.97%p
min               +86.48%   +107.70%   +113.39%     +10.81%p     +26.17%p
max              +113.06%   +129.45%   +141.23%     +28.19%p     +37.82%p
worst MDD         -18.18%     -7.10%    -17.28%

paired wins/losses/ties:
  ma20 vs current: 12/0/0
  ma50 vs current: 12/0/0
