총 33 변형
==============================================================================================================
★ MA/추세 필터 새 차원 검증
  entry=2, exit=10, slot=2, weight=fixed_90_10
  entry_fixed simulator (사용자 의도 일치)
==============================================================================================================

[step 0] MA20 + 60일 high/std + 30일 high precompute...
  done 8.8s (vol60: 61991 entries)
  AEIS 평균 60일 일간 std: 3.66%/day

[incl]
 ★current                      avg=+121.67% mdd=-21.60% sharpe=+1.98 [10.6s]
  low_vol_3                    avg=+30.54% mdd=-20.52% sharpe=+3.24 [9.4s]
  low_vol_2_5                  avg=+19.82% mdd=-20.52% sharpe=+1.80 [9.9s]
  low_vol_2                    avg=+17.58% mdd=-20.52% sharpe=+1.39 [9.1s]
  dd_30_20                     avg=+131.95% mdd=-20.52% sharpe=+1.90 [11.3s]
  dd_30_15                     avg=+127.13% mdd=-20.52% sharpe=+2.08 [11.2s]
  dd_30_10                     avg=+118.62% mdd=-20.52% sharpe=+2.17 [9.2s]
  ma120_x1_3                   avg=+47.93% mdd=-17.52% sharpe=+2.62 [4.4s]
  ma120_x1_5                   avg=+41.39% mdd=-21.75% sharpe=+2.05 [10.1s]
  uptrend_strict               avg=+81.73% mdd=-20.52% sharpe=+2.65 [10.4s]
  combined_lv3_dd15            avg=+30.24% mdd=-20.52% sharpe=+3.31 [9.8s]
  combined_lv3_dd60_30         avg=+30.54% mdd=-20.52% sharpe=+3.24 [10.0s]
  combined_dd30_15_dd60_30     avg=+127.13% mdd=-20.52% sharpe=+2.08 [10.4s]

[excl]
 ★current                      avg=+50.48% mdd=-27.18% sharpe=+1.51 [10.8s]
  low_vol_3                    avg=+31.68% mdd=-27.18% sharpe=+3.20 [10.0s]
  low_vol_2_5                  avg=+20.89% mdd=-27.18% sharpe=+1.80 [9.1s]
  low_vol_2                    avg=+18.59% mdd=-27.18% sharpe=+1.45 [10.6s]
  dd_30_20                     avg=+66.99% mdd=-27.18% sharpe=+1.56 [10.3s]
  dd_30_15                     avg=+43.77% mdd=-27.18% sharpe=+1.59 [10.9s]
  dd_30_10                     avg=+45.42% mdd=-27.18% sharpe=+1.98 [9.3s]
  ma120_x1_3                   avg=+43.45% mdd=-16.11% sharpe=+2.91 [9.9s]
  ma120_x1_5                   avg=+29.91% mdd=-15.30% sharpe=+1.33 [10.1s]
  uptrend_strict               avg=+58.48% mdd=-27.18% sharpe=+2.45 [10.1s]
  combined_lv3_dd15            avg=+31.25% mdd=-27.18% sharpe=+3.27 [6.4s]
  combined_lv3_dd60_30         avg=+31.68% mdd=-27.18% sharpe=+3.20 [9.2s]
  combined_dd30_15_dd60_30     avg=+43.77% mdd=-27.18% sharpe=+1.59 [8.8s]

==============================================================================================================
★ 종합 (lift vs current, 양 환경 robust 평가)
==============================================================================================================
  필터                              i_avg    i_mdd   i_lift   i_win |    e_avg    e_mdd   e_lift   e_win |  avg_lift
  --------------------------------------------------------------------------------------------------------------
  dd_30_20                   +131.95%  -20.52%  +10.28%p   96/100 |  +66.99%  -27.18%  +16.51%p   92/100 |  +13.39%p
 ★current                    +121.67%  -21.60%   +0.00%p    0/100 |  +50.48%  -27.18%   +0.00%p    0/100 |   +0.00%p
  dd_30_15                   +127.13%  -20.52%   +5.47%p   86/100 |  +43.77%  -27.18%   -6.71%p   34/100 |   -0.62%p
  combined_dd30_15_dd60_30   +127.13%  -20.52%   +5.47%p   86/100 |  +43.77%  -27.18%   -6.71%p   34/100 |   -0.62%p
  dd_30_10                   +118.62%  -20.52%   -3.05%p   31/100 |  +45.42%  -27.18%   -5.05%p   35/100 |   -4.05%p
  uptrend_strict              +81.73%  -20.52%  -39.94%p    5/100 |  +58.48%  -27.18%   +8.01%p   69/100 |  -15.97%p
  ma120_x1_3                  +47.93%  -17.52%  -73.74%p    1/100 |  +43.45%  -16.11%   -7.03%p   26/100 |  -40.38%p
  ma120_x1_5                  +41.39%  -21.75%  -80.28%p    0/100 |  +29.91%  -15.30%  -20.57%p   12/100 |  -50.42%p
  low_vol_3                   +30.54%  -20.52%  -91.13%p    0/100 |  +31.68%  -27.18%  -18.79%p    7/100 |  -54.96%p
  combined_lv3_dd60_30        +30.54%  -20.52%  -91.13%p    0/100 |  +31.68%  -27.18%  -18.79%p    7/100 |  -54.96%p
  combined_lv3_dd15           +30.24%  -20.52%  -91.43%p    0/100 |  +31.25%  -27.18%  -19.23%p    7/100 |  -55.33%p
  low_vol_2_5                 +19.82%  -20.52% -101.85%p    0/100 |  +20.89%  -27.18%  -29.59%p    1/100 |  -65.72%p
  low_vol_2                   +17.58%  -20.52% -104.09%p    0/100 |  +18.59%  -27.18%  -31.89%p    1/100 |  -67.99%p

==============================================================================================================
★ Robust 우월 (두 환경 모두 wins ≥ 60)
==============================================================================================================
  ✓✓ dd_30_20                     incl +10.28%p (96/100), excl +16.51%p (92/100)
