====================================================================================================
v81 (ext_ma20) vs v80.10c (ext_current) — OLD vs NEW simulator 직접 비교
N_SEEDS=100 × 3 = 300 sim/조합
====================================================================================================
  v80.10c (ext_current) [OLD]         avg= +79.54% mdd=-18.18% miss_total=131
  v80.10c (ext_current) [NEW]         avg= +80.87% mdd=-18.18% miss_total=0
  v81 (ext_ma20) [OLD]                avg= +95.05% mdd= -8.06% miss_total=2511
  v81 (ext_ma20) [NEW]                avg= +73.33% mdd=-19.80% miss_total=0

====================================================================================================
OLD simulator: v81 vs v80.10c paired
====================================================================================================
  lift avg= +15.51%p  v81 wins 99/100  min=  -2.00%p max= +28.86%p

====================================================================================================
NEW simulator: v81 vs v80.10c paired
====================================================================================================
  lift avg=  -7.54%p  v81 wins 27/100  min= -41.10%p max= +21.29%p

====================================================================================================
Simulator 효과 — 같은 DB 내부 OLD vs NEW (NEW-OLD)
====================================================================================================
  v80.10c (ext_current)          avg= +1.33%p  NEW>OLD 81/100
  v81 (ext_ma20)                 avg=-21.72%p  NEW>OLD 0/100
