==============================================================================================================
Sanity check: 이전 BT 5변형 재실행 + 새 grid 0.55 변형 비교
==============================================================================================================

  current       : 7d=0.400 30d=0.300 60d=0.200 90d=0.100 (sum=1.000)
  uniform       : 7d=0.250 30d=0.250 60d=0.250 90d=0.250 (sum=1.000)
  long_heavy    : 7d=0.100 30d=0.200 60d=0.300 90d=0.400 (sum=1.000)
  midweight     : 7d=0.300 30d=0.300 60d=0.200 90d=0.200 (sum=1.000)
  short_lite    : 7d=0.250 30d=0.350 60d=0.250 90d=0.150 (sum=1.000)
  w7_0p55_my    : 7d=0.550 30d=0.225 60d=0.150 90d=0.075 (sum=1.000)
  w7_0p55_alt   : 7d=0.550 30d=0.250 60d=0.150 90d=0.050 (sum=1.000)
  w7_0p55_eq    : 7d=0.550 30d=0.150 60d=0.150 90d=0.150 (sum=1.000)
  [ 4.0s] current        avg=+53.03% med=+52.87% MDD=-18.13% risk_adj=2.92
  [ 3.9s] uniform        avg=+86.87% med=+84.91% MDD=-18.13% risk_adj=4.79
  [ 4.5s] long_heavy     avg=+105.23% med=+103.59% MDD=-18.13% risk_adj=5.80
  [ 3.9s] midweight      avg=+77.89% med=+77.22% MDD=-18.13% risk_adj=4.30
  [ 3.8s] short_lite     avg=+53.15% med=+52.73% MDD=-18.13% risk_adj=2.93
  [ 3.8s] w7_0p55_my     avg=+88.68% med=+87.21% MDD=-16.22% risk_adj=5.47
  [ 3.9s] w7_0p55_alt    avg=+89.54% med=+88.22% MDD=-16.22% risk_adj=5.52
  [ 3.9s] w7_0p55_eq     avg=+99.69% med=+100.10% MDD=-16.22% risk_adj=6.15

총 소요: 31.7s

==============================================================================================================
결과 (33 multistart)
==============================================================================================================
variant             avg      med      min      max     MDD risk_adj
--------------------------------------------------------------------------------
  long_heavy   +105.23% +103.59%  +78.01% +142.05% -18.13%    5.80
  w7_0p55_eq    +99.69% +100.10%  +68.03% +139.42% -16.22%    6.15 ← new
  w7_0p55_alt   +89.54%  +88.22%  +63.00% +128.70% -16.22%    5.52 ← new
  w7_0p55_my    +88.68%  +87.21%  +63.75% +124.40% -16.22%    5.47 ← new
  uniform       +86.87%  +84.91%  +60.67% +119.55% -18.13%    4.79
  midweight     +77.89%  +77.22%  +55.13% +109.05% -18.13%    4.30
  short_lite    +53.15%  +52.73%  +31.54%  +80.14% -18.13%    2.93
  current       +53.03%  +52.87%  +33.18%  +80.32% -18.13%    2.92 ← production

==============================================================================================================
current(production) 대비 차이 — 이전 commit adcb138 결과와 대조
==============================================================================================================
이전 commit 메시지 기록:
  midweight: +5.72%p ret / -3.75%p MDD (risk_adj 우위로 거부)

variant            ΔRet     ΔMDD   Δrisk
------------------------------------------------------------
  uniform       +33.84%p   +0.00%p  +1.87
  long_heavy    +52.20%p   +0.00%p  +2.88
  midweight     +24.86%p   +0.00%p  +1.37
  short_lite     +0.12%p   +0.00%p  +0.01
  w7_0p55_my    +35.66%p   +1.91%p  +2.54
  w7_0p55_alt   +36.51%p   +1.91%p  +2.60
  w7_0p55_eq    +46.66%p   +1.91%p  +3.22
