==============================================================================================================
multistart 개수별 결과 (avg return)
==============================================================================================================
variant           n=6        n=8       n=10       n=12       n=15       n=20       n=33
--------------------------------------------------------------------------------
  w7=0.10     +60.99%    +59.10%    +57.48%    +56.52%    +58.11%    +59.44%    +54.02%
  w7=0.15     +55.89%    +54.06%    +52.49%    +51.56%    +53.10%    +54.80%    +51.11%
  w7=0.20     +55.89%    +54.06%    +52.49%    +51.56%    +53.10%    +54.76%    +51.08%
  w7=0.25     +55.89%    +54.06%    +52.49%    +52.04%    +53.74%    +55.05%    +49.93%
  w7=0.30     +61.65%    +59.75%    +58.12%    +57.66%    +59.42%    +60.77%    +55.79%
  w7=0.35     +64.52%    +62.59%    +60.94%    +60.23%    +62.07%    +63.50%    +58.13%
  w7=0.40     +59.06%    +57.20%    +55.63%    +54.96%    +56.73%    +58.10%    +53.03%  ★ production
  w7=0.45     +72.16%    +70.14%    +68.44%    +67.72%    +69.64%    +71.37%    +66.07%
  w7=0.50     +89.52%    +85.27%    +81.74%    +80.30%    +81.73%    +81.76%    +73.73%
  w7=0.55    +104.42%   +100.09%    +96.62%    +95.30%    +97.12%    +97.49%    +88.68%
  w7=0.60     +91.84%    +87.57%    +84.59%    +83.74%    +85.88%    +87.78%    +81.00%
  w7=0.65     +87.71%    +83.94%    +81.26%    +80.60%    +82.89%    +85.43%    +77.53%
  w7=0.70     +67.84%    +64.58%    +62.42%    +62.25%    +64.25%    +65.94%    +59.99%

==============================================================================================================
risk_adj (avg / |worst_MDD|)
==============================================================================================================
variant         n=6      n=8     n=10     n=12     n=15     n=20     n=33
--------------------------------------------------------------------------------
  w7=0.10     3.36    3.26    3.17    3.12    3.20    3.28    2.98
  w7=0.15     3.08    2.98    2.90    2.84    2.93    3.02    2.82
  w7=0.20     3.08    2.98    2.90    2.84    2.93    3.02    2.82
  w7=0.25     3.08    2.98    2.90    2.87    2.96    3.04    2.75
  w7=0.30     3.40    3.30    3.21    3.18    3.28    3.35    3.08
  w7=0.35     3.56    3.45    3.36    3.32    3.42    3.50    3.21
  w7=0.40     3.26    3.15    3.07    3.03    3.13    3.20    2.92  ★
  w7=0.45     3.98    3.87    3.78    3.74    3.84    3.94    3.64
  w7=0.50     6.01    5.72    5.04    4.95    5.04    5.04    4.55
  w7=0.55     7.01    6.72    5.96    5.88    5.99    6.01    5.47
  w7=0.60     5.72    5.39    5.20    5.15    5.28    5.40    4.98
  w7=0.65     5.39    5.16    5.00    4.96    5.10    5.25    4.77
  w7=0.70     4.17    3.97    3.84    3.83    3.95    4.06    3.69

==============================================================================================================
각 n_starts에서의 best 변형
==============================================================================================================

n=6:
  production w7=0.40 → rank 10/13, avg=+59.06%
    1위 w7=0.55    avg=+104.42% (Δprod=+45.35%p) med=+112.12% std=10.1 MDD=-14.90% risk_adj=7.01
    2위 w7=0.60    avg=+91.84% (Δprod=+32.78%p) med=+99.07% std= 9.5 MDD=-16.05% risk_adj=5.72
    3위 w7=0.50    avg=+89.52% (Δprod=+30.45%p) med=+96.66% std= 9.4 MDD=-14.90% risk_adj=6.01
    4위 w7=0.65    avg=+87.71% (Δprod=+28.65%p) med=+94.69% std= 9.1 MDD=-16.26% risk_adj=5.39
    5위 w7=0.45    avg=+72.16% (Δprod=+13.09%p) med=+75.13% std= 4.0 MDD=-18.13% risk_adj=3.98

n=8:
  production w7=0.40 → rank 10/13, avg=+57.20%
    1위 w7=0.55    avg=+100.09% (Δprod=+42.90%p) med=+109.33% std=11.6 MDD=-14.90% risk_adj=6.72
    2위 w7=0.60    avg=+87.57% (Δprod=+30.37%p) med=+96.45% std=11.1 MDD=-16.26% risk_adj=5.39
    3위 w7=0.50    avg=+85.27% (Δprod=+28.08%p) med=+94.07% std=11.0 MDD=-14.90% risk_adj=5.72
    4위 w7=0.65    avg=+83.94% (Δprod=+26.74%p) med=+92.13% std=10.3 MDD=-16.26% risk_adj=5.16
    5위 w7=0.45    avg=+70.14% (Δprod=+12.94%p) med=+73.62% std= 5.0 MDD=-18.13% risk_adj=3.87

n=10:
  production w7=0.40 → rank 10/13, avg=+55.63%
    1위 w7=0.55    avg=+96.62% (Δprod=+40.99%p) med=+93.59% std=12.5 MDD=-16.22% risk_adj=5.96
    2위 w7=0.60    avg=+84.59% (Δprod=+28.96%p) med=+81.68% std=11.6 MDD=-16.26% risk_adj=5.20
    3위 w7=0.50    avg=+81.74% (Δprod=+26.11%p) med=+79.48% std=12.1 MDD=-16.22% risk_adj=5.04
    4위 w7=0.65    avg=+81.26% (Δprod=+25.63%p) med=+77.69% std=10.7 MDD=-16.26% risk_adj=5.00
    5위 w7=0.45    avg=+68.44% (Δprod=+12.81%p) med=+69.76% std= 5.6 MDD=-18.13% risk_adj=3.78

n=12:
  production w7=0.40 → rank 10/13, avg=+54.96%
    1위 w7=0.55    avg=+95.30% (Δprod=+40.34%p) med=+93.26% std=11.9 MDD=-16.22% risk_adj=5.88
    2위 w7=0.60    avg=+83.74% (Δprod=+28.78%p) med=+81.68% std=10.9 MDD=-16.26% risk_adj=5.15
    3위 w7=0.65    avg=+80.60% (Δprod=+25.64%p) med=+77.69% std=10.0 MDD=-16.26% risk_adj=4.96
    4위 w7=0.50    avg=+80.30% (Δprod=+25.34%p) med=+77.26% std=11.6 MDD=-16.22% risk_adj=4.95
    5위 w7=0.45    avg=+67.72% (Δprod=+12.76%p) med=+68.08% std= 5.6 MDD=-18.13% risk_adj=3.74

n=15:
  production w7=0.40 → rank 10/13, avg=+56.73%
    1위 w7=0.55    avg=+97.12% (Δprod=+40.38%p) med=+93.59% std=11.5 MDD=-16.22% risk_adj=5.99
    2위 w7=0.60    avg=+85.88% (Δprod=+29.14%p) med=+83.85% std=10.9 MDD=-16.26% risk_adj=5.28
    3위 w7=0.65    avg=+82.89% (Δprod=+26.16%p) med=+81.60% std=10.3 MDD=-16.26% risk_adj=5.10
    4위 w7=0.50    avg=+81.73% (Δprod=+25.00%p) med=+79.48% std=11.0 MDD=-16.22% risk_adj=5.04
    5위 w7=0.45    avg=+69.64% (Δprod=+12.90%p) med=+69.76% std= 6.6 MDD=-18.13% risk_adj=3.84

n=20:
  production w7=0.40 → rank 10/13, avg=+58.10%
    1위 w7=0.55    avg=+97.49% (Δprod=+39.39%p) med=+94.60% std=12.2 MDD=-16.22% risk_adj=6.01
    2위 w7=0.60    avg=+87.78% (Δprod=+29.68%p) med=+87.99% std=11.3 MDD=-16.26% risk_adj=5.40
    3위 w7=0.65    avg=+85.43% (Δprod=+27.33%p) med=+85.69% std=11.4 MDD=-16.26% risk_adj=5.25
    4위 w7=0.50    avg=+81.76% (Δprod=+23.66%p) med=+79.48% std=11.6 MDD=-16.22% risk_adj=5.04
    5위 w7=0.45    avg=+71.37% (Δprod=+13.27%p) med=+71.87% std= 8.2 MDD=-18.13% risk_adj=3.94

n=33:
  production w7=0.40 → rank 10/13, avg=+53.03%
    1위 w7=0.55    avg=+88.68% (Δprod=+35.66%p) med=+87.21% std=15.5 MDD=-16.22% risk_adj=5.47
    2위 w7=0.60    avg=+81.00% (Δprod=+27.98%p) med=+77.08% std=13.0 MDD=-16.26% risk_adj=4.98
    3위 w7=0.65    avg=+77.53% (Δprod=+24.50%p) med=+74.12% std=13.9 MDD=-16.26% risk_adj=4.77
    4위 w7=0.50    avg=+73.73% (Δprod=+20.70%p) med=+71.73% std=14.0 MDD=-16.22% risk_adj=4.55
    5위 w7=0.45    avg=+66.07% (Δprod=+13.04%p) med=+65.45% std=10.5 MDD=-18.13% risk_adj=3.64

==============================================================================================================
33 vs 6: 짧은 시작일 영향도
==============================================================================================================
variant      avg(n=6)   avg(n=33)        Δ   std(n=6)   std(n=33)
--------------------------------------------------------------------------------
  w7=0.10     +60.99%     +54.02%   -6.97%p       3.8        9.9
  w7=0.15     +55.89%     +51.11%   -4.78%p       3.7        8.3
  w7=0.20     +55.89%     +51.08%   -4.81%p       3.7        8.3
  w7=0.25     +55.89%     +49.93%   -5.96%p       3.7       10.0
  w7=0.30     +61.65%     +55.79%   -5.86%p       3.8        9.7
  w7=0.35     +64.52%     +58.13%   -6.39%p       3.9       10.3
  w7=0.40     +59.06%     +53.03%   -6.03%p       3.7        9.8  ★
  w7=0.45     +72.16%     +66.07%   -6.09%p       4.0       10.5
  w7=0.50     +89.52%     +73.73%  -15.79%p       9.4       14.0
  w7=0.55    +104.42%     +88.68%  -15.73%p      10.1       15.5
  w7=0.60     +91.84%     +81.00%  -10.83%p       9.5       13.0
  w7=0.65     +87.71%     +77.53%  -10.18%p       9.1       13.9
  w7=0.70     +67.84%     +59.99%   -7.85%p       7.7       11.2

==============================================================================================================
peak 위치 안정성
==============================================================================================================
  n= 6: best=w7=0.55 (avg=+104.42%, Δprod=+45.35%p)
  n= 8: best=w7=0.55 (avg=+100.09%, Δprod=+42.90%p)
  n=10: best=w7=0.55 (avg=+96.62%, Δprod=+40.99%p)
  n=12: best=w7=0.55 (avg=+95.30%, Δprod=+40.34%p)
  n=15: best=w7=0.55 (avg=+97.12%, Δprod=+40.38%p)
  n=20: best=w7=0.55 (avg=+97.49%, Δprod=+39.39%p)
  n=33: best=w7=0.55 (avg=+88.68%, Δprod=+35.66%p)
