==============================================================================================================
мқём ‘ м•Ҳм •м„ұ кІҖмҰқ вҖ” A нӣ„ліҙ w_30_10_10_50 мЈјліҖ Вұ0.05
==============================================================================================================
  мғқм„ұ мӨ‘: baseline (0.3, 0.1, 0.1, 0.5)
    мҷ„лЈҢ
  мғқм„ұ мӨ‘: w7+5 (0.35, 0.1, 0.1, 0.45)
    мҷ„лЈҢ
  мғқм„ұ мӨ‘: w7-5 (0.25, 0.1, 0.1, 0.55)
    мҷ„лЈҢ
  мғқм„ұ мӨ‘: w30+5 (0.3, 0.15, 0.1, 0.45)
    мҷ„лЈҢ
  мғқм„ұ мӨ‘: w30-5 (0.3, 0.05, 0.1, 0.55)
    мҷ„лЈҢ
  мғқм„ұ мӨ‘: w60+5 (0.3, 0.1, 0.15, 0.45)
    мҷ„лЈҢ
  мғқм„ұ мӨ‘: w60-5 (0.3, 0.1, 0.05, 0.55)
    мҷ„лЈҢ
  мғқм„ұ мӨ‘: production (0.4, 0.3, 0.2, 0.1)
    мҷ„лЈҢ


--- Split T=20 ---
  production: train=+56.10% test=+52.43%
  baseline     train=+128.59% test=+121.18% lift= +68.75%p вң“
  w7+5         train=+124.53% test=+116.77% lift= +64.34%p вң“
  w7-5         train=+137.36% test=+129.66% lift= +77.23%p вң“
  w30+5        train=+108.45% test=+105.35% lift= +52.92%p вң“
  w30-5        train=+112.02% test= +95.93% lift= +43.50%p вң“
  w60+5        train=+124.53% test=+121.18% lift= +68.75%p вң“
  w60-5        train=+104.15% test= +97.53% lift= +45.10%p вң“

--- Split T=25 ---
  production: train=+56.10% test=+38.54%
  baseline     train=+128.59% test=+104.65% lift= +66.11%p вң“
  w7+5         train=+124.53% test=+107.14% lift= +68.60%p вң“
  w7-5         train=+137.36% test=+101.26% lift= +62.72%p вң“
  w30+5        train=+108.45% test= +92.31% lift= +53.77%p вң“
  w30-5        train=+112.02% test=+106.08% lift= +67.54%p вң“
  w60+5        train=+124.53% test=+104.65% lift= +66.11%p вң“
  w60-5        train=+104.15% test=+103.48% lift= +64.94%p вң“

--- Split T=30 ---
  production: train=+56.10% test=+39.29%
  baseline     train=+128.59% test=+102.00% lift= +62.71%p вң“
  w7+5         train=+124.53% test= +99.52% lift= +60.23%p вң“
  w7-5         train=+137.36% test=+110.01% lift= +70.72%p вң“
  w30+5        train=+108.45% test= +87.54% lift= +48.25%p вң“
  w30-5        train=+112.02% test=+105.13% lift= +65.84%p вң“
  w60+5        train=+124.53% test=+102.00% lift= +62.71%p вң“
  w60-5        train=+104.15% test=+100.84% lift= +61.55%p вң“

--- Split T=35 ---
  production: train=+56.10% test=+34.91%
  baseline     train=+128.59% test= +92.14% lift= +57.23%p вң“
  w7+5         train=+124.53% test= +92.14% lift= +57.23%p вң“
  w7-5         train=+137.36% test=+100.91% lift= +66.00%p вң“
  w30+5        train=+108.45% test= +79.41% lift= +44.50%p вң“
  w30-5        train=+112.02% test= +90.59% lift= +55.68%p вң“
  w60+5        train=+124.53% test= +92.14% lift= +57.23%p вң“
  w60-5        train=+104.15% test= +92.14% lift= +57.23%p вң“

--- Split T=40 ---
  production: train=+56.10% test=+11.92%
  baseline     train=+128.59% test= +54.11% lift= +42.19%p вң“
  w7+5         train=+124.53% test= +54.11% lift= +42.19%p вң“
  w7-5         train=+137.36% test= +61.15% lift= +49.23%p вң“
  w30+5        train=+108.45% test= +43.90% lift= +31.98%p вң“
  w30-5        train=+112.02% test= +52.87% lift= +40.95%p вң“
  w60+5        train=+124.53% test= +54.11% lift= +42.19%p вң“
  w60-5        train=+104.15% test= +54.11% lift= +42.19%p вң“

==============================================================================================================
OOS lift нҶөн•© (5 splits нҸүк· )
==============================================================================================================
variant      weights                     avg_lift   min_lift   max_lift  #pos
--------------------------------------------------------------------------------------------------------------
  baseline   (0.3, 0.1, 0.1, 0.5)         +59.40%p    +42.19%p    +68.75%p   5/5
  w7+5       (0.35, 0.1, 0.1, 0.45)       +58.52%p    +42.19%p    +68.60%p   5/5
  w7-5       (0.25, 0.1, 0.1, 0.55)       +65.18%p    +49.23%p    +77.23%p   5/5
  w30+5      (0.3, 0.15, 0.1, 0.45)       +46.28%p    +31.98%p    +53.77%p   5/5
  w30-5      (0.3, 0.05, 0.1, 0.55)       +54.70%p    +40.95%p    +67.54%p   5/5
  w60+5      (0.3, 0.1, 0.15, 0.45)       +59.40%p    +42.19%p    +68.75%p   5/5
  w60-5      (0.3, 0.1, 0.05, 0.55)       +54.20%p    +42.19%p    +64.94%p   5/5
  production (0.4, 0.3, 0.2, 0.1)          +0.00%p     +0.00%p     +0.00%p   0/5

==============================================================================================================
plateau нҢҗм •
==============================================================================================================
  вң“ A нӣ„ліҙ + 6 мқём ‘ ліҖнҳ• лӘЁл‘җ 5/5 splits OOS lift м–‘мҲҳ
  вҶ’ plateau нҷ•мқё. A (w_30_10_10_50) мұ„нғқ м•Ҳм „.
