==============================================================================================================
OLD conviction (v75) 공식으로 BT — 5/2 코드 상태 재현
==============================================================================================================
eps_floor cap 1.0 / rev_bonus binary cliff 0.30

  [ 3.3s] current        avg=+48.30% med=+49.37% MDD=-14.96% risk_adj=3.23
  [ 3.3s] uniform        avg=+88.19% med=+87.81% MDD=-18.13% risk_adj=4.86
  [ 3.3s] long_heavy     avg=+102.13% med=+99.44% MDD=-18.13% risk_adj=5.63
  [ 3.4s] midweight      avg=+55.17% med=+54.28% MDD=-18.13% risk_adj=3.04
  [ 3.4s] short_lite     avg=+54.63% med=+53.37% MDD=-18.13% risk_adj=3.01

총 소요: 16.6s

==============================================================================================================
OLD conviction 결과 (33 multistart, 현재 데이터)
==============================================================================================================
variant           avg      med      min      max     MDD risk_adj
--------------------------------------------------------------------------------
  long_heavy +102.13%  +99.44%  +79.16% +136.70% -18.13%    5.63
  uniform     +88.19%  +87.81%  +63.10% +121.52% -18.13%    4.86
  midweight   +55.17%  +54.28%  +36.83%  +81.79% -18.13%    3.04
  short_lite  +54.63%  +53.37%  +39.40%  +80.71% -18.13%    3.01
  current     +48.30%  +49.37%  +27.94%  +71.68% -14.96%    3.23 ← production

==============================================================================================================
current 대비 — commit adcb138과 비교
==============================================================================================================
이전 commit 메시지: midweight +5.72%p ret / -3.75%p MDD

variant          ΔRet     ΔMDD
--------------------------------------------------
  uniform     +39.89%p   -3.17%p
  long_heavy  +53.83%p   -3.17%p
  midweight    +6.87%p   -3.17%p  ✓ 재현 성공 (~5.72%p)
  short_lite   +6.32%p   -3.17%p
