총 조합: 84개
예시: (0.1, 0.1, 0.1, 0.7), (0.1, 0.2, 0.4, 0.3), (0.7, 0.1, 0.1, 0.1)

[표본] 1조합 측정...
  1조합: 4.3s
  예상 총 소요: 6.1분

[본실행] 84개 조합 × n_starts=12
--------------------------------------------------------------------------------
  [  1/84] w_10_10_10_70: avg=+97.03% risk_adj=5.34  (경과 0s, ETA 14s)
  [ 10/84] w_10_20_30_40: avg=+119.05% risk_adj=6.57  (경과 44s, ETA 325s)
  [ 20/84] w_10_40_20_30: avg=+95.88% risk_adj=5.29  (경과 77s, ETA 248s)
  [ 30/84] w_20_10_20_50: avg=+129.42% risk_adj=7.14  (경과 118s, ETA 212s)
  [ 40/84] w_20_30_10_40: avg=+105.59% risk_adj=5.82  (경과 204s, ETA 225s)
  [ 50/84] w_30_10_10_50: avg=+111.77% risk_adj=6.15  (경과 276s, ETA 187s)
  [ 60/84] w_30_30_20_20: avg=+79.85% risk_adj=4.40  (경과 308s, ETA 123s)
  [ 70/84] w_40_20_20_20: avg=+104.48% risk_adj=5.76  (경과 371s, ETA 74s)
  [ 80/84] w_50_30_10_10: avg=+101.28% risk_adj=6.24  (경과 463s, ETA 23s)

총 소요: 504.4s

==============================================================================================================
Top 20 (avg return 기준)
==============================================================================================================
variant                 7d   30d   60d   90d      avg      med      min      max   std     MDD  risk
--------------------------------------------------------------------------------------------------------------
  w_10_10_30_50       0.10  0.10  0.30  0.50 +130.03% +127.38% +119.58% +140.68%  7.8 -18.13% 7.17
  w_20_10_20_50       0.20  0.10  0.20  0.50 +129.42% +126.78% +119.00% +140.05%  7.8 -18.13% 7.14
  w_10_10_20_60       0.10  0.10  0.20  0.60 +127.73% +125.01% +117.74% +140.05%  8.0 -18.18% 7.03
  w_20_10_30_40       0.20  0.10  0.30  0.40 +126.32% +123.72% +116.04% +136.80%  7.7 -18.13% 6.97
  w_10_50_10_30       0.10  0.50  0.10  0.30 +125.95% +123.35% +115.68% +136.42%  7.7 -18.13% 6.95
  w_10_20_10_60       0.10  0.20  0.10  0.60 +122.84% +120.28% +112.72% +133.17%  7.6 -18.13% 6.78
  w_10_20_30_40       0.10  0.20  0.30  0.40 +119.05% +116.54% +109.10% +129.20%  7.5 -18.13% 6.57
  w_60_10_20_10       0.60  0.10  0.20  0.10 +118.51% +116.40% +103.04% +137.52% 13.5 -16.22% 7.31
  w_60_10_10_20       0.60  0.10  0.10  0.20 +116.93% +114.81% +101.55% +135.78% 13.4 -16.22% 7.21
  w_10_10_50_30       0.10  0.10  0.50  0.30 +116.50% +114.01% +106.67% +126.53%  7.4 -18.13% 6.43
  w_10_20_20_50       0.10  0.20  0.20  0.50 +114.29% +111.83% +104.56% +124.22%  7.3 -18.13% 6.30
  w_30_10_20_40       0.30  0.10  0.20  0.40 +112.70% +111.03%  +94.39% +123.37%  8.6 -18.13% 6.22
  w_10_30_10_50       0.10  0.30  0.10  0.50 +112.55% +110.11% +102.90% +122.40%  7.2 -18.13% 6.21
  w_30_10_10_50       0.30  0.10  0.10  0.50 +111.77% +112.37%  +95.40% +128.59% 12.3 -18.18% 6.15
  w_10_10_70_10       0.10  0.10  0.70  0.10 +110.99% +108.57% +101.41% +120.77%  7.2 -18.13% 6.12
  w_20_10_60_10       0.20  0.10  0.60  0.10 +110.99% +108.57% +101.41% +120.77%  7.2 -18.13% 6.12
  w_50_10_30_10       0.50  0.10  0.30  0.10 +110.79% +111.07% +101.04% +120.49%  7.4 -17.17% 6.45
  w_50_10_20_20       0.50  0.10  0.20  0.20 +110.60% +110.87% +100.74% +120.04%  7.2 -17.17% 6.44
  w_40_20_10_30       0.40  0.20  0.10  0.30 +110.43% +112.11%  +86.47% +121.12%  9.7 -18.13% 6.09
  w_20_10_50_20       0.20  0.10  0.50  0.20 +110.19% +107.78% +100.65% +119.93%  7.2 -18.13% 6.08

production (w7=0.4/30d=0.3/60d=0.2/90d=0.1): 80/84위, avg=+49.49%

==============================================================================================================
Top 20 (risk_adj 기준)
==============================================================================================================
variant                 7d   30d   60d   90d      avg     MDD  risk
--------------------------------------------------------------------------------
  w_60_10_20_10       0.60  0.10  0.20  0.10 +118.51% -16.22% 7.31
  w_60_10_10_20       0.60  0.10  0.10  0.20 +116.93% -16.22% 7.21
  w_10_10_30_50       0.10  0.10  0.30  0.50 +130.03% -18.13% 7.17
  w_20_10_20_50       0.20  0.10  0.20  0.50 +129.42% -18.13% 7.14
  w_10_10_20_60       0.10  0.10  0.20  0.60 +127.73% -18.18% 7.03
  w_20_10_30_40       0.20  0.10  0.30  0.40 +126.32% -18.13% 6.97
  w_10_50_10_30       0.10  0.50  0.10  0.30 +125.95% -18.13% 6.95
  w_50_20_10_20       0.50  0.20  0.10  0.20 +105.94% -15.45% 6.86
  w_10_20_10_60       0.10  0.20  0.10  0.60 +122.84% -18.13% 6.78
  w_10_20_30_40       0.10  0.20  0.30  0.40 +119.05% -18.13% 6.57
  w_50_10_30_10       0.50  0.10  0.30  0.10 +110.79% -17.17% 6.45
  w_50_10_20_20       0.50  0.10  0.20  0.20 +110.60% -17.17% 6.44
  w_10_10_50_30       0.10  0.10  0.50  0.30 +116.50% -18.13% 6.43
  w_10_20_20_50       0.10  0.20  0.20  0.50 +114.29% -18.13% 6.30
  w_50_30_10_10       0.50  0.30  0.10  0.10 +101.28% -16.22% 6.24
  w_30_10_20_40       0.30  0.10  0.20  0.40 +112.70% -18.13% 6.22
  w_10_30_10_50       0.10  0.30  0.10  0.50 +112.55% -18.13% 6.21
  w_30_10_10_50       0.30  0.10  0.10  0.50 +111.77% -18.18% 6.15
  w_10_10_70_10       0.10  0.10  0.70  0.10 +110.99% -18.13% 6.12
  w_20_10_60_10       0.20  0.10  0.60  0.10 +110.99% -18.13% 6.12

==============================================================================================================
각 차원별 평균 효과 (한 weight 고정 시 다른 3개 평균)
==============================================================================================================

w7:
  w7=0.10: n= 28, avg=+96.76%, best=+130.03%, worst=+48.15%
  w7=0.20: n= 21, avg=+89.90%, best=+129.42%, worst=+45.49%
  w7=0.30: n= 15, avg=+88.44%, best=+112.70%, worst=+47.44%
  w7=0.40: n= 10, avg=+92.01%, best=+110.43%, worst=+49.49%
  w7=0.50: n=  6, avg=+101.23%, best=+110.79%, worst=+76.74%
  w7=0.60: n=  3, avg=+107.23%, best=+118.51%, worst=+86.26%
  w7=0.70: n=  1, avg=+79.85%, best=+79.85%, worst=+79.85%

w30:
  w30=0.10: n= 28, avg=+109.30%, best=+130.03%, worst=+79.85%
  w30=0.20: n= 21, avg=+96.98%, best=+122.84%, worst=+59.95%
  w30=0.30: n= 15, avg=+86.94%, best=+112.55%, worst=+49.49%
  w30=0.40: n= 10, avg=+74.53%, best=+102.73%, worst=+45.49%
  w30=0.50: n=  6, avg=+70.75%, best=+125.95%, worst=+47.86%
  w30=0.60: n=  3, avg=+71.30%, best=+90.52%, worst=+55.13%
  w30=0.70: n=  1, avg=+67.72%, best=+67.72%, worst=+67.72%

w60:
  w60=0.10: n= 28, avg=+95.21%, best=+125.95%, worst=+65.48%
  w60=0.20: n= 21, avg=+92.08%, best=+129.42%, worst=+47.44%
  w60=0.30: n= 15, avg=+93.02%, best=+130.03%, worst=+45.49%
  w60=0.40: n= 10, avg=+86.91%, best=+108.07%, worst=+59.44%
  w60=0.50: n=  6, avg=+95.61%, best=+116.50%, worst=+73.12%
  w60=0.60: n=  3, avg=+101.29%, best=+110.99%, worst=+84.34%
  w60=0.70: n=  1, avg=+110.99%, best=+110.99%, worst=+110.99%

w90:
  w90=0.10: n= 28, avg=+75.93%, best=+118.51%, worst=+45.49%
  w90=0.20: n= 21, avg=+93.24%, best=+116.93%, worst=+65.31%
  w90=0.30: n= 15, avg=+101.86%, best=+125.95%, worst=+74.67%
  w90=0.40: n= 10, avg=+108.97%, best=+126.32%, worst=+98.46%
  w90=0.50: n=  6, avg=+117.28%, best=+130.03%, worst=+105.65%
  w90=0.60: n=  3, avg=+116.74%, best=+127.73%, worst=+99.64%
  w90=0.70: n=  1, avg=+97.03%, best=+97.03%, worst=+97.03%

==============================================================================================================
w7 값별 best 조합 (해당 w7 값에서 가장 좋은 3개)
==============================================================================================================

w7=0.10 (n=28):
  w_10_10_30_50      avg=+130.03% MDD=-18.13% risk_adj=7.17
  w_10_10_20_60      avg=+127.73% MDD=-18.18% risk_adj=7.03
  w_10_50_10_30      avg=+125.95% MDD=-18.13% risk_adj=6.95

w7=0.20 (n=21):
  w_20_10_20_50      avg=+129.42% MDD=-18.13% risk_adj=7.14
  w_20_10_30_40      avg=+126.32% MDD=-18.13% risk_adj=6.97
  w_20_10_60_10      avg=+110.99% MDD=-18.13% risk_adj=6.12

w7=0.30 (n=15):
  w_30_10_20_40      avg=+112.70% MDD=-18.13% risk_adj=6.22
  w_30_10_10_50      avg=+111.77% MDD=-18.18% risk_adj=6.15
  w_30_10_30_30      avg=+105.77% MDD=-18.13% risk_adj=5.83

w7=0.40 (n=10):
  w_40_20_10_30      avg=+110.43% MDD=-18.13% risk_adj=6.09
  w_40_10_20_30      avg=+105.23% MDD=-18.13% risk_adj=5.80
  w_40_20_20_20      avg=+104.48% MDD=-18.13% risk_adj=5.76

w7=0.50 (n=6):
  w_50_10_30_10      avg=+110.79% MDD=-17.17% risk_adj=6.45
  w_50_10_20_20      avg=+110.60% MDD=-17.17% risk_adj=6.44
  w_50_20_10_20      avg=+105.94% MDD=-15.45% risk_adj=6.86

w7=0.60 (n=3):
  w_60_10_20_10      avg=+118.51% MDD=-16.22% risk_adj=7.31
  w_60_10_10_20      avg=+116.93% MDD=-16.22% risk_adj=7.21
  w_60_20_10_10      avg=+86.26% MDD=-16.26% risk_adj=5.30

w7=0.70 (n=1):
  w_70_10_10_10      avg=+79.85% MDD=-16.26% risk_adj=4.91
