====================================================================================================
C: Profit Taking BT
N_SEEDS=500 × 3 = 1500 sim/strategy
====================================================================================================
[Load] 69 거래일 (2026-02-12 ~ 2026-05-21)

strategy                                  avg       med  worst MDD   avg MDD  sharpe
------------------------------------------------------------------------------------------
★ C0: baseline (익절 X)                 +98.00%  +111.38%    -18.18%   -12.56%  +2.26
   C1: +30% 시 50% 매도                   +76.87%   +85.22%    -18.18%   -11.30%  +2.39
   C2: +50% 시 50% 매도                   +84.69%   +94.89%    -18.18%   -11.74%  +2.44
   C3: +30/+60% 각 50%                  +84.83%   +94.40%    -18.18%   -11.84%  +2.23
   C4: +20/+50/+100% 30/30/40          +74.39%   +82.91%    -18.18%   -11.31%  +2.43
   C5: +30% 시 100% 매도                  +96.02%  +106.29%    -18.18%   -12.32%  +2.19
   C6: +50% 시 100% 매도                  +97.87%  +107.66%    -18.18%   -12.56%  +2.26
   C7: +100% 시 50% 매도                  +98.18%  +111.79%    -18.18%   -12.35%  +2.26
   C8: +20% 시 25% 매도                   +84.85%   +93.34%    -18.18%   -11.67%  +2.30
   C9: +50% 시 30% 매도                   +89.95%   +99.56%    -18.18%   -12.06%  +2.36

====================================================================================================
paired vs baseline
====================================================================================================
strategy                              avg lift      worst       best       wins         verdict
-----------------------------------------------------------------------------------------------
  C1: +30% 시 50% 매도                   -21.13%p   -36.91%p    -0.59%p     0/500  ✗ 열세
  C2: +50% 시 50% 매도                   -13.31%p   -23.64%p    +0.30%p     3/500  ✗ 열세
  C3: +30/+60% 각 50%                  -13.18%p   -23.87%p    -0.59%p     0/500  ✗ 열세
  C4: +20/+50/+100% 30/30/40          -23.61%p   -39.16%p    -1.11%p     0/500  ✗ 열세
  C5: +30% 시 100% 매도                   -1.99%p    -8.50%p    +6.36%p    38/500  ✗ 열세
  C6: +50% 시 100% 매도                   -0.14%p    -3.15%p    +0.00%p     0/500  ✗ 열세
  C7: +100% 시 50% 매도                   +0.18%p    -1.41%p    +0.49%p   436/500  ✓ 우월
  C8: +20% 시 25% 매도                   -13.16%p   -21.31%p    -0.92%p     0/500  ✗ 열세
  C9: +50% 시 30% 매도                    -8.05%p   -14.32%p    +0.19%p     3/500  ✗ 열세
