====================================================================================================
A: Position Sizing BT — rank-weighted vs 균등
N_SEEDS=500 × 3 = 1500 sim/strategy
====================================================================================================
[Load] 69 거래일 (2026-02-12 ~ 2026-05-21)

strategy                                  avg       med  worst MDD  sharpe
--------------------------------------------------------------------------------
★ A0: 33/33/34 (baseline)             +97.84%  +111.69%    -18.29%  +2.25
   A1: 40/33/27                        +99.66%  +109.93%    -18.40%  +2.31
   A2: 50/30/20                       +101.46%  +114.84%    -18.27%  +2.37
   A3: 60/25/15                       +102.70%  +118.09%    -18.42%  +2.40
   A4: 50/35/15                       +102.63%  +112.36%    -19.20%  +2.41
   A5: 45/35/20                       +101.39%  +111.85%    -18.98%  +2.37
   A6: 40/35/25                       +100.13%  +110.33%    -18.77%  +2.33
   A7: 50/50 (2슬롯 균등)                 +114.51%  +119.13%    -22.19%  +2.35
   A8: 70/30 (2슬롯 차등)                 +119.26%  +122.56%    -19.98%  +2.17
   A9: 60/40 (2슬롯)                    +116.93%  +120.90%    -21.09%  +2.25
   A10: 25/25/25/25 (4슬롯)              +78.37%   +92.51%    -17.03%  +2.31
   A11: 40/30/20/10 (4슬롯)              +83.99%   +93.53%    -17.73%  +2.60

====================================================================================================
paired vs baseline (33/33/34)
====================================================================================================
strategy                              avg lift      worst       best       wins         verdict
-----------------------------------------------------------------------------------------------
  A1: 40/33/27                         +1.82%p    -1.80%p    +5.95%p   465/500  ✓✓ 우월
  A2: 50/30/20                         +3.62%p    -3.97%p   +12.97%p   455/500  ✓✓ 우월
  A3: 60/25/15                         +4.86%p    -6.85%p   +18.97%p   439/500  ✓ 우월
  A4: 50/35/15                         +4.79%p    -4.85%p   +15.60%p   462/500  ✓✓ 우월
  A5: 45/35/20                         +3.55%p    -3.61%p   +11.28%p   464/500  ✓✓ 우월
  A6: 40/35/25                         +2.29%p    -2.41%p    +6.99%p   462/500  ✓✓ 우월
  A7: 50/50 (2슬롯 균등)                  +16.67%p    +0.62%p   +35.11%p   500/500  ✓✓ 우월
  A8: 70/30 (2슬롯 차등)                  +21.42%p    -0.65%p   +50.90%p   499/500  ✓✓ 우월
  A9: 60/40 (2슬롯)                     +19.09%p    +0.49%p   +43.05%p   500/500  ✓✓ 우월
  A10: 25/25/25/25 (4슬롯)              -19.47%p   -35.89%p    -3.29%p     0/500  ✗ 열세
  A11: 40/30/20/10 (4슬롯)              -13.84%p   -33.53%p    +1.81%p    14/500  ✗ 열세
