전체 거래일: 58
데이터 범위: 2026-02-12 ~ 2026-05-06

split points: [20, 25, 30, 35, 40]
  T=20: train=20일 (2026-02-12~2026-03-12), test=38일 (2026-03-13~2026-05-06)
  T=25: train=25일 (2026-02-12~2026-03-19), test=33일 (2026-03-20~2026-05-06)
  T=30: train=30일 (2026-02-12~2026-03-26), test=28일 (2026-03-27~2026-05-06)
  T=35: train=35일 (2026-02-12~2026-04-02), test=23일 (2026-04-06~2026-05-06)
  T=40: train=40일 (2026-02-12~2026-04-10), test=18일 (2026-04-13~2026-05-06)

==============================================================================================================
split T=20: train 20일 → test 38일
==============================================================================================================
variant     train_ret  train_rk   test_ret  test_rk  test_mdd
--------------------------------------------------------------------------------
  w7=0.10      +1.24%       13    +46.63%      12   -10.04%
  w7=0.15      +1.46%        6    +45.10%      13   -10.04%
  w7=0.20      +1.46%        7    +51.03%       8    -9.68%
  w7=0.25      +1.46%        8    +51.03%       9    -9.68%
  w7=0.30      +1.46%        9    +54.76%       6   -10.54%
  w7=0.35      +1.46%       10    +54.04%       7   -10.84%
  w7=0.40      +1.46%       11    +48.93%      11   -10.84% ★prod
  w7=0.45      +1.46%       12    +61.96%       4   -10.84%
  w7=0.50      +8.03%        1    +61.96%       5   -10.84% ←train_best
  w7=0.55      +6.88%        2    +77.15%       1   -10.84% ←test_best
  w7=0.60      +5.44%        3    +68.52%       2    -9.75%
  w7=0.65      +4.40%        4    +67.19%       3   -14.96%
  w7=0.70      +3.17%        5    +49.21%      10   -14.96%

  ▶ train_best=w7=0.50 (train +8.03%)
    OOS test return: +61.96% (production +48.93%)
    OOS lift vs production: +13.03%p
    train→test 순위 상관 (Spearman ρ): +0.511

==============================================================================================================
split T=25: train 25일 → test 33일
==============================================================================================================
variant     train_ret  train_rk   test_ret  test_rk  test_mdd
--------------------------------------------------------------------------------
  w7=0.10     +13.87%       12    +34.83%       9   -14.78%
  w7=0.15     +15.13%        5    +33.44%      10   -14.78%
  w7=0.20     +15.13%        6    +33.44%      11   -14.78%
  w7=0.25     +15.13%        7    +30.52%      13   -14.96%
  w7=0.30     +15.13%        8    +35.99%       8   -14.96%
  w7=0.35     +15.13%        9    +37.75%       7   -14.96%
  w7=0.40     +15.13%       10    +33.18%      12   -14.96% ★prod
  w7=0.45     +15.13%       11    +44.83%       5   -14.96%
  w7=0.50     +22.58%        1    +50.53%       4   -14.96% ←train_best
  w7=0.55     +20.88%        2    +64.64%       1   -14.96% ←test_best
  w7=0.60     +18.86%        3    +62.10%       2   -14.96%
  w7=0.65     +15.72%        4    +57.64%       3   -14.96%
  w7=0.70     +13.86%       13    +40.69%       6   -14.96%

  ▶ train_best=w7=0.50 (train +22.58%)
    OOS test return: +50.53% (production +33.18%)
    OOS lift vs production: +17.35%p
    train→test 순위 상관 (Spearman ρ): +0.451

==============================================================================================================
split T=30: train 30일 → test 28일
==============================================================================================================
variant     train_ret  train_rk   test_ret  test_rk  test_mdd
--------------------------------------------------------------------------------
  w7=0.10     +12.22%       11    +47.15%       8    -2.09%
  w7=0.15     +12.75%        6    +47.15%       9    -2.09%
  w7=0.20     +12.75%        7    +47.15%      10    -2.09%
  w7=0.25     +12.75%        8    +40.68%      13    -2.09%
  w7=0.30     +12.21%       12    +46.46%      11    -1.53%
  w7=0.35     +12.75%        9    +51.34%       7    -1.53%
  w7=0.40     +12.75%       10    +46.32%      12    -1.53% ★prod
  w7=0.45     +12.21%       13    +59.18%       4    -2.35%
  w7=0.50     +26.00%        1    +59.18%       5    -2.35% ←train_best
  w7=0.55     +24.26%        2    +81.86%       1    -3.46% ←test_best
  w7=0.60     +18.78%        3    +79.05%       2    -3.59%
  w7=0.65     +15.64%        4    +74.12%       3    -3.59%
  w7=0.70     +14.96%        5    +55.40%       6    -3.59%

  ▶ train_best=w7=0.50 (train +26.00%)
    OOS test return: +59.18% (production +46.32%)
    OOS lift vs production: +12.86%p
    train→test 순위 상관 (Spearman ρ): +0.555

==============================================================================================================
split T=35: train 35일 → test 23일
==============================================================================================================
variant     train_ret  train_rk   test_ret  test_rk  test_mdd
--------------------------------------------------------------------------------
  w7=0.10     +15.45%       11    +28.51%       7    -2.09%
  w7=0.15     +15.65%        6    +28.51%       8    -2.09%
  w7=0.20     +15.65%        7    +28.51%       9    -2.09%
  w7=0.25     +15.65%        8    +20.63%      13    -2.09%
  w7=0.30     +15.10%       12    +23.30%      11    -1.53%
  w7=0.35     +15.65%        9    +24.90%      10    -1.53%
  w7=0.40     +15.65%       10    +20.75%      12    -1.53% ★prod
  w7=0.45     +15.10%       13    +38.67%       3    -2.35%
  w7=0.50     +29.25%        1    +38.67%       4    -2.35% ←train_best
  w7=0.55     +27.46%        2    +51.67%       1    -3.46% ←test_best
  w7=0.60     +22.26%        3    +42.63%       2    -3.59%
  w7=0.65     +18.36%        5    +36.26%       5    -3.59%
  w7=0.70     +18.93%        4    +32.97%       6    -3.59%

  ▶ train_best=w7=0.50 (train +29.25%)
    OOS test return: +38.67% (production +20.75%)
    OOS lift vs production: +17.92%p
    train→test 순위 상관 (Spearman ρ): +0.533

==============================================================================================================
split T=40: train 40일 → test 18일
==============================================================================================================
variant     train_ret  train_rk   test_ret  test_rk  test_mdd
--------------------------------------------------------------------------------
  w7=0.10     +39.19%        5    +16.68%      10    -3.64%
  w7=0.15     +34.78%       10    +16.68%      11    -3.64%
  w7=0.20     +34.78%       11    +20.03%       7    -3.64%
  w7=0.25     +34.78%       12    +20.03%       8    -3.64%
  w7=0.30     +36.73%        8    +20.03%       9    -3.64%
  w7=0.35     +37.38%        6    +12.99%      12    -1.53%
  w7=0.40     +37.38%        7    +12.99%      13    -1.53% ★prod
  w7=0.45     +35.15%        9    +29.71%       4    -3.46%
  w7=0.50     +51.76%        1    +29.71%       5    -3.46% ←train_best
  w7=0.55     +49.66%        2    +36.38%       1    -3.46% ←test_best
  w7=0.60     +42.65%        4    +34.27%       2    -3.59%
  w7=0.65     +43.46%        3    +30.58%       3    -3.59%
  w7=0.70     +29.91%       13    +27.42%       6    -3.59%

  ▶ train_best=w7=0.50 (train +51.76%)
    OOS test return: +29.71% (production +12.99%)
    OOS lift vs production: +16.72%p
    train→test 순위 상관 (Spearman ρ): +0.379

==============================================================================================================
통합 요약: train_best와 OOS 결과
==============================================================================================================
split  train_best   test_ret   prod_test   OOS_lift   Spearman
----------------------------------------------------------------------
  T=20  w7=0.50     +61.96%     +48.93%    +13.03%p    +0.511
  T=25  w7=0.50     +50.53%     +33.18%    +17.35%p    +0.451
  T=30  w7=0.50     +59.18%     +46.32%    +12.86%p    +0.555
  T=35  w7=0.50     +38.67%     +20.75%    +17.92%p    +0.533
  T=40  w7=0.50     +29.71%     +12.99%    +16.72%p    +0.379

OOS lift 평균: +15.58%p (5개 양수 / 0개 음수 / 5개 split)

==============================================================================================================
train_best 일관성
==============================================================================================================
  T=20 : train_best = w7=0.50
  T=25 : train_best = w7=0.50
  T=30 : train_best = w7=0.50
  T=35 : train_best = w7=0.50
  T=40 : train_best = w7=0.50

고유 best: 1개 (w7=0.50)
→ ✓ 모든 split에서 동일 variant 선택 (train signal 안정적)
