전체 거래일: 60 (2026-02-12 ~ 2026-05-08)
splits: [20, 25, 30, 35, 40]

==============================================================================================================
split T=20: train 20일 → test 40일
==============================================================================================================
variant          weights                pattern          train  trk      test terk   OOS_lift
---------------------------------------------------------------------------------------------------------
  w_10_50_10_30  (0.10,0.50,0.10,0.30)  30d-heavy       +1.24%   3  +111.67%   4    +68.01%p ✓
  w_10_10_30_50  (0.10,0.10,0.30,0.50)  long-tail       -0.16%   4  +116.54%   1    +72.88%p ✓
  w_20_10_20_50  (0.20,0.10,0.20,0.50)  long-tail       -0.16%   5  +115.97%   2    +72.31%p ✓
  w_10_10_20_60  (0.10,0.10,0.20,0.60)  long-tail       -0.16%   6   +88.26%   9    +44.60%p ✓
  w_20_10_30_40  (0.20,0.10,0.30,0.40)  long-tail       -0.16%   7  +113.05%   3    +69.39%p ✓
  w_10_20_10_60  (0.10,0.20,0.10,0.60)  long-tail       -0.16%   8   +84.53%  10    +40.87%p ✓
  w_60_10_10_20  (0.60,0.10,0.10,0.20)  high-w7         +6.88%   1   +96.90%   6    +53.24%p ✓
  w_10_10_50_30  (0.10,0.10,0.50,0.30)  mid-long        -0.16%   9   +93.52%   7    +49.86%p ✓
  w_10_20_20_50  (0.10,0.20,0.20,0.50)  long-tail       -0.16%  10  +103.57%   5    +59.91%p ✓
  w_30_10_10_50  (0.30,0.10,0.10,0.50)  long-tail       -0.16%  11   +88.43%   8    +44.77%p ✓
  w_40_30_20_10  (0.40,0.30,0.20,0.10)  production      +1.46%   2   +43.66%  11     +0.00%p ★
==============================================================================================================
split T=25: train 25일 → test 35일
==============================================================================================================
variant          weights                pattern          train  trk      test terk   OOS_lift
---------------------------------------------------------------------------------------------------------
  w_10_50_10_30  (0.10,0.50,0.10,0.30)  30d-heavy      +13.87%   4   +94.63%   1    +66.16%p ✓
  w_10_10_30_50  (0.10,0.10,0.30,0.50)  long-tail      +13.31%   5   +93.50%   2    +65.03%p ✓
  w_20_10_20_50  (0.20,0.10,0.20,0.50)  long-tail      +13.31%   6   +92.99%   3    +64.52%p ✓
  w_10_10_20_60  (0.10,0.10,0.20,0.60)  long-tail      +13.31%   7   +92.99%   4    +64.52%p ✓
  w_20_10_30_40  (0.20,0.10,0.30,0.40)  long-tail      +13.31%   8   +90.38%   5    +61.91%p ✓
  w_10_20_10_60  (0.10,0.20,0.10,0.60)  long-tail      +12.29%  10   +89.80%   6    +61.33%p ✓
  w_60_10_10_20  (0.60,0.10,0.10,0.20)  high-w7        +20.88%   1   +76.08%   9    +47.61%p ✓
  w_10_10_50_30  (0.10,0.10,0.50,0.30)  mid-long       +19.34%   2   +73.27%  10    +44.80%p ✓
  w_10_20_20_50  (0.10,0.20,0.20,0.50)  long-tail      +12.29%  11   +84.63%   8    +56.16%p ✓
  w_30_10_10_50  (0.30,0.10,0.10,0.50)  long-tail      +13.31%   9   +86.85%   7    +58.38%p ✓
  w_40_30_20_10  (0.40,0.30,0.20,0.10)  production     +15.13%   3   +28.47%  11     +0.00%p ★
==============================================================================================================
split T=30: train 30일 → test 30일
==============================================================================================================
variant          weights                pattern          train  trk      test terk   OOS_lift
---------------------------------------------------------------------------------------------------------
  w_10_50_10_30  (0.10,0.50,0.10,0.30)  30d-heavy      +12.22%   4  +112.42%   1    +71.27%p ✓
  w_10_10_30_50  (0.10,0.10,0.30,0.50)  long-tail      +11.13%   6  +112.29%   2    +71.14%p ✓
  w_20_10_20_50  (0.20,0.10,0.20,0.50)  long-tail      +11.13%   7  +111.73%   3    +70.58%p ✓
  w_10_10_20_60  (0.10,0.10,0.20,0.60)  long-tail      +11.13%   8  +111.73%   4    +70.58%p ✓
  w_20_10_30_40  (0.20,0.10,0.30,0.40)  long-tail      +11.13%   9  +108.87%   5    +67.72%p ✓
  w_10_20_10_60  (0.10,0.20,0.10,0.60)  long-tail      +10.13%  10  +105.74%   6    +64.59%p ✓
  w_60_10_10_20  (0.60,0.10,0.10,0.20)  high-w7        +24.26%   1   +94.49%   9    +53.34%p ✓
  w_10_10_50_30  (0.10,0.10,0.50,0.30)  mid-long       +17.04%   2   +92.84%  10    +51.69%p ✓
  w_10_20_20_50  (0.10,0.20,0.20,0.50)  long-tail      +10.13%  11  +104.04%   8    +62.89%p ✓
  w_30_10_10_50  (0.30,0.10,0.10,0.50)  long-tail      +11.28%   5  +105.00%   7    +63.85%p ✓
  w_40_30_20_10  (0.40,0.30,0.20,0.10)  production     +12.75%   3   +41.15%  11     +0.00%p ★
==============================================================================================================
split T=35: train 35일 → test 25일
==============================================================================================================
variant          weights                pattern          train  trk      test terk   OOS_lift
---------------------------------------------------------------------------------------------------------
  w_10_50_10_30  (0.10,0.50,0.10,0.30)  30d-heavy      +15.45%  11   +85.52%   1    +69.03%p ✓
  w_10_10_30_50  (0.10,0.10,0.30,0.50)  long-tail      +20.21%   3   +83.04%   2    +66.55%p ✓
  w_20_10_20_50  (0.20,0.10,0.20,0.50)  long-tail      +20.21%   4   +82.55%   3    +66.06%p ✓
  w_10_10_20_60  (0.10,0.10,0.20,0.60)  long-tail      +20.21%   5   +82.55%   4    +66.06%p ✓
  w_20_10_30_40  (0.20,0.10,0.30,0.40)  long-tail      +20.21%   6   +80.09%   5    +63.60%p ✓
  w_10_20_10_60  (0.10,0.20,0.10,0.60)  long-tail      +18.41%   7   +78.40%   6    +61.91%p ✓
  w_60_10_10_20  (0.60,0.10,0.10,0.20)  high-w7        +27.46%   1   +58.74%  10    +42.25%p ✓
  w_10_10_50_30  (0.10,0.10,0.50,0.30)  mid-long       +24.56%   2   +66.26%   8    +49.77%p ✓
  w_10_20_20_50  (0.10,0.20,0.20,0.50)  long-tail      +16.47%   9   +76.93%   7    +60.44%p ✓
  w_30_10_10_50  (0.30,0.10,0.10,0.50)  long-tail      +18.24%   8   +65.90%   9    +49.41%p ✓
  w_40_30_20_10  (0.40,0.30,0.20,0.10)  production     +15.65%  10   +16.49%  11     +0.00%p ★
==============================================================================================================
split T=40: train 40일 → test 20일
==============================================================================================================
variant          weights                pattern          train  trk      test terk   OOS_lift
---------------------------------------------------------------------------------------------------------
  w_10_50_10_30  (0.10,0.50,0.10,0.30)  30d-heavy      +39.19%   9   +61.00%   1    +52.00%p ✓
  w_10_10_30_50  (0.10,0.10,0.30,0.50)  long-tail      +42.80%   3   +58.79%   2    +49.79%p ✓
  w_20_10_20_50  (0.20,0.10,0.20,0.50)  long-tail      +42.80%   4   +58.37%   3    +49.37%p ✓
  w_10_10_20_60  (0.10,0.10,0.20,0.60)  long-tail      +42.80%   5   +58.37%   4    +49.37%p ✓
  w_20_10_30_40  (0.20,0.10,0.30,0.40)  long-tail      +42.80%   6   +56.23%   5    +47.23%p ✓
  w_10_20_10_60  (0.10,0.20,0.10,0.60)  long-tail      +42.75%   7   +54.83%   6    +45.83%p ✓
  w_60_10_10_20  (0.60,0.10,0.10,0.20)  high-w7        +51.41%   1   +46.71%   9    +37.71%p ✓
  w_10_10_50_30  (0.10,0.10,0.50,0.30)  mid-long       +47.96%   2   +44.24%  10    +35.24%p ✓
  w_10_20_20_50  (0.10,0.20,0.20,0.50)  long-tail      +38.36%  10   +53.55%   7    +44.55%p ✓
  w_30_10_10_50  (0.30,0.10,0.10,0.50)  long-tail      +40.45%   8   +53.33%   8    +44.33%p ✓
  w_40_30_20_10  (0.40,0.30,0.20,0.10)  production     +37.38%  11    +9.00%  11     +0.00%p ★

==============================================================================================================
변형별 OOS lift 통합 (5개 split 전체)
==============================================================================================================
variant          weights                pattern            avg       min       max  #pos  #neg
----------------------------------------------------------------------------------------------------
  w_10_50_10_30  (0.10,0.50,0.10,0.30)  30d-heavy      +65.29%p   +52.00%p   +71.27%p    5    0
  w_10_10_30_50  (0.10,0.10,0.30,0.50)  long-tail      +65.08%p   +49.79%p   +72.88%p    5    0
  w_20_10_20_50  (0.20,0.10,0.20,0.50)  long-tail      +64.57%p   +49.37%p   +72.31%p    5    0
  w_20_10_30_40  (0.20,0.10,0.30,0.40)  long-tail      +61.97%p   +47.23%p   +69.39%p    5    0
  w_10_10_20_60  (0.10,0.10,0.20,0.60)  long-tail      +59.03%p   +44.60%p   +70.58%p    5    0
  w_10_20_20_50  (0.10,0.20,0.20,0.50)  long-tail      +56.79%p   +44.55%p   +62.89%p    5    0
  w_10_20_10_60  (0.10,0.20,0.10,0.60)  long-tail      +54.91%p   +40.87%p   +64.59%p    5    0
  w_30_10_10_50  (0.30,0.10,0.10,0.50)  long-tail      +52.15%p   +44.33%p   +63.85%p    5    0
  w_60_10_10_20  (0.60,0.10,0.10,0.20)  high-w7        +46.83%p   +37.71%p   +53.34%p    5    0
  w_10_10_50_30  (0.10,0.10,0.50,0.30)  mid-long       +46.27%p   +35.24%p   +51.69%p    5    0

==============================================================================================================
각 split별 OOS lift detail
==============================================================================================================
variant                T=20       T=25       T=30       T=35       T=40        avg
------------------------------------------------------------------------------------------
  w_10_50_10_30     +68.01%p    +66.16%p    +71.27%p    +69.03%p    +52.00%p    +65.29%p
  w_10_10_30_50     +72.88%p    +65.03%p    +71.14%p    +66.55%p    +49.79%p    +65.08%p
  w_20_10_20_50     +72.31%p    +64.52%p    +70.58%p    +66.06%p    +49.37%p    +64.57%p
  w_20_10_30_40     +69.39%p    +61.91%p    +67.72%p    +63.60%p    +47.23%p    +61.97%p
  w_10_10_20_60     +44.60%p    +64.52%p    +70.58%p    +66.06%p    +49.37%p    +59.03%p
  w_10_20_20_50     +59.91%p    +56.16%p    +62.89%p    +60.44%p    +44.55%p    +56.79%p
  w_10_20_10_60     +40.87%p    +61.33%p    +64.59%p    +61.91%p    +45.83%p    +54.91%p
  w_30_10_10_50     +44.77%p    +58.38%p    +63.85%p    +49.41%p    +44.33%p    +52.15%p
  w_60_10_10_20     +53.24%p    +47.61%p    +53.34%p    +42.25%p    +37.71%p    +46.83%p
  w_10_10_50_30     +49.86%p    +44.80%p    +51.69%p    +49.77%p    +35.24%p    +46.27%p

==============================================================================================================
최종 평가
==============================================================================================================

5/5 split outperform (robust): 10개
  w_10_50_10_30  30d-heavy    avg lift +65.29%p (min +52.00, max +71.27)
  w_10_10_30_50  long-tail    avg lift +65.08%p (min +49.79, max +72.88)
  w_20_10_20_50  long-tail    avg lift +64.57%p (min +49.37, max +72.31)
  w_20_10_30_40  long-tail    avg lift +61.97%p (min +47.23, max +69.39)
  w_10_10_20_60  long-tail    avg lift +59.03%p (min +44.60, max +70.58)
  w_10_20_20_50  long-tail    avg lift +56.79%p (min +44.55, max +62.89)
  w_10_20_10_60  long-tail    avg lift +54.91%p (min +40.87, max +64.59)
  w_30_10_10_50  long-tail    avg lift +52.15%p (min +44.33, max +63.85)
  w_60_10_10_20  high-w7      avg lift +46.83%p (min +37.71, max +53.34)
  w_10_10_50_30  mid-long     avg lift +46.27%p (min +35.24, max +51.69)

4/5 split outperform: 0개

≤3/5 split outperform (의심): 0개

==============================================================================================================
train→test 일관성 (각 split에서 train Top 3 vs test 순위)
==============================================================================================================

T=20:
  train#1 w_60_10_10_20  → test#6  ✗
  train#2 w_40_30_20_10  → test#11 ✗
  train#3 w_10_50_10_30  → test#4  ✓

T=25:
  train#1 w_60_10_10_20  → test#9  ✗
  train#2 w_10_10_50_30  → test#10 ✗
  train#3 w_40_30_20_10  → test#11 ✗

T=30:
  train#1 w_60_10_10_20  → test#9  ✗
  train#2 w_10_10_50_30  → test#10 ✗
  train#3 w_40_30_20_10  → test#11 ✗

T=35:
  train#1 w_60_10_10_20  → test#10 ✗
  train#2 w_10_10_50_30  → test#8  ✗
  train#3 w_10_10_30_50  → test#2  ✓

T=40:
  train#1 w_60_10_10_20  → test#9  ✗
  train#2 w_10_10_50_30  → test#10 ✗
  train#3 w_10_10_30_50  → test#2  ✓
