총 조합: 84개
예시: (0.1, 0.1, 0.1, 0.7), (0.1, 0.2, 0.4, 0.3), (0.7, 0.1, 0.1, 0.1)

[표본] 1조합 측정...
  1조합: 4.0s
  예상 총 소요: 5.6분

[본실행] 84개 조합 × n_starts=12
--------------------------------------------------------------------------------
  [  1/84] w_10_10_10_70: avg=+83.48% risk_adj=4.59  (경과 0s, ETA 7s)
  [ 10/84] w_10_20_30_40: avg=+107.58% risk_adj=5.93  (경과 34s, ETA 255s)
  [ 20/84] w_10_40_20_30: avg=+94.00% risk_adj=5.18  (경과 73s, ETA 234s)
  [ 30/84] w_20_10_20_50: avg=+117.40% risk_adj=6.48  (경과 112s, ETA 202s)
  [ 40/84] w_20_30_10_40: avg=+104.49% risk_adj=5.76  (경과 151s, ETA 166s)
  [ 50/84] w_30_10_10_50: avg=+109.84% risk_adj=6.04  (경과 190s, ETA 129s)
  [ 60/84] w_30_30_20_20: avg=+79.85% risk_adj=4.40  (경과 233s, ETA 93s)
  [ 70/84] w_40_20_20_20: avg=+99.76% risk_adj=5.50  (경과 273s, ETA 55s)
  [ 80/84] w_50_30_10_10: avg=+96.63% risk_adj=5.96  (경과 313s, ETA 16s)

총 소요: 328.3s

==============================================================================================================
Top 20 (avg return 기준)
==============================================================================================================
variant                 7d   30d   60d   90d      avg      med      min      max   std     MDD  risk
--------------------------------------------------------------------------------------------------------------
  w_10_50_10_30       0.10  0.50  0.10  0.30 +121.13% +118.59% +111.09% +131.38%  7.5 -18.13% 6.68
  w_10_10_30_50       0.10  0.10  0.30  0.50 +117.98% +115.47% +108.08% +128.08%  7.4 -18.13% 6.51
  w_20_10_20_50       0.20  0.10  0.20  0.50 +117.40% +114.90% +107.53% +127.47%  7.4 -18.13% 6.48
  w_10_10_20_60       0.10  0.10  0.20  0.60 +115.80% +113.22% +106.34% +127.47%  7.5 -18.18% 6.37
  w_20_10_30_40       0.20  0.10  0.30  0.40 +114.46% +112.00% +104.72% +124.40%  7.3 -18.13% 6.31
  w_10_20_10_60       0.10  0.20  0.10  0.60 +111.17% +108.74% +101.58% +120.95%  7.2 -18.13% 6.13
  w_60_10_10_20       0.60  0.10  0.10  0.20 +111.04% +108.98%  +96.08% +129.38% 13.0 -16.22% 6.85
  w_10_10_50_30       0.10  0.10  0.50  0.30 +110.99% +108.57% +101.41% +120.77%  7.2 -18.13% 6.12
  w_10_20_20_50       0.10  0.20  0.20  0.50 +109.99% +107.58% +100.46% +119.72%  7.1 -18.13% 6.07
  w_30_10_10_50       0.30  0.10  0.10  0.50 +109.84% +110.44%  +93.61% +126.51% 12.2 -18.18% 6.04
  w_40_20_10_30       0.40  0.20  0.10  0.30 +109.30% +110.98%  +85.47% +119.94%  9.7 -18.13% 6.03
  w_30_10_20_40       0.30  0.10  0.20  0.40 +108.44% +106.80%  +90.49% +118.90%  8.5 -18.13% 5.98
  w_10_10_70_10       0.10  0.10  0.70  0.10 +108.26% +105.87%  +98.80% +117.91%  7.1 -18.13% 5.97
  w_20_10_60_10       0.20  0.10  0.60  0.10 +108.26% +105.87%  +98.80% +117.91%  7.1 -18.13% 5.97
  w_60_10_20_10       0.60  0.10  0.20  0.10 +107.97% +105.96%  +93.25% +126.07% 12.8 -16.22% 6.66
  w_10_20_30_40       0.10  0.20  0.30  0.40 +107.58% +105.20%  +98.15% +117.20%  7.1 -18.13% 5.93
  w_20_10_50_20       0.20  0.10  0.50  0.20 +107.48% +105.09%  +98.05% +117.09%  7.1 -18.13% 5.93
  w_10_30_10_50       0.10  0.30  0.10  0.50 +106.78% +104.40%  +97.39% +116.36%  7.0 -18.13% 5.89
  w_10_30_20_40       0.10  0.30  0.20  0.40 +106.78% +104.40%  +97.39% +116.36%  7.0 -18.13% 5.89
  w_50_10_30_10       0.50  0.10  0.30  0.10 +106.02% +106.29%  +96.49% +115.49%  7.2 -17.17% 6.17

production (w7=0.4/30d=0.3/60d=0.2/90d=0.1): 80/84위, avg=+54.96%

==============================================================================================================
Top 20 (risk_adj 기준)
==============================================================================================================
variant                 7d   30d   60d   90d      avg     MDD  risk
--------------------------------------------------------------------------------
  w_60_10_10_20       0.60  0.10  0.10  0.20 +111.04% -16.22% 6.85
  w_10_50_10_30       0.10  0.50  0.10  0.30 +121.13% -18.13% 6.68
  w_60_10_20_10       0.60  0.10  0.20  0.10 +107.97% -16.22% 6.66
  w_50_20_10_20       0.50  0.20  0.10  0.20 +101.18% -15.45% 6.55
  w_10_10_30_50       0.10  0.10  0.30  0.50 +117.98% -18.13% 6.51
  w_20_10_20_50       0.20  0.10  0.20  0.50 +117.40% -18.13% 6.48
  w_10_10_20_60       0.10  0.10  0.20  0.60 +115.80% -18.18% 6.37
  w_20_10_30_40       0.20  0.10  0.30  0.40 +114.46% -18.13% 6.31
  w_50_10_30_10       0.50  0.10  0.30  0.10 +106.02% -17.17% 6.17
  w_50_10_20_20       0.50  0.10  0.20  0.20 +105.73% -17.17% 6.16
  w_10_20_10_60       0.10  0.20  0.10  0.60 +111.17% -18.13% 6.13
  w_10_10_50_30       0.10  0.10  0.50  0.30 +110.99% -18.13% 6.12
  w_10_20_20_50       0.10  0.20  0.20  0.50 +109.99% -18.13% 6.07
  w_30_10_10_50       0.30  0.10  0.10  0.50 +109.84% -18.18% 6.04
  w_40_20_10_30       0.40  0.20  0.10  0.30 +109.30% -18.13% 6.03
  w_30_10_20_40       0.30  0.10  0.20  0.40 +108.44% -18.13% 5.98
  w_10_10_70_10       0.10  0.10  0.70  0.10 +108.26% -18.13% 5.97
  w_20_10_60_10       0.20  0.10  0.60  0.10 +108.26% -18.13% 5.97
  w_50_30_10_10       0.50  0.30  0.10  0.10  +96.63% -16.22% 5.96
  w_10_20_30_40       0.10  0.20  0.30  0.40 +107.58% -18.13% 5.93

==============================================================================================================
각 차원별 평균 효과 (한 weight 고정 시 다른 3개 평균)
==============================================================================================================

w7:
  w7=0.10: n= 28, avg=+93.24%, best=+121.13%, worst=+49.39%
  w7=0.20: n= 21, avg=+86.55%, best=+117.40%, worst=+46.71%
  w7=0.30: n= 15, avg=+86.67%, best=+109.84%, worst=+48.68%
  w7=0.40: n= 10, avg=+89.92%, best=+109.30%, worst=+54.96%
  w7=0.50: n=  6, avg=+97.51%, best=+106.02%, worst=+78.94%
  w7=0.60: n=  3, avg=+100.32%, best=+111.04%, worst=+81.95%
  w7=0.70: n=  1, avg=+76.06%, best=+76.06%, worst=+76.06%

w30:
  w30=0.10: n= 28, avg=+103.13%, best=+117.98%, worst=+76.06%
  w30=0.20: n= 21, avg=+93.16%, best=+111.17%, worst=+65.80%
  w30=0.30: n= 15, avg=+85.98%, best=+106.78%, worst=+54.96%
  w30=0.40: n= 10, avg=+74.40%, best=+101.65%, worst=+46.71%
  w30=0.50: n=  6, avg=+71.69%, best=+121.13%, worst=+49.10%
  w30=0.60: n=  3, avg=+70.91%, best=+86.65%, worst=+56.44%
  w30=0.70: n=  1, avg=+69.13%, best=+69.13%, worst=+69.13%

w60:
  w60=0.10: n= 28, avg=+90.87%, best=+121.13%, worst=+63.89%
  w60=0.20: n= 21, avg=+89.09%, best=+117.40%, worst=+48.68%
  w60=0.30: n= 15, avg=+88.65%, best=+117.98%, worst=+46.71%
  w60=0.40: n= 10, avg=+87.09%, best=+102.10%, worst=+65.03%
  w60=0.50: n=  6, avg=+95.03%, best=+110.99%, worst=+76.86%
  w60=0.60: n=  3, avg=+98.43%, best=+108.26%, worst=+81.19%
  w60=0.70: n=  1, avg=+108.26%, best=+108.26%, worst=+108.26%

w90:
  w90=0.10: n= 28, avg=+76.17%, best=+108.26%, worst=+46.71%
  w90=0.20: n= 21, avg=+91.04%, best=+111.04%, worst=+63.89%
  w90=0.30: n= 15, avg=+97.74%, best=+121.13%, worst=+73.00%
  w90=0.40: n= 10, avg=+103.21%, best=+114.46%, worst=+92.28%
  w90=0.50: n=  6, avg=+108.82%, best=+117.98%, worst=+90.94%
  w90=0.60: n=  3, avg=+103.45%, best=+115.80%, worst=+83.37%
  w90=0.70: n=  1, avg=+83.48%, best=+83.48%, worst=+83.48%

==============================================================================================================
w7 값별 best 조합 (해당 w7 값에서 가장 좋은 3개)
==============================================================================================================

w7=0.10 (n=28):
  w_10_50_10_30      avg=+121.13% MDD=-18.13% risk_adj=6.68
  w_10_10_30_50      avg=+117.98% MDD=-18.13% risk_adj=6.51
  w_10_10_20_60      avg=+115.80% MDD=-18.18% risk_adj=6.37

w7=0.20 (n=21):
  w_20_10_20_50      avg=+117.40% MDD=-18.13% risk_adj=6.48
  w_20_10_30_40      avg=+114.46% MDD=-18.13% risk_adj=6.31
  w_20_10_60_10      avg=+108.26% MDD=-18.13% risk_adj=5.97

w7=0.30 (n=15):
  w_30_10_10_50      avg=+109.84% MDD=-18.18% risk_adj=6.04
  w_30_10_20_40      avg=+108.44% MDD=-18.13% risk_adj=5.98
  w_30_10_40_20      avg=+102.10% MDD=-18.13% risk_adj=5.63

w7=0.40 (n=10):
  w_40_20_10_30      avg=+109.30% MDD=-18.13% risk_adj=6.03
  w_40_10_20_30      avg=+104.13% MDD=-18.13% risk_adj=5.74
  w_40_20_20_20      avg=+99.76% MDD=-18.13% risk_adj=5.50

w7=0.50 (n=6):
  w_50_10_30_10      avg=+106.02% MDD=-17.17% risk_adj=6.17
  w_50_10_20_20      avg=+105.73% MDD=-17.17% risk_adj=6.16
  w_50_20_10_20      avg=+101.18% MDD=-15.45% risk_adj=6.55

w7=0.60 (n=3):
  w_60_10_10_20      avg=+111.04% MDD=-16.22% risk_adj=6.85
  w_60_10_20_10      avg=+107.97% MDD=-16.22% risk_adj=6.66
  w_60_20_10_10      avg=+81.95% MDD=-16.26% risk_adj=5.04

w7=0.70 (n=1):
  w_70_10_10_10      avg=+76.06% MDD=-16.26% risk_adj=4.68
