====================================================================================================
Pyramiding Up + Time-based DCA BT
N_SEEDS=500 × 3 = 1500 sim/strategy
====================================================================================================
[Load] 69 거래일 (2026-02-12 ~ 2026-05-21)

strategy                                  avg       med  worst MDD  sharpe
--------------------------------------------------------------------------------
★ 100_0 (baseline)                    +98.00%  +111.38%    -18.18%  +2.26
 A A1: 80_20 at +5%                    +90.06%  +103.39%    -17.53%  +2.26
 A A2: 70_30 at +5%                    +86.18%   +99.28%    -17.21%  +2.26
 A A3: 60_40 at +5%                    +82.35%   +93.26%    -16.89%  +2.25
 A A4: 50_50 at +3%                    +80.64%   +91.83%    -18.13%  +2.28
 A A5: 50_50 at +5%                    +78.59%   +88.27%    -16.57%  +2.25
 A A6: 50_50 at +10%                   +68.58%   +77.35%    -16.96%  +2.31
 A A7: 50_25_25 at +5/+10%             +73.52%   +82.20%    -16.57%  +2.28
 A A8: 40_30_30 at +5/+10%             +68.95%   +77.74%    -16.66%  +2.28
 B B1: 50_50 day 0/1                   +91.21%  +102.61%    -18.18%  +2.25
 B B2: 50_50 day 0/2                   +86.14%   +95.72%    -18.18%  +2.28
 B B3: 33_33_34 day 0/1/2              +85.52%   +93.74%    -18.18%  +2.26
 B B4: 50_25_25 day 0/1/2              +88.67%   +97.22%    -18.18%  +2.26
 B B5: 70_30 day 0/1                   +93.91%  +106.09%    -18.18%  +2.26
 B B6: 50_50 day 0/3                   +80.42%   +90.67%    -18.18%  +2.32

====================================================================================================
paired vs 100_0 baseline
====================================================================================================
strategy                              avg lift      worst       best       wins         verdict
-----------------------------------------------------------------------------------------------
  A1: 80_20 at +5%                     -7.95%p   -13.25%p    -2.45%p     0/500  ✗ 열세
  A2: 70_30 at +5%                    -11.83%p   -19.67%p    -3.67%p     0/500  ✗ 열세
  A3: 60_40 at +5%                    -15.65%p   -25.97%p    -4.90%p     0/500  ✗ 열세
  A4: 50_50 at +3%                    -17.36%p   -31.13%p    -5.64%p     0/500  ✗ 열세
  A5: 50_50 at +5%                    -19.42%p   -32.14%p    -6.12%p     0/500  ✗ 열세
  A6: 50_50 at +10%                   -29.43%p   -49.01%p    -8.01%p     0/500  ✗ 열세
  A7: 50_25_25 at +5/+10%             -24.48%p   -40.52%p    -7.11%p     0/500  ✗ 열세
  A8: 40_30_30 at +5/+10%             -29.06%p   -47.92%p    -8.52%p     0/500  ✗ 열세
  B1: 50_50 day 0/1                    -6.79%p   -17.07%p    +0.73%p     4/500  ✗ 열세
  B2: 50_50 day 0/2                   -11.86%p   -24.46%p    -0.56%p     0/500  ✗ 열세
  B3: 33_33_34 day 0/1/2              -12.48%p   -27.00%p    -1.20%p     0/500  ✗ 열세
  B4: 50_25_25 day 0/1/2               -9.34%p   -20.32%p    -0.88%p     0/500  ✗ 열세
  B5: 70_30 day 0/1                    -4.09%p   -10.34%p    +0.46%p     4/500  ✗ 열세
  B6: 50_50 day 0/3                   -17.58%p   -35.17%p    -2.50%p     0/500  ✗ 열세
