==============================================================================================================
seg-style fwd_pe_chg BT — 시간축 일관성 검증 (12시작일)
==============================================================================================================
  ★ C_prod (production cumulative)           avg= +49.49% MDD=-18.13% risk=2.73
    C_4dbest (cumulative long-tail)          avg=+130.03% MDD=-18.13% risk=7.17
    S_prod (seg-style 0.4/0.3/0.2/0.1)       avg= +96.32% MDD=-18.13% risk=5.31
    S_uniform (seg-style 균등)                 avg= +93.83% MDD=-18.18% risk=5.16
    S_long (seg-style 0.1/0.2/0.3/0.4)       avg= +91.23% MDD=-18.18% risk=5.02
    S_4dbest (seg-style 0.1/0.1/0.3/0.5)     avg=+101.46% MDD=-18.18% risk=5.58
    S_recent (seg-style 0.5/0.3/0.1/0.1)     avg=+115.62% MDD=-17.17% risk=6.73

==============================================================================================================
비교 (★ C_prod 기준)
==============================================================================================================
변형                                              avg     MDD  risk      ΔRet      ΔMDD
--------------------------------------------------------------------------------------------------------------
★ ★ C_prod (production cumulative)          +49.49% -18.13% 2.73    +0.00%p    +0.00%p
 ✓   C_4dbest (cumulative long-tail)        +130.03% -18.13% 7.17   +80.54%p    +0.00%p
 ✓   S_prod (seg-style 0.4/0.3/0.2/0.1)      +96.32% -18.13% 5.31   +46.83%p    +0.00%p
 ✓   S_uniform (seg-style 균등)                +93.83% -18.18% 5.16   +44.34%p    -0.05%p
 ✓   S_long (seg-style 0.1/0.2/0.3/0.4)      +91.23% -18.18% 5.02   +41.74%p    -0.05%p
 ✓   S_4dbest (seg-style 0.1/0.1/0.3/0.5)   +101.46% -18.18% 5.58   +51.98%p    -0.05%p
 ✓   S_recent (seg-style 0.5/0.3/0.1/0.1)   +115.62% -17.17% 6.73   +66.13%p    +0.96%p
