==============================================================================================================
OLD conviction (v75) 공식으로 BT — 5/2 코드 상태 재현
==============================================================================================================
eps_floor cap 1.0 / rev_bonus binary cliff 0.30

  [ 3.7s] current        avg=+49.54% med=+50.62% MDD=-14.96% risk_adj=3.31
  [ 4.0s] uniform        avg=+86.68% med=+86.30% MDD=-18.13% risk_adj=4.78
  [ 4.0s] long_heavy     avg=+94.14% med=+91.56% MDD=-18.13% risk_adj=5.19
  [ 4.0s] midweight      avg=+55.72% med=+54.82% MDD=-18.13% risk_adj=3.07
  [ 3.9s] short_lite     avg=+55.17% med=+53.91% MDD=-18.13% risk_adj=3.04

총 소요: 19.6s

==============================================================================================================
OLD conviction 결과 (33 multistart, 현재 데이터)
==============================================================================================================
variant           avg      med      min      max     MDD risk_adj
--------------------------------------------------------------------------------
  long_heavy  +94.14%  +91.56%  +72.08% +127.35% -18.13%    5.19
  uniform     +86.68%  +86.30%  +61.78% +119.73% -18.13%    4.78
  midweight   +55.72%  +54.82%  +37.31%  +82.42% -18.13%    3.07
  short_lite  +55.17%  +53.91%  +39.89%  +81.34% -18.13%    3.04
  current     +49.54%  +50.62%  +29.01%  +73.12% -14.96%    3.31 ← production

==============================================================================================================
current 대비 — commit adcb138과 비교
==============================================================================================================
이전 commit 메시지: midweight +5.72%p ret / -3.75%p MDD

variant          ΔRet     ΔMDD
--------------------------------------------------
  uniform     +37.14%p   -3.17%p
  long_heavy  +44.60%p   -3.17%p
  midweight    +6.17%p   -3.17%p  ✓ 재현 성공 (~5.72%p)
  short_lite   +5.62%p   -3.17%p
