==============================================================================================================
Dense PE-weight grid + multistart + random baseline
==============================================================================================================

변형 (13개):
  w7=0.10: 7d=0.100 30d=0.450 60d=0.300 90d=0.150
  w7=0.15: 7d=0.150 30d=0.425 60d=0.283 90d=0.142
  w7=0.20: 7d=0.200 30d=0.400 60d=0.267 90d=0.133
  w7=0.25: 7d=0.250 30d=0.375 60d=0.250 90d=0.125
  w7=0.30: 7d=0.300 30d=0.350 60d=0.233 90d=0.117
  w7=0.35: 7d=0.350 30d=0.325 60d=0.217 90d=0.108
  w7=0.40: 7d=0.400 30d=0.300 60d=0.200 90d=0.100
  w7=0.45: 7d=0.450 30d=0.275 60d=0.183 90d=0.092
  w7=0.50: 7d=0.500 30d=0.250 60d=0.167 90d=0.083
  w7=0.55: 7d=0.550 30d=0.225 60d=0.150 90d=0.075
  w7=0.60: 7d=0.600 30d=0.200 60d=0.133 90d=0.067
  w7=0.65: 7d=0.650 30d=0.175 60d=0.117 90d=0.058
  w7=0.70: 7d=0.700 30d=0.150 60d=0.100 90d=0.050
  [ 3.8s] w7=0.10: avg=+54.02% med=+53.44% min=+34.83% max=+82.51% MDD=-18.13% risk_adj=2.98
  [ 3.8s] w7=0.15: avg=+51.11% med=+48.65% min=+33.44% max=+76.73% MDD=-18.13% risk_adj=2.82
  [ 4.1s] w7=0.20: avg=+51.08% med=+49.82% min=+33.44% max=+76.73% MDD=-18.13% risk_adj=2.82
  [ 4.4s] w7=0.25: avg=+49.93% med=+49.84% min=+30.52% max=+76.73% MDD=-18.13% risk_adj=2.75
  [ 3.9s] w7=0.30: avg=+55.79% med=+55.37% min=+35.99% max=+83.26% MDD=-18.13% risk_adj=3.08
  [ 4.0s] w7=0.35: avg=+58.13% med=+58.12% min=+37.75% max=+86.51% MDD=-18.13% risk_adj=3.21
  [ 3.8s] w7=0.40: avg=+53.03% med=+52.87% min=+33.18% max=+80.32% MDD=-18.13% risk_adj=2.92
  [ 3.9s] w7=0.45: avg=+66.07% med=+65.45% min=+44.83% max=+95.17% MDD=-18.13% risk_adj=3.64
  [ 4.1s] w7=0.50: avg=+73.73% med=+71.73% min=+50.53% max=+105.83% MDD=-16.22% risk_adj=4.55
  [ 4.0s] w7=0.55: avg=+88.68% med=+87.21% min=+63.75% max=+124.40% MDD=-16.22% risk_adj=5.47
  [ 4.1s] w7=0.60: avg=+81.00% med=+77.08% min=+61.22% max=+113.48% MDD=-16.26% risk_adj=4.98
  [ 4.2s] w7=0.65: avg=+77.53% med=+74.12% min=+56.78% max=+113.59% MDD=-16.26% risk_adj=4.77
  [ 3.9s] w7=0.70: avg=+59.99% med=+59.91% min=+40.69% max=+89.22% MDD=-16.26% risk_adj=3.69

[random baseline] 33 seeds (multistart과 동등 수)
  [ 0.4s] seed=00: ret=+57.14% MDD=-8.29%
  [ 0.4s] seed=01: ret=+12.27% MDD=-13.07%
  [ 0.4s] seed=02: ret=+19.71% MDD=-17.93%
  [ 0.4s] seed=08: ret=+25.34% MDD=-15.48%
  [ 0.4s] seed=16: ret= +9.98% MDD=-10.98%
  [ 0.4s] seed=24: ret=+21.09% MDD=-14.02%
  [ 0.5s] seed=32: ret=+37.16% MDD=-13.89%

총 소요: 65.2s

==============================================================================================================
Dense grid 결과
==============================================================================================================
variant         avg      med      min      max   std     MDD   risk
--------------------------------------------------------------------------------
  w7=0.55   +88.68%  +87.21%  +63.75% +124.40% 15.5 -16.22%  5.47
  w7=0.60   +81.00%  +77.08%  +61.22% +113.48% 13.0 -16.26%  4.98
  w7=0.65   +77.53%  +74.12%  +56.78% +113.59% 13.9 -16.26%  4.77
  w7=0.50   +73.73%  +71.73%  +50.53% +105.83% 14.0 -16.22%  4.55
  w7=0.45   +66.07%  +65.45%  +44.83%  +95.17% 10.5 -18.13%  3.64
  w7=0.70   +59.99%  +59.91%  +40.69%  +89.22% 11.2 -16.26%  3.69
  w7=0.35   +58.13%  +58.12%  +37.75%  +86.51% 10.3 -18.13%  3.21
  w7=0.30   +55.79%  +55.37%  +35.99%  +83.26%  9.7 -18.13%  3.08
  w7=0.10   +54.02%  +53.44%  +34.83%  +82.51%  9.9 -18.13%  2.98
 ★w7=0.40   +53.03%  +52.87%  +33.18%  +80.32%  9.8 -18.13%  2.92
  w7=0.15   +51.11%  +48.65%  +33.44%  +76.73%  8.3 -18.13%  2.82
  w7=0.20   +51.08%  +49.82%  +33.44%  +76.73%  8.3 -18.13%  2.82
  w7=0.25   +49.93%  +49.84%  +30.52%  +76.73% 10.0 -18.13%  2.75

random baseline: avg= +26.67% med= +25.34% p25= +12.91% p75= +34.21% min=  +3.22% max= +96.92% MDD=-24.90%

==============================================================================================================
production (w7=0.40) 대비 차이 + random 대비 차이
==============================================================================================================
variant        ΔRet     ΔMDD   Δrisk   vs_rand  verdict               
--------------------------------------------------------------------------------
  w7=0.55   +35.66%p   +1.91%p  +2.54   +62.01%p  ✓ 개선                  
  w7=0.60   +27.98%p   +1.87%p  +2.06   +54.34%p  ✓ 개선                  
  w7=0.65   +24.50%p   +1.87%p  +1.84   +50.86%p  ✓ 개선                  
  w7=0.50   +20.70%p   +1.91%p  +1.62   +47.06%p  ✓ 개선                  
  w7=0.45   +13.04%p   +0.00%p  +0.72   +39.40%p  ✓ 개선                  
  w7=0.70    +6.96%p   +1.87%p  +0.76   +33.32%p  ✓ 개선                  
  w7=0.35    +5.10%p   +0.00%p  +0.28   +31.46%p  ✓ 개선                  
  w7=0.30    +2.76%p   +0.00%p  +0.15   +29.12%p  ✓ 개선                  
  w7=0.10    +0.99%p   +0.00%p  +0.05   +27.35%p  ✓ 개선                  
  w7=0.40    +0.00%p   +0.00%p  +0.00   +26.36%p  baseline              
  w7=0.15    -1.92%p   +0.00%p  -0.11   +24.44%p  ~ 무차이                 
  w7=0.20    -1.95%p   +0.00%p  -0.11   +24.41%p  ~ 무차이                 
  w7=0.25    -3.10%p   +0.00%p  -0.17   +23.26%p  ✗ 손실                  

==============================================================================================================
plateau 분석 (인접 안정성)
==============================================================================================================
  w7=0.15  this= +51.11% 3pt-avg= +52.07% 3pt-std= 1.4
  w7=0.20  this= +51.08% 3pt-avg= +50.71% 3pt-std= 0.5
  w7=0.25  this= +49.93% 3pt-avg= +52.27% 3pt-std= 2.5
  w7=0.30  this= +55.79% 3pt-avg= +54.62% 3pt-std= 3.4
  w7=0.35  this= +58.13% 3pt-avg= +55.65% 3pt-std= 2.1
 ★w7=0.40  this= +53.03% 3pt-avg= +59.08% 3pt-std= 5.4
  w7=0.45  this= +66.07% 3pt-avg= +64.27% 3pt-std= 8.5
  w7=0.50  this= +73.73% 3pt-avg= +76.16% 3pt-std= 9.4
  w7=0.55  this= +88.68% 3pt-avg= +81.14% 3pt-std= 6.1
  w7=0.60  this= +81.00% 3pt-avg= +82.41% 3pt-std= 4.7
  w7=0.65  this= +77.53% 3pt-avg= +72.84% 3pt-std= 9.2
