전체 거래일: 58 (2026-02-12 ~ 2026-05-06)
splits: [20, 25, 30, 35, 40]

==============================================================================================================
split T=20: train 20일 → test 38일
==============================================================================================================
variant          weights                pattern          train  trk      test terk   OOS_lift
---------------------------------------------------------------------------------------------------------
  w_10_50_10_30  (0.10,0.50,0.10,0.30)  30d-heavy       +1.24%   3  +107.16%   1    +58.23%p ✓
  w_10_10_30_50  (0.10,0.10,0.30,0.50)  long-tail       -0.16%   4  +105.20%   2    +56.27%p ✓
  w_20_10_20_50  (0.20,0.10,0.20,0.50)  long-tail       -0.16%   5  +104.66%   3    +55.73%p ✓
  w_10_10_20_60  (0.10,0.10,0.20,0.60)  long-tail       -0.16%   6   +78.40%   9    +29.47%p ✓
  w_20_10_30_40  (0.20,0.10,0.30,0.40)  long-tail       -0.16%   7  +101.90%   4    +52.97%p ✓
  w_10_20_10_60  (0.10,0.20,0.10,0.60)  long-tail       -0.16%   8   +74.87%  10    +25.94%p ✓
  w_60_10_10_20  (0.60,0.10,0.10,0.20)  high-w7         +6.88%   1   +91.55%   6    +42.62%p ✓
  w_10_10_50_30  (0.10,0.10,0.50,0.30)  mid-long        -0.16%   9   +88.60%   7    +39.67%p ✓
  w_10_20_20_50  (0.10,0.20,0.20,0.50)  long-tail       -0.16%  10   +99.49%   5    +50.56%p ✓
  w_30_10_10_50  (0.30,0.10,0.10,0.50)  long-tail       -0.16%  11   +86.71%   8    +37.78%p ✓
  w_40_30_20_10  (0.40,0.30,0.20,0.10)  production      +1.46%   2   +48.93%  11     +0.00%p ★
==============================================================================================================
split T=25: train 25일 → test 33일
==============================================================================================================
variant          weights                pattern          train  trk      test terk   OOS_lift
---------------------------------------------------------------------------------------------------------
  w_10_50_10_30  (0.10,0.50,0.10,0.30)  30d-heavy      +13.87%   4   +90.48%   1    +57.30%p ✓
  w_10_10_30_50  (0.10,0.10,0.30,0.50)  long-tail      +13.31%   5   +83.36%   3    +50.18%p ✓
  w_20_10_20_50  (0.20,0.10,0.20,0.50)  long-tail      +13.31%   6   +82.88%   4    +49.70%p ✓
  w_10_10_20_60  (0.10,0.10,0.20,0.60)  long-tail      +13.31%   7   +82.88%   5    +49.70%p ✓
  w_20_10_30_40  (0.20,0.10,0.30,0.40)  long-tail      +13.31%   8   +80.41%   7    +47.23%p ✓
  w_10_20_10_60  (0.10,0.20,0.10,0.60)  long-tail      +12.29%  10   +79.86%   8    +46.68%p ✓
  w_60_10_10_20  (0.60,0.10,0.10,0.20)  high-w7        +20.88%   1   +71.30%   9    +38.12%p ✓
  w_10_10_50_30  (0.10,0.10,0.50,0.30)  mid-long       +19.34%   2   +68.86%  10    +35.68%p ✓
  w_10_20_20_50  (0.10,0.20,0.20,0.50)  long-tail      +12.29%  11   +80.93%   6    +47.75%p ✓
  w_30_10_10_50  (0.30,0.10,0.10,0.50)  long-tail      +13.31%   9   +85.15%   2    +51.97%p ✓
  w_40_30_20_10  (0.40,0.30,0.20,0.10)  production     +15.13%   3   +33.18%  11     +0.00%p ★
==============================================================================================================
split T=30: train 30일 → test 28일
==============================================================================================================
variant          weights                pattern          train  trk      test terk   OOS_lift
---------------------------------------------------------------------------------------------------------
  w_10_50_10_30  (0.10,0.50,0.10,0.30)  30d-heavy      +12.22%   4  +107.90%   1    +61.58%p ✓
  w_10_10_30_50  (0.10,0.10,0.30,0.50)  long-tail      +11.13%   6  +101.17%   3    +54.85%p ✓
  w_20_10_20_50  (0.20,0.10,0.20,0.50)  long-tail      +11.13%   7  +100.64%   4    +54.32%p ✓
  w_10_10_20_60  (0.10,0.10,0.20,0.60)  long-tail      +11.13%   8  +100.64%   5    +54.32%p ✓
  w_20_10_30_40  (0.20,0.10,0.30,0.40)  long-tail      +11.13%   9   +97.93%   7    +51.61%p ✓
  w_10_20_10_60  (0.10,0.20,0.10,0.60)  long-tail      +10.13%  10   +94.96%   8    +48.64%p ✓
  w_60_10_10_20  (0.60,0.10,0.10,0.20)  high-w7        +24.26%   1   +89.21%   9    +42.89%p ✓
  w_10_10_50_30  (0.10,0.10,0.50,0.30)  mid-long       +17.04%   2   +87.93%  10    +41.61%p ✓
  w_10_20_20_50  (0.10,0.20,0.20,0.50)  long-tail      +10.13%  11   +99.95%   6    +53.63%p ✓
  w_30_10_10_50  (0.30,0.10,0.10,0.50)  long-tail      +11.28%   5  +103.13%   2    +56.81%p ✓
  w_40_30_20_10  (0.40,0.30,0.20,0.10)  production     +12.75%   3   +46.32%  11     +0.00%p ★
==============================================================================================================
split T=35: train 35일 → test 23일
==============================================================================================================
variant          weights                pattern          train  trk      test terk   OOS_lift
---------------------------------------------------------------------------------------------------------
  w_10_50_10_30  (0.10,0.50,0.10,0.30)  30d-heavy      +15.45%  11   +81.56%   1    +60.81%p ✓
  w_10_10_30_50  (0.10,0.10,0.30,0.50)  long-tail      +20.21%   3   +73.45%   2    +52.70%p ✓
  w_20_10_20_50  (0.20,0.10,0.20,0.50)  long-tail      +20.21%   4   +72.99%   4    +52.24%p ✓
  w_10_10_20_60  (0.10,0.10,0.20,0.60)  long-tail      +20.21%   5   +72.99%   5    +52.24%p ✓
  w_20_10_30_40  (0.20,0.10,0.30,0.40)  long-tail      +20.21%   6   +70.65%   6    +49.90%p ✓
  w_10_20_10_60  (0.10,0.20,0.10,0.60)  long-tail      +18.41%   7   +69.06%   7    +48.31%p ✓
  w_60_10_10_20  (0.60,0.10,0.10,0.20)  high-w7        +27.46%   1   +54.43%  10    +33.68%p ✓
  w_10_10_50_30  (0.10,0.10,0.50,0.30)  mid-long       +24.56%   2   +62.03%   9    +41.28%p ✓
  w_10_20_20_50  (0.10,0.20,0.20,0.50)  long-tail      +16.47%   9   +73.39%   3    +52.64%p ✓
  w_30_10_10_50  (0.30,0.10,0.10,0.50)  long-tail      +18.24%   8   +64.39%   8    +43.64%p ✓
  w_40_30_20_10  (0.40,0.30,0.20,0.10)  production     +15.65%  10   +20.75%  11     +0.00%p ★
==============================================================================================================
split T=40: train 40일 → test 18일
==============================================================================================================
variant          weights                pattern          train  trk      test terk   OOS_lift
---------------------------------------------------------------------------------------------------------
  w_10_50_10_30  (0.10,0.50,0.10,0.30)  30d-heavy      +39.19%   9   +57.57%   1    +44.58%p ✓
  w_10_10_30_50  (0.10,0.10,0.30,0.50)  long-tail      +42.80%   3   +50.47%   3    +37.48%p ✓
  w_20_10_20_50  (0.20,0.10,0.20,0.50)  long-tail      +42.80%   4   +50.08%   5    +37.09%p ✓
  w_10_10_20_60  (0.10,0.10,0.20,0.60)  long-tail      +42.80%   5   +50.08%   6    +37.09%p ✓
  w_20_10_30_40  (0.20,0.10,0.30,0.40)  long-tail      +42.80%   6   +48.05%   7    +35.06%p ✓
  w_10_20_10_60  (0.10,0.20,0.10,0.60)  long-tail      +42.75%   7   +46.72%   8    +33.73%p ✓
  w_60_10_10_20  (0.60,0.10,0.10,0.20)  high-w7        +51.41%   1   +42.73%   9    +29.74%p ✓
  w_10_10_50_30  (0.10,0.10,0.50,0.30)  mid-long       +47.96%   2   +40.57%  10    +27.58%p ✓
  w_10_20_20_50  (0.10,0.20,0.20,0.50)  long-tail      +38.36%  10   +50.47%   4    +37.48%p ✓
  w_30_10_10_50  (0.30,0.10,0.10,0.50)  long-tail      +40.45%   8   +51.93%   2    +38.94%p ✓
  w_40_30_20_10  (0.40,0.30,0.20,0.10)  production     +37.38%  11   +12.99%  11     +0.00%p ★

==============================================================================================================
변형별 OOS lift 통합 (5개 split 전체)
==============================================================================================================
variant          weights                pattern            avg       min       max  #pos  #neg
----------------------------------------------------------------------------------------------------
  w_10_50_10_30  (0.10,0.50,0.10,0.30)  30d-heavy      +56.50%p   +44.58%p   +61.58%p    5    0
  w_10_10_30_50  (0.10,0.10,0.30,0.50)  long-tail      +50.30%p   +37.48%p   +56.27%p    5    0
  w_20_10_20_50  (0.20,0.10,0.20,0.50)  long-tail      +49.82%p   +37.09%p   +55.73%p    5    0
  w_10_20_20_50  (0.10,0.20,0.20,0.50)  long-tail      +48.41%p   +37.48%p   +53.63%p    5    0
  w_20_10_30_40  (0.20,0.10,0.30,0.40)  long-tail      +47.35%p   +35.06%p   +52.97%p    5    0
  w_30_10_10_50  (0.30,0.10,0.10,0.50)  long-tail      +45.83%p   +37.78%p   +56.81%p    5    0
  w_10_10_20_60  (0.10,0.10,0.20,0.60)  long-tail      +44.56%p   +29.47%p   +54.32%p    5    0
  w_10_20_10_60  (0.10,0.20,0.10,0.60)  long-tail      +40.66%p   +25.94%p   +48.64%p    5    0
  w_60_10_10_20  (0.60,0.10,0.10,0.20)  high-w7        +37.41%p   +29.74%p   +42.89%p    5    0
  w_10_10_50_30  (0.10,0.10,0.50,0.30)  mid-long       +37.16%p   +27.58%p   +41.61%p    5    0

==============================================================================================================
각 split별 OOS lift detail
==============================================================================================================
variant                T=20       T=25       T=30       T=35       T=40        avg
------------------------------------------------------------------------------------------
  w_10_50_10_30     +58.23%p    +57.30%p    +61.58%p    +60.81%p    +44.58%p    +56.50%p
  w_10_10_30_50     +56.27%p    +50.18%p    +54.85%p    +52.70%p    +37.48%p    +50.30%p
  w_20_10_20_50     +55.73%p    +49.70%p    +54.32%p    +52.24%p    +37.09%p    +49.82%p
  w_10_20_20_50     +50.56%p    +47.75%p    +53.63%p    +52.64%p    +37.48%p    +48.41%p
  w_20_10_30_40     +52.97%p    +47.23%p    +51.61%p    +49.90%p    +35.06%p    +47.35%p
  w_30_10_10_50     +37.78%p    +51.97%p    +56.81%p    +43.64%p    +38.94%p    +45.83%p
  w_10_10_20_60     +29.47%p    +49.70%p    +54.32%p    +52.24%p    +37.09%p    +44.56%p
  w_10_20_10_60     +25.94%p    +46.68%p    +48.64%p    +48.31%p    +33.73%p    +40.66%p
  w_60_10_10_20     +42.62%p    +38.12%p    +42.89%p    +33.68%p    +29.74%p    +37.41%p
  w_10_10_50_30     +39.67%p    +35.68%p    +41.61%p    +41.28%p    +27.58%p    +37.16%p

==============================================================================================================
최종 평가
==============================================================================================================

5/5 split outperform (robust): 10개
  w_10_50_10_30  30d-heavy    avg lift +56.50%p (min +44.58, max +61.58)
  w_10_10_30_50  long-tail    avg lift +50.30%p (min +37.48, max +56.27)
  w_20_10_20_50  long-tail    avg lift +49.82%p (min +37.09, max +55.73)
  w_10_20_20_50  long-tail    avg lift +48.41%p (min +37.48, max +53.63)
  w_20_10_30_40  long-tail    avg lift +47.35%p (min +35.06, max +52.97)
  w_30_10_10_50  long-tail    avg lift +45.83%p (min +37.78, max +56.81)
  w_10_10_20_60  long-tail    avg lift +44.56%p (min +29.47, max +54.32)
  w_10_20_10_60  long-tail    avg lift +40.66%p (min +25.94, max +48.64)
  w_60_10_10_20  high-w7      avg lift +37.41%p (min +29.74, max +42.89)
  w_10_10_50_30  mid-long     avg lift +37.16%p (min +27.58, max +41.61)

4/5 split outperform: 0개

≤3/5 split outperform (의심): 0개

==============================================================================================================
train→test 일관성 (각 split에서 train Top 3 vs test 순위)
==============================================================================================================

T=20:
  train#1 w_60_10_10_20  → test#6  ✗
  train#2 w_40_30_20_10  → test#11 ✗
  train#3 w_10_50_10_30  → test#1  ✓

T=25:
  train#1 w_60_10_10_20  → test#9  ✗
  train#2 w_10_10_50_30  → test#10 ✗
  train#3 w_40_30_20_10  → test#11 ✗

T=30:
  train#1 w_60_10_10_20  → test#9  ✗
  train#2 w_10_10_50_30  → test#10 ✗
  train#3 w_40_30_20_10  → test#11 ✗

T=35:
  train#1 w_60_10_10_20  → test#10 ✗
  train#2 w_10_10_50_30  → test#9  ✗
  train#3 w_10_10_30_50  → test#2  ✓

T=40:
  train#1 w_60_10_10_20  → test#9  ✗
  train#2 w_10_10_50_30  → test#10 ✗
  train#3 w_10_10_30_50  → test#3  ✓
