====================================================================================================
Random start BT — N_SEEDS=100 × 3 random starts
Production rule: entry=3, exit=8, slots=3
====================================================================================================

[v80.9] sampling pool: 2026-02-12 ~ 2026-04-24 (50일)
  총 시뮬: 300개 (= 100 seed × 3 samples)
  평균 수익률: +58.98%
  중앙값: +53.92%
  최저: +18.47%, 최고: +109.15%
  표준편차: 26.14%
  최악 MDD: -16.33%
  양수 비율: 100.0%

[v80.10] sampling pool: 2026-02-12 ~ 2026-04-24 (50일)
  총 시뮬: 300개 (= 100 seed × 3 samples)
  평균 수익률: +95.10%
  중앙값: +100.73%
  최저: +34.06%, 최고: +154.75%
  표준편차: 28.79%
  최악 MDD: -18.18%
  양수 비율: 100.0%

====================================================================================================
v80.9 vs v80.10 비교
====================================================================================================

같은 random sample (same seeds)에서 paired 비교:
  v80.10이 v80.9보다 좋은 seed: 100/100 (100.0%)
  v80.9가 더 좋은 seed: 0/100 (0.0%)
  같음: 0

  평균 lift (v80.10 - v80.9): +36.12%p
  최저 lift: +15.51%p
  최고 lift: +58.81%p

=== 분포 (300개 시뮬 전체) ===
                    v80.9       v80.10         차이
--------------------------------------------------
        mean      +58.98%      +95.10%    +36.12%p
      median      +53.92%     +100.73%    +46.81%p
         std      +26.14%      +28.79%     +2.65%p
         min      +18.47%      +34.06%    +15.59%p
         max     +109.15%     +154.75%    +45.60%p
         p25      +38.16%      +88.43%    +50.27%p
         p75      +85.38%     +115.59%    +30.21%p

MDD 비교:
  v80.9 worst MDD: -16.33%
  v80.10 worst MDD: -18.18%
