  완료: 70일

====================================================================================================
Phase 1: 1/2위 점수 차이 분포 (production score_100 기준, 전체 기간)
====================================================================================================
분석 일자 수: 70
  1/2위 점수 차이 평균: +24.64
  중앙값: +23.90
  최소: +0.20, 최대: +46.20

  차이 구간별 발생 빈도:
      0~  2:   6일 (8.6%)
      2~  5:   3일 (4.3%)
      5~ 10:   8일 (11.4%)
     10~ 20:  17일 (24.3%)
     20~100:  36일 (51.4%)

  예시 (최근 10일):
  date            1위    2위     차이
  2026-05-11   100.0  80.5 +19.5
  2026-05-12   100.0  95.8  +4.2
  2026-05-13   100.0  91.4  +8.6
  2026-05-14   100.0  84.6 +15.4
  2026-05-15   100.0  89.5 +10.5
  2026-05-18   100.0  92.3  +7.7
  2026-05-19   100.0  96.6  +3.4
  2026-05-20   100.0  93.7  +6.3
  2026-05-21   100.0  89.8 +10.2
  2026-05-22   100.0  92.4  +7.6

====================================================================================================
Phase 2: Weighting 변형 BT — (2,10,2) + C2 boost=3
====================================================================================================

strategy                 R avg     M avg  worst MDD      M min
----------------------------------------------------------------------
★ fixed_80_20        +115.77% +130.20%    -19.82%    +64.47%
   fixed_70_30        +120.18% +134.75%    -19.98%    +67.75%
   fixed_50_50        +128.72% +143.46%    -22.19%    +73.79%
   score_ratio        +130.65% +145.96%    -20.58%    +73.69%
   dynamic_5          +129.53% +145.36%    -19.82%    +73.98%
   dynamic_10         +129.57% +145.36%    -19.82%    +73.98%
   power_2            +132.09% +147.87%    -19.62%    +73.60%

====================================================================================================
paired vs fixed_80_20 (현재 최강 후보)
====================================================================================================
strategy                 R lift     R wins     M lift   M wins
-----------------------------------------------------------------
  fixed_70_30           +4.41%p   499/500    +4.55%p    12/12
  fixed_50_50          +12.95%p   499/500   +13.26%p    12/12
  score_ratio          +14.88%p   500/500   +15.75%p    12/12
  dynamic_5            +13.76%p   498/500   +15.16%p    12/12
  dynamic_10           +13.80%p   498/500   +15.16%p    12/12
  power_2              +16.32%p   500/500   +17.67%p    12/12
