====================================================================================================
OLD (bt_breakout_hold) vs NEW (bt_buy_ma120_sell_ma20) simulator 검증
DB: ext_current.db, N_SEEDS=50 × 3 = 150 sim
====================================================================================================
  v80.10c (rank exit only) [OLD]                avg= +78.81%
  v80.10c (rank exit only) [NEW]                avg= +80.13%
  v82a (rank + MA20 exit) [OLD]                 avg= +80.69%
  v82a (rank + MA20 exit) [NEW]                 avg= +82.56%

====================================================================================================
같은 전략 내부 OLD vs NEW 차이 (시뮬레이터 영향)
====================================================================================================
  v80.10c (rank exit only)            NEW-OLD avg= +1.32%p  NEW>OLD 39/50 seed
  v82a (rank + MA20 exit)             NEW-OLD avg= +1.87%p  NEW>OLD 50/50 seed

====================================================================================================
각 모드에서의 전략간 비교 (v82a vs v80.10c)
====================================================================================================
  [OLD] v82a - v80.10c lift= +1.88%p  v82a wins 35/50
  [NEW] v82a - v80.10c lift= +2.43%p  v82a wins 36/50

====================================================================================================
MA20 매도 시나리오에서 매도일 OLD/NEW gap이 큰 사례 (1 random sample)
====================================================================================================
  시작일: 2026-04-13, 누락 케이스 1건
  date          old_ret  new_ret   gap (OLD-NEW) missing
  2026-04-17    -0.102%  +0.267%        -0.369%p  ['CRDO']
