====================================================================================================
E: Slot count BT
N_SEEDS=500 × 3 = 1500 sim/config
====================================================================================================

config                          avg       med  worst MDD   avg MDD  sharpe
--------------------------------------------------------------------------------
   (2, 10, 2)               +124.05%  +126.12%    -22.19%   -13.09%  +2.28
★ (3, 10, 3) baseline       +95.68%  +108.47%    -18.18%   -13.27%  +2.21
   (4, 10, 4)                +72.28%   +81.62%    -17.03%   -12.89%  +2.34
   (5, 10, 5)                +61.80%   +68.73%    -16.22%   -11.80%  +2.26
   (3, 10, 2)               +114.51%  +119.13%    -22.19%   -14.04%  +2.35
   (3, 10, 4)                +79.05%   +91.58%    -17.03%   -13.07%  +2.30
   (3, 10, 5)                +67.98%   +78.67%    -17.03%   -13.03%  +2.39

====================================================================================================
paired vs (3,10,3) baseline
====================================================================================================
config                      avg lift      worst       best       wins         verdict
-----------------------------------------------------------------------------------------------
  (2, 10, 2)                +28.37%p    +4.36%p   +55.19%p   500/500  ✓✓ 우월
  (4, 10, 4)                -23.40%p   -43.26%p    -4.05%p     0/500  ✗ 열세
  (5, 10, 5)                -33.88%p   -58.19%p    -6.39%p     0/500  ✗ 열세
  (3, 10, 2)                +18.83%p    +2.44%p   +37.22%p   500/500  ✓✓ 우월
  (3, 10, 4)                -16.63%p   -31.21%p    -1.40%p     0/500  ✗ 열세
  (3, 10, 5)                -27.70%p   -49.43%p    -3.21%p     0/500  ✗ 열세
