총 33 변형
==============================================================================================================
깔끔한 step 룰 grid — 5% 단위 비중
==============================================================================================================

[incl 환경]
[excl 환경]

==============================================================================================================
★ step 룰 종합 (두 환경 평균 lift, 정렬: 평균 lift)
==============================================================================================================
  variant                             i_avg    i_lift  i_win |   e_avg    e_lift  e_win |       평균
  ----------------------------------------------------------------------------------------------------
  2step_t15_100_50               +124.68%   +2.72%p   86/100 | +55.99%   +3.55%p   63/100 |   +3.14%p
  linear_15                      +124.59%   +2.63%p   94/100 | +55.77%   +3.33%p   70/100 |   +2.98%p
  3step_20_5_100_70_50           +123.77%   +1.80%p   87/100 | +55.87%   +3.43%p   67/100 |   +2.62%p
  linear_20                      +124.24%   +2.28%p   93/100 | +55.33%   +2.90%p   66/100 |   +2.59%p
  3step_20_10_100_70_50          +123.58%   +1.62%p   85/100 | +55.77%   +3.34%p   65/100 |   +2.48%p
  4step_30_15_5_100_80_70_50     +124.17%   +2.21%p   86/100 | +55.06%   +2.62%p   64/100 |   +2.42%p
  3step_30_10_100_80_50          +124.02%   +2.06%p   86/100 | +55.09%   +2.65%p   61/100 |   +2.35%p
  3step_30_10_100_75_50          +123.87%   +1.91%p   86/100 | +54.99%   +2.55%p   60/100 |   +2.23%p
  3step_25_10_100_70_50          +123.74%   +1.78%p   85/100 | +54.91%   +2.47%p   62/100 |   +2.13%p
  3step_30_10_100_70_50          +123.72%   +1.76%p   84/100 | +54.89%   +2.45%p   61/100 |   +2.11%p
  4step_30_20_10_100_90_70_50    +123.55%   +1.59%p   81/100 | +55.05%   +2.62%p   60/100 |   +2.10%p
  2step_t20_100_50               +122.71%   +0.75%p   67/100 | +55.54%   +3.11%p   63/100 |   +1.93%p
  3step_30_10_100_80_60          +123.69%   +1.73%p   86/100 | +54.37%   +1.94%p   60/100 |   +1.83%p
  2step_t20_100_60               +122.76%   +0.80%p   71/100 | +55.11%   +2.68%p   62/100 |   +1.74%p
  2step_t30_100_50               +123.13%   +1.17%p   68/100 | +54.49%   +2.06%p   59/100 |   +1.61%p
  2step_t25_100_50               +123.06%   +1.10%p   68/100 | +54.54%   +2.10%p   59/100 |   +1.60%p
  3step_30_10_100_70_60          +123.40%   +1.44%p   82/100 | +54.17%   +1.74%p   59/100 |   +1.59%p
  2step_t20_100_70               +122.82%   +0.86%p   74/100 | +54.69%   +2.25%p   61/100 |   +1.55%p
  3step_30_10_90_75_50           +122.42%   +0.46%p   56/100 | +54.99%   +2.55%p   60/100 |   +1.50%p
  3step_30_10_90_70_50           +122.41%   +0.45%p   55/100 | +54.89%   +2.45%p   61/100 |   +1.45%p
  2step_t15_90_50                +122.32%   +0.36%p   57/100 | +54.79%   +2.35%p   55/100 |   +1.36%p
  2step_t20_90_50                +122.03%   +0.07%p   50/100 | +54.82%   +2.39%p   60/100 |   +1.23%p
  3step_30_10_90_75_60           +122.30%   +0.34%p   55/100 | +54.27%   +1.84%p   61/100 |   +1.09%p
  2step_t20_80_50                +120.84%   -1.12%p   24/100 | +54.74%   +2.30%p   60/100 |   +0.59%p
 ★fixed_90_10                    +121.96%   +0.00%p    0/100 | +52.44%   +0.00%p    0/100 |   +0.00%p
