====================================================================================================
D: Trailing stop BT
N_SEEDS=500 × 3 = 1500 sim/config
====================================================================================================

config                     avg       med  worst MDD   avg MDD  sharpe
---------------------------------------------------------------------------
★ baseline (없음)        +95.68%  +108.47%    -18.18%   -13.27%  +2.21
   T6:  -6%             +95.13%  +106.33%    -16.46%   -13.27%  +2.24
   T8:  -8%             +93.39%  +108.15%    -17.03%   -13.72%  +2.25
   T10: -10%            +94.40%  +108.47%    -16.42%   -13.41%  +2.23
   T12: -12%            +95.01%  +108.47%    -18.13%   -13.58%  +2.22
   T15: -15%            +94.58%  +108.47%    -18.13%   -13.17%  +2.23
   T20: -20%            +95.68%  +108.47%    -18.18%   -13.27%  +2.21
   T25: -25%            +95.68%  +108.47%    -18.18%   -13.27%  +2.21

====================================================================================================
paired vs baseline
====================================================================================================
config                 avg lift      worst       best       wins         verdict
-------------------------------------------------------------------------------------
  T6:  -6%              -0.55%p    -8.49%p   +12.40%p   191/500  ✗ 열세
  T8:  -8%              -2.29%p    -8.72%p   +11.24%p    62/500  ✗ 열세
  T10: -10%             -1.28%p    -7.00%p   +12.01%p    90/500  ✗ 열세
  T12: -12%             -0.66%p    -5.05%p   +12.05%p    96/500  ✗ 열세
  T15: -15%             -1.10%p    -3.85%p    +0.58%p    16/500  ✗ 열세
  T20: -20%             +0.00%p    +0.00%p    +0.00%p     0/500  ✗ 열세
  T25: -25%             +0.00%p    +0.00%p    +0.00%p     0/500  ✗ 열세
