==============================================================================================================
US v84 + KR 인사이트 적용 BT
==============================================================================================================
data: 74 dates, 2026-02-12 ~ 2026-05-29

variant                            avg      med       mdd   sharpe     cal  vs baseline
------------------------------------------------------------------------------------------
★baseline v84 (slot 2)         +259.9%  +272.2%    +4.91%

--- 1. Slot 확대 (KR: slot 3→5 Cal +30% 발견) ---
  slot 3 equal                  +89.2%  +108.4%    +6.54%   lift  -170.66%p    0/100 ✗
  slot 4 equal                  +68.2%   +83.4%    +5.96%   lift  -191.76%p    0/100 ✗
  slot 5 equal                  +52.5%   +60.2%    +6.50%   lift  -207.37%p    0/100 ✗

--- 2. Universe 시총 필터 ---
  시총 무제한                     +259.9%   mdd  +4.91%   lift    +0.00%p    0/100 ✗
  시총 5B+                     +251.6%   mdd  +8.66%   lift    -8.34%p    9/100 ✗
  시총 30B+                    +277.8%   mdd +10.28%   lift   +17.87%p   90/100 ✓✓
  시총 100B+                   +194.7%   mdd  +5.30%   lift   -65.24%p    2/100 ✗
  시총 500B+                    +55.3%   mdd  +1.73%   lift  -204.59%p    0/100 ✗

--- 3. Fragility (KR: Top 5 제외 -29% reversion) ---
  NONE                           +259.9%   mdd  +4.91%   (baseline)
  MU 제외                          +217.1%   mdd  +4.91%   diff   -42.8%p
  SNDK 제외                        +197.1%   mdd +15.15%   diff   -62.8%p
  AEIS 제외                        +267.8%   mdd +10.28%   diff    +7.9%p
  MU+SNDK                        +160.4%   mdd +15.78%   diff   -99.5%p
  Top4 (MU+SNDK+BE+AEIS)         +166.4%   mdd  +9.96%   diff   -93.5%p
  Top6                           +168.5%   mdd  +1.93%   diff   -91.4%p

--- 4. Slot 확대 + dd_30_25 결합 ---
  slot 2 with dd_30_25          +259.9%   mdd  +4.91%
  slot 2 no dd_30_25            +261.0%   mdd  +4.91%
  slot 3 with dd_30_25           +89.2%   mdd  +6.54%
  slot 3 no dd_30_25             +89.5%   mdd  +6.54%
  slot 5 with dd_30_25           +52.5%   mdd  +6.50%
  slot 5 no dd_30_25             +52.6%   mdd  +6.50%
