====================================================================================================
US 가격 모멘텀 진입 필터 paired BT (v84 simulator + 100×3)
====================================================================================================
part2 dates: 75 (2026-02-12~2026-06-01)  |  price calendar: 79일

--- Paired BT 결과 ---
filter                   avg      med      mdd   sharpe     cal
----------------------------------------------------------------------
 ★none               +253.3%  +253.5%  +40.82%    1.62    6.21
  mom20>0            +190.3%  +191.5%  +40.82%    1.85    4.66
  mom10>0            +278.6%  +292.5%  +40.82%    1.72    6.82
  >MA20              +311.3%  +314.8%  +40.82%    1.68    7.63
  >MA20&mom20>0      +249.8%  +303.1%  +40.82%    1.80    6.12

--- Paired vs baseline(none) ---
  filter             avg_lift   med_lift       min       max      wins  verdict
  --------------------------------------------------------------------------------------
  mom20>0            -63.03%p   -57.29%p  -174.11%p    +4.02%p    12/100  ✗ 열세
  mom10>0            +25.24%p   +20.48%p   -34.92%p  +103.30%p    88/100  ✓✓ 우월
  >MA20              +57.98%p   +47.50%p   +13.37%p  +162.52%p   100/100  ✓✓ 우월
  >MA20&mom20>0       -3.53%p    +2.38%p  -117.91%p  +113.27%p    59/100  ~ 동등

--- Full BT (start_idx=0) 거래 비교 ---
  none             cum  +302.9%  MDD  33.4%  거래 11건  승 9/11
  mom20>0          cum  +268.3%  MDD  33.4%  거래  8건  승 8/8
  mom10>0          cum  +279.5%  MDD  33.4%  거래  8건  승 8/8
  >MA20            cum  +303.7%  MDD  33.4%  거래  8건  승 8/8
  >MA20&mom20>0    cum  +307.4%  MDD  33.4%  거래  6건  승 6/6

--- 진단: AEIS/WMG/FIVE 매수 여부 (full 74일) ---
  [none          ] AEIS=[-13.2]  WMG=[]  FIVE=[]
  [mom20>0       ] AEIS=[]  WMG=[]  FIVE=[]
  [>MA20         ] AEIS=[]  WMG=[]  FIVE=[]
