====================================================================================================
US 가격 모멘텀 진입 필터 paired BT (v84 simulator + 100×3)
====================================================================================================
part2 dates: 75 (2026-02-12~2026-06-01)  |  price calendar: 79일

--- Paired BT 결과 ---
filter                   avg      med      mdd   sharpe     cal
----------------------------------------------------------------------
 ★none               +253.3%  +253.5%  +40.82%    1.62    6.21
  >MA10              +134.3%  +144.6%  +40.82%    1.81    3.29
  >MA15              +243.7%  +253.2%  +40.82%    1.61    5.97
  >MA20              +311.3%  +314.8%  +40.82%    1.68    7.63
  >MA25              +266.2%  +268.7%  +40.82%    1.58    6.52
  >MA30              +283.8%  +317.4%  +40.82%    1.65    6.95
  >MA40              +265.1%  +273.6%  +40.82%    1.65    6.49
  mom10>0            +278.6%  +292.5%  +40.82%    1.72    6.82

--- Paired vs baseline(none) ---
  filter             avg_lift   med_lift       min       max      wins  verdict
  --------------------------------------------------------------------------------------
  >MA10             -119.01%p  -113.77%p  -247.44%p   -14.27%p     0/100  ✗ 열세
  >MA15               -9.61%p   -13.63%p   -56.49%p   +79.53%p    24/100  ✗ 열세
  >MA20              +57.98%p   +47.50%p   +13.37%p  +162.52%p   100/100  ✓✓ 우월
  >MA25              +12.88%p    +4.55%p   -28.79%p  +115.30%p    76/100  ✓✓ 우월
  >MA30              +30.43%p   +24.44%p    +5.84%p  +128.80%p   100/100  ✓✓ 우월
  >MA40              +11.76%p    +7.53%p    +1.03%p   +97.82%p   100/100  ✓✓ 우월
  mom10>0            +25.24%p   +20.48%p   -34.92%p  +103.30%p    88/100  ✓✓ 우월

--- Full BT (start_idx=0) 거래 비교 ---
  none             cum  +302.9%  MDD  33.4%  거래 11건  승 9/11
  >MA10            cum  +238.4%  MDD  33.4%  거래  9건  승 8/9
  >MA15            cum  +240.3%  MDD  33.4%  거래  9건  승 8/9
  >MA20            cum  +303.7%  MDD  33.4%  거래  8건  승 8/8
  >MA25            cum  +258.8%  MDD  33.4%  거래  8건  승 7/8
  >MA30            cum  +323.0%  MDD  33.4%  거래 10건  승 9/10
  >MA40            cum  +311.6%  MDD  33.4%  거래 10건  승 9/10
  mom10>0          cum  +279.5%  MDD  33.4%  거래  8건  승 8/8

--- 진단: AEIS/WMG/FIVE 매수 여부 (full 74일) ---
  [none          ] AEIS=[-13.2]  WMG=[]  FIVE=[]
  [>MA10         ] AEIS=[-13.2]  WMG=[]  FIVE=[]
  [>MA20         ] AEIS=[]  WMG=[]  FIVE=[]
  [>MA30         ] AEIS=[]  WMG=[]  FIVE=[]
