====================================================================================================
US 본질형 (AI/Tech) vs Catalyst형 분리 BT
====================================================================================================
data: 75 dates (2026-02-12 ~ 2026-06-01)

--- 1. 74일 BT 시스템 picks (part2_rank ≤ 3 등장 종목) ---

  본질형 (AI/Tech): 16종목
    SNDK   58회  industry: 하드웨어
    MU     41회  industry: 반도체
    STX    25회  industry: 하드웨어
    LITE   16회  industry: 통신장비
    FORM   15회  industry: 반도체장비
    TER    13회  industry: 반도체장비
    AEIS   10회  industry: 전기장비
    TTMI   5회  industry: 전자부품
    BE     5회  industry: 전기장비
    KEYS   4회  industry: 계측기기
    ASML   3회  industry: 반도체장비
    LRCX   2회  industry: 반도체장비
    SIMO   2회  industry: 반도체
    NVDA   2회  industry: 반도체
    CRDO   1회  industry: 반도체

  Catalyst형: 6종목
    FIVE   6회  industry: 전문소매
    MOD    5회  industry: 자동차부품
    FIX    4회  industry: 건설
    HGV    3회  industry: 리조트카지노
    VIRT   3회  industry: 자본시장
    WMG    1회  industry: 엔터

--- 2. 종합 BT (slot 2, entry 3, exit 10) ---
variant                         return   trades  avg ret%    win%
  Baseline (둘 다 매수)              +174.5%        9    +31.3%     89%
  Fundamental만                   +166.8%        9    +29.1%     89%
  Catalyst만                       +30.3%        4     +6.7%    100%

--- 3. Baseline BT의 trade type별 분해 ---
type              trades      wins    win%  avg ret%   median%      max%      min%
  Fundamental          8         7     88%    +33.9%    +11.5%   +126.6%    -13.2%
  Catalyst             1         1    100%    +11.3%    +11.3%    +11.3%    +11.3%

--- 4. Baseline 거래 종목별 (9건) ---
종목     type         sector         buy_d       sell_d           buy$    sell$    ret%
  LITE   Fundamental  통신장비           2026-02-12  2026-03-13     583.46   622.50   +6.7% ✅
  SNDK   Fundamental  하드웨어           2026-02-12  2026-03-18     630.29   753.69  +19.6% ✅
  STX    Fundamental  하드웨어           2026-03-13  2026-04-02     383.71   429.36  +11.9% ✅
  MOD    Catalyst     자동차부품          2026-03-18  2026-04-01     200.42   222.97  +11.3% ✅
  MU     Fundamental  반도체            2026-04-01  2026-05-08     367.85   746.81 +103.0% ✅
  SNDK   Fundamental  하드웨어           2026-04-02  2026-05-26     701.59  1589.55 +126.6% ✅
  BE     Fundamental  전기장비           2026-05-08  2026-05-13     261.03   289.76  +11.0% ✅
  TER    Fundamental  반도체장비          2026-05-13  2026-05-28     363.38   382.65   +5.3% ✅
  AEIS   Fundamental  전기장비           2026-05-26  2026-06-01     339.65   294.65  -13.2% ❌

--- 5. 종목별 누적 P&L (type 표시) ---
종목     type         industry         trades    wins    cum ret%
  SNDK   Fundamental  하드웨어                  2     2/2     +146.1%
  MU     Fundamental  반도체                   1     1/1     +103.0%
  STX    Fundamental  하드웨어                  1     1/1      +11.9%
  MOD    Catalyst     자동차부품                 1     1/1      +11.3%
  BE     Fundamental  전기장비                  1     1/1      +11.0%
  LITE   Fundamental  통신장비                  1     1/1       +6.7%
  TER    Fundamental  반도체장비                 1     1/1       +5.3%
  AEIS   Fundamental  전기장비                  1     0/1      -13.2%
