====================================================================================================
US ліём§Ҳнҳ• vs Catalystнҳ• paired BT (м •лҹү м •мқҳ: rev_growth вүҘ 25%)
Simulator: v84 entry_fixed sticky + dd_30_25 + 2step_t15
Paired: 100 seeds Г— 3 samples
====================================================================================================
data: 75 dates (2026-02-12 ~ 2026-06-01)

Universe л¶„лҘҳ (rev_growth вүҘ 25% = ліём§Ҳнҳ•):
  ліём§Ҳнҳ•: 242 мў…лӘ©
  Catalystнҳ•: 992 мў…лӘ©

--- Paired BT кІ°кіј (100 Г— 3 = 300 runs) ---
variant                            avg      med      mdd   sharpe     cal  vs baseline
------------------------------------------------------------------------------------------
 вҳ…Baseline (л‘ҳ лӢӨ)               +253.3%  +253.5%  +40.82%    1.62    6.21
  ліём§Ҳнҳ•л§Ң                         +253.3%  +253.5%  +40.82%    1.62    6.21
  Catalystнҳ•л§Ң                    +15.2%   +19.1%  +12.00%    2.07    1.26

--- Paired (vs baseline) ---
  variant                      avg_lift   med_lift       min       max      wins  verdict
  ------------------------------------------------------------------------------------------
  ліём§Ҳнҳ•л§Ң                          +0.00%p    +0.00%p    +0.00%p    +0.00%p     0/100  вң— м—ҙм„ё
  Catalystнҳ•л§Ң                  -238.16%p  -230.96%p  -415.07%p   -20.94%p     0/100  вң— м—ҙм„ё

--- мӢңмҠӨн…ң picks (rank вүӨ 3 л“ұмһҘ мў…лӘ©) л¶„лҘҳ ---

  ліём§Ҳнҳ• (rev_growth вүҘ 25%): 17 мў…лӘ©
    SNDK    58нҡҢ   rev_g 251%
    MU      41нҡҢ   rev_g 196%
    STX     25нҡҢ   rev_g 44%
    LITE    16нҡҢ   rev_g 90%
    FORM    15нҡҢ   rev_g 32%
    TER     13нҡҢ   rev_g 87%
    AEIS    10нҡҢ   rev_g 26%
    MOD      5нҡҢ   rev_g 30%
    TTMI     5нҡҢ   rev_g 30%
    BE       5нҡҢ   rev_g 130%
    FIX      4нҡҢ   rev_g 56%
    KEYS     4нҡҢ   rev_g 32%
    VIRT     3нҡҢ   rev_g 30%
    SIMO     2нҡҢ   rev_g 106%
    NVDA     2нҡҢ   rev_g 85%

  Catalystнҳ• (rev_growth < 25%): 5 мў…лӘ©
    FIVE     6нҡҢ   rev_g 24%
    ASML     3нҡҢ   rev_g 13%
    HGV      3нҡҢ   rev_g 12%
    LRCX     2нҡҢ   rev_g 24%
    WMG      1нҡҢ   rev_g 17%

--- Baselineмқҳ trade-level мў…н•© (start_idx=0, мҰү full 74мқј) ---
  type             trades    wins    win%      avg%      max%      min%
  Fundamental          11       9     82%    +20.1%    +77.4%    -13.2%

  Full BT (start_idx=0):  cum +302.9%, MDD 33.39%, кұ°лһҳ 11кұҙ
