총 33 변형
==============================================================================================================
★ v84 종합 검증 — trail anchor + SL + cost + 버전 비교
==============================================================================================================

==============================================================================================================
★ 검증 1: trail anchor (3, 4, 5, 6, 7, 8%) — v84 환경
==============================================================================================================
trail       i_avg   i_mdd   i_lift   i_win |    e_avg   e_mdd   e_lift   e_win |  avg_lift
--------------------------------------------------------------------------------------------------------------
  baseline +127.30% -23.90%   +0.00%p    0/100 |  +67.75% -28.70%   +0.00%p    0/100 |   +0.00%p
  trail_3 +119.86% -23.90%   -7.44%p   19/100 |  +74.37% -20.45%   +6.63%p   97/100 |   -0.41%p
  trail_4 +123.13% -23.90%   -4.17%p   20/100 |  +71.24% -20.45%   +3.50%p   82/100 |   -0.34%p
 ★trail_5 +132.31% -23.90%   +5.01%p   85/100 |  +71.25% -20.45%   +3.51%p   82/100 |   +4.26%p
  trail_6 +133.63% -23.90%   +6.33%p   87/100 |  +63.40% -21.10%   -4.35%p   12/100 |   +0.99%p
  trail_7 +133.73% -23.90%   +6.44%p   87/100 |  +56.39% -20.62%  -11.36%p   13/100 |   -2.46%p
  trail_8 +132.11% -23.90%   +4.82%p  100/100 |  +55.65% -20.62%  -12.09%p   15/100 |   -3.64%p

==============================================================================================================
★ 검증 2: stop loss (5, 10, 15, 20%) — entry 대비 -X% 매도
==============================================================================================================
SL          i_avg   i_mdd   i_lift   i_win |    e_avg   e_mdd   e_lift   e_win |  avg_lift
--------------------------------------------------------------------------------------------------------------
  baseline +127.30% -23.90%   +0.00%p    0/100 |  +67.75% -28.70%   +0.00%p    0/100 |   +0.00%p
  SL_5   +123.72% -23.90%   -3.58%p    0/100 |  +66.50% -28.70%   -1.25%p   31/100 |   -2.42%p
  SL_10  +126.66% -23.90%   -0.64%p    3/100 |  +66.50% -28.70%   -1.24%p    3/100 |   -0.94%p
  SL_15  +127.30% -23.90%   +0.00%p    0/100 |  +67.75% -28.70%   +0.00%p    0/100 |   +0.00%p
  SL_20  +127.30% -23.90%   +0.00%p    0/100 |  +67.75% -28.70%   +0.00%p    0/100 |   +0.00%p

==============================================================================================================
★ 검증 3: trail_5 + 거래비용 stress (0%, 0.25%, 0.5%, 1%)
==============================================================================================================
variant                   i_avg   i_lift   i_win |    e_avg   e_lift   e_win
------------------------------------------------------------------------------------------
  trail_5 cost=0%        +132.31%   +5.01%p   85/100 |  +71.25%   +3.51%p   82/100
  trail_5 cost=0.25%     +122.14%   -5.16%p   25/100 |  +63.60%   -4.15%p   11/100
  trail_5 cost=0.5%      +112.50%  -14.80%p   19/100 |  +56.32%  -11.43%p    4/100
  trail_5 cost=1.0%       +94.68%  -32.61%p    0/100 |  +42.80%  -24.95%p    0/100
---
  baseline cost=0%       +127.30%   +0.00%p    0/100 |  +67.75%   +0.00%p    0/100
  baseline cost=1.0%     +108.82%  -18.48%p    0/100 |  +47.84%  -19.90%p    0/100

==============================================================================================================
★ 검증 4: 역대 버전 비교 (entry_fixed, production 정확 환경)
==============================================================================================================
버전                                   i_avg    i_mdd  i_sharpe |     e_avg    e_mdd  e_sharpe
--------------------------------------------------------------------------------------------------------------
  v83.3 (90/10, current)          +129.03%  -21.60%   +1.49 |   +50.48%  -27.18%   +1.51
  v84 (dd_30_25 + 2step_t15)      +127.30%  -23.90%   +1.96 |   +67.75%  -28.70%   +2.15
 ★v84 + trail_5                   +132.31%  -23.90%   +2.18 |   +71.25%  -20.45%   +2.11
  v84 + trail_5 + cost=1%          +94.68%  -27.72%   +2.37 |   +42.80%  -24.96%   +2.05
