==============================================================================================================
v82a robust 검증 (NEW simulator, MA120 풀 + 명시 MA20 매도)
DB: ext_current.db
N_SEEDS=500 × 3 samples + 12 fixed multistart
==============================================================================================================
[Load] 1.0s, 거래일 65일
[12 multistart] 2026-02-19 ~ 2026-04-23

==============================================================================================================
Random 500 seed × 3 starts paired
==============================================================================================================
  variant                         avg  mdd worst   sharpe [ time]
  --------------------------------------------------------------------------------
  ★ v80.10c production        +79.89%    -18.18%   +2.66 [  4.1s]
    v82a (MA20 매도)            +82.51%    -17.85%   +2.97 [  3.9s]
    v82a-strict (3,8,3)       +72.46%    -17.85%   +2.79 [  2.4s]
    v82a-wide (5,10,3)        +80.79%    -17.85%   +2.93 [  2.7s]

  paired vs v80.10c production:
    v82a (MA20 매도)            lift  +2.63%p wins 358/500 ( 71.6%) worst  -9.28%p best +13.31%p ◐
    v82a-strict (3,8,3)       lift  -7.43%p wins  20/500 (  4.0%) worst -20.38%p best  +3.47%p ✗
    v82a-wide (5,10,3)        lift  +0.90%p wins 292/500 ( 58.4%) worst -11.13%p best +11.55%p ✗

==============================================================================================================
12 fixed multistart
==============================================================================================================
  ★ v80.10c production        avg= +83.86% med= +89.40% worst= +42.14% mdd= -18.13%
    v82a (MA20 매도)            avg= +85.68% med= +92.88% worst= +46.35% mdd= -17.85%
    v82a-strict (3,8,3)       avg= +75.34% med= +82.03% worst= +38.41% mdd= -17.85%
    v82a-wide (5,10,3)        avg= +83.92% med= +91.05% worst= +44.96% mdd= -17.85%

  multistart paired vs v80.10c (12 시작일별 lift):
    v82a (MA20 매도)            avg lift  +1.82%p  wins 7/12
      [2026-02-19] - -4.13%p
      [2026-02-25] + +3.47%p
      [2026-03-03] + +0.03%p
      [2026-03-09] - -7.42%p
      [2026-03-13] - -7.58%p
      [2026-03-19] - -9.80%p
      [2026-03-25] + +6.04%p
      [2026-03-31] ++10.23%p
      [2026-04-07] ++14.58%p
      [2026-04-13] ++11.76%p
      [2026-04-17] + +4.85%p
      [2026-04-23] - -0.26%p
    v82a-strict (3,8,3)       avg lift  -8.52%p  wins 2/12
      [2026-02-19] --15.70%p
      [2026-02-25] - -7.38%p
      [2026-03-03] --12.13%p
      [2026-03-09] --19.24%p
      [2026-03-13] --18.93%p
      [2026-03-19] --19.86%p
      [2026-03-25] - -4.16%p
      [2026-03-31] - -1.00%p
      [2026-04-07] + +4.23%p
      [2026-04-13] + +3.41%p
      [2026-04-17] - -3.32%p
      [2026-04-23] - -8.20%p
    v82a-wide (5,10,3)        avg lift  +0.06%p  wins 6/12
      [2026-02-19] - -6.07%p
      [2026-02-25] + +1.65%p
      [2026-03-03] - -2.01%p
      [2026-03-09] - -9.41%p
      [2026-03-13] - -9.49%p
      [2026-03-19] --11.49%p
      [2026-03-25] + +4.33%p
      [2026-03-31] + +8.34%p
      [2026-04-07] ++12.78%p
      [2026-04-13] ++10.31%p
      [2026-04-17] + +3.43%p
      [2026-04-23] - -1.64%p

총 소요: 14.2s
