총 33 변형
==============================================================================================================
★ v84 + trail_5 + cooldown 그리드 (거래비용 0%, 0.25%, 0.5% 시나리오)
==============================================================================================================

config                              |     i_avg    i_lift   i_win |     e_avg    e_lift   e_win |        평균
--------------------------------------------------------------------------------------------------------------
  baseline (no trail)                 |  +127.30%   +0.00%p    0/100 |   +67.75%   +0.00%p    0/100 |   +0.00%p
  trail_5, no cool, cost=0            |  +132.31%   +5.01%p   85/100 |   +71.25%   +3.51%p   82/100 |   +4.26%p
  trail_5, cool=1, cost=0             |   +99.30%  -28.00%p   12/100 |   +59.19%   -8.56%p    9/100 |  -18.28%p
  trail_5, cool=2, cost=0             |   +97.26%  -30.04%p   10/100 |   +55.26%  -12.48%p    6/100 |  -21.26%p
  trail_5, cool=3, cost=0             |   +93.67%  -33.63%p   12/100 |   +66.17%   -1.57%p   44/100 |  -17.60%p
  trail_5, cool=5, cost=0             |   +80.41%  -46.89%p    1/100 |   +47.22%  -20.52%p    8/100 |  -33.71%p
  trail_5, cool=7, cost=0             |   +85.53%  -41.77%p    0/100 |   +51.06%  -16.69%p   13/100 |  -29.23%p
--------------------------------------------------------------------------------------------------------------
  trail_5, no cool, cost=0.25%        |  +122.14%   -5.16%p   25/100 |   +63.60%   -4.15%p   11/100 |   -4.65%p
  trail_5, cool=1, cost=0.25%         |   +91.17%  -36.12%p    2/100 |   +52.47%  -15.28%p    2/100 |  -25.70%p
  trail_5, cool=3, cost=0.25%         |   +86.11%  -41.19%p    2/100 |   +58.83%   -8.92%p    7/100 |  -25.05%p
  trail_5, cool=5, cost=0.25%         |   +73.39%  -53.90%p    1/100 |   +40.94%  -26.80%p    3/100 |  -40.35%p
--------------------------------------------------------------------------------------------------------------
  trail_5, no cool, cost=0.5%         |  +112.50%  -14.80%p   19/100 |   +56.32%  -11.43%p    4/100 |  -13.11%p
  trail_5, cool=3, cost=0.5%          |   +78.87%  -48.42%p    0/100 |   +51.83%  -15.92%p    2/100 |  -32.17%p
  trail_5, cool=5, cost=0.5%          |   +66.68%  -60.62%p    0/100 |   +34.95%  -32.80%p    2/100 |  -46.71%p
--------------------------------------------------------------------------------------------------------------
  baseline cost=0.25%                 |  +122.51%   -4.79%p    0/100 |   +62.48%   -5.27%p    0/100 |   -5.03%p
  baseline cost=0.5%                  |  +117.84%   -9.46%p    0/100 |   +57.41%  -10.33%p    0/100 |   -9.90%p
