총 33 변형
==============================================================================================================
★ v84 + 트레일링 스탑 BT (5, 10, 15, 20, 25%)
  환경: entry=2, exit=10, slot=2 + v84 (dd_30_25 + 2step_t15)
==============================================================================================================

[incl]
 ★baseline     avg=+127.30% mdd=-23.90% sharpe=+1.96 avg_trail_exits=0.0 [2.1s]
  trail_5      avg=+132.31% mdd=-23.90% sharpe=+2.18 avg_trail_exits=6.4 [5.8s]
  trail_10     avg=+133.18% mdd=-23.90% sharpe=+2.03 avg_trail_exits=2.2 [6.0s]
  trail_15     avg=+126.62% mdd=-23.90% sharpe=+1.97 avg_trail_exits=0.6 [6.2s]
  trail_20     avg=+127.30% mdd=-23.90% sharpe=+1.96 avg_trail_exits=0.1 [6.0s]
  trail_25     avg=+127.30% mdd=-23.90% sharpe=+1.96 avg_trail_exits=0.0 [6.0s]
  trail_30     avg=+127.30% mdd=-23.90% sharpe=+1.96 avg_trail_exits=0.0 [4.1s]

[excl]
 ★baseline     avg=+67.75% mdd=-28.70% sharpe=+2.15 avg_trail_exits=0.0 [2.4s]
  trail_5      avg=+71.25% mdd=-20.45% sharpe=+2.11 avg_trail_exits=7.1 [6.0s]
  trail_10     avg=+56.39% mdd=-20.62% sharpe=+2.26 avg_trail_exits=2.6 [6.1s]
  trail_15     avg=+65.64% mdd=-24.45% sharpe=+2.19 avg_trail_exits=1.2 [6.1s]
  trail_20     avg=+67.75% mdd=-28.70% sharpe=+2.15 avg_trail_exits=0.0 [4.9s]
  trail_25     avg=+67.75% mdd=-28.70% sharpe=+2.15 avg_trail_exits=0.0 [2.2s]
  trail_30     avg=+67.75% mdd=-28.70% sharpe=+2.15 avg_trail_exits=0.0 [2.0s]

==============================================================================================================
★ 종합 (lift vs baseline v84 no trailing, 양 환경 robust 평가)
==============================================================================================================
  variant           i_avg   i_mdd   i_lift   i_win |    e_avg   e_mdd   e_lift   e_win |  avg_lift
  --------------------------------------------------------------------------------------------------------------
  trail_5      +132.31% -23.90%   +5.01%p   85/100 |  +71.25% -20.45%   +3.51%p   82/100 |   +4.26%p
 ☆baseline     +127.30% -23.90%   +0.00%p    0/100 |  +67.75% -28.70%   +0.00%p    0/100 |   +0.00%p
  trail_20     +127.30% -23.90%   +0.00%p    0/100 |  +67.75% -28.70%   +0.00%p    0/100 |   +0.00%p
  trail_25     +127.30% -23.90%   +0.00%p    0/100 |  +67.75% -28.70%   +0.00%p    0/100 |   +0.00%p
  trail_30     +127.30% -23.90%   +0.00%p    0/100 |  +67.75% -28.70%   +0.00%p    0/100 |   +0.00%p
  trail_15     +126.62% -23.90%   -0.68%p    0/100 |  +65.64% -24.45%   -2.10%p   14/100 |   -1.39%p
  trail_10     +133.18% -23.90%   +5.88%p  100/100 |  +56.39% -20.62%  -11.36%p   15/100 |   -2.74%p

==============================================================================================================
★ robust 우월 (양 환경 wins ≥ 60)
==============================================================================================================
  ✓✓ trail_5        incl +5.01%p (85/100), excl +3.51%p (82/100)
