총 33 변형
==============================================================================================================
★ v84 + trail anchor 정밀 sweet spot + trade history
==============================================================================================================

[검증 1] trail anchor 정밀 (4.0, 4.5, 5.0, 5.5, 6.0)
  trail        i_avg    i_mdd   i_lift   i_win |     e_avg    e_mdd   e_lift   e_win |       평균
  baseline  +127.30%  -23.90%   +0.00%p    0/100 |   +67.75%  -28.70%   +0.00%p    0/100 |   +0.00%p
  trail_4.0  +123.13%  -23.90%   -4.17%p   20/100 |   +71.24%  -20.45%   +3.50%p   82/100 |   -0.34%p
  trail_4.5  +131.62%  -23.90%   +4.32%p   75/100 |   +71.25%  -20.45%   +3.51%p   82/100 |   +3.91%p
 ★trail_5.0  +132.31%  -23.90%   +5.01%p   85/100 |   +71.25%  -20.45%   +3.51%p   82/100 |   +4.26%p
  trail_5.5  +133.67%  -23.90%   +6.37%p   87/100 |   +65.51%  -20.45%   -2.24%p   21/100 |   +2.06%p
  trail_6.0  +133.63%  -23.90%   +6.33%p   87/100 |   +63.40%  -21.10%   -4.35%p   12/100 |   +0.99%p

==============================================================================================================
[검증 2] trail_5 trade history (시작일 2026-02-12)
==============================================================================================================

trade 25건 / 누적 +208.47%
  # ticker      비중 entry        exit          hold       진입가        고점       청산가         수익      고점대비 사유          
----------------------------------------------------------------------------------------------------------------------------------
  1 SNDK      100% 2026-02-17   2026-02-25      6일 $  590.59 $  666.49 $  632.38      +7.08%    -5.12% trail_5     
  2 SNDK      100% 2026-02-25   2026-03-02      3일 $  632.38 $  651.90 $  619.08      -2.10%    -5.03% trail_5     
  3 SNDK      100% 2026-03-02   2026-03-03      1일 $  619.08 $  619.08 $  565.41      -8.67%    -8.67% trail_5     
  4 SNDK      100% 2026-03-03   2026-03-05      2일 $  565.41 $  599.06 $  565.59      +0.03%    -5.59% trail_5     
  5 SNDK      100% 2026-03-05   2026-03-06      1일 $  565.59 $  565.59 $  527.33      -6.76%    -6.76% trail_5     
  6 SNDK      100% 2026-03-06   2026-03-12      4일 $  527.33 $  655.43 $  618.82     +17.35%    -5.59% trail_5     
  7 SNDK      100% 2026-03-12   2026-03-18      4일 $  618.82 $  753.69 $  753.69     +21.79%    +0.00% rank_exit   
  8 WPM        50% 2026-03-18   2026-03-19      1일 $  128.75 $  128.75 $  128.75      +0.00%    +0.00% rank_exit   
  9 STX        50% 2026-03-18   2026-03-20      2일 $  406.77 $  434.60 $  411.23      +1.10%    -5.38% trail_5     
 10 MOD        50% 2026-03-19   2026-03-26      5일 $  200.87 $  232.89 $  215.81      +7.44%    -7.33% trail_5     
 11 MU         50% 2026-03-20   2026-03-24      2일 $  422.88 $  422.88 $  395.53      -6.47%    -6.47% trail_5     
 12 MU         50% 2026-03-24   2026-03-26      2일 $  395.53 $  395.53 $  355.46     -10.13%   -10.13% trail_5     
 13 MU        100% 2026-03-26   2026-03-30      2일 $  355.46 $  357.22 $  321.80      -9.47%    -9.92% rank_exit   
 14 TTMI       50% 2026-03-30   2026-04-10      8일 $   88.29 $  121.49 $  121.49     +37.60%    +0.00% rank_exit   
 15 FORM       50% 2026-03-30   2026-04-10      8일 $   91.41 $  123.80 $  123.80     +35.43%    +0.00% rank_exit   
 16 SNDK       50% 2026-04-10   2026-04-15      3일 $  851.77 $  952.50 $  891.72      +4.69%    -6.38% trail_5     
 17 MU         50% 2026-04-10   2026-05-07     19일 $  420.59 $  666.59 $  646.63     +53.74%    -2.99% rank_exit   
 18 SNDK       50% 2026-04-15   2026-04-28      9일 $  891.72 $ 1070.20 $ 1002.35     +12.41%    -6.34% trail_5     
 19 SNDK       50% 2026-04-28   2026-05-12     10일 $ 1002.35 $ 1562.34 $ 1452.02     +44.86%    -7.06% trail_5     
 20 BE         50% 2026-05-07   2026-05-13      4일 $  258.64 $  289.76 $  289.76     +12.03%    +0.00% rank_exit   
 21 CHRD       50% 2026-05-12   2026-05-19      5일 $  142.01 $  149.65 $  149.65      +5.38%    +0.00% min_seg     
 22 VIST       50% 2026-05-15   2026-05-19      2일 $   72.29 $   79.25 $   79.25      +9.63%    +0.00% rank_exit   
 23 SNDK       50% 2026-05-19   2026-05-26      4일 $ 1383.29 $ 1589.55 $ 1589.55     +14.91%    +0.00% rank_exit   
 24 AEIS       50% 2026-05-19   2026-05-28      6일 $  302.84 $  339.65 $  317.08      +4.70%    -6.65% trail_5     
 25 ALB        50% 2026-05-26   2026-05-28      2일 $  174.69 $  177.47 $  176.32    +0.93% ★    -0.65% open        

완료 trade: 24건 (17승 7패)
  - trail 매도: 14건
  - rank 매도: 9건
  - min_seg 매도: 1건
  - 평균 수익: +10.27%
  - 최고: +53.74% (MU)
  - 최저: -10.13% (MU)

현재 보유 (OPEN): 1건
  ALB (50%): 진입 2026-05-26 @ $174.69, 고점 $177.47, 현재 $176.32, 미실현 +0.93%, 고점대비 -0.65%
