====================================================================================================
[Test 1] (2,10,2) 단독 효과 — MA120 baseline 위에서
  500 seed × 5 = 2500 sim/조합
====================================================================================================

  [ 2.6s]  ★(3,10,3)   current production     avg=+76.91% mdd=-18.18% ra=+4.23
  [ 2.8s]   (2,10,2)   (2,10,2)만 변경           avg=+107.83% mdd=-21.93% ra=+4.92
  [ 2.8s]   (1,10,1)   (1,10,1) 단일            avg=+112.82% mdd=-23.90% ra=+4.72

  paired vs (3,10,3): (2,10,2) lift +30.92%p, 500/500 wins  [✓]
  paired vs (3,10,3): (1,10,1) lift +35.91%p, 500/500 wins  [✓]

====================================================================================================
[Test 2] MA20 + smooth 12시작일 multistart (vs MA20만)
  12 fixed starts × 1 simulation = 12 sim/조합
====================================================================================================

  [MA20만] 12시작일...
  [MA20+smooth 25/30/45] 12시작일...

  start_date         ma20만   ma20+smooth       lift
  ------------------------------------------------------------
  2026-02-12      +135.89%      +135.89%     +0.00%p
  2026-02-13      +135.89%      +135.89%     +0.00%p
  2026-02-17      +135.89%      +135.89%     +0.00%p
  2026-02-18      +133.86%      +133.86%     +0.00%p
  2026-02-19      +128.65%      +128.65%     +0.00%p
  2026-02-20      +121.49%      +121.49%     +0.00%p
  2026-02-23      +120.09%      +120.09%     +0.00%p
  2026-02-24      +122.23%      +122.23%     +0.00%p
  2026-02-25      +117.33%      +117.33%     +0.00%p
  2026-02-26      +122.11%      +122.11%     +0.00%p
  2026-02-27      +121.94%      +121.94%     +0.00%p
  2026-03-02      +113.53%      +113.53%     +0.00%p
  ------------------------------------------------------------
  avg             +125.74%      +125.74%     +0.00%p
  paired wins: ma20+smooth vs ma20만: 0/12 wins, 0/12 losses

  random 100seed×3 (300 sim) 결과 비교:
    ma20+smooth vs ma20만: +0.81%p, 100/0 wins
    이번 12시작일: +0.00%p, 0/12 wins
