총 33 변형
==============================================================================================================
맹점 검증 — production 개선 방향 명백히 찾기
==============================================================================================================

==============================================================================================================
★ 검증 1: simulator 일관성 — dynamic vs hybrid
==============================================================================================================
variant              |   dyn avg  dyn lift  dyn wins |   hyb avg  hyb lift  hyb wins
--------------------------------------------------------------------------------------------------------------
 ★fixed_90_10        |  +121.96%   +0.00%p     0/100 |  +121.96%   +0.00%p     0/100
  fixed_80_20        |  +120.79%   -1.17%p    25/100 |  +120.79%   -1.17%p    25/100
  fixed_50_50        |  +117.28%   -4.68%p    25/100 |  +117.28%   -4.68%p    25/100
  linear_20          |  +124.24%   +2.28%p    93/100 |  +124.24%   +2.28%p    93/100
  step_100_70_50     |  +123.72%   +1.76%p    84/100 |  +123.72%   +1.76%p    84/100
  step_90_70_50      |  +122.41%   +0.45%p    55/100 |  +122.41%   +0.45%p    55/100

  → linear_20 paired lift:
    dynamic sim:  +2.28%p
    hybrid sim:   +2.28%p

==============================================================================================================
★ 검증 2: anchor sensitivity — linear_{12, 15, 17, 18, 20, 22, 25, 28, 30, 35}
==============================================================================================================
anchor         |   dyn avg  dyn lift  dyn wins |   hyb avg  hyb lift  hyb wins
--------------------------------------------------------------------------------------------------------------
linear_12      |  +124.52%   +2.56%p    95/100 |  +124.52%   +2.56%p    95/100
linear_15      |  +124.59%   +2.63%p    94/100 |  +124.59%   +2.63%p    94/100
linear_17      |  +124.50%   +2.54%p    94/100 |  +124.50%   +2.54%p    94/100
linear_18      |  +124.41%   +2.45%p    94/100 |  +124.41%   +2.45%p    94/100
linear_20      |  +124.24%   +2.28%p    93/100 |  +124.24%   +2.28%p    93/100
linear_22      |  +124.11%   +2.15%p    91/100 |  +124.11%   +2.15%p    91/100
linear_25      |  +123.87%   +1.91%p    87/100 |  +123.87%   +1.91%p    87/100
linear_28      |  +123.79%   +1.83%p    87/100 |  +123.79%   +1.83%p    87/100
linear_30      |  +123.67%   +1.71%p    84/100 |  +123.67%   +1.71%p    84/100
linear_35      |  +123.59%   +1.63%p    83/100 |  +123.59%   +1.63%p    83/100
linear_40      |  +123.22%   +1.26%p    77/100 |  +123.22%   +1.26%p    77/100

==============================================================================================================
★ 검증 3: multi-outlier sweep — linear_20 vs fixed_90_10 (hybrid)
==============================================================================================================
exclude set            |  f90 avg lin20 avg      lift      wins |    verdict
------------------------------------------------------------------------------------------
none                   | +121.96%  +124.24%   +2.28%p    93/100 | ✓✓ 우월
MU                     | +123.61%  +131.29%   +7.67%p    97/100 | ✓✓ 우월
SNDK                   | +112.33%  +123.04%  +10.71%p    83/100 | ✓✓ 우월
MU+SNDK                |  +52.44%   +55.33%   +2.90%p    66/100 | ✓ 우월
MU+SNDK+BE             |  +52.11%   +55.11%   +3.00%p    67/100 | ✓ 우월
MU+SNDK+BE+FORM        |  +44.12%   +45.53%   +1.41%p    54/100 | ~ 동등
+LITE+TTMI             |  +27.22%   +33.39%   +6.17%p    85/100 | ✓✓ 우월
