총 33 변형
==============================================================================================================
★ 역대 버전 종합 비교 — 동일 entry_fixed simulator
==============================================================================================================

버전                               |     i_avg    i_mdd  i_sharpe |     e_avg    e_mdd  e_sharpe
--------------------------------------------------------------------------------------------------------------
  v80.10c (slot3, 33/33/33)      |   +91.40%  -18.98%    +1.88 |   +48.93%  -16.75%    +2.30 [5.5s]
  v82 (slot2, 70/30)             |  +122.45%  -19.80%    +1.67 |   +51.22%  -23.82%    +1.71 [4.8s]
  v83 (slot2, 80/20)             |  +125.74%  -20.16%    +1.58 |   +50.85%  -25.56%    +1.61 [4.4s]
  v83.3 (slot2, 90/10)           |  +129.03%  -21.60%    +1.49 |   +50.48%  -27.18%    +1.51 [4.4s]
  v84 (dd_30_25 + 2step_t15)     |  +127.30%  -23.90%    +1.96 |   +67.75%  -28.70%    +2.15 [4.4s]
  v84 + trail_5                  |  +132.31%  -23.90%    +2.18 |   +71.25%  -20.45%    +2.11 [4.4s]

==============================================================================================================
paired lift vs v83.3 (현행)
==============================================================================================================
버전                               |    i_lift   i_win |    e_lift   e_win |        평균
----------------------------------------------------------------------------------------------------
  v80.10c (slot3, 33/33/33)      |  -37.63%p    3/100 |   -1.55%p   45/100 |  -19.59%p
  v82 (slot2, 70/30)             |   -6.58%p   23/100 |   +0.74%p   56/100 |   -2.92%p
  v83 (slot2, 80/20)             |   -3.29%p   23/100 |   +0.37%p   55/100 |   -1.46%p
☆ v83.3 (slot2, 90/10)           | baseline                                  |
  v84 (dd_30_25 + 2step_t15)     |   -1.73%p   51/100 |  +17.27%p   99/100 |   +7.77%p
  v84 + trail_5                  |   +3.28%p   54/100 |  +20.78%p  100/100 |  +12.03%p

==============================================================================================================
★ 종합 (incl/excl 평균)
==============================================================================================================
버전                               |      평균 수익     평균 MDD    평균 Sharpe
---------------------------------------------------------------------------
  v80.10c (slot3, 33/33/33)      |    +70.16%    -17.86%       +2.09
  v82 (slot2, 70/30)             |    +86.83%    -21.81%       +1.69
  v83 (slot2, 80/20)             |    +88.29%    -22.86%       +1.59
  v83.3 (slot2, 90/10)           |    +89.75%    -24.39%       +1.50
  v84 (dd_30_25 + 2step_t15)     |    +97.52%    -26.30%       +2.05
  v84 + trail_5                  |   +101.78%    -22.18%       +2.15
