==================================================================================================================================
v84 + H9 종합 robustness BT
==================================================================================================================================
dates: 74 (2026-02-12 ~ 2026-05-29)
header: name                              avg      med    std      mdd     Sh    Cal  (lift vs v84)

--- 1. Baseline + H9 variants (전체 기간) ---
baseline_v84                 +108.36% +110.26%   65.2  -23.90%  +1.66   4.53
+H9 mom20>0                   +91.16% +107.77%   41.5  -16.61%  +2.20   5.49  lift  -17.20%p  wins  21/100
+H9 mom20>0.02                +91.42% +108.26%   41.6  -16.61%  +2.20   5.51  lift  -16.95%p  wins  22/100
+H9 mom20>0.05                +89.82% +111.45%   38.8  -17.25%  +2.32   5.21  lift  -18.55%p  wins  24/100
+H9 mom20>0.10                +90.10% +109.29%   39.2  -14.68%  +2.30   6.14  lift  -18.27%p  wins  24/100

--- 2. H9 + 다른 layer 결합 ---
+H9 mom20>0 + cash20%         +72.93%  +86.22%   33.2  -13.78%  +2.20   5.29  lift  -35.44%p  wins   0/100
+H9 mom20>0 + cash10%         +82.04%  +96.99%   37.3  -15.22%  +2.20   5.39  lift  -26.32%p  wins   8/100

--- 3. Leave-one-winner-out (v84 vs +H9 비교) ---
                                             v84         +H9 mom20>0  H9 lift vs v84
  exclude NONE                  v84  +108.4%/MDD -23.9  +H9   +91.2%/MDD -16.6  lift  -17.2%p  wins 21/100
  exclude MU                    v84   +95.7%/MDD -20.9  +H9   +90.1%/MDD -16.6  lift   -5.7%p  wins 37/100
  exclude SNDK                  v84   +94.6%/MDD -30.3  +H9   +80.8%/MDD -35.4  lift  -13.8%p  wins 12/100
  exclude BE                    v84   +99.1%/MDD -23.9  +H9   +90.2%/MDD -16.6  lift   -8.9%p  wins 26/100
  exclude AEIS                  v84  +121.3%/MDD -23.9  +H9   +91.2%/MDD -16.6  lift  -30.1%p  wins 3/100
  exclude MU+SNDK               v84   +58.5%/MDD -28.7  +H9   +56.8%/MDD -22.7  lift   -1.7%p  wins 44/100
  exclude MU+SNDK+BE+AEIS       v84   +63.6%/MDD -28.7  +H9   +55.3%/MDD -22.7  lift   -8.3%p  wins 11/100

--- 4. 기간 분할 (early half vs late half) ---
  early: 2026-02-12 ~ 2026-04-07  (37일)
  late:  2026-04-08 ~ 2026-05-29  (37일)
  early:
    v84                           +31.21%  +34.55%   14.7  -23.90%  +2.12   1.31
    v84+H9                        +11.03%  +11.42%    5.0  -16.61%  +2.19   0.66  lift  -20.18%p  wins   1/100
  late:
    v84                           +43.32%  +48.69%   25.4  -14.68%  +1.71   2.95
    v84+H9                        +49.15%  +55.82%   27.2  -14.68%  +1.81   3.35  lift   +5.83%p  wins 100/100

==================================================================================================================================
★ 최종 채택 권고 표
==================================================================================================================================
option                          return       MDD   Sharpe   Calmar    vs v84 lift      wins
-------------------------------------------------------------------------------------------
baseline v84                   +108.4%    -23.9%
+H9 mom20>0                     +91.2%    -16.6%     2.20     5.49        -17.2%p     21/100
+H9 mom20>0.02                  +91.4%    -16.6%     2.20     5.51        -16.9%p     22/100
+H9 mom20>0.05                  +89.8%    -17.3%     2.32     5.21        -18.5%p     24/100
+H9 mom20>0.10                  +90.1%    -14.7%     2.30     6.14        -18.3%p     24/100
