
==============================================================================================================
결과 분포 (300개 시뮬/변형)
==============================================================================================================
variant                      avg    median    std       p25       p75       min       max      MDD      ra
--------------------------------------------------------------------------------------------------------------
 ★current_20_30_50       +79.54%   +86.48% 27.46   +49.25%  +101.19%   +22.92%  +137.43%  -18.18%  +4.38
  proposed_10_20_70      +72.67%   +78.49% 28.87   +44.14%   +95.83%   +14.45%  +133.17%  -18.18%  +4.00
  uniform_33_33_33       +92.03%   +95.54% 35.53   +58.96%  +124.99%   +22.02%  +167.48%  -18.18%  +5.06
  smooth_25_30_45        +91.48%   +98.59% 34.94   +58.75%  +118.51%   +22.02%  +167.14%  -18.18%  +5.03
  today_60_15_25_60      +81.40%   +87.72% 29.83   +52.09%  +105.02%   +19.68%  +141.95%  -18.18%  +4.48
  today_80_05_15_80      +84.40%   +87.85% 34.25   +55.63%  +111.45%   +14.45%  +151.76%  -18.18%  +4.64
  today_only_0_0_100     +92.56%   +97.39% 35.14   +63.05%  +120.04%   +19.14%  +160.54%  -18.18%  +5.09

==============================================================================================================
current (20/30/50 production) 대비 paired 비교
==============================================================================================================
vs                       avg lift   min lift   max lift  #wins  #losses  #ties
------------------------------------------------------------------------------------------
  proposed_10_20_70 (제안)     -6.87%p    -12.63%p     -4.08%p     0     100     0  ✗ 열세
  uniform_33_33_33        +12.49%p     -1.34%p    +25.05%p    97       3     0  ✓ 우월
  smooth_25_30_45         +11.94%p     +0.06%p    +22.75%p   100       0     0  ✓ 우월
  today_60_15_25_60        +1.86%p     -4.77%p     +4.04%p    90      10     0  ✓ 우월
  today_80_05_15_80        +4.86%p     -9.03%p    +12.07%p    89      11     0  ✓ 우월
  today_only_0_0_100      +13.03%p     -2.21%p    +22.49%p    98       2     0  ✓ 우월
