==============================================================================================================
최적 비중 grid BT (v83.3 vs 비중 완화)
params: entry=3, exit=10, slots=variable
seeds: 100 × 3 paired
==============================================================================================================
  slot1_100            [1.0]                     avg=+122.73% med=+131.08% std= 69.1 mdd=-23.90% maxday=-9.92% sharpe=+1.78 [1.2s]
  slot2_100_0          [1.0, 0.0]                avg=+107.50% med=+127.19% std= 49.0 mdd=-27.57% maxday=-9.92% sharpe=+2.19 [1.2s]
 ★slot2_90_10          [0.9, 0.1]                avg=+109.02% med=+125.92% std= 50.1 mdd=-26.51% maxday=-9.59% sharpe=+2.18 [1.2s]
  slot2_80_20          [0.8, 0.2]                avg=+110.41% med=+127.15% std= 51.2 mdd=-25.44% maxday=-9.26% sharpe=+2.16 [1.2s]
  slot2_70_30          [0.7, 0.3]                avg=+111.65% med=+126.04% std= 52.3 mdd=-24.36% maxday=-9.47% sharpe=+2.14 [1.2s]
  slot2_60_40          [0.6, 0.4]                avg=+112.75% med=+125.00% std= 53.3 mdd=-23.28% maxday=-9.74% sharpe=+2.11 [1.2s]
  slot2_50_50          [0.5, 0.5]                avg=+113.71% med=+123.83% std= 54.4 mdd=-22.19% maxday=-10.48% sharpe=+2.09 [1.2s]
  slot3_50_30_20       [0.5, 0.3, 0.2]           avg=+92.28% med=+107.84% std= 45.0 mdd=-18.82% maxday=-9.00% sharpe=+2.05 [1.3s]
  slot3_40_35_25       [0.4, 0.35, 0.25]         avg=+92.51% med=+105.93% std= 45.4 mdd=-18.47% maxday=-9.36% sharpe=+2.04 [1.3s]
  slot3_equal          [0.3333333333333333, 0.3333333333333333, 0.3333333333333333] avg=+96.26% med=+109.57% std= 47.8 mdd=-18.18% maxday=-9.33% sharpe=+2.01 [1.3s]

==============================================================================================================
paired vs slot2_90_10 (v83.3 production baseline)
==============================================================================================================
  variant              avg lift   med lift        min        max       wins    verdict
  -----------------------------------------------------------------------------------------------
  slot1_100            +13.71%p   +13.53%p   -17.14%p   +45.78%p    82/100  ✓✓ 우월
  slot2_100_0           -1.52%p    -1.35%p    -3.91%p    +1.16%p    15/100  ✗✗ 열세
  slot2_80_20           +1.39%p    +1.23%p    -1.27%p    +3.69%p    83/100  ✓✓ 우월
  slot2_70_30           +2.63%p    +2.35%p    -2.66%p    +7.15%p    82/100  ✓✓ 우월
  slot2_60_40           +3.73%p    +3.36%p    -4.17%p   +10.36%p    82/100  ✓✓ 우월
  slot2_50_50           +4.69%p    +4.26%p    -5.78%p   +13.50%p    81/100  ✓✓ 우월
  slot3_50_30_20       -16.74%p   -16.72%p   -29.91%p    -0.07%p     0/100  ✗✗ 열세
  slot3_40_35_25       -16.51%p   -17.22%p   -29.08%p    +1.03%p     1/100  ✗✗ 열세
  slot3_equal          -12.76%p   -13.45%p   -24.28%p    +6.01%p     2/100  ✗✗ 열세

==============================================================================================================
변동성 비교 (사용자 멘탈 안정 관점)
==============================================================================================================
  variant                avg ret     std      MDD   max day  5%ile day  sharpe    수익/std
  ----------------------------------------------------------------------------------------------------
  slot1_100          +122.73%   69.1  -23.90%   -9.92%    -5.51%  +1.78    +1.78
  slot2_100_0        +107.50%   49.0  -27.57%   -9.92%    -5.70%  +2.19    +2.19
 ★slot2_90_10        +109.02%   50.1  -26.51%   -9.59%    -5.51%  +2.18    +2.18
  slot2_80_20        +110.41%   51.2  -25.44%   -9.26%    -5.41%  +2.16    +2.16
  slot2_70_30        +111.65%   52.3  -24.36%   -9.47%    -5.34%  +2.14    +2.14
  slot2_60_40        +112.75%   53.3  -23.28%   -9.74%    -5.28%  +2.11    +2.11
  slot2_50_50        +113.71%   54.4  -22.19%  -10.48%    -5.21%  +2.09    +2.09
  slot3_50_30_20      +92.28%   45.0  -18.82%   -9.00%    -5.27%  +2.05    +2.05
  slot3_40_35_25      +92.51%   45.4  -18.47%   -9.36%    -5.19%  +2.04    +2.04
  slot3_equal         +96.26%   47.8  -18.18%   -9.33%    -5.08%  +2.01    +2.01
