==============================================================================================================
w_gap 3일 가중치 변형 BT — production 대비 비교
params: entry=3, exit=10, slots=3, hold=0
seeds: 100 × 3 = 300 시뮬/변형
==============================================================================================================

변형 (T-2 / T-1 / T0 비율):
   ★ current_20_30_50      :     20/30/50%
     (제안) proposed_10_20_70     :     10/20/70%
     uniform_33_33_33      :     33/33/34%
     smooth_25_30_45       :     25/30/45%
     today_60_15_25_60     :     15/25/60%
     today_80_05_15_80     :      5/15/80%
     today_only_0_0_100    :      0/0/100%

[current_20_30_50] DB 복제 + regenerate (weights = [0.2, 0.3, 0.5])...
  regenerate: 2.9s
  BT: 0.9s | avg=+77.79% med=+86.08% mdd=-18.18% risk_adj=+4.28

[proposed_10_20_70] DB 복제 + regenerate (weights = [0.1, 0.2, 0.7])...
  regenerate: 3.4s
  BT: 0.9s | avg=+78.03% med=+82.87% mdd=-18.18% risk_adj=+4.29

[uniform_33_33_33] DB 복제 + regenerate (weights = [0.33, 0.33, 0.34])...
  regenerate: 3.2s
  BT: 0.9s | avg=+83.60% med=+89.71% mdd=-18.18% risk_adj=+4.60

[smooth_25_30_45] DB 복제 + regenerate (weights = [0.25, 0.3, 0.45])...
  regenerate: 2.9s
  BT: 0.8s | avg=+91.10% med=+97.97% mdd=-18.18% risk_adj=+5.01

[today_60_15_25_60] DB 복제 + regenerate (weights = [0.15, 0.25, 0.6])...
  regenerate: 3.0s
  BT: 0.8s | avg=+77.98% med=+82.87% mdd=-18.18% risk_adj=+4.29

[today_80_05_15_80] DB 복제 + regenerate (weights = [0.05, 0.15, 0.8])...
  regenerate: 3.3s
  BT: 0.9s | avg=+68.22% med=+71.25% mdd=-18.18% risk_adj=+3.75

[today_only_0_0_100] DB 복제 + regenerate (weights = [0.0, 0.0, 1.0])...
  regenerate: 2.8s
  BT: 0.9s | avg=+91.22% med=+98.83% mdd=-18.18% risk_adj=+5.02

==============================================================================================================
결과 분포 (300개 시뮬/변형)
==============================================================================================================
variant                      avg    median    std       p25       p75       min       max      MDD      ra
--------------------------------------------------------------------------------------------------------------
 ★current_20_30_50       +77.79%   +86.08% 29.79   +50.22%  +102.73%   +20.06%  +137.97%  -18.18%  +4.28
  proposed_10_20_70      +78.03%   +82.87% 30.46   +50.22%  +103.58%   +20.06%  +142.04%  -18.18%  +4.29
  uniform_33_33_33       +83.60%   +89.71% 33.32   +52.44%  +113.93%   +21.84%  +154.34%  -18.18%  +4.60
  smooth_25_30_45        +91.10%   +97.97% 34.31   +59.51%  +120.48%   +27.48%  +166.12%  -18.18%  +5.01
  today_60_15_25_60      +77.98%   +82.87% 30.47   +50.22%  +103.58%   +20.06%  +142.04%  -18.18%  +4.29
  today_80_05_15_80      +68.22%   +71.25% 23.50   +50.22%   +89.21%   +20.06%  +119.39%  -18.18%  +3.75
  today_only_0_0_100     +91.22%   +98.83% 33.78   +62.48%  +117.93%   +28.46%  +158.99%  -18.18%  +5.02

==============================================================================================================
current (20/30/50 production) 대비 paired 비교
==============================================================================================================
vs                       avg lift   min lift   max lift  #wins  #losses  #ties
------------------------------------------------------------------------------------------
  proposed_10_20_70 (제안)     +0.24%p     -4.31%p     +3.07%p    60      36     4  ~ 동등
  uniform_33_33_33         +5.81%p     +2.01%p    +13.97%p   100       0     0  ✓ 우월
  smooth_25_30_45         +13.31%p     +8.39%p    +21.87%p   100       0     0  ✓ 우월
  today_60_15_25_60        +0.19%p     -4.31%p     +3.07%p    58      37     5  ~ 동등
  today_80_05_15_80        -9.57%p    -20.49%p     +1.32%p     5      93     2  ✗ 열세
  today_only_0_0_100      +13.43%p     +3.52%p    +22.38%p   100       0     0  ✓ 우월
