==============================================================================================================
최적 비중 BT — EXCLUDE {'SNDK', 'MU'} (알파 핵심 의존성 검증)
==============================================================================================================

[step 1] DB 복제 + regenerate (EXCLUDE={'SNDK', 'MU'})
  done: 1.6s

[step 2] 비중 grid BT (100×3)
  slot1_100          [1.0]                     avg=+45.52% med=+51.15% std= 32.3 mdd=-28.70% maxday=-14.19% sharpe=+1.41 [1.6s]
 ★slot2_90_10        [0.9, 0.1]                avg=+52.45% med=+50.14% std= 34.4 mdd=-27.18% maxday=-13.37% sharpe=+1.53 [1.4s]
  slot2_80_20        [0.8, 0.2]                avg=+52.97% med=+52.84% std= 32.5 mdd=-25.56% maxday=-12.50% sharpe=+1.63 [1.4s]
  slot2_70_30        [0.7, 0.3]                avg=+53.49% med=+55.55% std= 30.8 mdd=-23.82% maxday=-11.60% sharpe=+1.74 [1.4s]
  slot2_60_40        [0.6, 0.4]                avg=+54.01% med=+58.25% std= 29.4 mdd=-21.95% maxday=-10.66% sharpe=+1.84 [1.4s]
  slot2_50_50        [0.5, 0.5]                avg=+54.53% med=+60.95% std= 28.3 mdd=-19.94% maxday=-9.67% sharpe=+1.93 [1.6s]
  slot3_equal        [0.3333333333333333, 0.3333333333333333, 0.3333333333333333] avg=+49.08% med=+47.49% std= 21.3 mdd=-16.75% maxday=-7.59% sharpe=+2.31 [1.4s]

==============================================================================================================
paired vs slot2_90_10 (MU+SNDK 제외)
==============================================================================================================
  variant              avg lift   med lift        min        max       wins    verdict
  -----------------------------------------------------------------------------------------------
  slot1_100             -6.93%p    -6.75%p   -27.52%p    +6.93%p    20/100  ✗✗ 열세
  slot2_80_20           +0.52%p    +0.44%p    -3.14%p    +4.48%p    60/100  ✓ 우월
  slot2_70_30           +1.04%p    +0.88%p    -6.29%p    +8.95%p    60/100  ✓ 우월
  slot2_60_40           +1.56%p    +1.33%p    -9.43%p   +13.43%p    60/100  ✓ 우월
  slot2_50_50           +2.08%p    +1.77%p   -12.57%p   +17.90%p    60/100  ✓ 우월
  slot3_equal           -3.37%p    -4.25%p   -27.31%p   +19.81%p    38/100  ✗ 열세

==============================================================================================================
비교: MU+SNDK 포함 vs 제외
==============================================================================================================
  variant              incl avg   excl avg    avg Δ |  incl lift  excl lift lift swing
  ----------------------------------------------------------------------------------------------------
  slot1_100         +122.73%   +45.52%  -77.21%p |    -4.23%p    -6.93%p    -2.70%p
 ★slot2_90_10       +126.96%   +52.45%  -74.51%p |    +0.00%p    +0.00%p    +0.00%p
  slot2_80_20       +123.66%   +52.97%  -70.69%p |    -3.30%p    +0.52%p    +3.82%p
  slot2_70_30       +120.37%   +53.49%  -66.88%p |    -6.59%p    +1.04%p    +7.63%p
  slot2_60_40       +117.07%   +54.01%  -63.06%p |    -9.89%p    +1.56%p   +11.45%p
  slot2_50_50       +113.78%   +54.53%  -59.25%p |   -13.18%p    +2.08%p   +15.26%p
  slot3_equal        +96.60%   +49.08%  -47.52%p |   -30.36%p    -3.37%p   +26.99%p
