====================================================================================================
w_gap weights — 12시작일 multistart 재검증
====================================================================================================

[current 20/30/50] 12시작일...
[smooth 25/30/45] 12시작일...
[today_only 0/0/100] 12시작일...
[proposed 10/20/70] 12시작일...

start_date      current  proposed    smooth  today_only     lift_p     lift_s     lift_t
---------------------------------------------------------------------------------------------------------
  2026-02-12   +113.54%  +117.19%  +138.80%    +132.40%     +3.65%p    +25.26%p    +18.86%p
  2026-02-13   +113.54%  +117.19%  +138.80%    +132.40%     +3.65%p    +25.26%p    +18.86%p
  2026-02-17   +113.54%  +117.19%  +138.80%    +132.40%     +3.65%p    +25.26%p    +18.86%p
  2026-02-18   +100.76%   +97.30%  +128.80%    +114.68%     -3.46%p    +28.04%p    +13.92%p
  2026-02-19   +106.99%  +110.52%  +131.47%    +125.27%     +3.53%p    +24.48%p    +18.28%p
  2026-02-20   +100.16%  +103.58%  +123.84%    +117.84%     +3.42%p    +23.68%p    +17.68%p
  2026-02-23    +98.39%  +101.78%  +121.86%    +115.91%     +3.39%p    +23.47%p    +17.52%p
  2026-02-24    +91.16%   +87.87%  +102.98%    +104.41%     -3.29%p    +11.82%p    +13.25%p
  2026-02-25    +86.08%   +82.87%   +97.58%     +98.98%     -3.21%p    +11.50%p    +12.90%p
  2026-02-26    +87.92%   +84.20%   +99.54%    +100.43%     -3.72%p    +11.62%p    +12.51%p
  2026-02-27    +87.29%   +84.06%  +102.06%    +100.27%     -3.23%p    +14.77%p    +12.98%p
  2026-03-02    +96.47%   +93.09%  +108.62%    +110.09%     -3.38%p    +12.15%p    +13.62%p
---------------------------------------------------------------------------------------------------------
avg             +99.65%   +99.74%  +119.43%    +115.42%     +0.08%p    +19.78%p    +15.77%p

paired wins:
  proposed 10/20/70 vs current: 6/12
  smooth 25/30/45 vs current:   12/12
  today_only 100% vs current:   12/12

random 100seed × 3 (300 sim) 결과와 비교:
  proposed: random 60/36 wins, +0.24%p avg
  smooth:   random 100/0 wins, +13.31%p avg
  today:    random 100/0 wins, +13.43%p avg
