====================================================================================================
약세장 sub-period stress test
====================================================================================================

--- Early Stress 1 (2/13~3/13) ---
config                          ret       MDD   days
  baseline (3,10,3)          +3.24%   -18.11%    20
  (3,10,2) 80/20 b=3        +10.87%   -19.82%    20
  → 차이: +7.62%p

--- Crisis Period (3/13~4/10) ---
config                          ret       MDD   days
  baseline (3,10,3)         +38.15%   -13.63%    20
  (3,10,2) 80/20 b=3        +48.53%   -13.01%    20
  → 차이: +10.38%p

--- Recovery (4/10~5/8) ---
config                          ret       MDD   days
  baseline (3,10,3)         +67.31%    -5.15%    21
  (3,10,2) 80/20 b=3        +72.52%    -4.36%    21
  → 차이: +5.21%p

--- Late (5/8~5/22) ---
config                          ret       MDD   days
  baseline (3,10,3)          +1.99%    -9.67%    11
  (3,10,2) 80/20 b=3        +15.95%    -2.14%    11
  → 차이: +13.96%p

--- Stress Only (3/20~4/4) ---
config                          ret       MDD   days
  baseline (3,10,3)          +3.65%   -14.76%    10
  (3,10,2) 80/20 b=3         -8.63%   -19.60%    10
  → 차이: -12.29%p
