==============================================================================================================
최적 비중 BT — 진입 시점 weight 고정 (production 실거래 가정)
simulator: 슬롯별 독립 sub-account, 진입 시 cash로 매수, 매도 시 cash 환원
params: entry=3, exit=10
seeds: 100 × 3 paired
==============================================================================================================
  slot1_100          [1.0]                     avg=+122.73% med=+131.08% std= 69.1 mdd=-23.90% maxday=-9.92% sharpe=+1.78 [1.2s]
  slot2_100_0        [1.0, 0.0]                avg=+130.25% med=+115.89% std= 77.7 mdd=-23.90% maxday=-9.92% sharpe=+1.68 [1.2s]
 ★slot2_90_10        [0.9, 0.1]                avg=+126.96% med=+117.74% std= 72.8 mdd=-21.60% maxday=-9.60% sharpe=+1.74 [1.3s]
  slot2_80_20        [0.8, 0.2]                avg=+123.66% med=+117.79% std= 68.0 mdd=-20.16% maxday=-9.32% sharpe=+1.82 [1.3s]
  slot2_70_30        [0.7, 0.3]                avg=+120.37% med=+123.57% std= 63.4 mdd=-19.80% maxday=-9.61% sharpe=+1.90 [1.2s]
  slot2_60_40        [0.6, 0.4]                avg=+117.07% med=+122.28% std= 59.1 mdd=-21.21% maxday=-10.01% sharpe=+1.98 [1.3s]
  slot2_50_50        [0.5, 0.5]                avg=+113.78% med=+123.22% std= 55.0 mdd=-22.61% maxday=-10.76% sharpe=+2.07 [1.3s]
  slot3_50_30_20     [0.5, 0.3, 0.2]           avg=+100.32% med=+114.94% std= 47.3 mdd=-18.97% maxday=-9.50% sharpe=+2.12 [1.3s]
  slot3_40_35_25     [0.4, 0.35, 0.25]         avg=+98.69% med=+112.92% std= 46.7 mdd=-19.55% maxday=-9.62% sharpe=+2.11 [1.3s]
  slot3_equal        [0.3333333333333333, 0.3333333333333333, 0.3333333333333333] avg=+96.60% med=+109.67% std= 46.4 mdd=-18.98% maxday=-9.53% sharpe=+2.08 [1.3s]

==============================================================================================================
paired vs slot2_90_10 (v83.3 production)
==============================================================================================================
  variant              avg lift   med lift        min        max       wins    verdict
  -----------------------------------------------------------------------------------------------
  slot1_100             -4.23%p    -6.10%p   -13.04%p   +14.05%p    14/100  ✗✗ 열세
  slot2_100_0           +3.30%p    +3.14%p    -3.66%p   +10.93%p    87/100  ✓✓ 우월
  slot2_80_20           -3.30%p    -3.14%p   -10.93%p    +3.66%p    13/100  ✗✗ 열세
  slot2_70_30           -6.59%p    -6.28%p   -21.85%p    +7.33%p    13/100  ✗✗ 열세
  slot2_60_40           -9.89%p    -9.42%p   -32.78%p   +10.99%p    13/100  ✗✗ 열세
  slot2_50_50          -13.18%p   -12.56%p   -43.70%p   +14.66%p    13/100  ✗✗ 열세
  slot3_50_30_20       -26.64%p   -25.78%p   -62.42%p    +2.08%p     2/100  ✗✗ 열세
  slot3_40_35_25       -28.27%p   -27.37%p   -64.48%p    +0.92%p     1/100  ✗✗ 열세
  slot3_equal          -30.36%p   -28.94%p   -67.10%p    -0.93%p     0/100  ✗✗ 열세

==============================================================================================================
변동성 비교 (잠 자기 좋은 비중)
==============================================================================================================
  variant                 avg    std      MDD  max_day  sharpe
  ----------------------------------------------------------------------
  slot1_100        +122.73%  69.1  -23.90%   -9.92%  +1.78
  slot2_100_0      +130.25%  77.7  -23.90%   -9.92%  +1.68
 ★slot2_90_10      +126.96%  72.8  -21.60%   -9.60%  +1.74
  slot2_80_20      +123.66%  68.0  -20.16%   -9.32%  +1.82
  slot2_70_30      +120.37%  63.4  -19.80%   -9.61%  +1.90
  slot2_60_40      +117.07%  59.1  -21.21%  -10.01%  +1.98
  slot2_50_50      +113.78%  55.0  -22.61%  -10.76%  +2.07
  slot3_50_30_20   +100.32%  47.3  -18.97%   -9.50%  +2.12
  slot3_40_35_25    +98.69%  46.7  -19.55%   -9.62%  +2.11
  slot3_equal       +96.60%  46.4  -18.98%   -9.53%  +2.08
