====================================================================================================
v80.9 (이전 production) vs v80.10 (현재) 비교
====================================================================================================
  v80.9 backup: 2026-02-12 ~ 2026-05-08 (60일)
  v80.10 current: 2026-02-12 ~ 2026-05-08 (60일)

====================================================================================================
단일 시작일 (첫 영업일부터, consecutive 3 검증 후 진입) BT
====================================================================================================

[v80.9] 결과:
  누적 수익률: +104.10%
  MDD: -8.51%
  거래 수: 13

[v80.10] 결과:
  누적 수익률: +128.59%
  MDD: -18.13%
  거래 수: 8

====================================================================================================
Trade-by-Trade 비교
====================================================================================================

[v80.9 trades (13개)]:
  # 진입일          이탈일          종목             수익률
  1 2026-02-17   2026-02-20   TTMI       +18.72%
  2 2026-02-20   2026-02-25   NVDA        +3.02%
  3 2026-02-17   2026-02-27   APH         -1.69%
  4 2026-02-27   2026-03-03   TSEM        +0.53%
  5 2026-02-25   2026-03-10   OMC         -2.09%
  6 2026-03-10   2026-03-13   TSEM        +6.70%
  7 2026-03-03   2026-03-19   STX        +21.53%
  8 2026-03-19   2026-03-31   ADI         +2.48%
  9 2026-02-17   2026-04-01   SNDK       +17.29%
 10 2026-04-01   2026-04-02   FIX         -0.79%
 11 2026-03-13   2026-04-10   TTMI       +34.04%
 12 2026-04-06   2026-04-13   SNDK       +31.45%
 13 2026-03-31   2026-05-01   MU         +60.49%

[v80.10 trades (8개)]:
  # 진입일          이탈일          종목             수익률
  1 2026-02-17   2026-03-13   LITE        +3.68%
  2 2026-03-13   2026-03-25   MOD        +23.52%
  3 2026-02-17   2026-04-01   STX         +1.73%
  4 2026-04-01   2026-04-13   FORM       +27.06%
  5 2026-04-13   2026-04-21   FIVE        +7.19%
  6 2026-04-21   2026-04-27   TSM        +10.03%
  7 2026-04-27   2026-05-04   LITE       +13.55%
  8 2026-03-25   2026-05-07   MU         +69.23%

====================================================================================================
일별 portfolio Top 3 비교 (5/5 ~ 5/8 최근)
====================================================================================================

날짜           v80.9 Top 3                         v80.10 Top 3                        교체      
----------------------------------------------------------------------------------------------------
2026-04-20   MU(1), SNDK(2), ASML(3)             SNDK(1), MU(2), ASML(3)             0/3 changed
2026-04-21   MU(1), SNDK(2), TSM(3)              SNDK(1), MU(2), TSM(3)              0/3 changed
2026-04-22   MU(1), SNDK(2), ASML(3)             SNDK(1), MU(2), ASML(3)             0/3 changed
2026-04-23   MU(1), SNDK(2), ASML(3)             SNDK(1), MU(2), LITE(3)             2/3 changed
2026-04-24   MU(1), SNDK(2), FIVE(3)             SNDK(1), MU(2), LITE(3)             2/3 changed
2026-04-27   MU(1), ASML(2), FIVE(3)             SNDK(1), MU(2), LITE(3)             4/3 changed
2026-04-28   MU(1), ASML(2), LRCX(3)             SNDK(1), MU(2), LITE(3)             4/3 changed
2026-04-29   LRCX(1), ASML(2), MU(3)             SNDK(1), MU(2), LRCX(3)             2/3 changed
2026-04-30   LRCX(1), ASML(2), LITE(3)           SNDK(1), MU(2), LRCX(3)             4/3 changed
2026-05-01   SNDK(1), TER(2), LRCX(3)            MU(1), SNDK(2), TER(3)              2/3 changed
2026-05-04   SNDK(1), TER(2), VIRT(3)            SNDK(1), MU(2), TER(3)              2/3 changed
2026-05-05   SNDK(1), VIRT(2), WWD(3)            SNDK(1), TER(2), MU(3)              4/3 changed
2026-05-06   SNDK(1), VIRT(2), WWD(3)            SIMO(1), SNDK(2), BE(3)             4/3 changed
2026-05-07   SNDK(1), VIRT(2), WWD(3)            BE(1), SIMO(2), SNDK(3)             4/3 changed
2026-05-08   BE(1), SNDK(2), TER(3)              BE(1), SIMO(2), TER(3)              2/3 changed
