====================================================================================================
A. US production 실거래 수익 종목 (a.csv, 시스템 픽 p2≤3 한정)
====================================================================================================

총 청산 29건
  시스템 픽 (p2≤3): 12건
  Radar (p2 4-8):  4건
  Other (재량):   13건

📊 시스템 픽 거래 명세 (시간순):
  date        ticker        매수가       매도가    ret%          손익(원)
  ----------------------------------------------------------------------
  2026/02/23  LITE       590.00    665.97 +12.87%      +213,389 ✅
  2026/03/13  LITE       590.00    626.00  +6.10%      +136,517 ✅
  2026/03/13  MU         393.73    411.92  +4.61%      +106,857 ✅
  2026/03/20  STX        396.20    432.00  +9.03%      +555,189 ✅
  2026/04/14  SNDK       639.51    950.00 +48.55%    +1,916,270 ✅
  2026/04/28  SNDK       886.22   1072.58 +21.02%    +1,098,108 ✅
  2026/05/04  ASML      1426.37   1415.14  -0.78%           +43 ❌
  2026/05/04  FIVE       220.00    234.60  +6.63%      +291,539 ✅
  2026/05/04  MU         419.26    587.65 +40.16%    +6,349,929 ✅
  2026/05/11  SNDK      1248.00   1612.00 +29.16%    +3,571,132 ✅
  2026/05/14  BE         262.93    302.00 +14.85%    +2,774,723 ✅
  2026/05/27  SNDK      1248.00   1647.50 +32.01%    +3,156,174 ✅
  ━━━━━━━━━━━━━━━━━━━━━━━━━━━━━━━━━━━━━━━━━━━━━━━━━━━━━━━━━━━━━━━━━━━━━━
  합계: +20,169,870원 (승률 11/12 = 92%)

📊 시스템 픽 종목별 누적 (수익 큰 순):
  종목         거래        승률      평균%        누적손익(원)
  -------------------------------------------------------
  SNDK        44/    4   +32.7%    +9,741,684
  MU          22/    2   +22.4%    +6,456,786
  BE          11/    1   +14.8%    +2,774,723
  STX         11/    1    +9.0%      +555,189
  LITE        22/    2    +9.5%      +349,906
  FIVE        11/    1    +6.6%      +291,539
  ASML        10/    1    -0.8%           +43

====================================================================================================
B. KR production 수익 종목 (8년 ranking 시뮬, monthly rebal, top3 균등)
====================================================================================================

📊 KR 시뮬 매매 — 매 cycle 종목당 100만원 매수 가정 (총 95 cycle, 8년)

📊 누적 수익 큰 종목 Top 20 (8년 ranking 시뮬):
  순위   종목         거래       승률       평균%       누적손익(만원)첫매수         마지막매도       
  -----------------------------------------------------------------------------------------------
  1    000660     12     8/12    +21.6%         +2592019-08       2026-05     
  2    257720      6      3/6    +27.8%         +1672023-10       2024-11     
  3    119850      9      6/9    +17.8%         +1602025-01       2025-10     
  4    267260     11    10/11    +14.3%         +1582024-01       2025-03     
  5    006910      4      3/4    +26.1%         +1042025-11       2026-05     
  6    089970      7      4/7    +13.4%          +942021-05       2026-05     
  7    124500      3      1/3    +27.3%          +822025-06       2025-09     
  8    095610      4      2/4    +19.4%          +782025-09       2026-01     
  9    187870      5      3/5    +13.0%          +652020-12       2026-04     
  10   064290      4      4/4    +15.2%          +612020-05       2020-09     
  11   042700      7      5/7     +7.6%          +532021-02       2021-10     
  12   114190      3      3/3    +16.4%          +492022-08       2022-12     
  13   131290      4      2/4    +11.1%          +442020-08       2020-12     
  14   000990      6      4/6     +7.2%          +432019-09       2020-04     
  15   067160      3      2/3    +13.8%          +412018-12       2021-11     
  16   101490      1      1/1    +31.1%          +312020-04       2020-05     
  17   029960      1      1/1    +29.0%          +292018-11       2018-12     
  18   200880      1      1/1    +28.2%          +282023-05       2023-06     
  19   215200      4      2/4     +6.9%          +282018-12       2019-06     
  20   093520      1      1/1    +25.1%          +252025-10       2025-11     

📊 누적 손실 큰 종목 Bottom 15 (8년 ranking 시뮬):
  순위   종목         거래       승률       평균%       누적손익(만원)
  -------------------------------------------------------
  1    101330      1      0/1    -17.8%          -18
  2    016590      4      1/4     -4.5%          -18
  3    024880      1      0/1    -18.6%          -19
  4    124560      2      1/2     -9.5%          -19
  5    298020      1      0/1    -19.8%          -20
  6    003230      3      1/3     -7.0%          -21
  7    010950      2      0/2    -10.6%          -21
  8    011200      3      0/3     -7.4%          -22
  9    003570      1      0/1    -22.4%          -22
  10   086980      1      0/1    -26.2%          -26
  11   204270      2      0/2    -13.6%          -27
  12   322000      4      1/4     -7.5%          -30
  13   064550      2      0/2    -21.1%          -42
  14   083310      2      0/2    -21.2%          -42
  15   003350      3      1/3    -17.5%          -52

💰 종합:
  총 거래 cycle: 282건 (월 회전)
  승률: 145/282 = 51.4%
  평균 거래 수익률: +0.82%
  종목 다양성: 111개
  총 누적 손익: +1,223만원 (매 cycle 종목당 100만원 매수 가정)

  Top 5 종목 누적 손익 비중: 69.4%
  Top 10 종목 누적 손익 비중: 100.4%
