==============================================================================================================
Step 1: 2026-05-22 원래 part2_rank Top 10 + C2 분류
==============================================================================================================
rank ticker       price   eps_w   price 30d case   score_100
---------------------------------------------------------------------------
   1 AEIS        324.86   +12.1      -14.4% C2        100.0
   2 FIX        1828.25   +18.1      +14.8% C1         92.4
   3 SNDK       1478.69   +60.9      +73.6% C1         89.1
   4 TER         358.44   +11.8       -2.6% C2         87.9
   5 AMAT        432.16   +15.4       +8.2% C1         87.3
   6 HWM         256.55    +7.2       +1.5% C1         84.2
   7 MCHP         93.43   +20.5      +30.6% C1         84.2
   8 MKSI        320.62   +15.4      +19.3% C1         83.7
   9 CGNX         66.09   +12.3      +23.7% C1         82.5
  10 FAF          68.20    +4.4       +7.7% C1         82.5

==============================================================================================================
Step 2: C2 boost=3 적용 → rank 재계산
==============================================================================================================
 orig p2 ticker  case    score  new score  new rank
------------------------------------------------------------
       1 AEIS    C2         30         33         1
       2 FIX     ?          29         29         3
       3 SNDK    ?          28         28         4
       4 TER     C2         27         30         2
       5 AMAT    ?          26         26         5
       6 HWM     ?          25         25         6
       7 MCHP    ?          24         24         7
       8 MKSI    ?          23         23         8
       9 CGNX    ?          22         22         9
      10 FAF     ?          21         21        10

==============================================================================================================
Step 3: 새 Top 10 (boost 적용 후 재정렬)
==============================================================================================================
new rank ticker  case  score_100 (production)
------------------------------------------------------------
       1 AEIS    C2 ★                  100.0
       2 TER     C2 ★                   87.9
       3 FIX     C1                     92.4
       4 SNDK    C1                     89.1
       5 AMAT    C1                     87.3
       6 HWM     C1                     84.2
       7 MCHP    C1                     84.2
       8 MKSI    C1                     83.7
       9 CGNX    C1                     82.5
      10 FAF     C1                     82.5

==============================================================================================================
Step 4: 매수 후보 선택 (entry=2, slots=2)
==============================================================================================================
1위: AEIS, score_100 = 100.0
2위: TER, score_100 = 87.9
점수 차이: 12.1

==============================================================================================================
Step 5: dynamic_5 weight 결정
==============================================================================================================
점수 차이 12.1점 > 5점 → 80/20 (1위 집중)
  1위 AEIS: 80% 비중
  2위 TER: 20% 비중

==============================================================================================================
Step 6: 사용자가 받을 메시지 (5/22 시뮬레이션)
==============================================================================================================

📡 EPS Momentum US · 2026-05-22

📈 시스템 누적 수익률 (BT 추정 +241%)
    같은 기간 S&P500 +7.5%

━━━━━━━━━━━━━━━
🛒 EPS 모멘텀 매수 후보
━━━━━━━━━━━━━━━
1. AEIS — 비중 80%
2. TER — 비중 20%

(원래 메시지: production score_100 표시)
1. AEIS — 100.0점 — 비중 80%
2. TER — 87.9점 — 비중 20%

매수: 상위 2종목, 최대 2종목 보유
매도: 10위 밖 or 실적하락

==============================================================================================================
참고: 현재 production (3,10,3) 균등 메시지
==============================================================================================================

원래 Top 3 (part2_rank):
  1. AEIS — 100.0점 — 비중 33%
  2. FIX — 92.4점 — 비중 33%
  3. SNDK — 89.1점 — 비중 33%
