====================================================================================================
★ v84 적용 시 역대 매수 종목 + 비중 + 수익률 + 보유 미실현
  환경: entry=2, exit=10, slot=2, dd_30_25 진입필터, 2step_t15 dynamic weight
====================================================================================================

기간: 2026-02-12 ~ 2026-05-29 (74일)

====================================================================================================
역대 매수 trade (9건)
====================================================================================================
  # ticker      비중 entry        exit          hold      진입가      청산가        수익 상태       사유        
----------------------------------------------------------------------------------------------------
  1 SNDK      100% 2026-02-17   2026-03-18     21일 $ 590.59 $ 753.69    +27.62% CLOSED   rank_exit 
  2 MOD        50% 2026-03-18   2026-04-01     10일 $ 200.42 $ 222.97    +11.25% CLOSED   rank_exit 
  3 STX        50% 2026-03-18   2026-04-02     11일 $ 406.77 $ 429.36     +5.55% CLOSED   rank_exit 
  4 MU         50% 2026-04-01   2026-05-08     26일 $ 367.85 $ 746.81   +103.02% CLOSED   rank_exit 
  5 SNDK       50% 2026-04-06   2026-05-26     35일 $ 724.63 $1589.55   +119.36% CLOSED   rank_exit 
  6 BE         50% 2026-05-08   2026-05-13      3일 $ 261.03 $ 289.76    +11.01% CLOSED   rank_exit 
  7 TER        50% 2026-05-15   2026-05-28      8일 $ 337.88 $ 382.65    +13.25% CLOSED   rank_exit 
  8 AEIS       50% 2026-05-26   2026-05-29      3일 $ 339.65 $ 302.18  -11.03% ★ OPEN     open      
  9 KEYS       50% 2026-05-28   2026-05-29      1일 $ 339.13 $ 338.33   -0.24% ★ OPEN     open      

====================================================================================================
종합 통계
====================================================================================================
완료 trade: 7건 (7승 0패)
평균 trade 수익률: +41.58%
  최고: +119.36% (SNDK)
  최저: +5.55% (STX)

현재 보유 포지션 (OPEN): 2건
  AEIS (50%): 진입 2026-05-26 @ $339.65
    현재 2026-05-29 @ $302.18, 미실현 -11.03%, 보유 3일
  KEYS (50%): 진입 2026-05-28 @ $339.13
    현재 2026-05-29 @ $338.33, 미실현 -0.24%, 보유 1일

v84 시뮬 누적 수익률: +212.20% (74일)
