====================================================================================================
Trade 가격 DB 대조
====================================================================================================
ticker  entry         entry_p (sim)   entry_p (DB) exit           exit_p (sim)    exit_p (DB)  check
LITE    2026-02-17          600.42         600.42 2026-03-13          622.50         622.50      ✓
SNDK    2026-02-17          590.59         590.59 2026-03-18          753.69         753.69      ✓
STX     2026-03-13          383.71         383.71 2026-04-02          429.36         429.36      ✓
MOD     2026-03-18          200.42         200.42 2026-03-30          202.18         202.18      ✓
MU      2026-03-30          321.80         321.80 2026-05-08          746.81         746.81      ✓
TTMI    2026-04-02           97.48          97.48 2026-04-10          121.49         121.49      ✓
FIVE    2026-04-10          217.37         217.37 2026-04-22          240.23         240.23      ✓
SNDK    2026-04-22          979.07         979.07 2026-05-21         1542.24        1542.24      ✓
BE      2026-05-08          261.03         261.03 2026-05-13          289.76         289.76      ✓
FIVE    2026-05-13          209.99         209.99 2026-05-19          214.39         214.39      ✓
AEIS    2026-05-19          302.84         302.84 2026-05-21          323.79         323.79      ✓

매칭: 11/11

====================================================================================================
C2 분류 검증 — eps_w > 0 AND price 30d < 0
====================================================================================================
ticker  date            eps_w    price 30d   expected   actual  check
MU      2026-03-30     70.95      -21.83%         C2       C2      ✓
TTMI    2026-04-02     16.00       -2.90%         C2       C2      ✓
FIVE    2026-04-10     12.83       -3.44%         C2       C2      ✓
FIVE    2026-05-13      6.40       -8.09%         C2       C2      ✓
AEIS    2026-05-19     12.10      -10.75%         C2       C2      ✓
LITE    2026-02-17   (데이터 없음)
SNDK    2026-02-17   (데이터 없음)
STX     2026-03-13   (데이터 없음)
MOD     2026-03-18   (데이터 없음)
SNDK    2026-04-22     66.83       58.20%         C1       C1      ✓
BE      2026-05-08     60.19       95.50%         C1       C1      ✓

====================================================================================================
독립 simulator로 cross-check — 시작일=처음 (2026-02-06=2026-02-06)
====================================================================================================
독립 simulator 결과: 누적 +232.20%, MDD -19.82%
(Phase 3 analyze_310_2_80_20_boost3 결과: +241.34%, MDD -19.82%)
