  1    AEIS      +12.13    -14.43%   ★C2
  2    TER       +11.79     -2.60%   ★C2
  3    FIX       +18.05    +14.78%      
  4    SNDK      +60.85    +73.60%      
  5    BWXT       +2.83    -11.61%   ★C2
  6    AMAT      +15.36     +8.18%      
  7    STRL      +43.94    +64.20%      
  8    HWM        +7.25     +1.54%      
  9    MCHP      +20.47    +30.56%      
  10   MKSI      +15.41    +19.29%      
  11   CGNX      +12.32    +23.74%      
  12   FAF        +4.44     +7.72%      
  13   WMG       +16.97    +23.47%      
  14   VIRT      +16.99     +7.96%      
  15   NVDA       +7.69    +14.15%      

[시스템 누적 성과 — v83 적용 후]
  시스템 누적: +208.36%
  SPY 누적:    +9.21%
  알파:        +199.15%p
  기간:        2026-02-17 ~ 2026-05-22 (67일)
  승/패:       6/0

[v82 (백업) 동일 기간 성과]
  시스템 누적: +208.36%
  알파:        +199.15%p

[v82 → v83 차이]
  시스템 누적: +0.00%p
  알파:        +0.00%p
