
====================================================================================================
[1] 시스템 수익률 정상 확인 (v83 production 코드)
====================================================================================================
  시스템 누적: +208.36%
  SPY 누적:    +9.21%
  알파:        +199.15%p
  기간:        2026-02-17 ~ 2026-05-22 (67일)
  승/패:       6/0
  ✅ 합리적 범위 (sys_cum > spy_cum, 100~500%)

====================================================================================================
[2] DB 재계산 spot check — 5개 무작위 날짜
====================================================================================================
  2026-02-18 (27건, Top3 ['SNDK', 'LITE', 'MU']): ✅
  2026-03-05 (30건, Top3 ['SNDK', 'STX', 'LITE']): ✅
  2026-03-25 (26건, Top3 ['MU', 'WWD', 'FORM']): ✅
  2026-03-30 (27건, Top3 ['MU', 'TTMI', 'FIX']): ✅
  2026-04-06 (30건, Top3 ['MU', 'TTMI', 'SNDK']): ✅
  2026-05-22 (30건, Top3 ['AEIS', 'TER', 'FIX']): ✅

====================================================================================================
[3] C2 boost edge case 점검
====================================================================================================
  ✅ 30거래일 전 가격 없는 종목: 0건 (모두 is_c2=False 처리)
  ✅ eps_chg_weighted ≤ 0 종목: 0건 (모두 is_c2=False)
  5/22 part2_rank Top 30 중 C2 종목: 6건 (20%)
  is_cold_start(): False

====================================================================================================
[4] _w_gap (in _get_system_performance) rerank 정확성
====================================================================================================
  _build_score_100_map Top 10 (2026-05-22):
    ['AEIS', 'TER', 'FIX', 'SNDK', 'BWXT', 'AMAT', 'STRL', 'HWM', 'MCHP', 'MKSI']
  DB part2_rank Top 10 (2026-05-22):
    ['AEIS', 'TER', 'FIX', 'SNDK', 'BWXT', 'AMAT', 'STRL', 'HWM', 'MCHP', 'MKSI']
  → 정렬 일관성: ✅ 일치

====================================================================================================
[5] select_display_top5 비중 시뮬레이션 — 5/22 실제 데이터
====================================================================================================
  5/22 Top 10 (DB) + score_100 + C2 여부:
    1. AEIS     score=100.0  eps_w=+12.13 ★C2  weight=80%
    2. TER      score= 92.4  eps_w=+11.79 ★C2  weight=20%
    3. FIX      score= 89.1  eps_w=+18.05      weight=-
    4. SNDK     score= 87.9  eps_w=+60.85      weight=-
    5. BWXT     score= 87.3  eps_w=+2.83 ★C2  weight=-
    6. AMAT     score= 86.9  eps_w=+15.36      weight=-
    7. STRL     score= 84.2  eps_w=+43.94      weight=-
    8. HWM      score= 84.2  eps_w=+7.25      weight=-
    9. MCHP     score= 84.2  eps_w=+20.47      weight=-
    10. MKSI     score= 83.7  eps_w=+15.41      weight=-

  → 메시지 미리보기:
    🛒 EPS 모멘텀 매수 후보
    1. <ticker_name>(AEIS)
    2. <ticker_name>(TER)
    매수: 상위 2종목 (1위 80%, 2위 20%), 최대 2종목 보유
    매도: 10위 밖 or 실적하락

====================================================================================================
전수 검증 완료
====================================================================================================
