
[Test 1] Random 500 paired
----------------------------------------------------------------------
  baseline: +93.44%, new: +132.45%
  lift: +39.01%p, wins: 500/500
  통과 기준: wins >= 475 (95%), lift >= +30%p
  결과: ✓ PASS

[Test 2] 12 Multistart
----------------------------------------------------------------------
  multistart lifts: avg +42.97%p, wins 12/12, min +15.26%p, max +79.80%p
  통과 기준: wins == 12, m_min >= +10%p
  결과: ✓ PASS

[Test 3] Simulator 정확성 — 처음부터 전체 시뮬
----------------------------------------------------------------------
  closed trades: 7, OK 7, fail 0
  결과: ✓ PASS

[Test 4] 약세장 sub-period stress
----------------------------------------------------------------------
  Early Stress (2/13~3/13)       base   +3.24% | new  +10.19% | ++6.94%p
  Crisis (3/13~4/10)             base  +41.10% | new  +44.72% | ++3.62%p
  Recovery (4/10~5/8)            base  +67.31% | new  +82.21% | ++14.90%p
  Late (5/8~5/22)                base   +0.04% | new  +12.91% | ++12.87%p
  Stress Only (3/20~4/4)         base   +3.80% | new   -6.20% | --10.00%p
  통과 기준: 5개 중 4개 이상 우월
  결과: 4/5 → ✓ PASS

[Test 5] 거래비용 1% stress
----------------------------------------------------------------------
  baseline w/ 1% cost: +88.39%
  new w/ 1% cost: +127.86%
  lift w/ cost: +39.47%p (기준 +25%p)
  결과: ✓ PASS

[Test 6] C1 boost 임계값 sensitivity (boost 3/4/5/6)
----------------------------------------------------------------------
  boost=3: lift +33.32%p
  boost=4: lift +35.52%p
  boost=5: lift +39.01%p
  boost=6: lift +37.46%p
  통과 기준: boost 3/4/5/6 모두 lift > +20%p
  결과: ✓ PASS

[Test 7] 종목 빈도 — SNDK 진입 정상
----------------------------------------------------------------------
  Top 10 종목 진입 빈도:
    SNDK: 17회 ★
    MU: 12회
    BE: 12회
    TER: 12회
    TTMI: 7회
    MOD: 6회
    STX: 5회
    FORM: 2회
    LITE: 1회
    FIX: 1회
  통과 기준: SNDK >= 5회 진입
  결과: SNDK 17회 → ✓ PASS

==============================================================================================================
만족 기준 종합
==============================================================================================================
  ✓ Random 500 paired
  ✓ 12 multistart
  ✓ Simulator 정확성
  ✓ 약세장 sub-period
  ✓ 거래비용 1% stress
  ✓ boost 임계값 sensitivity
  ✓ 종목 빈도 SNDK

  7/7 통과

  ★ 최종 결과: PASS - 적용 진행 ★

총 소요: 33.0s
